[00:31:10.000] 00:0039:戦闘開始！
[00:31:10.000] 00:0044:セイブ・ザ・クイーン:我は、グンヒルド…… ボズヤを統べる最後にして永遠の女王なり……！
[00:31:17.290] 00:0000:Hojoring:[EX] Added new combatant. name=オートマトン・クイーン X=16.09 Y=13.58 Z=-1.75 hp=149525
[00:31:18.481] 00:0000:Hojoring:[EX] Added new combatant. name=分身 X=16.06 Y=13.26 Z=-1.75 hp=149486
[00:31:18.481] 00:0000:Hojoring:[EX] Added new combatant. name=分身 X=16.07 Y=13.23 Z=-1.75 hp=149486
[00:31:22.471] 00:0000:Hojoring:[EX] Added new combatant. name=分身 X=16.07 Y=13.25 Z=-1.75 hp=149486
[00:31:21.179] 14:59F9:セイブ・ザ・クイーン starts using 天魔鬼神爆 on セイブ・ザ・クイーン.
[00:31:21.179] 14:5B77:セイブ・ザ・クイーン starts using 天魔鬼神爆 on セイブ・ザ・クイーン.
[00:31:20.000] 00:282b:セイブ・ザ・クイーンは「天魔鬼神爆」の構え。
[00:31:24.517] 00:0000:Hojoring:[EX] Added new combatant. name=英雄の影身 X=16.13 Y=13.28 Z=-1.75 hp=115297
[00:31:26.112] 00:0000:Hojoring:[EX] Added new combatant. name=デミ・バハムート X=16.07 Y=13.38 Z=-1.75 hp=135652
[00:31:26.898] 00:0000:Hojoring:[EX] Added new combatant. name=デミ・バハムート X=16.08 Y=13.36 Z=-1.75 hp=135652
[00:31:28.095] 00:0000:Hojoring:[EX] Added new combatant. name=デミ・バハムート X=16.10 Y=13.37 Z=-1.75 hp=135652
[00:31:28.095] 00:0000:Hojoring:[EX] Added new combatant. name=英雄の影身 X=16.13 Y=13.31 Z=-1.75 hp=123916
[00:31:26.166] 15:<id8>:セイブ・ザ・クイーン:59F9:天魔鬼神爆:<id8>:セイブ・ザ・クイーン:
[00:31:26.169] 16:<id8>:セイブ・ザ・クイーン:5B77:天魔鬼神爆:<id8>:[pc]:
[00:31:26.169] 16:<id8>:セイブ・ザ・クイーン:5B77:天魔鬼神爆:<id8>:[NIN]:
[00:31:26.169] 16:<id8>:セイブ・ザ・クイーン:5B77:天魔鬼神爆:<id8>:[SCH]:
[00:31:26.169] 16:<id8>:セイブ・ザ・クイーン:5B77:天魔鬼神爆:<id8>:[mex]:
[00:31:26.169] 16:<id8>:セイブ・ザ・クイーン:5B77:天魔鬼神爆:<id8>:[WAR]:
[00:31:26.169] 16:<id8>:セイブ・ザ・クイーン:5B77:天魔鬼神爆:<id8>:[SMN]:
[00:31:26.169] 16:<id8>:セイブ・ザ・クイーン:5B77:天魔鬼神爆:<id8>:[PLD]:
[00:31:26.169] 16:<id8>:セイブ・ザ・クイーン:5B77:天魔鬼神爆:<id8>:[MNK]:
[00:31:28.905] 00:0000:Hojoring:[EX] Added new combatant. name=デミ・バハムート X=16.12 Y=13.33 Z=-1.75 hp=135652
[00:31:26.703] 1A:1002BE5C:[pc] gains the effect of ペイン from セイブ・ザ・クイーン for 15.00 Seconds.
[00:31:26.703] 1A:1027F60B:[pc] gains the effect of ペイン from セイブ・ザ・クイーン for 15.00 Seconds.
[00:31:26.703] 1A:102795B6:[PLD] gains the effect of ペイン from セイブ・ザ・クイーン for 15.00 Seconds.
[00:31:26.703] 1A:102AD6E2:[pc] gains the effect of ペイン from セイブ・ザ・クイーン for 15.00 Seconds.
[00:31:29.290] 00:0000:Hojoring:[EX] Added new combatant. name=英雄の影身 X=16.11 Y=13.36 Z=-1.75 hp=123916
[00:31:26.743] 1A:1025F986:[pc] gains the effect of ペイン from セイブ・ザ・クイーン for 15.00 Seconds.
[00:31:26.749] 1A:10241789:[pc] gains the effect of ペイン from セイブ・ザ・クイーン for 15.00 Seconds.
[00:31:26.749] 1A:10247D9C:[pc] gains the effect of ペイン from セイブ・ザ・クイーン for 15.00 Seconds.
[00:31:26.749] 1A:1033C8BE:[pc] gains the effect of ペイン from セイブ・ザ・クイーン for 15.00 Seconds.
[00:31:26.789] 1A:102DC0AC:[pc] gains the effect of ペイン from セイブ・ザ・クイーン for 15.00 Seconds.
[00:31:26.789] 1A:102E1133:[SMN] gains the effect of ペイン from セイブ・ザ・クイーン for 15.00 Seconds.
[00:31:26.789] 1A:10327CA5:[pc] gains the effect of ペイン from セイブ・ザ・クイーン for 15.00 Seconds.
[00:31:26.835] 1A:1028E95A:[pc] gains the effect of ペイン from セイブ・ザ・クイーン for 15.00 Seconds.
[00:31:26.835] 1A:102EF269:[pc] gains the effect of ペイン from セイブ・ザ・クイーン for 15.00 Seconds.
[00:31:26.880] 1A:1025B0B4:[NIN] gains the effect of ペイン from セイブ・ザ・クイーン for 15.00 Seconds.
[00:31:26.880] 1A:1029842C:[pc] gains the effect of ペイン from セイブ・ザ・クイーン for 15.00 Seconds.
[00:31:26.921] 1A:101D2350:[pc] gains the effect of ペイン from セイブ・ザ・クイーン for 15.00 Seconds.
[00:31:26.924] 1A:100E16E0:[pc] gains the effect of ペイン from セイブ・ザ・クイーン for 15.00 Seconds.
[00:31:26.967] 1A:1016203E:[pc] gains the effect of ペイン from セイブ・ザ・クイーン for 15.00 Seconds.
[00:31:26.969] 1A:10219BF8:[pc] gains the effect of ペイン from セイブ・ザ・クイーン for 15.00 Seconds.
[00:31:26.000] 00:282b:セイブ・ザ・クイーンの「天魔鬼神爆」
[00:31:27.012] 1A:102A2956:[SMN] gains the effect of ペイン from セイブ・ザ・クイーン for 15.00 Seconds.
[00:31:27.057] 1A:102E5568:[pc] gains the effect of ペイン from セイブ・ザ・クイーン for 15.00 Seconds.
[00:31:27.103] 1A:1002AAC3:[pc] gains the effect of ペイン from セイブ・ザ・クイーン for 15.00 Seconds.
[00:31:27.103] 1A:1007331B:[pc] gains the effect of ペイン from セイブ・ザ・クイーン for 15.00 Seconds.
[00:31:27.148] 1A:1029609D:[SCH] gains the effect of ペイン from セイブ・ザ・クイーン for 15.00 Seconds.
[00:31:27.148] 1A:10087D67:[MNK] gains the effect of ペイン from セイブ・ザ・クイーン for 15.00 Seconds.
[00:31:27.193] 1A:10248026:[mex] gains the effect of ペイン from セイブ・ザ・クイーン for 15.00 Seconds.
[00:31:27.235] 1A:1025BEB0:[WAR] gains the effect of ペイン from セイブ・ザ・クイーン for 15.00 Seconds.
[00:31:27.235] 1A:10255486:[pc] gains the effect of ペイン from セイブ・ザ・クイーン for 15.00 Seconds.
[00:31:27.280] 1A:10256B89:[pc] gains the effect of ペイン from セイブ・ザ・クイーン for 15.00 Seconds.
[00:31:27.280] 1A:102A80C2:[pc] gains the effect of ペイン from セイブ・ザ・クイーン for 15.00 Seconds.
[00:31:27.326] 1A:10327838:[pc] gains the effect of ペイン from セイブ・ザ・クイーン for 15.00 Seconds.
[00:31:27.326] 1A:102EF4FC:[pc] gains the effect of ペイン from セイブ・ザ・クイーン for 15.00 Seconds.
[00:31:27.370] 1A:102EECAC:[pc] gains the effect of ペイン from セイブ・ザ・クイーン for 15.00 Seconds.
[00:31:27.370] 1A:10241BE6:[pc] gains the effect of ペイン from セイブ・ザ・クイーン for 15.00 Seconds.
[00:31:33.736] 00:0000:Hojoring:[EX] Added new combatant. name=英雄の影身 X=16.03 Y=13.04 Z=-1.75 hp=123916
[00:31:33.000] 00:0044:セイブ・ザ・クイーン:聖剣よ、我が声に応え、 裏切りの剣たちの心を焼き清め、忠義の精兵となせ！
[00:31:36.416] 15:<id8>:セイブ・ザ・クイーン:5BCB:Unknown_5Bcb:<id8>::
[00:31:39.329] 00:0000:Hojoring:[EX] Added new combatant. name=分身 X=16.07 Y=13.25 Z=-1.75 hp=149486
[00:31:39.000] 00:0044:セイブ・ザ・クイーン:聞け、今こそ指揮に従い進軍せよ……！ クイーンズ・クラリオン！
[00:31:39.000] 00:282b:セイブ・ザ・クイーンは「女王の勅令」の構え。
[00:31:39.850] 14:59E6:セイブ・ザ・クイーン starts using 女王の勅令 on セイブ・ザ・クイーン.
[00:31:46.136] 00:0000:Hojoring:[EX] Added new combatant. name=カーバンクル・ルビー X=15.99 Y=13.44 Z=-1.75 hp=150726
[00:31:46.946] 00:0000:Hojoring:[EX] Added new combatant. name=イフリート・エギ X=16.06 Y=13.40 Z=-1.75 hp=150726
[00:31:44.838] 15:<id8>:セイブ・ザ・クイーン:59E6:女王の勅令:<id8>:セイブ・ザ・クイーン:
[00:31:45.000] 00:282b:セイブ・ザ・クイーンの「女王の勅令」
[00:31:48.185] 00:0000:Hojoring:[EX] Added new combatant. name=カーバンクル・ルビー X=15.93 Y=13.44 Z=-1.75 hp=150726
[00:31:48.930] 00:0000:Hojoring:[EX] Added new combatant. name=カーバンクル・ルビー X=15.96 Y=13.38 Z=-1.75 hp=150726
[00:31:47.000] 00:282b:セイブ・ザ・クイーンは「北斗骨砕斬」の構え。
[00:31:47.999] 14:59F3:セイブ・ザ・クイーン starts using 北斗骨砕斬 on セイブ・ザ・クイーン.
[00:31:50.984] 15:<id8>:セイブ・ザ・クイーン:59F3:北斗骨砕斬:<id8>:セイブ・ザ・クイーン:
[00:31:51.000] 00:282b:セイブ・ザ・クイーンの「北斗骨砕斬」
[00:31:51.785] 14:59F4:セイブ・ザ・クイーン starts using 北斗骨砕斬 on セイブ・ザ・クイーン.
[00:31:54.143] 14:5B99:セイブ・ザ・クイーン starts using 攻撃命令 on セイブ・ザ・クイーン.
[00:31:53.000] 00:282b:セイブ・ザ・クイーンは「攻撃命令」の構え。
[00:31:57.790] 00:0000:Hojoring:[EX] Beacon X=16.03 Y=13.34 Z=-1.75 zone=Delubrum Reginae (Savage)
[00:31:59.142] 15:<id8>:セイブ・ザ・クイーン:5B99:攻撃命令:<id8>:セイブ・ザ・クイーン:
[00:31:59.000] 00:282b:セイブ・ザ・クイーンの「攻撃命令」
[00:32:01.771] 15:<id8>:セイブ・ザ・クイーン:59F4:北斗骨砕斬:<id8>::
[00:32:02.304] 14:5B9A:セイブ・ザ・クイーン starts using 攻撃命令 on セイブ・ザ・クイーン.
[00:32:01.000] 00:282b:セイブ・ザ・クイーンは「攻撃命令」の構え。
[00:32:02.480] 14:59E8:クイーンズ・ウォリアー starts using 十字撃 on クイーンズ・ウォリアー.
[00:32:02.483] 14:59E7:クイーンズ・ナイト starts using 十字斬 on クイーンズ・ナイト.
[00:32:03.460] 15:<id8>:クイーンズ・ウォリアー:59E8:十字撃:<id8>:[pc]:
[00:32:03.460] 15:<id8>:クイーンズ・ナイト:59E7:十字斬:<id8>::
[00:32:04.263] 1A:10327CA5:[pc] gains the effect of 破滅の刻印：弐 from クイーンズ・ウォリアー for 9999.00 Seconds.
[00:32:07.298] 15:<id8>:セイブ・ザ・クイーン:5B9A:攻撃命令:<id8>:セイブ・ザ・クイーン:
[00:32:07.000] 00:282b:セイブ・ザ・クイーンの「攻撃命令」
[00:32:11.451] 00:0000:Hojoring:[EX] Added new combatant. name=デミ・フェニックス X=16.30 Y=13.17 Z=-1.75 hp=150726
[00:32:10.636] 14:59EA:クイーンズ・ガンナー starts using 十字撃 on クイーンズ・ガンナー.
[00:32:10.636] 14:59E9:クイーンズ・ソルジャー starts using 十字斬 on クイーンズ・ソルジャー.
[00:32:11.619] 16:<id8>:クイーンズ・ガンナー:59EA:十字撃:<id8>:[pc]:
[00:32:11.619] 16:<id8>:クイーンズ・ガンナー:59EA:十字撃:<id8>:[SCH]:
[00:32:11.619] 16:<id8>:クイーンズ・ガンナー:59EA:十字撃:<id8>:[WAR]:
[00:32:11.619] 16:<id8>:クイーンズ・ガンナー:59EA:十字撃:<id8>:[MNK]:
[00:32:11.619] 16:<id8>:クイーンズ・ソルジャー:59E9:十字斬:<id8>:[pc]:
[00:32:11.619] 16:<id8>:クイーンズ・ソルジャー:59E9:十字斬:<id8>:[SMN]:
[00:32:15.073] 00:0000:Hojoring:[EX] Added new combatant. name=フェアリー・エオス X=16.19 Y=13.23 Z=-1.75 hp=150726
[00:32:12.641] 1A:10241789:[pc] gains the effect of 破滅の刻印：弐 from クイーンズ・ガンナー for 9999.00 Seconds.
[00:32:12.641] 1A:102EF269:[pc] gains the effect of 破滅の刻印：弐 from クイーンズ・ソルジャー for 9999.00 Seconds.
[00:32:12.687] 1A:10247D9C:[pc] gains the effect of 破滅の刻印：弐 from クイーンズ・ガンナー for 9999.00 Seconds.
[00:32:12.687] 1A:102EECAC:[pc] gains the effect of 破滅の刻印：弐 from クイーンズ・ソルジャー for 9999.00 Seconds.
[00:32:12.732] 1A:1027F60B:[pc] gains the effect of 破滅の刻印：弐 from クイーンズ・ガンナー for 9999.00 Seconds.
[00:32:12.732] 1A:1016203E:[pc] gains the effect of 破滅の刻印：弐 from クイーンズ・ソルジャー for 9999.00 Seconds.
[00:32:12.776] 1A:10241BE6:[pc] gains the effect of 破滅の刻印：弐 from クイーンズ・ガンナー for 9999.00 Seconds.
[00:32:12.776] 1A:101D2350:[pc] gains the effect of 破滅の刻印：弐 from クイーンズ・ソルジャー for 9999.00 Seconds.
[00:32:12.819] 1A:1029609D:[SCH] gains the effect of 破滅の刻印：弐 from クイーンズ・ガンナー for 9999.00 Seconds.
[00:32:12.819] 1A:1031FDAF:[pc] gains the effect of 破滅の刻印：弐 from クイーンズ・ソルジャー for 9999.00 Seconds.
[00:32:12.865] 1A:102DC0AC:[pc] gains the effect of 破滅の刻印：弐 from クイーンズ・ガンナー for 9999.00 Seconds.
[00:32:12.865] 1A:10256B89:[pc] gains the effect of 破滅の刻印：弐 from クイーンズ・ソルジャー for 9999.00 Seconds.
[00:32:12.909] 1A:1025BEB0:[WAR] gains the effect of 破滅の刻印：弐 from クイーンズ・ガンナー for 9999.00 Seconds.
[00:32:12.909] 1A:1003B533:[pc] gains the effect of 破滅の刻印：弐 from クイーンズ・ソルジャー for 9999.00 Seconds.
[00:32:12.953] 1A:1029842C:[pc] gains the effect of 破滅の刻印：弐 from クイーンズ・ガンナー for 9999.00 Seconds.
[00:32:12.953] 1A:1002AAC3:[pc] gains the effect of 破滅の刻印：弐 from クイーンズ・ソルジャー for 9999.00 Seconds.
[00:32:12.998] 1A:10087D67:[MNK] gains the effect of 破滅の刻印：弐 from クイーンズ・ガンナー for 9999.00 Seconds.
[00:32:12.998] 1A:1033C8BE:[pc] gains the effect of 破滅の刻印：弐 from クイーンズ・ソルジャー for 9999.00 Seconds.
[00:32:13.040] 1A:1002BE5C:[pc] gains the effect of 破滅の刻印：弐 from クイーンズ・ガンナー for 9999.00 Seconds.
[00:32:13.040] 1A:100E16E0:[pc] gains the effect of 破滅の刻印：弐 from クイーンズ・ソルジャー for 9999.00 Seconds.
[00:32:13.086] 1A:10327838:[pc] gains the effect of 破滅の刻印：弐 from クイーンズ・ソルジャー for 9999.00 Seconds.
[00:32:13.131] 1A:102A2956:[SMN] gains the effect of 破滅の刻印：弐 from クイーンズ・ソルジャー for 9999.00 Seconds.
[00:32:13.176] 1A:102E1133:[SMN] gains the effect of 破滅の刻印：弐 from クイーンズ・ソルジャー for 9999.00 Seconds.
[00:32:20.637] 00:0000:Hojoring:[EX] Added new combatant. name=デミ・フェニックス X=16.12 Y=13.28 Z=-1.75 hp=150726
[00:32:22.628] 00:0000:Hojoring:[EX] Added new combatant. name=アーサリースター X=16.06 Y=13.15 Z=-1.75 hp=150726
[00:32:23.014] 00:0000:Hojoring:[EX] Added new combatant. name=オートマトン・クイーン X=16.20 Y=13.25 Z=-1.75 hp=149525
[00:32:25.020] 00:0000:Hojoring:[EX] Added new combatant. name=デミ・フェニックス X=16.09 Y=13.33 Z=-1.75 hp=150726
[00:32:22.533] 14:59F5:セイブ・ザ・クイーン starts using 乱命割殺斬 on Seria Oaks.
[00:32:22.000] 00:282b:セイブ・ザ・クイーンは「乱命割殺斬」の構え。
[00:32:25.832] 00:0000:Hojoring:[EX] Added new combatant. name=セラフィム X=16.06 Y=13.40 Z=-1.75 hp=150726
[00:32:25.832] 00:0000:Hojoring:[EX] Added new combatant. name=デミ・フェニックス X=16.06 Y=13.29 Z=-1.75 hp=150726
[00:32:26.249] 00:0000:Hojoring:[EX] Added new combatant. name=セラフィム X=16.12 Y=13.31 Z=-1.75 hp=150726
[00:32:26.667] 00:0000:Hojoring:[EX] Added new combatant. name=アーサリースター X=16.06 Y=13.10 Z=-1.75 hp=150726
[00:32:27.527] 15:<id8>:セイブ・ザ・クイーン:59F5:乱命割殺斬:<id8>:[pc]:
[00:32:28.000] 00:282b:セイブ・ザ・クイーンの「乱命割殺斬」
[00:32:31.482] 00:0000:Hojoring:[EX] Added new combatant. name=カーバンクル・ルビー X=16.17 Y=13.17 Z=-1.75 hp=150726
[00:32:30.737] 15:<id8>:セイブ・ザ・クイーン:5BB8:乱命割殺斬:<id8>:[pc]:
[00:32:31.000] 00:282b:セイブ・ザ・クイーンの「乱命割殺斬」
[00:32:31.535] 1A:1002BE5C:[pc] gains the effect of 死の宣告 from セイブ・ザ・クイーン for 5.00 Seconds.
[00:32:31.535] 1A:1002BE5C:[pc] gains the effect of ペイン from セイブ・ザ・クイーン for 15.00 Seconds.
[00:32:31.535] 1A:1002BE5C:[pc] gains the effect of 被物理ダメージ増加 from セイブ・ザ・クイーン for 60.00 Seconds.
[00:32:34.883] 14:59F9:セイブ・ザ・クイーン starts using 天魔鬼神爆 on セイブ・ザ・クイーン.
[00:32:34.883] 14:5B77:セイブ・ザ・クイーン starts using 天魔鬼神爆 on セイブ・ザ・クイーン.
[00:32:34.000] 00:282b:セイブ・ザ・クイーンは「天魔鬼神爆」の構え。
[00:32:40.665] 00:0000:Hojoring:[EX] Added new combatant. name=イフリート・エギ X=16.06 Y=13.33 Z=-1.75 hp=150726
[00:32:42.277] 00:0000:Hojoring:[EX] Added new combatant. name=セラフィム X=16.15 Y=13.24 Z=-1.75 hp=150726
[00:32:39.878] 15:<id8>:セイブ・ザ・クイーン:59F9:天魔鬼神爆:<id8>:セイブ・ザ・クイーン:
[00:32:39.878] 16:<id8>:セイブ・ザ・クイーン:5B77:天魔鬼神爆:<id8>:[pc]:
[00:32:39.878] 16:<id8>:セイブ・ザ・クイーン:5B77:天魔鬼神爆:<id8>:[SCH]:
[00:32:39.878] 16:<id8>:セイブ・ザ・クイーン:5B77:天魔鬼神爆:<id8>:[NIN]:
[00:32:39.878] 16:<id8>:セイブ・ザ・クイーン:5B77:天魔鬼神爆:<id8>:[WAR]:
[00:32:39.878] 16:<id8>:セイブ・ザ・クイーン:5B77:天魔鬼神爆:<id8>:[mex]:
[00:32:39.878] 16:<id8>:セイブ・ザ・クイーン:5B77:天魔鬼神爆:<id8>:[SMN]:
[00:32:39.878] 16:<id8>:セイブ・ザ・クイーン:5B77:天魔鬼神爆:<id8>:[PLD]:
[00:32:39.878] 16:<id8>:セイブ・ザ・クイーン:5B77:天魔鬼神爆:<id8>:[MNK]:
[00:32:40.408] 1A:1002BE5C:[pc] gains the effect of ペイン from セイブ・ザ・クイーン for 15.00 Seconds.
[00:32:40.408] 1A:1025BEB0:[WAR] gains the effect of ペイン from セイブ・ザ・クイーン for 15.00 Seconds.
[00:32:40.408] 1A:10219BF8:[pc] gains the effect of ペイン from セイブ・ザ・クイーン for 15.00 Seconds.
[00:32:40.408] 1A:102E5568:[pc] gains the effect of ペイン from セイブ・ザ・クイーン for 15.00 Seconds.
[00:32:40.454] 1A:1028E95A:[pc] gains the effect of ペイン from セイブ・ザ・クイーン for 15.00 Seconds.
[00:32:40.454] 1A:10248026:[mex] gains the effect of ペイン from セイブ・ザ・クイーン for 15.00 Seconds.
[00:32:40.454] 1A:100E16E0:[pc] gains the effect of ペイン from セイブ・ザ・クイーン for 15.00 Seconds.
[00:32:40.454] 1A:10255486:[pc] gains the effect of ペイン from セイブ・ザ・クイーン for 15.00 Seconds.
[00:32:40.500] 1A:1016203E:[pc] gains the effect of ペイン from セイブ・ザ・クイーン for 15.00 Seconds.
[00:32:40.500] 1A:102E1133:[SMN] gains the effect of ペイン from セイブ・ザ・クイーン for 15.00 Seconds.
[00:32:40.500] 1A:102795B6:[PLD] gains the effect of ペイン from セイブ・ザ・クイーン for 15.00 Seconds.
[00:32:40.500] 1A:10241BE6:[pc] gains the effect of ペイン from セイブ・ザ・クイーン for 15.00 Seconds.
[00:32:40.539] 1A:101D2350:[pc] gains the effect of ペイン from セイブ・ザ・クイーン for 15.00 Seconds.
[00:32:40.539] 1A:1007331B:[pc] gains the effect of ペイン from セイブ・ザ・クイーン for 15.00 Seconds.
[00:32:40.586] 1A:1025F986:[pc] gains the effect of ペイン from セイブ・ザ・クイーン for 15.00 Seconds.
[00:32:40.589] 1A:10327CA5:[pc] gains the effect of ペイン from セイブ・ザ・クイーン for 15.00 Seconds.
[00:32:40.000] 00:282b:セイブ・ザ・クイーンの「天魔鬼神爆」
[00:32:40.630] 1A:1003B533:[pc] gains the effect of ペイン from セイブ・ザ・クイーン for 15.00 Seconds.
[00:32:40.634] 1A:1029842C:[pc] gains the effect of ペイン from セイブ・ザ・クイーン for 15.00 Seconds.
[00:32:40.676] 1A:10241789:[pc] gains the effect of ペイン from セイブ・ザ・クイーン for 15.00 Seconds.
[00:32:40.676] 1A:10087D67:[MNK] gains the effect of ペイン from セイブ・ザ・クイーン for 15.00 Seconds.
[00:32:40.721] 1A:1031FDAF:[pc] gains the effect of ペイン from セイブ・ザ・クイーン for 15.00 Seconds.
[00:32:40.721] 1A:102A2956:[SMN] gains the effect of ペイン from セイブ・ザ・クイーン for 15.00 Seconds.
[00:32:40.765] 1A:102DC0AC:[pc] gains the effect of ペイン from セイブ・ザ・クイーン for 15.00 Seconds.
[00:32:40.765] 1A:10274868:[pc] gains the effect of ペイン from セイブ・ザ・クイーン for 15.00 Seconds.
[00:32:40.808] 1A:10256B89:[pc] gains the effect of ペイン from セイブ・ザ・クイーン for 15.00 Seconds.
[00:32:40.808] 1A:102EF269:[pc] gains the effect of ペイン from セイブ・ザ・クイーン for 15.00 Seconds.
[00:32:40.854] 1A:1002AAC3:[pc] gains the effect of ペイン from セイブ・ザ・クイーン for 15.00 Seconds.
[00:32:40.854] 1A:102A80C2:[pc] gains the effect of ペイン from セイブ・ザ・クイーン for 15.00 Seconds.
[00:32:40.894] 1A:1029609D:[SCH] gains the effect of ペイン from セイブ・ザ・クイーン for 15.00 Seconds.
[00:32:40.898] 1A:1033C8BE:[pc] gains the effect of ペイン from セイブ・ザ・クイーン for 15.00 Seconds.
[00:32:40.940] 1A:1025B0B4:[NIN] gains the effect of ペイン from セイブ・ザ・クイーン for 15.00 Seconds.
[00:32:40.940] 1A:1029BE04:[pc] gains the effect of ペイン from セイブ・ザ・クイーン for 15.00 Seconds.
[00:32:40.985] 1A:10327838:[pc] gains the effect of ペイン from セイブ・ザ・クイーン for 15.00 Seconds.
[00:32:40.985] 1A:102AD6E2:[pc] gains the effect of ペイン from セイブ・ザ・クイーン for 15.00 Seconds.
[00:32:41.029] 1A:1027F60B:[pc] gains the effect of ペイン from セイブ・ザ・クイーン for 15.00 Seconds.
[00:32:41.029] 1A:102EF4FC:[pc] gains the effect of ペイン from セイブ・ザ・クイーン for 15.00 Seconds.
[00:32:41.075] 1A:102EECAC:[pc] gains the effect of ペイン from セイブ・ザ・クイーン for 15.00 Seconds.
[00:32:41.075] 1A:10247D9C:[pc] gains the effect of ペイン from セイブ・ザ・クイーン for 15.00 Seconds.
[00:32:45.084] 00:0000:Hojoring:[EX] Added new combatant. name=カーバンクル・ルビー X=16.01 Y=13.25 Z=-1.75 hp=150726
[00:32:45.478] 00:0000:Hojoring:[EX] Added new combatant. name=カーバンクル・ルビー X=16.01 Y=13.34 Z=-1.75 hp=150726
[00:32:46.700] 00:0000:Hojoring:[EX] Added new combatant. name=セラフィム X=16.11 Y=13.24 Z=-1.75 hp=150726
[00:32:47.896] 00:0000:Hojoring:[EX] Added new combatant. name=フェアリー・エオス X=16.06 Y=13.40 Z=-1.75 hp=150726
[00:32:48.281] 00:0000:Hojoring:[EX] Added new combatant. name=フェアリー・エオス X=16.01 Y=13.28 Z=-1.75 hp=150726
[00:32:48.281] 00:0000:Hojoring:[EX] Added new combatant. name=分身 X=16.08 Y=13.30 Z=-1.75 hp=149486
[00:32:48.739] 00:0000:Hojoring:[EX] Added new combatant. name=分身 X=16.07 Y=13.23 Z=-1.75 hp=149486
[00:32:48.118] 15:<id8>:セイブ・ザ・クイーン:5BCB:Unknown_5Bcb:<id8>::
[00:32:50.000] 00:0044:セイブ・ザ・クイーン:聖剣よ、我が願いに応え、 国を蝕まんとする、すべての者を統べる力を与えよ！
[00:32:51.328] 14:59EC:セイブ・ザ・クイーン starts using 女王の大勅令 on セイブ・ザ・クイーン.
[00:32:50.000] 00:282b:セイブ・ザ・クイーンは「女王の大勅令」の構え。
[00:32:57.816] 00:0000:Hojoring:[EX] Beacon X=16.02 Y=13.34 Z=-1.75 zone=Delubrum Reginae (Savage)
[00:32:56.317] 15:<id8>:セイブ・ザ・クイーン:59EC:女王の大勅令:<id8>:セイブ・ザ・クイーン:
[00:32:56.000] 00:282b:セイブ・ザ・クイーンの「女王の大勅令」
[00:32:59.000] 00:282b:セイブ・ザ・クイーンは「攻撃命令」の構え。
[00:32:59.478] 14:5B9B:セイブ・ザ・クイーン starts using 攻撃命令 on セイブ・ザ・クイーン.
[00:33:04.355] 00:0000:Hojoring:[EX] Added new combatant. name=フェアリー・エオス X=15.98 Y=13.36 Z=-1.75 hp=150726
[00:33:08.788] 00:0000:Hojoring:[EX] Added new combatant. name=フェアリー・エオス X=15.84 Y=13.04 Z=-1.75 hp=150726
[00:33:15.735] 15:<id8>:セイブ・ザ・クイーン:5B9B:攻撃命令:<id8>:セイブ・ザ・クイーン:
[00:33:16.000] 00:282b:セイブ・ザ・クイーンの「攻撃命令」
[00:33:18.898] 14:5B9C:セイブ・ザ・クイーン starts using 攻撃命令 on セイブ・ザ・クイーン.
[00:33:18.000] 00:282b:セイブ・ザ・クイーンは「攻撃命令」の構え。
[00:33:19.076] 14:59E8:クイーンズ・ウォリアー starts using 十字撃 on クイーンズ・ウォリアー.
[00:33:19.076] 14:59E7:クイーンズ・ナイト starts using 十字斬 on クイーンズ・ナイト.
[00:33:20.082] 15:<id8>:クイーンズ・ウォリアー:59E8:十字撃:<id8>:[pc]:
[00:33:20.082] 15:<id8>:クイーンズ・ナイト:59E7:十字斬:<id8>:[mex]:
[00:33:20.863] 1A:10241789:[pc] gains the effect of 死の宣告 from クイーンズ・ウォリアー for 3.00 Seconds.
[00:33:20.865] 1A:10248026:[mex] gains the effect of 破滅の刻印：弐 from クイーンズ・ナイト for 9999.00 Seconds.
[00:33:27.599] 15:<id8>:セイブ・ザ・クイーン:5B9C:攻撃命令:<id8>:セイブ・ザ・クイーン:
[00:33:28.000] 00:282b:セイブ・ザ・クイーンの「攻撃命令」
[00:33:30.941] 14:59EA:クイーンズ・ガンナー starts using 十字撃 on クイーンズ・ガンナー.
[00:33:30.941] 14:59E9:クイーンズ・ソルジャー starts using 十字斬 on クイーンズ・ソルジャー.
[00:33:31.921] 15:<id8>:クイーンズ・ガンナー:59EA:十字撃:<id8>:[pc]:
[00:33:31.921] 16:<id8>:クイーンズ・ソルジャー:59E9:十字斬:<id8>:[pc]:
[00:33:32.056] 1B:<id8>:[pc]:0000:0000:013A:0000:0000:0000:
[00:33:32.056] 1B:<id8>:[pc]:0000:0000:013A:0000:0000:0000:
[00:33:32.056] 1B:<id8>:[mex]:0000:0000:013A:0000:0000:0000:
[00:33:32.056] 1B:<id8>:[pc]:0000:0000:013A:0000:0000:0000:
[00:33:32.056] 1B:<id8>:[pc]:0000:0000:013B:0000:0000:0000:
[00:33:32.056] 1B:<id8>:[pc]:0000:0000:013A:0000:0000:0000:
[00:33:32.056] 1B:<id8>:[pc]:0000:0000:013A:0000:0000:0000:
[00:33:32.056] 1B:<id8>:[pc]:0000:0000:013A:0000:0000:0000:
[00:33:32.056] 1B:<id8>:[pc]:0000:0000:013B:0000:0000:0000:
[00:33:32.056] 1B:<id8>:[pc]:0000:0000:013A:0000:0000:0000:
[00:33:32.056] 1B:<id8>:[pc]:0000:0000:013B:0000:0000:0000:
[00:33:32.056] 1B:<id8>:[pc]:0000:0000:013A:0000:0000:0000:
[00:33:32.056] 1B:<id8>:[SCH]:0000:0000:013A:0000:0000:0000:
[00:33:32.056] 1B:<id8>:[pc]:0000:0000:013A:0000:0000:0000:
[00:33:32.056] 1B:<id8>:[pc]:0000:0000:013A:0000:0000:0000:
[00:33:32.056] 1B:<id8>:[pc]:0000:0000:013B:0000:0000:0000:
[00:33:32.056] 1B:<id8>:[WAR]:0000:0000:013A:0000:0000:0000:
[00:33:32.056] 1B:<id8>:[NIN]:0000:0000:013A:0000:0000:0000:
[00:33:32.056] 1B:<id8>:[pc]:0000:0000:013A:0000:0000:0000:
[00:33:32.056] 1B:<id8>:[pc]:0000:0000:013B:0000:0000:0000:
[00:33:32.056] 1B:<id8>:[pc]:0000:0000:013A:0000:0000:0000:
[00:33:32.056] 1B:<id8>:[pc]:0000:0000:013A:0000:0000:0000:
[00:33:32.056] 1B:<id8>:[pc]:0000:0000:013A:0000:0000:0000:
[00:33:32.056] 1B:<id8>:[pc]:0000:0000:013A:0000:0000:0000:
[00:33:32.056] 1B:<id8>:[pc]:0000:0000:013A:0000:0000:0000:
[00:33:32.056] 1B:<id8>:[SMN]:0000:0000:013A:0000:0000:0000:
[00:33:32.056] 1B:<id8>:[pc]:0000:0000:013A:0000:0000:0000:
[00:33:32.056] 1B:<id8>:[pc]:0000:0000:013A:0000:0000:0000:
[00:33:32.056] 1B:<id8>:[SMN]:0000:0000:013A:0000:0000:0000:
[00:33:32.056] 1B:<id8>:[pc]:0000:0000:013A:0000:0000:0000:
[00:33:32.056] 1B:<id8>:[MNK]:0000:0000:013A:0000:0000:0000:
[00:33:32.056] 1B:<id8>:[pc]:0000:0000:013A:0000:0000:0000:
[00:33:32.056] 1B:<id8>:[pc]:0000:0000:013A:0000:0000:0000:
[00:33:32.056] 1B:<id8>:[pc]:0000:0000:013A:0000:0000:0000:
[00:33:32.056] 1B:<id8>:[pc]:0000:0000:013B:0000:0000:0000:
[00:33:32.056] 1B:<id8>:[pc]:0000:0000:013A:0000:0000:0000:
[00:33:32.056] 1B:<id8>:[PLD]:0000:0000:013A:0000:0000:0000:
[00:33:32.142] 16:<id8>:セイブ・ザ・クイーン:59EB:処罰令:<id8>:[pc]:
[00:33:32.944] 1A:102DC0AC:[pc] gains the effect of 死の宣告 from クイーンズ・ガンナー for 3.00 Seconds.
[00:33:32.944] 1A:10256B89:[pc] gains the effect of 死の宣告 from クイーンズ・ソルジャー for 3.00 Seconds.
[00:33:34.000] 00:282b:セイブ・ザ・クイーンは「グンヒルドの剣」の構え。
[00:33:34.770] 14:5B21:セイブ・ザ・クイーン starts using グンヒルドの剣 on セイブ・ザ・クイーン.
[00:33:45.634] 00:0000:Hojoring:[EX] Added new combatant. name=フェアリー・エオス X=16.10 Y=12.84 Z=-1.75 hp=150726
[00:33:47.062] 1B:<id8>:[pc]:0000:0000:013A:0000:0000:0000:
[00:33:47.062] 1B:<id8>:[mex]:0000:0000:013A:0000:0000:0000:
[00:33:47.062] 1B:<id8>:[pc]:0000:0000:013A:0000:0000:0000:
[00:33:47.062] 1B:<id8>:[pc]:0000:0000:013A:0000:0000:0000:
[00:33:47.062] 1B:<id8>:[pc]:0000:0000:013A:0000:0000:0000:
[00:33:47.062] 1B:<id8>:[pc]:0000:0000:013A:0000:0000:0000:
[00:33:47.062] 1B:<id8>:[pc]:0000:0000:013A:0000:0000:0000:
[00:33:47.062] 1B:<id8>:[SCH]:0000:0000:013A:0000:0000:0000:
[00:33:47.062] 1B:<id8>:[pc]:0000:0000:013A:0000:0000:0000:
[00:33:47.062] 1B:<id8>:[pc]:0000:0000:013A:0000:0000:0000:
[00:33:47.062] 1B:<id8>:[WAR]:0000:0000:013A:0000:0000:0000:
[00:33:47.062] 1B:<id8>:[NIN]:0000:0000:013A:0000:0000:0000:
[00:33:47.062] 1B:<id8>:[pc]:0000:0000:013B:0000:0000:0000:
[00:33:47.062] 1B:<id8>:[pc]:0000:0000:013A:0000:0000:0000:
[00:33:47.062] 1B:<id8>:[pc]:0000:0000:013A:0000:0000:0000:
[00:33:47.062] 1B:<id8>:[pc]:0000:0000:013A:0000:0000:0000:
[00:33:47.062] 1B:<id8>:[pc]:0000:0000:013A:0000:0000:0000:
[00:33:47.062] 1B:<id8>:[SMN]:0000:0000:013A:0000:0000:0000:
[00:33:47.062] 1B:<id8>:[pc]:0000:0000:013A:0000:0000:0000:
[00:33:47.062] 1B:<id8>:[pc]:0000:0000:013A:0000:0000:0000:
[00:33:47.062] 1B:<id8>:[SMN]:0000:0000:013A:0000:0000:0000:
[00:33:47.062] 1B:<id8>:[pc]:0000:0000:013A:0000:0000:0000:
[00:33:47.062] 1B:<id8>:[MNK]:0000:0000:013B:0000:0000:0000:
[00:33:47.062] 1B:<id8>:[pc]:0000:0000:013A:0000:0000:0000:
[00:33:47.063] 1B:<id8>:[pc]:0000:0000:013A:0000:0000:0000:
[00:33:47.063] 1B:<id8>:[pc]:0000:0000:013B:0000:0000:0000:
[00:33:47.063] 1B:<id8>:[PLD]:0000:0000:013A:0000:0000:0000:
[00:33:47.148] 15:<id8>:セイブ・ザ・クイーン:59EB:処罰令:<id8>:[pc]:
[00:33:47.148] 16:<id8>:セイブ・ザ・クイーン:59EB:処罰令:<id8>:[MNK]:
[00:33:47.148] 16:<id8>:セイブ・ザ・クイーン:59EB:処罰令:<id8>:[pc]:
[00:33:47.772] 1A:10256B89:[pc] gains the effect of 衰弱 from  for 9999.00 Seconds.
[00:33:48.754] 15:<id8>:セイブ・ザ・クイーン:5B21:グンヒルドの剣:<id8>:セイブ・ザ・クイーン:
[00:33:48.844] 15:<id8>:セイブ・ザ・クイーン:5B22:グンヒルドの剣:<id8>:[WAR]:
[00:33:48.844] 15:<id8>:セイブ・ザ・クイーン:5B22:グンヒルドの剣:<id8>::
[00:33:48.844] 15:<id8>:セイブ・ザ・クイーン:59ED:グンヒルドの剣:<id8>:セイブ・ザ・クイーン:
[00:33:49.000] 00:282b:セイブ・ザ・クイーンの「グンヒルドの剣」
[00:33:57.061] 00:0000:Hojoring:[EX] Added new combatant. name=アーサリースター X=16.06 Y=13.20 Z=-1.75 hp=150726
[00:33:57.833] 00:0000:Hojoring:[EX] Beacon X=15.94 Y=13.17 Z=-1.75 zone=Delubrum Reginae (Savage)
[00:34:00.507] 00:0000:Hojoring:[EX] Added new combatant. name=ソルジャーの分体 X=16.06 Y=13.20 Z=-1.75 hp=216080
[00:33:58.000] 00:0044:セイブ・ザ・クイーン:我が理想を阻ませはしない……！
[00:33:59.049] 15:<id8>:セイブ・ザ・クイーン:5BCB:Unknown_5Bcb:<id8>::
[00:34:03.314] 00:0000:Hojoring:[EX] Added new combatant. name=デミ・バハムート X=16.10 Y=13.40 Z=-1.75 hp=135652
[00:34:04.122] 00:0000:Hojoring:[EX] Added new combatant. name=分身 X=16.06 Y=13.31 Z=-1.75 hp=149486
[00:34:02.478] 15:<id8>:セイブ・ザ・クイーン:55A8:Unknown_55A8:<id8>:セイブ・ザ・クイーン:
[00:34:06.514] 00:0000:Hojoring:[EX] Added new combatant. name=英雄の影身 X=16.00 Y=13.07 Z=-1.75 hp=123916
[00:34:06.514] 00:0000:Hojoring:[EX] Added new combatant. name=デミ・バハムート X=16.02 Y=13.35 Z=-1.75 hp=135652
[00:34:06.964] 00:0000:Hojoring:[EX] Added new combatant. name=アーサリースター X=16.07 Y=13.21 Z=-1.75 hp=150726
[00:34:04.000] 00:0044:セイブ・ザ・クイーン:我は信じる、自身の進むべき道を……！ 打ち払え、ゴッド・セイブ・ザ・クイーン！
[00:34:04.000] 00:282b:セイブ・ザ・クイーンは「ゴッド・セイブ・ザ・クイーン」の構え。
[00:34:04.574] 14:59FA:セイブ・ザ・クイーン starts using ゴッド・セイブ・ザ・クイーン on セイブ・ザ・クイーン.
[00:34:07.315] 00:0000:Hojoring:[EX] Added new combatant. name=英雄の影身 X=16.10 Y=13.37 Z=-1.75 hp=123916
[00:34:08.519] 00:0000:Hojoring:[EX] Added new combatant. name=オートマトン・クイーン X=16.06 Y=13.39 Z=-1.75 hp=149525
[00:34:09.566] 15:<id8>:セイブ・ザ・クイーン:59FA:ゴッド・セイブ・ザ・クイーン:<id8>:セイブ・ザ・クイーン:
[00:34:09.653] 14:53EF:セイブ・ザ・クイーン starts using ゴッド・セイブ・ザ・クイーン on セイブ・ザ・クイーン.
[00:34:11.615] 16:<id8>:セイブ・ザ・クイーン:53EF:ゴッド・セイブ・ザ・クイーン:<id8>:[pc]:
[00:34:11.615] 16:<id8>:セイブ・ザ・クイーン:53EF:ゴッド・セイブ・ザ・クイーン:<id8>:[NIN]:
[00:34:11.615] 16:<id8>:セイブ・ザ・クイーン:53EF:ゴッド・セイブ・ザ・クイーン:<id8>:[mex]:
[00:34:11.615] 16:<id8>:セイブ・ザ・クイーン:53EF:ゴッド・セイブ・ザ・クイーン:<id8>:[SCH]:
[00:34:11.615] 16:<id8>:セイブ・ザ・クイーン:53EF:ゴッド・セイブ・ザ・クイーン:<id8>:[SMN]:
[00:34:11.615] 16:<id8>:セイブ・ザ・クイーン:53EF:ゴッド・セイブ・ザ・クイーン:<id8>:[PLD]:
[00:34:11.793] 1A:1031FDAF:[pc] gains the effect of ペイン from セイブ・ザ・クイーン for 15.00 Seconds.
[00:34:11.793] 1A:102795B6:[PLD] gains the effect of ペイン from セイブ・ザ・クイーン for 15.00 Seconds.
[00:34:11.838] 1A:1025B0B4:[NIN] gains the effect of ペイン from セイブ・ザ・クイーン for 15.00 Seconds.
[00:34:11.838] 1A:102A2956:[SMN] gains the effect of ペイン from セイブ・ザ・クイーン for 15.00 Seconds.
[00:34:11.882] 1A:1002BE5C:[pc] gains the effect of ペイン from セイブ・ザ・クイーン for 15.00 Seconds.
[00:34:11.882] 1A:102A80C2:[pc] gains the effect of ペイン from セイブ・ザ・クイーン for 15.00 Seconds.
[00:34:11.924] 1A:10248026:[mex] gains the effect of ペイン from セイブ・ザ・クイーン for 15.00 Seconds.
[00:34:11.924] 1A:1007331B:[pc] gains the effect of ペイン from セイブ・ザ・クイーン for 15.00 Seconds.
[00:34:11.000] 00:282b:セイブ・ザ・クイーンの「ゴッド・セイブ・ザ・クイーン」
[00:34:11.970] 1A:1002AAC3:[pc] gains the effect of ペイン from セイブ・ザ・クイーン for 15.00 Seconds.
[00:34:11.970] 1A:10327CA5:[pc] gains the effect of ペイン from セイブ・ザ・クイーン for 15.00 Seconds.
[00:34:12.015] 1A:1029609D:[SCH] gains the effect of ペイン from セイブ・ザ・クイーン for 15.00 Seconds.
[00:34:12.015] 1A:102EF269:[pc] gains the effect of ペイン from セイブ・ザ・クイーン for 15.00 Seconds.
[00:34:12.060] 1A:1025F986:[pc] gains the effect of ペイン from セイブ・ザ・クイーン for 15.00 Seconds.
[00:34:12.060] 1A:10247D9C:[pc] gains the effect of ペイン from セイブ・ザ・クイーン for 15.00 Seconds.
[00:34:12.106] 1A:1016203E:[pc] gains the effect of ペイン from セイブ・ザ・クイーン for 15.00 Seconds.
[00:34:12.106] 1A:10219BF8:[pc] gains the effect of ペイン from セイブ・ザ・クイーン for 15.00 Seconds.
[00:34:12.148] 1A:1003B533:[pc] gains the effect of ペイン from セイブ・ザ・クイーン for 15.00 Seconds.
[00:34:12.148] 1A:102AD6E2:[pc] gains the effect of ペイン from セイブ・ザ・クイーン for 15.00 Seconds.
[00:34:12.192] 1A:102DC0AC:[pc] gains the effect of ペイン from セイブ・ザ・クイーン for 15.00 Seconds.
[00:34:12.192] 1A:102EF4FC:[pc] gains the effect of ペイン from セイブ・ザ・クイーン for 15.00 Seconds.
[00:34:12.238] 1A:102EECAC:[pc] gains the effect of ペイン from セイブ・ザ・クイーン for 15.00 Seconds.
[00:34:12.238] 1A:10274868:[pc] gains the effect of ペイン from セイブ・ザ・クイーン for 15.00 Seconds.
[00:34:12.283] 1A:101D2350:[pc] gains the effect of ペイン from セイブ・ザ・クイーン for 15.00 Seconds.
[00:34:12.283] 1A:1029842C:[pc] gains the effect of ペイン from セイブ・ザ・クイーン for 15.00 Seconds.
[00:34:12.328] 1A:1028E95A:[pc] gains the effect of ペイン from セイブ・ザ・クイーン for 15.00 Seconds.
[00:34:12.328] 1A:10255486:[pc] gains the effect of ペイン from セイブ・ザ・クイーン for 15.00 Seconds.
[00:34:12.370] 1A:102E1133:[SMN] gains the effect of ペイン from セイブ・ザ・クイーン for 15.00 Seconds.
[00:34:12.373] 1A:102E5568:[pc] gains the effect of ペイン from セイブ・ザ・クイーン for 15.00 Seconds.
[00:34:12.415] 1A:1027F60B:[pc] gains the effect of ペイン from セイブ・ザ・クイーン for 15.00 Seconds.
[00:34:14.984] 00:0000:Hojoring:[EX] Added new combatant. name=英雄の影身 X=16.03 Y=13.33 Z=-1.75 hp=123916
[00:34:15.000] 00:0044:セイブ・ザ・クイーン:聖剣の力を以ても、まだ打ち払えぬのか…… だが、それでも……それでも、退くことなどできようものか！
[00:34:18.953] 00:0000:Hojoring:[EX] Added new combatant. name=分身 X=15.91 Y=13.29 Z=-1.75 hp=149486
[00:34:19.340] 00:0000:Hojoring:[EX] Added new combatant. name=分身 X=16.05 Y=13.33 Z=-1.75 hp=149486
[00:34:23.357] 00:0000:Hojoring:[EX] Added new combatant. name=カーバンクル・ルビー X=15.96 Y=13.46 Z=-1.75 hp=150726
[00:34:26.659] 00:0000:Hojoring:[EX] Added new combatant. name=カーバンクル・ルビー X=16.05 Y=13.26 Z=-1.75 hp=150726
[00:34:25.834] 15:<id8>:セイブ・ザ・クイーン:5BCB:Unknown_5Bcb:<id8>::
[00:34:30.555] 00:0000:Hojoring:[EX] Added new combatant. name=デミ・バハムート X=15.90 Y=13.41 Z=-1.75 hp=135652
[00:34:31.795] 00:0000:Hojoring:[EX] Added new combatant. name=雷球 X=16.26 Y=12.80 Z=-1.75 hp=5328000
[00:34:31.795] 00:0000:Hojoring:[EX] Added new combatant. name=雷球 X=16.06 Y=13.40 Z=-1.75 hp=5328000
[00:34:31.795] 00:0000:Hojoring:[EX] Added new combatant. name=雷球 X=15.86 Y=13.00 Z=-1.75 hp=5328000
[00:34:31.795] 00:0000:Hojoring:[EX] Added new combatant. name=雷球 X=15.66 Y=13.60 Z=-1.75 hp=5328000
[00:34:31.795] 00:0000:Hojoring:[EX] Added new combatant. name=雷球 X=16.46 Y=13.20 Z=-1.75 hp=5328000
[00:34:28.000] 00:0044:セイブ・ザ・クイーン:閃光よ、天より響き走れ……！
[00:34:29.267] 15:<id8>:セイブ・ザ・クイーン:55A8:Unknown_55A8:<id8>:セイブ・ザ・クイーン:
[00:34:34.309] 15:<id8>:雷球:55B6:魔爆:<id8>::
[00:34:34.309] 16:<id8>:雷球:55B6:魔爆:<id8>:[pc]:
[00:34:34.309] 16:<id8>:雷球:55B6:魔爆:<id8>:[mex]:
[00:34:34.000] 00:282b:雷球の「魔爆」
[00:34:34.000] 00:282b:雷球の「魔爆」
[00:34:34.666] 1A:102DC0AC:[pc] gains the effect of 衰弱 from  for 9999.00 Seconds.
[00:34:34.754] 1A:102EECAC:[pc] gains the effect of 衰弱 from  for 9999.00 Seconds.
[00:34:36.360] 15:<id8>:雷球:55B6:魔爆:<id8>::
[00:34:36.360] 16:<id8>:雷球:55B6:魔爆:<id8>:[pc]:
[00:34:36.000] 00:282b:雷球の「魔爆」
[00:34:39.406] 00:0000:Hojoring:[EX] Added new combatant. name=フェアリー・エオス X=16.34 Y=13.44 Z=-1.75 hp=150726
[00:34:38.409] 15:<id8>:雷球:55B6:魔爆:<id8>::
[00:34:38.409] 16:<id8>:雷球:55B6:魔爆:<id8>:[pc]:
[00:34:38.000] 00:282b:雷球の「魔爆」
[00:34:38.765] 1A:102DC0AC:[pc] gains the effect of 衰弱［強］ from  for 9999.00 Seconds.
[00:34:40.462] 15:<id8>:雷球:55B6:魔爆:<id8>::
[00:34:40.462] 16:<id8>:雷球:55B6:魔爆:<id8>:[pc]:
[00:34:40.000] 00:282b:雷球の「魔爆」
[00:34:40.816] 1A:10219BF8:[pc] gains the effect of 衰弱 from  for 9999.00 Seconds.
[00:34:41.396] 15:<id8>:セイブ・ザ・クイーン:59EF:天鼓雷音稲妻斬:<id8>:セイブ・ザ・クイーン:
[00:34:41.396] 14:53EE:セイブ・ザ・クイーン starts using 天鼓雷音稲妻斬 on セイブ・ザ・クイーン.
[00:34:44.625] 00:0000:Hojoring:[EX] Added new combatant. name=セラフィム X=16.06 Y=13.40 Z=-1.75 hp=150726
[00:34:42.509] 15:<id8>:雷球:55B6:魔爆:<id8>::
[00:34:42.000] 00:282b:雷球の「魔爆」
[00:34:43.360] 16:<id8>:セイブ・ザ・クイーン:53EE:天鼓雷音稲妻斬:<id8>:[pc]:
[00:34:43.360] 16:<id8>:セイブ・ザ・クイーン:53EE:天鼓雷音稲妻斬:<id8>:[NIN]:
[00:34:43.360] 16:<id8>:セイブ・ザ・クイーン:53EE:天鼓雷音稲妻斬:<id8>:[SMN]:
[00:34:43.360] 16:<id8>:セイブ・ザ・クイーン:53EE:天鼓雷音稲妻斬:<id8>:[mex]:
[00:34:43.360] 16:<id8>:セイブ・ザ・クイーン:53EE:天鼓雷音稲妻斬:<id8>:[SCH]:
[00:34:43.360] 16:<id8>:セイブ・ザ・クイーン:53EE:天鼓雷音稲妻斬:<id8>:[PLD]:
[00:34:43.000] 00:282b:セイブ・ザ・クイーンの「天鼓雷音稲妻斬」
[00:34:43.539] 1A:1031FDAF:[pc] gains the effect of 衰弱 from  for 9999.00 Seconds.
[00:34:43.539] 1A:102EF269:[pc] gains the effect of 衰弱 from  for 9999.00 Seconds.
[00:34:50.665] 00:0000:Hojoring:[EX] Added new combatant. name=カーバンクル・ルビー X=16.03 Y=13.32 Z=-1.75 hp=150726
[00:34:50.000] 00:0044:セイブ・ザ・クイーン:精兵たちよ、我が命に従え……！
[00:34:50.619] 14:59FC:セイブ・ザ・クイーン starts using 連携命令 on セイブ・ザ・クイーン.
[00:34:50.000] 00:282b:セイブ・ザ・クイーンは「連携命令」の構え。
[00:34:53.441] 00:0000:Hojoring:[EX] Added new combatant. name=デミ・フェニックス X=16.07 Y=13.30 Z=-1.75 hp=150726
[00:34:56.271] 00:0000:Hojoring:[EX] Added new combatant. name=デミ・フェニックス X=16.09 Y=13.38 Z=-1.75 hp=150726
[00:34:57.860] 00:0000:Hojoring:[EX] Beacon X=16.08 Y=13.31 Z=-1.75 zone=Delubrum Reginae (Savage)
[00:34:55.611] 15:<id8>:セイブ・ザ・クイーン:59FC:連携命令:<id8>:セイブ・ザ・クイーン:
[00:34:55.000] 00:282b:セイブ・ザ・クイーンの「連携命令」
[00:34:58.684] 1B:<id8>:[pc]:0000:12BF:01B1:0000:0000:0000:
[00:34:58.684] 1B:<id8>:[mex]:0000:12BF:01B1:0000:0000:0000:
[00:34:58.684] 1B:<id8>:[pc]:0000:12BF:01B1:0000:0000:0000:
[00:34:58.684] 1B:<id8>:[pc]:0000:12BF:01B1:0000:0000:0000:
[00:34:58.684] 1B:<id8>:[SMN]:0000:12BF:01B1:0000:0000:0000:
[00:34:58.684] 1B:<id8>:[pc]:0000:12BF:01B1:0000:0000:0000:
[00:34:58.684] 1B:<id8>:[pc]:0000:12BF:01B1:0000:0000:0000:
[00:34:58.684] 1B:<id8>:[SMN]:0000:12BF:01B1:0000:0000:0000:
[00:34:58.684] 1B:<id8>:[pc]:0000:12BF:01B1:0000:0000:0000:
[00:34:58.684] 1B:<id8>:[NIN]:0000:12BF:01B1:0000:0000:0000:
[00:34:58.684] 1B:<id8>:[pc]:0000:12BF:01B1:0000:0000:0000:
[00:34:58.684] 1B:<id8>:[PLD]:0000:12BF:01B1:0000:0000:0000:
[00:34:58.000] 00:282b:クイーンズ・ウォリアーは「質量転換」の構え。
[00:34:58.770] 14:5A0E:クイーンズ・ウォリアー starts using 質量転換 on クイーンズ・ウォリアー.
[00:34:58.772] 14:5B41:クイーンズ・ウォリアー starts using Unknown_5B41 on クイーンズ・ウォリアー.
[00:35:04.651] 00:0000:Hojoring:[EX] Added new combatant. name=オートマトン・クイーン X=16.00 Y=13.46 Z=-1.75 hp=149525
[00:35:02.739] 15:<id8>:クイーンズ・ウォリアー:5A0E:質量転換:<id8>:クイーンズ・ウォリアー:
[00:35:02.739] 15:<id8>:クイーンズ・ウォリアー:5B41:Unknown_5B41:<id8>:クイーンズ・ウォリアー:
[00:35:03.000] 00:282b:クイーンズ・ウォリアーの「質量転換」
[00:35:03.000] 00:282b:セイブ・ザ・クイーンは「北斗骨砕斬」の構え。
[00:35:03.813] 14:59F3:セイブ・ザ・クイーン starts using 北斗骨砕斬 on セイブ・ザ・クイーン.
[00:35:06.691] 00:0000:Hojoring:[EX] Added new combatant. name=オートタレット X=15.56 Y=13.15 Z=-1.75 hp=216080
[00:35:06.691] 00:0000:Hojoring:[EX] Added new combatant. name=オートタレット X=15.56 Y=13.55 Z=-1.75 hp=216080
[00:35:06.691] 00:0000:Hojoring:[EX] Added new combatant. name=オートタレット X=15.56 Y=13.35 Z=-1.75 hp=216080
[00:35:06.691] 00:0000:Hojoring:[EX] Added new combatant. name=オートタレット X=15.56 Y=12.95 Z=-1.75 hp=216080
[00:35:06.691] 00:0000:Hojoring:[EX] Added new combatant. name=オートタレット X=16.56 Y=13.65 Z=-1.75 hp=216080
[00:35:06.691] 00:0000:Hojoring:[EX] Added new combatant. name=オートタレット X=15.56 Y=12.75 Z=-1.75 hp=216080
[00:35:06.723] 00:0000:Hojoring:[EX] Added new combatant. name=オートタレット X=16.56 Y=13.45 Z=-1.75 hp=216080
[00:35:06.723] 00:0000:Hojoring:[EX] Added new combatant. name=オートタレット X=16.56 Y=13.05 Z=-1.75 hp=216080
[00:35:06.723] 00:0000:Hojoring:[EX] Added new combatant. name=オートタレット X=16.56 Y=13.25 Z=-1.75 hp=216080
[00:35:06.723] 00:0000:Hojoring:[EX] Added new combatant. name=オートタレット X=16.56 Y=12.85 Z=-1.75 hp=216080
[00:35:06.723] 00:0000:Hojoring:[EX] Added new combatant. name=フェアリー・エオス X=16.06 Y=13.40 Z=-1.75 hp=150726
[00:35:05.949] 14:5A2C:クイーンズ・ガンナー starts using 解析 on クイーンズ・ガンナー.
[00:35:05.000] 00:282b:クイーンズ・ガンナーは「解析」の構え。
[00:35:06.795] 15:<id8>:セイブ・ザ・クイーン:59F3:北斗骨砕斬:<id8>:セイブ・ザ・クイーン:
[00:35:07.000] 00:282b:セイブ・ザ・クイーンの「北斗骨砕斬」
[00:35:07.595] 14:59F4:セイブ・ザ・クイーン starts using 北斗骨砕斬 on セイブ・ザ・クイーン.
[00:35:08.933] 15:<id8>:クイーンズ・ガンナー:5A2C:解析:<id8>:クイーンズ・ガンナー:
[00:35:09.000] 00:282b:クイーンズ・ガンナーの「解析」
[00:35:13.479] 00:0000:Hojoring:[EX] Added new combatant. name=カーバンクル・ルビー X=16.01 Y=13.46 Z=-1.75 hp=150726
[00:35:11.000] 00:282b:クイーンズ・ウォリアーは「過重烈風」の構え。
[00:35:11.918] 14:5A0F:クイーンズ・ウォリアー starts using 過重烈風 on クイーンズ・ウォリアー.
[00:35:11.918] 14:5A11:クイーンズ・ウォリアー starts using 大烈風 on クイーンズ・ウォリアー.
[00:35:11.918] 14:5A10:クイーンズ・ウォリアー starts using 過重力 on クイーンズ・ウォリアー.
[00:35:12.095] 14:5A2D:クイーンズ・ガンナー starts using 全方位射撃 on クイーンズ・ガンナー.
[00:35:12.095] 14:5A2E:クイーンズ・ガンナー starts using 全方位射撃 on クイーンズ・ガンナー.
[00:35:11.000] 00:282b:クイーンズ・ガンナーは「全方位射撃」の構え。
[00:35:15.892] 00:0000:Hojoring:[EX] Added new combatant. name=カーバンクル・ルビー X=16.17 Y=13.55 Z=-1.75 hp=150726
[00:35:17.581] 16:<id8>:セイブ・ザ・クイーン:59F4:北斗骨砕斬:<id8>:[pc]:
[00:35:17.581] 16:<id8>:セイブ・ザ・クイーン:59F4:北斗骨砕斬:<id8>:[NIN]:
[00:35:17.581] 16:<id8>:セイブ・ザ・クイーン:59F4:北斗骨砕斬:<id8>:[mex]:
[00:35:17.893] 15:<id8>:クイーンズ・ウォリアー:5A0F:過重烈風:<id8>:クイーンズ・ウォリアー:
[00:35:17.893] 16:<id8>:クイーンズ・ウォリアー:5A11:大烈風:<id8>:[SMN]:
[00:35:17.893] 16:<id8>:クイーンズ・ウォリアー:5A11:大烈風:<id8>:[pc]:
[00:35:17.893] 16:<id8>:クイーンズ・ウォリアー:5A11:大烈風:<id8>:[PLD]:
[00:35:17.893] 16:<id8>:クイーンズ・ウォリアー:5A11:大烈風:<id8>:[mex]:
[00:35:17.893] 16:<id8>:クイーンズ・ウォリアー:5A11:大烈風:<id8>:[NIN]:
[00:35:17.893] 16:<id8>:クイーンズ・ウォリアー:5A10:過重力:<id8>:[pc]:
[00:35:17.893] 16:<id8>:クイーンズ・ウォリアー:5A10:過重力:<id8>:[NIN]:
[00:35:17.893] 16:<id8>:クイーンズ・ウォリアー:5A10:過重力:<id8>:[SMN]:
[00:35:18.203] 1A:1002AAC3:[pc] gains the effect of 死の宣告 from セイブ・ザ・クイーン for 3.00 Seconds.
[00:35:18.203] 1A:102EF4FC:[pc] gains the effect of 破滅の刻印：弐 from セイブ・ザ・クイーン for 9999.00 Seconds.
[00:35:18.247] 1A:1016203E:[pc] gains the effect of 死の宣告 from セイブ・ザ・クイーン for 3.00 Seconds.
[00:35:18.290] 1A:10248026:[mex] gains the effect of 死の宣告 from セイブ・ザ・クイーン for 3.00 Seconds.
[00:35:18.290] 1A:1027F60B:[pc] gains the effect of 死の宣告 from セイブ・ザ・クイーン for 3.00 Seconds.
[00:35:18.335] 1A:1025F986:[pc] gains the effect of 破滅の刻印：弐 from セイブ・ザ・クイーン for 9999.00 Seconds.
[00:35:18.000] 00:282b:クイーンズ・ウォリアーの「過重烈風」
[00:35:18.825] 1A:101D2350:[pc] gains the effect of 死の宣告 from クイーンズ・ウォリアー for 3.00 Seconds.
[00:35:18.825] 1A:101D2350:[pc] gains the effect of ノックダウン from クイーンズ・ウォリアー for 3.00 Seconds.
[00:35:18.825] 1A:101D2350:[pc] gains the effect of ペイン from クイーンズ・ウォリアー for 18.00 Seconds.
[00:35:18.871] 1A:102A2956:[SMN] gains the effect of ノックダウン from クイーンズ・ウォリアー for 3.00 Seconds.
[00:35:18.871] 1A:102A2956:[SMN] gains the effect of 死の宣告 from クイーンズ・ウォリアー for 3.00 Seconds.
[00:35:18.871] 1A:102A2956:[SMN] gains the effect of ペイン from クイーンズ・ウォリアー for 18.00 Seconds.
[00:35:19.094] 16:<id8>:クイーンズ・ガンナー:5A2D:全方位射撃:<id8>:[pc]:
[00:35:19.094] 16:<id8>:クイーンズ・ガンナー:5A2D:全方位射撃:<id8>:[SMN]:
[00:35:19.094] 16:<id8>:クイーンズ・ガンナー:5A2D:全方位射撃:<id8>:[PLD]:
[00:35:19.094] 16:<id8>:クイーンズ・ガンナー:5A2D:全方位射撃:<id8>:[mex]:
[00:35:19.094] 16:<id8>:クイーンズ・ガンナー:5A2E:全方位射撃:<id8>:[pc]:
[00:35:19.094] 16:<id8>:クイーンズ・ガンナー:5A2E:全方位射撃:<id8>:[SMN]:
[00:35:19.094] 16:<id8>:クイーンズ・ガンナー:5A2E:全方位射撃:<id8>:[mex]:
[00:35:19.094] 16:<id8>:クイーンズ・ガンナー:5A2E:全方位射撃:<id8>:[PLD]:
[00:35:19.000] 00:282b:クイーンズ・ガンナーの「全方位射撃」
[00:35:19.939] 1A:10255486:[pc] gains the effect of 破滅の刻印：弐 from クイーンズ・ガンナー for 9999.00 Seconds.
[00:35:19.984] 1A:10274868:[pc] gains the effect of 破滅の刻印：弐 from クイーンズ・ガンナー for 9999.00 Seconds.
[00:35:20.206] 1A:102AD6E2:[pc] gains the effect of 破滅の刻印：弐 from クイーンズ・ガンナー for 9999.00 Seconds.
[00:35:26.000] 00:282b:セイブ・ザ・クイーンは「乱命割殺斬」の構え。
[00:35:26.973] 14:59F5:セイブ・ザ・クイーン starts using 乱命割殺斬 on Seria Oaks.
[00:35:31.964] 15:<id8>:セイブ・ザ・クイーン:59F5:乱命割殺斬:<id8>:[pc]:
[00:35:32.000] 00:282b:セイブ・ザ・クイーンの「乱命割殺斬」
[00:35:32.764] 1A:1028E95A:[pc] gains the effect of 死の宣告 from セイブ・ザ・クイーン for 5.00 Seconds.
[00:35:32.764] 1A:1028E95A:[pc] gains the effect of ペイン from セイブ・ザ・クイーン for 15.00 Seconds.
[00:35:32.764] 1A:1028E95A:[pc] gains the effect of 被物理ダメージ増加 from セイブ・ザ・クイーン for 60.00 Seconds.
[00:35:35.127] 15:<id8>:セイブ・ザ・クイーン:5BB8:乱命割殺斬:<id8>:[pc]:
[00:35:37.983] 00:0000:Hojoring:[EX] Added new combatant. name=カーバンクル・ルビー X=16.14 Y=13.25 Z=-1.75 hp=150726
[00:35:35.000] 00:282b:セイブ・ザ・クイーンの「乱命割殺斬」
[00:35:35.928] 1A:1016203E:[pc] gains the effect of 死の宣告 from セイブ・ザ・クイーン for 5.00 Seconds.
[00:35:35.928] 1A:1016203E:[pc] gains the effect of ペイン from セイブ・ザ・クイーン for 15.00 Seconds.
[00:35:35.928] 1A:1016203E:[pc] gains the effect of 被物理ダメージ増加 from セイブ・ザ・クイーン for 60.00 Seconds.
[00:35:43.329] 14:59FC:セイブ・ザ・クイーン starts using 連携命令 on セイブ・ザ・クイーン.
[00:35:42.000] 00:282b:セイブ・ザ・クイーンは「連携命令」の構え。
[00:35:48.323] 15:<id8>:セイブ・ザ・クイーン:59FC:連携命令:<id8>:セイブ・ザ・クイーン:
[00:35:51.226] 00:0000:Hojoring:[EX] Added new combatant. name=デミ・バハムート X=16.06 Y=13.39 Z=-1.75 hp=135652
[00:35:48.000] 00:282b:セイブ・ザ・クイーンの「連携命令」
[00:35:51.964] 00:0000:Hojoring:[EX] Added new combatant. name=デミ・フェニックス X=16.03 Y=13.32 Z=-1.75 hp=150726
[00:35:51.000] 00:282b:クイーンズ・ナイトは「盾の型」の構え。
[00:35:51.481] 14:59FE:クイーンズ・ナイト starts using 盾の型 on クイーンズ・ナイト.
[00:35:54.470] 15:<id8>:クイーンズ・ナイト:59FE:盾の型:<id8>:クイーンズ・ナイト:
[00:35:54.000] 00:282b:クイーンズ・ナイトの「盾の型」
[00:35:57.922] 00:0000:Hojoring:[EX] Beacon X=16.10 Y=13.32 Z=-1.75 zone=Delubrum Reginae (Savage)
[00:35:58.968] 14:5A1B:クイーンズ・ソルジャー starts using 幻影術 on クイーンズ・ソルジャー.
[00:35:58.000] 00:282b:クイーンズ・ソルジャーは「幻影術」の構え。
[00:36:02.053] 00:0000:Hojoring:[EX] Added new combatant. name=魔気 X=16.06 Y=13.20 Z=-1.75 hp=216080
[00:36:00.000] 00:282b:クイーンズ・ナイトは「武装突撃」の構え。
[00:36:00.839] 14:5A03:クイーンズ・ナイト starts using 武装突撃 on Unknown.
[00:36:00.839] 14:5A05:クイーンズ・ウォリアー starts using Unknown_5A05 on 魔気.
[00:36:00.839] 14:5A04:セイブ・ザ・クイーン starts using Unknown_5A04 on セイブ・ザ・クイーン.
[00:36:02.708] 14:59F1:セイブ・ザ・クイーン starts using 不動無明剣 on Unknown.
[00:36:02.708] 14:5B84:クイーンズ・ウォリアー starts using 不動無明剣 on クイーンズ・ウォリアー.
[00:36:02.000] 00:282b:セイブ・ザ・クイーンは「不動無明剣」の構え。
[00:36:03.956] 15:<id8>:クイーンズ・ソルジャー:5A1B:幻影術:<id8>:クイーンズ・ソルジャー:
[00:36:04.000] 00:282b:クイーンズ・ソルジャーの「幻影術」
[00:36:06.000] 00:282b:クイーンズ・ソルジャーは「実体結像」の構え。
[00:36:07.161] 14:5B8B:クイーンズ・ソルジャー starts using 実体結像 on クイーンズ・ソルジャー.
[00:36:07.833] 15:<id8>:クイーンズ・ナイト:5A03:武装突撃:<id8>::
[00:36:07.833] 15:<id8>:クイーンズ・ナイト:5A05:Unknown_5A05:<id8>:魔気:
[00:36:07.833] 16:<id8>:クイーンズ・ナイト:5A04:Unknown_5A04:<id8>:[pc]:
[00:36:07.833] 16:<id8>:クイーンズ・ナイト:5A04:Unknown_5A04:<id8>:[SMN]:
[00:36:07.833] 16:<id8>:クイーンズ・ナイト:5A04:Unknown_5A04:<id8>:[mex]:
[00:36:07.833] 16:<id8>:クイーンズ・ナイト:5A04:Unknown_5A04:<id8>:[PLD]:
[00:36:08.000] 00:282b:クイーンズ・ナイトの「武装突撃」
[00:36:11.241] 00:0000:Hojoring:[EX] Added new combatant. name=カーバンクル・ルビー X=16.14 Y=13.07 Z=-1.75 hp=150726
[00:36:09.477] 14:5A06:魔気 starts using 魔爆 on 魔気.
[00:36:12.050] 00:0000:Hojoring:[EX] Added new combatant. name=カーバンクル・ルビー X=16.30 Y=12.93 Z=-1.75 hp=150726
[00:36:09.702] 16:<id8>:セイブ・ザ・クイーン:59F1:不動無明剣:<id8>:[pc]:
[00:36:09.702] 16:<id8>:セイブ・ザ・クイーン:59F1:不動無明剣:<id8>:[PLD]:
[00:36:09.969] 16:<id8>:セイブ・ザ・クイーン:5B84:不動無明剣:<id8>:[pc]:
[00:36:09.000] 00:282b:セイブ・ザ・クイーンの「不動無明剣」
[00:36:10.460] 16:<id8>:魔気:5A06:魔爆:<id8>:[pc]:
[00:36:10.460] 16:<id8>:魔気:5A06:魔爆:<id8>:[mex]:
[00:36:10.460] 16:<id8>:魔気:5A06:魔爆:<id8>:[SMN]:
[00:36:10.460] 16:<id8>:魔気:5A06:魔爆:<id8>:[PLD]:
[00:36:10.503] 1A:1002BE5C:[pc] gains the effect of 破滅の刻印：弐 from セイブ・ザ・クイーン for 9999.00 Seconds.
[00:36:10.547] 1A:10327CA5:[pc] gains the effect of 死の宣告 from セイブ・ザ・クイーン for 3.00 Seconds.
[00:36:11.081] 1A:10255486:[pc] gains the effect of 死の宣告 from 魔気 for 3.00 Seconds.
[00:36:10.000] 00:282b:魔気の「魔爆」
[00:36:11.125] 1A:1028E95A:[pc] gains the effect of 破滅の刻印：弐 from 魔気 for 9999.00 Seconds.
[00:36:11.170] 1A:102EF269:[pc] gains the effect of 破滅の刻印：弐 from 魔気 for 9999.00 Seconds.
[00:36:11.215] 1A:10248026:[mex] gains the effect of 破滅の刻印：弐 from 魔気 for 9999.00 Seconds.
[00:36:11.259] 1A:102E1133:[SMN] gains the effect of 死の宣告 from 魔気 for 3.00 Seconds.
[00:36:11.302] 1A:1007331B:[pc] gains the effect of 破滅の刻印：弐 from 魔気 for 9999.00 Seconds.
[00:36:11.348] 1A:1031FDAF:[pc] gains the effect of 破滅の刻印：弐 from 魔気 for 9999.00 Seconds.
[00:36:11.393] 1A:102A2956:[SMN] gains the effect of 破滅の刻印：弐 from 魔気 for 9999.00 Seconds.
[00:36:11.439] 1A:101D2350:[pc] gains the effect of 破滅の刻印：弐 from 魔気 for 9999.00 Seconds.
[00:36:11.481] 1A:10274868:[pc] gains the effect of 破滅の刻印：弐 from 魔気 for 9999.00 Seconds.
[00:36:11.525] 1A:102795B6:[PLD] gains the effect of 破滅の刻印：弐 from 魔気 for 9999.00 Seconds.
[00:36:11.570] 1A:1025F986:[pc] gains the effect of 死の宣告 from 魔気 for 3.00 Seconds.
[00:36:11.616] 1A:10247D9C:[pc] gains the effect of 破滅の刻印：弐 from 魔気 for 9999.00 Seconds.
[00:36:11.660] 1A:1016203E:[pc] gains the effect of 破滅の刻印：弐 from 魔気 for 9999.00 Seconds.
[00:36:11.703] 1A:102EF4FC:[pc] gains the effect of 死の宣告 from 魔気 for 3.00 Seconds.
[00:36:11.749] 1A:102AD6E2:[pc] gains the effect of 死の宣告 from 魔気 for 3.00 Seconds.
[00:36:12.150] 15:<id8>:クイーンズ・ソルジャー:5B8B:実体結像:<id8>:クイーンズ・ソルジャー:
[00:36:12.237] 15:<id8>:ソルジャーの分体:5B8C:Unknown_5B8c:<id8>:ソルジャーの分体:
[00:36:12.000] 00:282b:クイーンズ・ソルジャーの「実体結像」
[00:36:14.000] 00:282b:セイブ・ザ・クイーンは「不動無明剣」の構え。
[00:36:14.420] 14:59F1:セイブ・ザ・クイーン starts using 不動無明剣 on Unknown.
[00:36:14.420] 14:5B84:セイブ・ザ・クイーン starts using 不動無明剣 on セイブ・ザ・クイーン.
[00:36:16.000] 00:282b:ソルジャーの分体は「旋回刃」の構え。
[00:36:17.052] 14:5A1D:ソルジャーの分体 starts using 旋回刃 on ソルジャーの分体.
[00:36:17.052] 14:5A1E:ソルジャーの分体 starts using 旋回刃 on ソルジャーの分体.
[00:36:21.382] 16:<id8>:セイブ・ザ・クイーン:59F1:不動無明剣:<id8>:[pc]:
[00:36:21.382] 16:<id8>:セイブ・ザ・クイーン:59F1:不動無明剣:<id8>:[SMN]:
[00:36:21.693] 16:<id8>:セイブ・ザ・クイーン:5B84:不動無明剣:<id8>:[pc]:
[00:36:21.693] 16:<id8>:セイブ・ザ・クイーン:5B84:不動無明剣:<id8>:[SMN]:
[00:36:21.000] 00:282b:セイブ・ザ・クイーンの「不動無明剣」
[00:36:22.228] 1A:1002BE5C:[pc] gains the effect of 死の宣告 from セイブ・ザ・クイーン for 3.00 Seconds.
[00:36:22.362] 1A:1016203E:[pc] gains the effect of 衰弱 from  for 9999.00 Seconds.
[00:36:24.013] 15:<id8>:ソルジャーの分体:5A1D:旋回刃:<id8>::
[00:36:24.013] 15:<id8>:ソルジャーの分体:5A1E:旋回刃:<id8>:ソルジャーの分体:
[00:36:24.013] 16:<id8>:ソルジャーの分体:5A1D:旋回刃:<id8>:[pc]:
[00:36:24.013] 16:<id8>:ソルジャーの分体:5A1D:旋回刃:<id8>:[SMN]:
[00:36:24.013] 16:<id8>:ソルジャーの分体:5A1D:旋回刃:<id8>:[PLD]:
[00:36:24.013] 16:<id8>:ソルジャーの分体:5A1D:旋回刃:<id8>:[mex]:
[00:36:24.000] 00:282b:ソルジャーの分体の「旋回刃」
[00:36:24.000] 00:282b:ソルジャーの分体の「旋回刃」
[00:36:24.000] 00:282b:ソルジャーの分体の「旋回刃」
[00:36:25.083] 1A:102A2956:[SMN] gains the effect of 衰弱 from  for 9999.00 Seconds.
[00:36:25.128] 1A:10274868:[pc] gains the effect of 衰弱 from  for 9999.00 Seconds.
[00:36:25.172] 1A:1031FDAF:[pc] gains the effect of 衰弱［強］ from  for 9999.00 Seconds.
[00:36:25.214] 1A:102795B6:[PLD] gains the effect of 死の宣告 from ソルジャーの分体 for 3.00 Seconds.
[00:36:25.258] 1A:102EF4FC:[pc] gains the effect of 破滅の刻印：弐 from ソルジャーの分体 for 9999.00 Seconds.
[00:36:25.305] 1A:10248026:[mex] gains the effect of 衰弱 from  for 9999.00 Seconds.
[00:36:25.349] 1A:102EF269:[pc] gains the effect of 死の宣告 from ソルジャーの分体 for 3.00 Seconds.
[00:36:25.392] 1A:101D2350:[pc] gains the effect of 死の宣告 from ソルジャーの分体 for 3.00 Seconds.
[00:36:25.438] 1A:102A80C2:[pc] gains the effect of 破滅の刻印：弐 from ソルジャーの分体 for 9999.00 Seconds.
[00:36:25.527] 1A:10255486:[pc] gains the effect of 破滅の刻印：弐 from ソルジャーの分体 for 9999.00 Seconds.
[00:36:25.572] 1A:1007331B:[pc] gains the effect of 死の宣告 from ソルジャーの分体 for 3.00 Seconds.
[00:36:25.615] 1A:102AD6E2:[pc] gains the effect of 破滅の刻印：弐 from ソルジャーの分体 for 9999.00 Seconds.
[00:36:31.683] 00:0000:Hojoring:[EX] Added new combatant. name=カーバンクル・ルビー X=16.11 Y=13.26 Z=-1.75 hp=150726
[00:36:31.187] 14:59F9:セイブ・ザ・クイーン starts using 天魔鬼神爆 on セイブ・ザ・クイーン.
[00:36:31.187] 14:5B77:クイーンズ・ナイト starts using 天魔鬼神爆 on クイーンズ・ナイト.
[00:36:31.187] 14:5B77:セイブ・ザ・クイーン starts using 天魔鬼神爆 on セイブ・ザ・クイーン.
[00:36:36.183] 15:<id8>:セイブ・ザ・クイーン:59F9:天魔鬼神爆:<id8>:セイブ・ザ・クイーン:
[00:36:36.183] 15:<id8>:セイブ・ザ・クイーン:5B77:天魔鬼神爆:<id8>:[SMN]:
[00:36:36.183] 16:<id8>:セイブ・ザ・クイーン:5B77:天魔鬼神爆:<id8>:[pc]:
[00:36:36.183] 16:<id8>:セイブ・ザ・クイーン:5B77:天魔鬼神爆:<id8>:[SMN]:
[00:36:36.719] 1A:102E1133:[SMN] gains the effect of 衰弱 from  for 9999.00 Seconds.
[00:36:36.719] 1A:10255486:[pc] gains the effect of 衰弱 from  for 9999.00 Seconds.
[00:36:36.760] 1A:102AD6E2:[pc] gains the effect of 衰弱 from  for 9999.00 Seconds.
[00:36:36.805] 1A:102A2956:[SMN] gains the effect of 衰弱［強］ from  for 9999.00 Seconds.
[00:36:36.895] 1A:102EF4FC:[pc] gains the effect of 衰弱 from  for 9999.00 Seconds.
[00:36:36.985] 1A:10247D9C:[pc] gains the effect of 衰弱 from  for 9999.00 Seconds.
[00:36:37.031] 1A:10274868:[pc] gains the effect of 衰弱［強］ from  for 9999.00 Seconds.
[00:36:41.348] 00:0000:Hojoring:wipeout
