[23:53:59.000] 00:0039:戦闘開始！
[23:53:59.000] 00:0044:スティギモロク・ロード:俺サマノ、根城ニ侵入シテキタノハ、オ前タチカ…… ココデ、叩キ潰シテクレルゥゥ！
[23:54:08.808] 00:0000:Hojoring:[EX] Added new combatant. name=分身 X=13.18 Y=17.92 Z=-1.91 hp=149486
[23:54:08.808] 00:0000:Hojoring:[EX] Added new combatant. name=分身 X=13.18 Y=17.91 Z=-1.91 hp=149486
[23:54:07.802] 14:57D7:スティギモロク・ロード starts using マキ割り on Fire Aniki.
[23:54:07.802] 1B:<id8>:[pc]:0000:03F4:0178:0000:0000:0000:
[23:54:07.000] 00:282b:スティギモロク・ロードは「マキ割り」の構え。
[23:54:11.623] 00:0000:Hojoring:[EX] Added new combatant. name=分身 X=13.18 Y=17.91 Z=-1.91 hp=149486
[23:54:12.007] 00:0000:Hojoring:[EX] Added new combatant. name=英雄の影身 X=13.23 Y=18.00 Z=-1.91 hp=123916
[23:54:12.432] 00:0000:Hojoring:[EX] Added new combatant. name=英雄の影身 X=13.21 Y=18.01 Z=-1.91 hp=123916
[23:54:12.826] 00:0000:Hojoring:[EX] Added new combatant. name=英雄の影身 X=13.22 Y=17.81 Z=-1.91 hp=123916
[23:54:14.805] 00:0000:Hojoring:[EX] Added new combatant. name=デミ・バハムート X=13.17 Y=18.09 Z=-1.91 hp=135652
[23:54:15.222] 00:0000:Hojoring:[EX] Added new combatant. name=デミ・フェニックス X=13.20 Y=18.07 Z=-1.91 hp=150726
[23:54:15.222] 00:0000:Hojoring:[EX] Added new combatant. name=デミ・フェニックス X=13.27 Y=18.02 Z=-1.91 hp=150726
[23:54:12.877] 15:<id8>:スティギモロク・ロード:57D7:マキ割り:<id8>:[pc]:
[23:54:13.000] 00:282b:スティギモロク・ロードの「マキ割り」
[23:54:16.456] 00:0000:Hojoring:[EX] Added new combatant. name=デミ・バハムート X=13.22 Y=18.01 Z=-1.91 hp=135652
[23:54:16.826] 00:0000:Hojoring:[EX] Added new combatant. name=デミ・フェニックス X=13.22 Y=18.01 Z=-1.91 hp=150726
[23:54:16.826] 00:0000:Hojoring:[EX] Added new combatant. name=英雄の影身 X=13.22 Y=18.01 Z=-1.91 hp=123916
[23:54:20.993] 16:<id8>:スティギモロク・ロード:5552:キリ揉み:<id8>:[pc]:
[23:54:20.993] 16:<id8>:スティギモロク・ロード:5552:キリ揉み:<id8>:[MNK]:
[23:54:20.993] 16:<id8>:スティギモロク・ロード:5552:キリ揉み:<id8>:[WAR]:
[23:54:20.993] 16:<id8>:スティギモロク・ロード:5552:キリ揉み:<id8>:[NIN]:
[23:54:20.993] 16:<id8>:スティギモロク・ロード:5552:キリ揉み:<id8>:[PLD]:
[23:54:20.993] 16:<id8>:スティギモロク・ロード:5552:キリ揉み:<id8>:[mex]:
[23:54:20.993] 16:<id8>:スティギモロク・ロード:5552:キリ揉み:<id8>:[SCH]:
[23:54:24.032] 00:0000:Hojoring:[EX] Added new combatant. name=セラフィム X=13.18 Y=17.88 Z=-1.91 hp=150726
[23:54:21.000] 00:282b:スティギモロク・ロードの「キリ揉み」
[23:54:22.000] 00:282b:スティギモロク・ロードは「乱打」の構え。
[23:54:23.133] 14:57CF:スティギモロク・ロード starts using 乱打 on スティギモロク・ロード.
[23:54:23.133] 14:57D1:スティギモロク・ロード starts using 乱打 on スティギモロク・ロード.
[23:54:25.136] 14:57D1:スティギモロク・ロード starts using 乱打 on スティギモロク・ロード.
[23:54:26.118] 15:<id8>:スティギモロク・ロード:57CF:乱打:<id8>:スティギモロク・ロード:
[23:54:26.119] 15:<id8>:スティギモロク・ロード:57D1:乱打:<id8>:スティギモロク・ロード:
[23:54:26.604] 15:<id8>:スティギモロク・ロード:57D0:乱打:<id8>::
[23:54:26.000] 00:282b:スティギモロク・ロードの「乱打」
[23:54:27.138] 14:57D1:スティギモロク・ロード starts using 乱打 on スティギモロク・ロード.
[23:54:28.119] 15:<id8>:スティギモロク・ロード:57D1:乱打:<id8>:スティギモロク・ロード:
[23:54:28.252] 15:<id8>:スティギモロク・ロード:57D0:乱打:<id8>::
[23:54:28.000] 00:282b:スティギモロク・ロードの「乱打」
[23:54:30.127] 15:<id8>:スティギモロク・ロード:57D1:乱打:<id8>:スティギモロク・ロード:
[23:54:30.394] 15:<id8>:スティギモロク・ロード:57D0:乱打:<id8>::
[23:54:30.000] 00:282b:スティギモロク・ロードの「乱打」
[23:54:31.503] 15:<id8>:スティギモロク・ロード:57DA:金：座標移動：無詠唱:<id8>::
[23:54:34.883] 00:0000:Hojoring:[EX] Added new combatant. name=カーバンクル・ルビー X=13.20 Y=18.03 Z=-1.91 hp=150726
[23:54:34.883] 00:0000:Hojoring:[EX] Added new combatant. name=イフリート・エギ X=13.16 Y=17.98 Z=-1.91 hp=150726
[23:54:35.306] 00:0000:Hojoring:[EX] Added new combatant. name=カーバンクル・ルビー X=13.13 Y=18.04 Z=-1.91 hp=150726
[23:54:32.000] 00:282b:スティギモロク・ロードは「迷宮王の大号令」の構え。
[23:54:33.374] 14:57C3:スティギモロク・ロード starts using 迷宮王の大号令 on スティギモロク・ロード.
[23:54:36.448] 00:0000:Hojoring:[EX] Added new combatant. name=カーバンクル・トパーズ X=13.08 Y=18.11 Z=-1.91 hp=150726
[23:54:36.869] 00:0000:Hojoring:[EX] Added new combatant. name=カーバンクル・ルビー X=13.08 Y=17.96 Z=-1.91 hp=150726
[23:54:36.359] 15:<id8>:スティギモロク・ロード:57C3:迷宮王の大号令:<id8>:スティギモロク・ロード:
[23:54:36.000] 00:282b:スティギモロク・ロードの「迷宮王の大号令」
[23:54:39.678] 00:0000:Hojoring:[EX] Added new combatant. name=スティギモロク X=13.18 Y=17.64 Z=-1.91 hp=10054528
[23:54:39.678] 00:0000:Hojoring:[EX] Added new combatant. name=スティギモロク X=13.36 Y=17.82 Z=-1.91 hp=10054528
[23:54:39.678] 00:0000:Hojoring:[EX] Added new combatant. name=スティギモロク X=13.18 Y=18.00 Z=-1.91 hp=10054528
[23:54:39.678] 00:0000:Hojoring:[EX] Added new combatant. name=火球 X=13.47 Y=17.82 Z=-1.91 hp=1237280
[23:54:39.678] 00:0000:Hojoring:[EX] Added new combatant. name=スティギモロク X=13.00 Y=17.82 Z=-1.91 hp=10054528
[23:54:39.678] 00:0000:Hojoring:[EX] Added new combatant. name=砂球 X=12.89 Y=17.82 Z=-1.91 hp=2604
[23:54:39.431] 1A:102A2956:[pc] gains the effect of 破滅の刻印：弐 from スティギモロク for 9999.00 Seconds.
[23:54:41.000] 00:282b:火球は「マナフレイム」を唱えた。
[23:54:42.238] 14:57DE:火球 starts using マナフレイム on 火球.
[23:54:46.120] 00:0000:Hojoring:[EX] Added new combatant. name=フェアリー・エオス X=13.18 Y=17.88 Z=-1.91 hp=150726
[23:54:46.893] 00:0000:Hojoring:[EX] Added new combatant. name=フェアリー・エオス X=13.11 Y=17.48 Z=-1.91 hp=150726
[23:54:47.227] 16:<id8>:火球:57DE:マナフレイム:<id8>:[pc]:
[23:54:47.000] 00:282b:火球の「マナフレイム」
[23:54:52.388] 14:57DB:スティギモロク starts using 掛罠 on スティギモロク.
[23:54:52.000] 00:282b:スティギモロクは「掛罠」の構え。
[23:54:52.707] 14:57DB:スティギモロク starts using 掛罠 on スティギモロク.
[23:54:52.000] 00:282b:スティギモロクは「掛罠」の構え。
[23:54:52.971] 14:57DB:スティギモロク starts using 掛罠 on スティギモロク.
[23:54:52.000] 00:282b:スティギモロクは「掛罠」の構え。
[23:54:53.060] 14:57DB:スティギモロク starts using 掛罠 on スティギモロク.
[23:54:52.000] 00:282b:スティギモロクは「掛罠」の構え。
[23:54:56.971] 00:0000:Hojoring:[EX] Beacon X=13.05 Y=17.53 Z=-1.91 zone=Delubrum Reginae (Savage)
[23:54:57.693] 00:0000:Hojoring:[EX] Added new combatant. name=砂球 X=13.39 Y=18.03 Z=-1.91 hp=2604
[23:54:57.693] 00:0000:Hojoring:[EX] Added new combatant. name=火球 X=12.97 Y=17.61 Z=-1.91 hp=1237280
[23:54:55.373] 15:<id8>:スティギモロク:57DB:掛罠:<id8>:スティギモロク:
[23:54:55.000] 00:282b:スティギモロクの「掛罠」
[23:54:56.000] 00:282b:スティギモロクの「掛罠」
[23:54:56.000] 00:282b:スティギモロクの「掛罠」
[23:54:56.000] 00:282b:スティギモロクの「掛罠」
[23:54:59.309] 00:0000:Hojoring:[EX] Added new combatant. name=トラップ X=21.50 Y=21.50 Z=0.00 hp=148000
[23:54:57.288] 16:<id8>:トラップ:57DD:ポイズントラップ:<id8>:[pc]:
[23:54:57.420] 1A:1025BEB0:[WAR] gains the effect of 毒 from トラップ for 9.00 Seconds.
[23:54:57.913] 1A:10256B89:[pc] gains the effect of 毒 from トラップ for 9.00 Seconds.
[23:55:00.535] 00:0000:Hojoring:[EX] Added new combatant. name=トラップ X=21.50 Y=21.50 Z=0.00 hp=148000
[23:55:00.229] 14:57DE:火球 starts using マナフレイム on 火球.
[23:54:59.000] 00:282b:火球は「マナフレイム」を唱えた。
[23:55:03.700] 00:0000:Hojoring:[EX] Added new combatant. name=オートマトン・クイーン X=12.96 Y=17.72 Z=-1.91 hp=149525
[23:55:03.700] 00:0000:Hojoring:[EX] Added new combatant. name=デミ・フェニックス X=13.74 Y=17.81 Z=-1.91 hp=150726
[23:55:01.658] 14:57C7:スティギモロク・ロード starts using 迷宮王の呪い on スティギモロク・ロード.
[23:55:01.000] 00:282b:スティギモロク・ロードは「迷宮王の呪い」の構え。
[23:55:04.641] 15:<id8>:スティギモロク・ロード:57C7:迷宮王の呪い:<id8>:スティギモロク・ロード:
[23:55:05.174] 15:<id8>:スティギモロク・ロード:57C8:迷宮王の呪い:<id8>:スティギモロク・ロード:
[23:55:05.222] 16:<id8>:火球:57DE:マナフレイム:<id8>:[pc]:
[23:55:05.222] 16:<id8>:火球:57DE:マナフレイム:<id8>:[mex]:
[23:55:05.222] 16:<id8>:火球:57DE:マナフレイム:<id8>:[SCH]:
[23:55:05.264] 16:<id8>:トラップ:57DC:大爆発:<id8>:[pc]:
[23:55:05.000] 00:282b:火球の「マナフレイム」
[23:55:06.865] 16:<id8>:トラップ:57DC:大爆発:<id8>:[pc]:
[23:55:07.000] 00:0044:スティギモロク・ロード:呪イニ震エロォォ！
[23:55:07.936] 14:57C9:スティギモロク・ロード starts using 呪いの言葉 on スティギモロク・ロード.
[23:55:07.000] 00:282b:スティギモロク・ロードは「呪いの言葉」の構え。
[23:55:12.929] 15:<id8>:スティギモロク・ロード:57C9:呪いの言葉:<id8>:スティギモロク・ロード:
[23:55:15.713] 00:0000:Hojoring:[EX] Added new combatant. name=火球 X=13.18 Y=18.11 Z=-1.91 hp=1237280
[23:55:15.751] 00:0000:Hojoring:[EX] Added new combatant. name=砂球 X=13.18 Y=17.53 Z=-1.91 hp=2604
[23:55:12.000] 00:282b:スティギモロク・ロードの「呪いの言葉」
[23:55:13.464] 16:<id8>:スティギモロク・ロード:57CA:呪いの言葉:<id8>:[mex]:
[23:55:13.464] 16:<id8>:スティギモロク・ロード:57CA:呪いの言葉:<id8>:[pc]:
[23:55:13.464] 16:<id8>:スティギモロク・ロード:57CA:呪いの言葉:<id8>:[SCH]:
[23:55:13.464] 16:<id8>:スティギモロク・ロード:57CA:呪いの言葉:<id8>:[DNC]:
[23:55:13.464] 16:<id8>:スティギモロク・ロード:57CA:呪いの言葉:<id8>:[NIN]:
[23:55:13.464] 16:<id8>:スティギモロク・ロード:57CA:呪いの言葉:<id8>:[MNK]:
[23:55:13.464] 16:<id8>:スティギモロク・ロード:57CA:呪いの言葉:<id8>:[PLD]:
[23:55:13.464] 16:<id8>:スティギモロク・ロード:57CA:呪いの言葉:<id8>:[SMN]:
[23:55:16.089] 14:57C4:スティギモロク・ロード starts using 激雷 on スティギモロク・ロード.
[23:55:15.000] 00:282b:スティギモロク・ロードは「激雷」の構え。
[23:55:16.489] 1A:101D2350:[pc] gains the effect of 破滅の刻印：弐 from スティギモロク for 9999.00 Seconds.
[23:55:20.145] 00:0000:Hojoring:[EX] Added new combatant. name=デミ・バハムート X=13.27 Y=17.58 Z=-1.91 hp=135652
[23:55:18.232] 14:57DE:火球 starts using マナフレイム on 火球.
[23:55:17.000] 00:282b:火球は「マナフレイム」を唱えた。
[23:55:19.077] 15:<id8>:スティギモロク・ロード:57C4:激雷:<id8>:スティギモロク・ロード:
[23:55:19.610] 14:57C6:スティギモロク・ロード starts using 激雷 on スティギモロク・ロード.
[23:55:19.610] 14:57C5:スティギモロク・ロード starts using 激雷 on スティギモロク・ロード.
[23:55:20.322] 1A:102795B6:[PLD] gains the effect of 破滅の刻印：弐 from スティギモロク for 9999.00 Seconds.
[23:55:23.367] 00:0000:Hojoring:[EX] Added new combatant. name=カーバンクル・ルビー X=12.62 Y=17.82 Z=-1.91 hp=150726
[23:55:23.850] 00:0000:Hojoring:[EX] Added new combatant. name=カーバンクル・トパーズ X=13.64 Y=17.53 Z=-1.91 hp=150726
[23:55:23.221] 15:<id8>:火球:57DE:マナフレイム:<id8>:[pc]:
[23:55:23.580] 16:<id8>:スティギモロク・ロード:57C6:激雷:<id8>:[pc]:
[23:55:23.580] 16:<id8>:スティギモロク・ロード:57C6:激雷:<id8>:[DNC]:
[23:55:23.580] 15:<id8>:スティギモロク・ロード:57C5:激雷:<id8>:[pc]:
[23:55:23.000] 00:282b:火球の「マナフレイム」
[23:55:24.109] 1A:1016203E:[pc] gains the effect of 破滅の刻印：弐 from スティギモロク for 9999.00 Seconds.
[23:55:24.197] 1A:1025F986:[pc] gains the effect of 破滅の刻印：弐 from スティギモロク for 9999.00 Seconds.
[23:55:24.242] 1A:10241789:[pc] gains the effect of 破滅の刻印：弐 from スティギモロク・ロード for 9999.00 Seconds.
[23:55:24.242] 1A:102EECAC:[pc] gains the effect of 破滅の刻印：弐 from スティギモロク・ロード for 9999.00 Seconds.
[23:55:24.288] 1A:10255486:[pc] gains the effect of 破滅の刻印：弐 from スティギモロク・ロード for 9999.00 Seconds.
[23:55:24.331] 1A:10274868:[pc] gains the effect of 破滅の刻印：弐 from スティギモロク・ロード for 9999.00 Seconds.
[23:55:24.374] 1A:1025153F:[DNC] gains the effect of 破滅の刻印：弐 from スティギモロク・ロード for 9999.00 Seconds.
[23:55:24.420] 1A:1027F60B:[pc] gains the effect of 破滅の刻印：弐 from スティギモロク・ロード for 9999.00 Seconds.
[23:55:26.382] 14:57CB:スティギモロク・ロード starts using 雷鳴落 on スティギモロク・ロード.
[23:55:26.382] 14:57CC:スティギモロク・ロード starts using 感電 on Unknown.
[23:55:26.000] 00:282b:スティギモロク・ロードは「雷鳴落」の構え。
[23:55:27.224] 1A:1025F986:[pc] gains the effect of 死の宣告 from スティギモロク for 3.00 Seconds.
[23:55:28.387] 14:57CC:スティギモロク・ロード starts using 感電 on Unknown.
[23:55:29.366] 15:<id8>:スティギモロク・ロード:57CB:雷鳴落:<id8>:スティギモロク・ロード:
[23:55:29.366] 15:<id8>:スティギモロク・ロード:57CC:感電:<id8>::
[23:55:30.257] 1A:10303AA2:[pc] gains the effect of 破滅の刻印：弐 from スティギモロク for 9999.00 Seconds.
[23:55:30.393] 14:57CC:スティギモロク・ロード starts using 感電 on Unknown.
[23:55:33.383] 00:0000:Hojoring:[EX] Added new combatant. name=デミ・バハムート X=13.02 Y=17.58 Z=-1.91 hp=135652
[23:55:33.804] 00:0000:Hojoring:[EX] Added new combatant. name=火球 X=13.39 Y=17.61 Z=-1.91 hp=1237280
[23:55:33.804] 00:0000:Hojoring:[EX] Added new combatant. name=砂球 X=12.97 Y=18.03 Z=-1.91 hp=2604
[23:55:31.374] 15:<id8>:スティギモロク・ロード:57CC:感電:<id8>::
[23:55:34.636] 00:0000:Hojoring:[EX] Added new combatant. name=トラップ X=21.50 Y=21.50 Z=0.00 hp=148000
[23:55:34.997] 00:0000:Hojoring:[EX] Added new combatant. name=フェアリー・エオス X=13.03 Y=17.53 Z=-1.91 hp=150726
[23:55:33.381] 15:<id8>:スティギモロク・ロード:57CC:感電:<id8>::
[23:55:36.232] 14:57DE:火球 starts using マナフレイム on 火球.
[23:55:35.000] 00:282b:火球は「マナフレイム」を唱えた。
[23:55:36.364] 1A:10303AA2:[pc] gains the effect of 死の宣告 from スティギモロク for 3.00 Seconds.
[23:55:39.016] 00:0000:Hojoring:[EX] Added new combatant. name=デミ・フェニックス X=12.59 Y=17.92 Z=-1.91 hp=150726
[23:55:40.280] 00:0000:Hojoring:[EX] Added new combatant. name=カーバンクル・ルビー X=13.09 Y=17.51 Z=-1.91 hp=150726
[23:55:40.686] 14:57C7:スティギモロク・ロード starts using 迷宮王の呪い on スティギモロク・ロード.
[23:55:40.000] 00:282b:スティギモロク・ロードは「迷宮王の呪い」の構え。
[23:55:41.224] 16:<id8>:火球:57DE:マナフレイム:<id8>:[pc]:
[23:55:41.224] 16:<id8>:火球:57DE:マナフレイム:<id8>:[mex]:
[23:55:41.000] 00:282b:火球の「マナフレイム」
[23:55:44.616] 00:0000:Hojoring:[EX] Added new combatant. name=分身 X=13.66 Y=17.63 Z=-1.91 hp=149486
[23:55:42.470] 1A:10241BE6:[pc] gains the effect of 破滅の刻印：弐 from スティギモロク for 9999.00 Seconds.
[23:55:43.676] 15:<id8>:スティギモロク・ロード:57C7:迷宮王の呪い:<id8>:スティギモロク・ロード:
[23:55:43.719] 1A:1002AAC3:[pc] gains the effect of 生還 from  for 6.00 Seconds.
[23:55:44.208] 15:<id8>:スティギモロク・ロード:57C8:迷宮王の呪い:<id8>:スティギモロク・ロード:
[23:55:46.260] 1A:1025BEB0:[WAR] gains the effect of 生還 from  for 6.00 Seconds.
[23:55:46.973] 14:57C4:スティギモロク・ロード starts using 激雷 on スティギモロク・ロード.
[23:55:46.000] 00:282b:スティギモロク・ロードは「激雷」の構え。
[23:55:51.872] 00:0000:Hojoring:[EX] Added new combatant. name=火球 X=12.89 Y=17.82 Z=-1.91 hp=1237280
[23:55:51.872] 00:0000:Hojoring:[EX] Added new combatant. name=砂球 X=13.47 Y=17.82 Z=-1.91 hp=2604
[23:55:49.960] 15:<id8>:スティギモロク・ロード:57C4:激雷:<id8>:スティギモロク・ロード:
[23:55:50.492] 14:57C6:スティギモロク・ロード starts using 激雷 on スティギモロク・ロード.
[23:55:50.492] 14:57C5:スティギモロク・ロード starts using 激雷 on スティギモロク・ロード.
[23:55:53.471] 00:0000:Hojoring:[EX] Added new combatant. name=イフリート・エギ X=13.02 Y=17.46 Z=-1.91 hp=150726
[23:55:55.443] 00:0000:Hojoring:[EX] Added new combatant. name=分身 X=12.70 Y=17.78 Z=-1.91 hp=149486
[23:55:54.193] 14:57DE:火球 starts using マナフレイム on 火球.
[23:55:53.000] 00:282b:火球は「マナフレイム」を唱えた。
[23:55:54.459] 15:<id8>:スティギモロク・ロード:57C6:激雷:<id8>::
[23:55:54.459] 16:<id8>:スティギモロク・ロード:57C5:激雷:<id8>:[pc]:
[23:55:57.003] 00:0000:Hojoring:[EX] Beacon X=13.33 Y=17.49 Z=-1.91 zone=Delubrum Reginae (Savage)
[23:55:57.468] 00:0000:Hojoring:[EX] Added new combatant. name=カーバンクル・トパーズ X=13.19 Y=17.24 Z=-1.91 hp=150726
[23:55:55.080] 1A:1016203E:[pc] gains the effect of 死の宣告 from スティギモロク・ロード for 3.00 Seconds.
[23:55:55.127] 1A:1028E95A:[pc] gains the effect of 破滅の刻印：弐 from スティギモロク・ロード for 9999.00 Seconds.
[23:55:59.053] 00:0000:Hojoring:[EX] Added new combatant. name=カーバンクル・ルビー X=12.72 Y=17.79 Z=-1.91 hp=150726
[23:55:57.263] 14:57CB:スティギモロク・ロード starts using 雷鳴落 on スティギモロク・ロード.
[23:55:57.263] 14:57CC:スティギモロク・ロード starts using 感電 on Unknown.
[23:55:56.000] 00:282b:スティギモロク・ロードは「雷鳴落」の構え。
[23:55:57.265] 14:57CC:スティギモロク・ロード starts using 感電 on Unknown.
[23:56:01.478] 00:0000:Hojoring:[EX] Added new combatant. name=トラップ X=21.50 Y=21.50 Z=0.00 hp=148000
[23:55:59.179] 16:<id8>:火球:57DE:マナフレイム:<id8>:[pc]:
[23:55:59.266] 14:57CC:スティギモロク・ロード starts using 感電 on Unknown.
[23:55:59.000] 00:282b:火球の「マナフレイム」
[23:56:00.246] 15:<id8>:スティギモロク・ロード:57CB:雷鳴落:<id8>:スティギモロク・ロード:
[23:56:00.246] 15:<id8>:スティギモロク・ロード:57CC:感電:<id8>::
[23:56:02.743] 00:0000:Hojoring:[EX] Added new combatant. name=デミ・バハムート X=13.39 Y=17.86 Z=-1.91 hp=135652
[23:56:01.269] 14:57CC:スティギモロク・ロード starts using 感電 on Unknown.
[23:56:01.272] 14:57CC:スティギモロク・ロード starts using 感電 on Unknown.
[23:56:02.249] 15:<id8>:スティギモロク・ロード:57CC:感電:<id8>::
[23:56:03.008] 1A:10327838:[pc] gains the effect of 破滅の刻印：弐 from スティギモロク for 9999.00 Seconds.
[23:56:03.366] 14:57DE:火球 starts using マナフレイム on 火球.
[23:56:02.000] 00:282b:火球は「マナフレイム」を唱えた。
[23:56:03.000] 00:0044:スティギモロク・ロード:モットモット、呪イダァァ！
[23:56:03.000] 00:282b:スティギモロク・ロードは「呪いの言葉」の構え。
[23:56:03.542] 14:57C9:スティギモロク・ロード starts using 呪いの言葉 on スティギモロク・ロード.
[23:56:04.254] 15:<id8>:スティギモロク・ロード:57CC:感電:<id8>::
[23:56:07.054] 1A:10327838:[pc] gains the effect of 死の宣告 from スティギモロク for 3.00 Seconds.
[23:56:07.407] 1A:1028E95A:[pc] gains the effect of 死の宣告 from スティギモロク for 3.00 Seconds.
[23:56:09.886] 00:0000:Hojoring:[EX] Added new combatant. name=火球 X=13.39 Y=18.03 Z=-1.91 hp=1237280
[23:56:09.886] 00:0000:Hojoring:[EX] Added new combatant. name=砂球 X=12.97 Y=17.61 Z=-1.91 hp=2604
[23:56:08.032] 1A:1025F986:[pc] gains the effect of 破滅の刻印：弐 from スティギモロク for 9999.00 Seconds.
[23:56:08.343] 15:<id8>:火球:57DE:マナフレイム:<id8>:[pc]:
[23:56:08.522] 15:<id8>:スティギモロク・ロード:57C9:呪いの言葉:<id8>:スティギモロク・ロード:
[23:56:08.000] 00:282b:火球の「マナフレイム」
[23:56:08.000] 00:282b:スティギモロク・ロードの「呪いの言葉」
[23:56:11.504] 00:0000:Hojoring:[EX] Added new combatant. name=デミ・バハムート X=13.59 Y=17.39 Z=-1.91 hp=135652
[23:56:09.058] 16:<id8>:スティギモロク・ロード:57CA:呪いの言葉:<id8>:[pc]:
[23:56:09.058] 16:<id8>:スティギモロク・ロード:57CA:呪いの言葉:<id8>:[DNC]:
[23:56:09.058] 16:<id8>:スティギモロク・ロード:57CA:呪いの言葉:<id8>:[SCH]:
[23:56:09.058] 16:<id8>:スティギモロク・ロード:57CA:呪いの言葉:<id8>:[mex]:
[23:56:09.058] 16:<id8>:スティギモロク・ロード:57CA:呪いの言葉:<id8>:[NIN]:
[23:56:09.058] 16:<id8>:スティギモロク・ロード:57CA:呪いの言葉:<id8>:[WAR]:
[23:56:09.058] 16:<id8>:スティギモロク・ロード:57CA:呪いの言葉:<id8>:[SMN]:
[23:56:09.058] 16:<id8>:スティギモロク・ロード:57CA:呪いの言葉:<id8>:[PLD]:
[23:56:09.058] 16:<id8>:スティギモロク・ロード:57CA:呪いの言葉:<id8>:[MNK]:
[23:56:09.724] 1A:101D2350:[pc] gains the effect of 死の宣告 from スティギモロク for 3.00 Seconds.
[23:56:10.000] 00:282b:火球は「マナバーン」の構え。
[23:56:10.524] 14:57DF:火球 starts using マナバーン on 火球.
[23:56:12.084] 1A:10247D9C:[pc] gains the effect of 破滅の刻印：弐 from スティギモロク for 9999.00 Seconds.
[23:56:12.215] 14:57DE:火球 starts using マナフレイム on 火球.
[23:56:11.000] 00:282b:火球は「マナフレイム」を唱えた。
[23:56:13.108] 1A:1027F60B:[pc] gains the effect of 死の宣告 from スティギモロク for 3.00 Seconds.
[23:56:13.689] 14:57CB:スティギモロク・ロード starts using 雷鳴落 on スティギモロク・ロード.
[23:56:13.689] 14:57CC:スティギモロク・ロード starts using 感電 on Unknown.
[23:56:13.000] 00:282b:スティギモロク・ロードは「雷鳴落」の構え。
[23:56:16.696] 00:0000:Hojoring:[EX] Added new combatant. name=デミ・フェニックス X=13.32 Y=17.59 Z=-1.91 hp=150726
[23:56:14.536] 1A:102795B6:[PLD] gains the effect of 死の宣告 from スティギモロク for 3.00 Seconds.
[23:56:17.180] 00:0000:Hojoring:[EX] Added new combatant. name=トラップ X=21.50 Y=21.50 Z=0.00 hp=148000
[23:56:15.696] 14:57CC:スティギモロク・ロード starts using 感電 on Unknown.
[23:56:16.675] 15:<id8>:スティギモロク・ロード:57CB:雷鳴落:<id8>:スティギモロク・ロード:
[23:56:16.675] 15:<id8>:スティギモロク・ロード:57CC:感電:<id8>::
[23:56:17.209] 15:<id8>:火球:57DE:マナフレイム:<id8>:[pc]:
[23:56:17.694] 14:57CC:スティギモロク・ロード starts using 感電 on Unknown.
[23:56:17.000] 00:282b:火球の「マナフレイム」
[23:56:17.000] 00:282b:スティギモロク・ロードは「激雷」の構え。
[23:56:17.962] 14:57C4:スティギモロク・ロード starts using 激雷 on スティギモロク・ロード.
[23:56:18.501] 16:<id8>:火球:57DF:マナバーン:<id8>:[pc]:
[23:56:18.501] 16:<id8>:火球:57DF:マナバーン:<id8>:[SMN]:
[23:56:18.501] 16:<id8>:火球:57DF:マナバーン:<id8>:[MNK]:
[23:56:18.678] 15:<id8>:スティギモロク・ロード:57CC:感電:<id8>::
[23:56:18.000] 00:282b:火球の「マナバーン」
[23:56:19.299] 1A:10219BF8:[pc] gains the effect of 破滅の刻印：弐 from 火球 for 9999.00 Seconds.
[23:56:19.299] 16:<id8>:スティギモロク・ロード:501A:マナバーン:<id8>:[mex]:
[23:56:19.299] 16:<id8>:スティギモロク・ロード:501A:マナバーン:<id8>:[pc]:
[23:56:19.299] 16:<id8>:スティギモロク・ロード:501A:マナバーン:<id8>:[NIN]:
[23:56:19.299] 16:<id8>:スティギモロク・ロード:501A:マナバーン:<id8>:[DNC]:
[23:56:19.299] 16:<id8>:スティギモロク・ロード:501A:マナバーン:<id8>:[WAR]:
[23:56:19.342] 1A:1007331B:[pc] gains the effect of 破滅の刻印：弐 from 火球 for 9999.00 Seconds.
[23:56:19.342] 1A:10087D67:[MNK] gains the effect of 破滅の刻印：弐 from 火球 for 9999.00 Seconds.
[23:56:19.388] 1A:102AD6E2:[pc] gains the effect of 破滅の刻印：弐 from 火球 for 9999.00 Seconds.
[23:56:19.388] 1A:10303AA2:[pc] gains the effect of 破滅の刻印：弐 from 火球 for 9999.00 Seconds.
[23:56:19.430] 1A:102E5568:[pc] gains the effect of 破滅の刻印：弐 from 火球 for 9999.00 Seconds.
[23:56:19.430] 1A:1001C1B8:[pc] gains the effect of 破滅の刻印：弐 from 火球 for 9999.00 Seconds.
[23:56:19.475] 1A:10248026:[mex] gains the effect of 破滅の刻印：弐 from 火球 for 9999.00 Seconds.
[23:56:19.475] 1A:10274868:[pc] gains the effect of 死の宣告 from 火球 for 3.00 Seconds.
[23:56:19.521] 1A:101B47AB:[pc] gains the effect of 破滅の刻印：弐 from 火球 for 9999.00 Seconds.
[23:56:19.521] 1A:1029BE04:[pc] gains the effect of 死の宣告 from 火球 for 3.00 Seconds.
[23:56:19.566] 1A:1031FDAF:[pc] gains the effect of 破滅の刻印：弐 from 火球 for 9999.00 Seconds.
[23:56:19.566] 1A:10327CA5:[pc] gains the effect of 破滅の刻印：弐 from 火球 for 9999.00 Seconds.
[23:56:19.612] 1A:102E1133:[pc] gains the effect of 破滅の刻印：弐 from 火球 for 9999.00 Seconds.
[23:56:19.612] 1A:10241BE6:[pc] gains the effect of 破滅の刻印：弐 from 火球 for 9999.00 Seconds.
[23:56:19.657] 1A:1025B0B4:[NIN] gains the effect of 破滅の刻印：弐 from 火球 for 9999.00 Seconds.
[23:56:19.657] 1A:102A2956:[pc] gains the effect of 死の宣告 from 火球 for 3.00 Seconds.
[23:56:19.703] 1A:102A80C2:[pc] gains the effect of 破滅の刻印：弐 from 火球 for 9999.00 Seconds.
[23:56:19.744] 1A:1033C8BE:[pc] gains the effect of 破滅の刻印：弐 from 火球 for 9999.00 Seconds.
[23:56:19.790] 1A:10327838:[pc] gains the effect of 破滅の刻印：弐 from 火球 for 9999.00 Seconds.
[23:56:19.835] 1A:10247D9C:[pc] gains the effect of 死の宣告 from 火球 for 3.00 Seconds.
[23:56:19.876] 1A:10236A3A:[pc] gains the effect of 破滅の刻印：弐 from 火球 for 9999.00 Seconds.
[23:56:19.876] 1A:100E16E0:[pc] gains the effect of 破滅の刻印：弐 from 火球 for 9999.00 Seconds.
[23:56:19.921] 1A:102EF269:[pc] gains the effect of 破滅の刻印：弐 from 火球 for 9999.00 Seconds.
[23:56:19.966] 1A:102DC0AC:[pc] gains the effect of 破滅の刻印：弐 from 火球 for 9999.00 Seconds.
[23:56:19.966] 1A:1002EEB9:[pc] gains the effect of 破滅の刻印：弐 from 火球 for 9999.00 Seconds.
[23:56:20.012] 1A:1025BEB0:[WAR] gains the effect of 破滅の刻印：弐 from 火球 for 9999.00 Seconds.
[23:56:20.682] 15:<id8>:スティギモロク・ロード:57CC:感電:<id8>::
[23:56:20.948] 15:<id8>:スティギモロク・ロード:57C4:激雷:<id8>:スティギモロク・ロード:
[23:56:21.000] 00:282b:火球は「マナフレイム」を唱えた。
[23:56:21.392] 14:57DE:火球 starts using マナフレイム on 火球.
[23:56:21.481] 14:57C6:スティギモロク・ロード starts using 激雷 on スティギモロク・ロード.
[23:56:21.481] 14:57C5:スティギモロク・ロード starts using 激雷 on スティギモロク・ロード.
[23:56:27.925] 00:0000:Hojoring:[EX] Added new combatant. name=砂球 X=13.18 Y=18.11 Z=-1.91 hp=2604
[23:56:27.925] 00:0000:Hojoring:[EX] Added new combatant. name=火球 X=13.18 Y=17.53 Z=-1.91 hp=1237280
[23:56:25.452] 16:<id8>:スティギモロク・ロード:57C6:激雷:<id8>:[pc]:
[23:56:25.452] 16:<id8>:スティギモロク・ロード:57C5:激雷:<id8>:[PLD]:
[23:56:25.452] 16:<id8>:スティギモロク・ロード:57C5:激雷:<id8>:[pc]:
[23:56:26.074] 1A:102EECAC:[pc] gains the effect of 破滅の刻印：弐 from スティギモロク・ロード for 9999.00 Seconds.
[23:56:26.119] 1A:10219BF8:[pc] gains the effect of 死の宣告 from スティギモロク・ロード for 3.00 Seconds.
[23:56:26.119] 1A:10303AA2:[pc] gains the effect of 死の宣告 from スティギモロク・ロード for 3.00 Seconds.
[23:56:26.165] 1A:1031FDAF:[pc] gains the effect of 衰弱 from  for 9999.00 Seconds.
[23:56:26.165] 1A:102EF269:[pc] gains the effect of 死の宣告 from スティギモロク・ロード for 3.00 Seconds.
[23:56:26.255] 1A:10241789:[pc] gains the effect of 破滅の刻印：弐 from スティギモロク・ロード for 9999.00 Seconds.
[23:56:26.390] 15:<id8>:火球:57DE:マナフレイム:<id8>:[pc]:
[23:56:26.787] 1A:10087D67:[MNK] gains the effect of 死の宣告 from スティギモロク for 3.00 Seconds.
[23:56:26.000] 00:282b:火球の「マナフレイム」
[23:56:30.716] 00:0000:Hojoring:[EX] Added new combatant. name=カーバンクル・ルビー X=13.31 Y=18.10 Z=-1.91 hp=150726
[23:56:30.168] 1A:1025B0B4:[NIN] gains the effect of 死の宣告 from スティギモロク for 3.00 Seconds.
[23:56:29.000] 00:282b:火球は「マナフレイム」を唱えた。
[23:56:30.212] 14:57DE:火球 starts using マナフレイム on 火球.
[23:56:32.744] 00:0000:Hojoring:[EX] Added new combatant. name=分身 X=13.63 Y=18.20 Z=-1.91 hp=149486
[23:56:35.195] 15:<id8>:火球:57DE:マナフレイム:<id8>:[pc]:
[23:56:35.000] 00:282b:火球の「マナフレイム」
[23:56:36.266] 14:57C7:スティギモロク・ロード starts using 迷宮王の呪い on スティギモロク・ロード.
[23:56:35.000] 00:282b:スティギモロク・ロードは「迷宮王の呪い」の構え。
[23:56:39.919] 00:0000:Hojoring:[EX] Added new combatant. name=カーバンクル・トパーズ X=13.67 Y=17.62 Z=-1.91 hp=150726
[23:56:39.250] 15:<id8>:スティギモロク・ロード:57C7:迷宮王の呪い:<id8>:スティギモロク・ロード:
[23:56:39.783] 15:<id8>:スティギモロク・ロード:57C8:迷宮王の呪い:<id8>:スティギモロク・ロード:
[23:56:41.077] 1A:102E1133:[pc] gains the effect of 死の宣告 from スティギモロク for 3.00 Seconds.
[23:56:42.544] 14:57C4:スティギモロク・ロード starts using 激雷 on スティギモロク・ロード.
[23:56:42.000] 00:282b:スティギモロク・ロードは「激雷」の構え。
[23:56:45.973] 00:0000:Hojoring:[EX] Added new combatant. name=火球 X=12.97 Y=18.03 Z=-1.91 hp=1237280
[23:56:45.973] 00:0000:Hojoring:[EX] Added new combatant. name=砂球 X=13.39 Y=17.61 Z=-1.91 hp=2604
[23:56:45.531] 15:<id8>:スティギモロク・ロード:57C4:激雷:<id8>:スティギモロク・ロード:
[23:56:46.064] 14:57C6:スティギモロク・ロード starts using 激雷 on スティギモロク・ロード.
[23:56:46.064] 14:57C5:スティギモロク・ロード starts using 激雷 on スティギモロク・ロード.
[23:56:48.199] 1A:1001C1B8:[pc] gains the effect of 死の宣告 from スティギモロク for 3.00 Seconds.
[23:56:48.202] 14:57DE:火球 starts using マナフレイム on 火球.
[23:56:47.000] 00:282b:火球は「マナフレイム」を唱えた。
[23:56:48.557] 1A:101B47AB:[pc] gains the effect of 死の宣告 from スティギモロク for 3.00 Seconds.
[23:56:50.027] 15:<id8>:スティギモロク・ロード:57C6:激雷:<id8>:[pc]:
[23:56:50.027] 15:<id8>:スティギモロク・ロード:57C5:激雷:<id8>:[NIN]:
[23:56:50.648] 1A:102EECAC:[pc] gains the effect of 死の宣告 from スティギモロク・ロード for 3.00 Seconds.
[23:56:50.648] 1A:1025B0B4:[NIN] gains the effect of 破滅の刻印：弐 from スティギモロク・ロード for 9999.00 Seconds.
[23:56:52.829] 14:57CB:スティギモロク・ロード starts using 雷鳴落 on スティギモロク・ロード.
[23:56:52.829] 14:57CC:スティギモロク・ロード starts using 感電 on Unknown.
[23:56:52.000] 00:282b:スティギモロク・ロードは「雷鳴落」の構え。
[23:56:53.185] 16:<id8>:火球:57DE:マナフレイム:<id8>:[pc]:
[23:56:53.000] 00:282b:火球の「マナフレイム」
[23:56:56.366] 00:0000:Hojoring:[EX] Added new combatant. name=トラップ X=21.50 Y=21.50 Z=0.00 hp=148000
[23:56:53.943] 1A:1025BEB0:[WAR] gains the effect of 死の宣告 from スティギモロク for 3.00 Seconds.
[23:56:57.057] 00:0000:Hojoring:[EX] Beacon X=12.99 Y=17.60 Z=-1.91 zone=Delubrum Reginae (Savage)
[23:56:57.185] 00:0000:Hojoring:[EX] Added new combatant. name=オートマトン・クイーン X=13.10 Y=17.65 Z=-1.91 hp=149525
[23:56:54.833] 14:57CC:スティギモロク・ロード starts using 感電 on Unknown.
[23:56:55.814] 15:<id8>:スティギモロク・ロード:57CB:雷鳴落:<id8>:スティギモロク・ロード:
[23:56:55.814] 15:<id8>:スティギモロク・ロード:57CC:感電:<id8>::
[23:56:58.740] 00:0000:Hojoring:[EX] Added new combatant. name=トラップ X=21.50 Y=21.50 Z=0.00 hp=148000
[23:56:56.841] 14:57CC:スティギモロク・ロード starts using 感電 on Unknown.
[23:56:57.823] 15:<id8>:スティギモロク・ロード:57CC:感電:<id8>::
[23:56:57.823] 16:<id8>:スティギモロク・ロード:57CC:感電:<id8>:[pc]:
[23:56:58.001] 1A:10327838:[pc] gains the effect of 衰弱 from  for 9999.00 Seconds.
[23:56:58.000] 00:0044:スティギモロク・ロード:モットモット、呪イダァァ！
[23:56:59.115] 14:57C9:スティギモロク・ロード starts using 呪いの言葉 on スティギモロク・ロード.
[23:56:58.000] 00:282b:スティギモロク・ロードは「呪いの言葉」の構え。
[23:56:59.830] 15:<id8>:スティギモロク・ロード:57CC:感電:<id8>::
[23:57:03.573] 00:0000:Hojoring:[EX] Added new combatant. name=火球 X=13.47 Y=17.82 Z=-1.91 hp=1237280
[23:57:03.573] 00:0000:Hojoring:[EX] Added new combatant. name=砂球 X=12.89 Y=17.82 Z=-1.91 hp=2604
[23:57:03.484] 1A:102DC0AC:[pc] gains the effect of 死の宣告 from スティギモロク for 3.00 Seconds.
[23:57:04.107] 15:<id8>:スティギモロク・ロード:57C9:呪いの言葉:<id8>:スティギモロク・ロード:
[23:57:04.150] 1A:1028E95A:[pc] gains the effect of 死の宣告 from スティギモロク for 3.00 Seconds.
[23:57:04.000] 00:282b:スティギモロク・ロードの「呪いの言葉」
[23:57:04.643] 16:<id8>:スティギモロク・ロード:57CA:呪いの言葉:<id8>:[pc]:
[23:57:04.643] 16:<id8>:スティギモロク・ロード:57CA:呪いの言葉:<id8>:[mex]:
[23:57:04.643] 16:<id8>:スティギモロク・ロード:57CA:呪いの言葉:<id8>:[DNC]:
[23:57:04.643] 16:<id8>:スティギモロク・ロード:57CA:呪いの言葉:<id8>:[NIN]:
[23:57:04.643] 16:<id8>:スティギモロク・ロード:57CA:呪いの言葉:<id8>:[MNK]:
[23:57:04.643] 16:<id8>:スティギモロク・ロード:57CA:呪いの言葉:<id8>:[SMN]:
[23:57:05.000] 00:282b:火球は「マナフレイム」を唱えた。
[23:57:06.196] 14:57DE:火球 starts using マナフレイム on 火球.
[23:57:09.269] 14:57CB:スティギモロク・ロード starts using 雷鳴落 on スティギモロク・ロード.
[23:57:09.269] 14:57CC:スティギモロク・ロード starts using 感電 on Unknown.
[23:57:08.000] 00:282b:スティギモロク・ロードは「雷鳴落」の構え。
[23:57:12.832] 00:0000:Hojoring:[EX] Added new combatant. name=カーバンクル・ルビー X=13.49 Y=17.74 Z=-1.91 hp=150726
[23:57:11.189] 15:<id8>:火球:57DE:マナフレイム:<id8>:[pc]:
[23:57:11.273] 14:57CC:スティギモロク・ロード starts using 感電 on Unknown.
[23:57:11.276] 14:57CC:スティギモロク・ロード starts using 感電 on Unknown.
[23:57:11.000] 00:282b:火球の「マナフレイム」
[23:57:12.255] 15:<id8>:スティギモロク・ロード:57CB:雷鳴落:<id8>:スティギモロク・ロード:
[23:57:12.255] 15:<id8>:スティギモロク・ロード:57CC:感電:<id8>::
[23:57:12.656] 1A:10241BE6:[pc] gains the effect of 死の宣告 from スティギモロク for 3.00 Seconds.
[23:57:13.014] 1A:10248026:[mex] gains the effect of 死の宣告 from スティギモロク for 3.00 Seconds.
[23:57:13.280] 14:57CC:スティギモロク・ロード starts using 感電 on Unknown.
[23:57:13.546] 14:57C4:スティギモロク・ロード starts using 激雷 on スティギモロク・ロード.
[23:57:13.000] 00:282b:スティギモロク・ロードは「激雷」の構え。
[23:57:16.432] 00:0000:Hojoring:[EX] Added new combatant. name=デミ・バハムート X=13.71 Y=18.01 Z=-1.91 hp=135652
[23:57:14.261] 15:<id8>:スティギモロク・ロード:57CC:感電:<id8>::
[23:57:14.261] 16:<id8>:スティギモロク・ロード:57CC:感電:<id8>:[pc]:
[23:57:14.436] 1A:1033C8BE:[pc] gains the effect of 破滅の刻印：弐 from スティギモロク・ロード for 9999.00 Seconds.
[23:57:17.620] 00:0000:Hojoring:[EX] Added new combatant. name=デミ・バハムート X=13.50 Y=17.65 Z=-1.91 hp=135652
[23:57:16.263] 15:<id8>:スティギモロク・ロード:57CC:感電:<id8>::
[23:57:16.529] 15:<id8>:スティギモロク・ロード:57C4:激雷:<id8>:スティギモロク・ロード:
[23:57:17.060] 14:57C6:スティギモロク・ロード starts using 激雷 on スティギモロク・ロード.
[23:57:17.060] 14:57C5:スティギモロク・ロード starts using 激雷 on スティギモロク・ロード.
[23:57:17.418] 1A:100E16E0:[pc] gains the effect of 死の宣告 from スティギモロク for 3.00 Seconds.
[23:57:21.647] 00:0000:Hojoring:[EX] Added new combatant. name=火球 X=12.97 Y=17.61 Z=-1.91 hp=1237280
[23:57:21.647] 00:0000:Hojoring:[EX] Added new combatant. name=砂球 X=13.39 Y=18.03 Z=-1.91 hp=2604
[23:57:21.027] 16:<id8>:スティギモロク・ロード:57C6:激雷:<id8>:[mex]:
[23:57:21.027] 16:<id8>:スティギモロク・ロード:57C6:激雷:<id8>:[pc]:
[23:57:21.028] 15:<id8>:スティギモロク・ロード:57C5:激雷:<id8>::
[23:57:21.737] 1A:102AD6E2:[pc] gains the effect of 死の宣告 from スティギモロク・ロード for 3.00 Seconds.
[23:57:21.825] 1A:1026B1E2:[SMN] gains the effect of 破滅の刻印：弐 from スティギモロク for 9999.00 Seconds.
[23:57:22.137] 1A:102AD6E2:[pc] gains the effect of 衰弱 from  for 9999.00 Seconds.
[23:57:23.000] 00:282b:火球は「マナフレイム」を唱えた。
[23:57:24.235] 14:57DE:火球 starts using マナフレイム on 火球.
[23:57:25.169] 1A:10327CA5:[pc] gains the effect of 死の宣告 from スティギモロク for 3.00 Seconds.
[23:57:25.883] 1A:1026B1E2:[SMN] gains the effect of 死の宣告 from スティギモロク for 3.00 Seconds.
[23:57:28.644] 1A:1002EEB9:[pc] gains the effect of 死の宣告 from スティギモロク for 3.00 Seconds.
[23:57:31.660] 00:0000:Hojoring:[EX] Added new combatant. name=デミ・バハムート X=13.45 Y=17.69 Z=-1.91 hp=135652
[23:57:29.223] 15:<id8>:火球:57DE:マナフレイム:<id8>:[pc]:
[23:57:29.000] 00:282b:火球の「マナフレイム」
[23:57:29.847] 1A:102AD6E2:[pc] gains the effect of 衰弱［強］ from  for 9999.00 Seconds.
[23:57:31.858] 14:57C7:スティギモロク・ロード starts using 迷宮王の呪い on スティギモロク・ロード.
[23:57:31.000] 00:282b:スティギモロク・ロードは「迷宮王の呪い」の構え。
[23:57:35.328] 00:0000:Hojoring:[EX] Added new combatant. name=分身 X=13.69 Y=17.78 Z=-1.91 hp=149486
[23:57:33.016] 1A:1027F60B:[pc] gains the effect of 破滅の刻印：弐 from スティギモロク for 9999.00 Seconds.
[23:57:33.417] 14:57DE:火球 starts using マナフレイム on 火球.
[23:57:32.000] 00:282b:火球は「マナフレイム」を唱えた。
[23:57:33.729] 1A:102A80C2:[pc] gains the effect of 死の宣告 from スティギモロク for 3.00 Seconds.
[23:57:36.492] 00:0000:Hojoring:[EX] Added new combatant. name=トラップ X=21.50 Y=21.50 Z=0.00 hp=148000
[23:57:34.352] 1A:10236A3A:[pc] gains the effect of 死の宣告 from スティギモロク for 3.00 Seconds.
[23:57:34.842] 15:<id8>:スティギモロク・ロード:57C7:迷宮王の呪い:<id8>:スティギモロク・ロード:
[23:57:37.658] 00:0000:Hojoring:[EX] Added new combatant. name=カーバンクル・ルビー X=13.48 Y=17.76 Z=-1.91 hp=150726
[23:57:35.376] 15:<id8>:スティギモロク・ロード:57C8:迷宮王の呪い:<id8>:スティギモロク・ロード:
[23:57:36.045] 1A:1027F60B:[pc] gains the effect of 死の宣告 from スティギモロク for 3.00 Seconds.
[23:57:39.677] 00:0000:Hojoring:[EX] Added new combatant. name=砂球 X=13.18 Y=17.53 Z=-1.91 hp=2604
[23:57:39.677] 00:0000:Hojoring:[EX] Added new combatant. name=火球 X=13.18 Y=18.11 Z=-1.91 hp=1237280
[23:57:40.517] 00:0000:Hojoring:[EX] Added new combatant. name=カーバンクル・トパーズ X=13.52 Y=18.16 Z=-1.91 hp=150726
[23:57:38.143] 14:57C4:スティギモロク・ロード starts using 激雷 on スティギモロク・ロード.
[23:57:37.000] 00:282b:スティギモロク・ロードは「激雷」の構え。
[23:57:38.408] 16:<id8>:火球:57DE:マナフレイム:<id8>:[pc]:
[23:57:38.000] 00:282b:火球の「マナフレイム」
[23:57:39.434] 1A:102E5568:[pc] gains the effect of 死の宣告 from スティギモロク for 3.00 Seconds.
[23:57:41.128] 15:<id8>:スティギモロク・ロード:57C4:激雷:<id8>:スティギモロク・ロード:
[23:57:41.662] 14:57C6:スティギモロク・ロード starts using 激雷 on スティギモロク・ロード.
[23:57:41.662] 14:57C5:スティギモロク・ロード starts using 激雷 on スティギモロク・ロード.
[23:57:41.000] 00:282b:火球は「マナフレイム」を唱えた。
[23:57:42.198] 14:57DE:火球 starts using マナフレイム on 火球.
[23:57:44.872] 1A:1025153F:[DNC] gains the effect of 破滅の刻印：弐 from スティギモロク for 9999.00 Seconds.
[23:57:45.632] 16:<id8>:スティギモロク・ロード:57C6:激雷:<id8>:[DNC]:
[23:57:45.632] 16:<id8>:スティギモロク・ロード:57C6:激雷:<id8>:[pc]:
[23:57:45.632] 15:<id8>:スティギモロク・ロード:57C5:激雷:<id8>::
[23:57:46.210] 1A:102A2956:[pc] gains the effect of 破滅の刻印：弐 from スティギモロク for 9999.00 Seconds.
[23:57:46.256] 1A:1025153F:[DNC] gains the effect of 衰弱 from  for 9999.00 Seconds.
[23:57:46.568] 1A:102EF4FC:[pc] gains the effect of 破滅の刻印：弐 from スティギモロク for 9999.00 Seconds.
[23:57:47.192] 16:<id8>:火球:57DE:マナフレイム:<id8>:[pc]:
[23:57:47.192] 16:<id8>:火球:57DE:マナフレイム:<id8>:[mex]:
[23:57:47.000] 00:282b:火球の「マナフレイム」
[23:57:47.816] 1A:102A2956:[pc] gains the effect of 衰弱 from  for 9999.00 Seconds.
[23:57:47.907] 1A:10241BE6:[pc] gains the effect of 衰弱［強］ from  for 9999.00 Seconds.
[23:57:48.394] 1A:102EECAC:[pc] gains the effect of 衰弱［強］ from  for 85.00 Seconds.
[23:57:48.394] 1A:102EECAC:[pc] gains the effect of 生還 from  for 6.00 Seconds.
[23:57:48.000] 00:282b:スティギモロク・ロードは「雷鳴落」の構え。
[23:57:48.436] 14:57CB:スティギモロク・ロード starts using 雷鳴落 on スティギモロク・ロード.
[23:57:48.436] 14:57CC:スティギモロク・ロード starts using 感電 on Unknown.
[23:57:49.773] 1A:102E5568:[pc] gains the effect of 生還 from  for 6.00 Seconds.
[23:57:49.951] 1A:1025B0B4:[NIN] gains the effect of 死の宣告 from スティギモロク for 3.00 Seconds.
[23:57:50.262] 1A:10087D67:[MNK] gains the effect of 破滅の刻印：弐 from スティギモロク for 9999.00 Seconds.
[23:57:50.442] 14:57CC:スティギモロク・ロード starts using 感電 on Unknown.
[23:57:51.423] 15:<id8>:スティギモロク・ロード:57CB:雷鳴落:<id8>:スティギモロク・ロード:
[23:57:51.423] 16:<id8>:スティギモロク・ロード:57CC:感電:<id8>:[NIN]:
[23:57:51.423] 15:<id8>:スティギモロク・ロード:57CC:感電:<id8>::
[23:57:51.600] 1A:1025B0B4:[NIN] gains the effect of 衰弱 from  for 9999.00 Seconds.
[23:57:52.446] 14:57CC:スティギモロク・ロード starts using 感電 on Unknown.
[23:57:53.428] 15:<id8>:スティギモロク・ロード:57CC:感電:<id8>::
[23:57:54.009] 1A:1033C8BE:[pc] gains the effect of 死の宣告 from スティギモロク for 3.00 Seconds.
[23:57:57.082] 00:0000:Hojoring:[EX] Beacon X=12.89 Y=17.88 Z=-1.91 zone=Delubrum Reginae (Savage)
[23:57:54.000] 00:0044:スティギモロク・ロード:モットモット、呪イダァァ！
[23:57:54.000] 00:282b:スティギモロク・ロードは「呪いの言葉」の構え。
[23:57:54.720] 14:57C9:スティギモロク・ロード starts using 呪いの言葉 on スティギモロク・ロード.
[23:57:57.726] 00:0000:Hojoring:[EX] Added new combatant. name=砂球 X=12.97 Y=18.03 Z=-1.91 hp=2604
[23:57:57.726] 00:0000:Hojoring:[EX] Added new combatant. name=火球 X=13.39 Y=17.61 Z=-1.91 hp=1237280
[23:57:55.433] 15:<id8>:スティギモロク・ロード:57CC:感電:<id8>::
[23:57:58.061] 1A:10241789:[pc] gains the effect of 死の宣告 from スティギモロク for 3.00 Seconds.
[23:58:01.359] 00:0000:Hojoring:[EX] Added new combatant. name=デミ・バハムート X=13.63 Y=18.14 Z=-1.91 hp=135652
[23:57:59.712] 15:<id8>:スティギモロク・ロード:57C9:呪いの言葉:<id8>:スティギモロク・ロード:
[23:57:59.000] 00:282b:スティギモロク・ロードの「呪いの言葉」
[23:58:00.201] 14:57DE:火球 starts using マナフレイム on 火球.
[23:57:59.000] 00:282b:火球は「マナフレイム」を唱えた。
[23:58:00.247] 16:<id8>:スティギモロク・ロード:57CA:呪いの言葉:<id8>:[mex]:
[23:58:00.247] 16:<id8>:スティギモロク・ロード:57CA:呪いの言葉:<id8>:[pc]:
[23:58:00.247] 16:<id8>:スティギモロク・ロード:57CA:呪いの言葉:<id8>:[SMN]:
[23:58:00.247] 16:<id8>:スティギモロク・ロード:57CA:呪いの言葉:<id8>:[MNK]:
[23:58:04.166] 1A:10248026:[mex] gains the effect of 破滅の刻印：弐 from スティギモロク for 9999.00 Seconds.
[23:58:04.000] 00:282b:スティギモロク・ロードは「雷鳴落」の構え。
[23:58:04.882] 14:57CB:スティギモロク・ロード starts using 雷鳴落 on スティギモロク・ロード.
[23:58:04.882] 14:57CC:スティギモロク・ロード starts using 感電 on Unknown.
[23:58:05.194] 16:<id8>:火球:57DE:マナフレイム:<id8>:[pc]:
[23:58:05.000] 00:282b:火球の「マナフレイム」
[23:58:05.864] 1A:10327CA5:[pc] gains the effect of 衰弱 from  for 9999.00 Seconds.
[23:58:06.888] 14:57CC:スティギモロク・ロード starts using 感電 on Unknown.
[23:58:07.199] 1A:10248026:[mex] gains the effect of 死の宣告 from スティギモロク for 3.00 Seconds.
[23:58:07.647] 1A:1003B533:[pc] gains the effect of 破滅の刻印：弐 from スティギモロク for 9999.00 Seconds.
[23:58:07.870] 15:<id8>:スティギモロク・ロード:57CB:雷鳴落:<id8>:スティギモロク・ロード:
[23:58:07.870] 16:<id8>:スティギモロク・ロード:57CC:感電:<id8>:[pc]:
[23:58:07.870] 15:<id8>:スティギモロク・ロード:57CC:感電:<id8>::
[23:58:10.958] 00:0000:Hojoring:[EX] Added new combatant. name=カーバンクル・ルビー X=13.51 Y=17.91 Z=-1.91 hp=150726
[23:58:08.894] 14:57CC:スティギモロク・ロード starts using 感電 on Unknown.
[23:58:08.897] 14:57CC:スティギモロク・ロード starts using 感電 on Unknown.
[23:58:08.000] 00:282b:スティギモロク・ロードは「激雷」の構え。
[23:58:09.162] 14:57C4:スティギモロク・ロード starts using 激雷 on スティギモロク・ロード.
[23:58:09.385] 14:57DE:火球 starts using マナフレイム on 火球.
[23:58:08.000] 00:282b:火球は「マナフレイム」を唱えた。
[23:58:12.166] 00:0000:Hojoring:[EX] Added new combatant. name=トラップ X=21.50 Y=21.50 Z=0.00 hp=148000
[23:58:09.874] 15:<id8>:スティギモロク・ロード:57CC:感電:<id8>::
[23:58:10.677] 1A:1003B533:[pc] gains the effect of 死の宣告 from スティギモロク for 3.00 Seconds.
[23:58:11.880] 15:<id8>:スティギモロク・ロード:57CC:感電:<id8>::
[23:58:11.880] 16:<id8>:スティギモロク・ロード:57CC:感電:<id8>:[pc]:
[23:58:12.147] 15:<id8>:スティギモロク・ロード:57C4:激雷:<id8>:スティギモロク・ロード:
[23:58:12.680] 14:57C6:スティギモロク・ロード starts using 激雷 on スティギモロク・ロード.
[23:58:12.680] 14:57C5:スティギモロク・ロード starts using 激雷 on スティギモロク・ロード.
[23:58:15.770] 00:0000:Hojoring:[EX] Added new combatant. name=砂球 X=13.47 Y=17.82 Z=-1.91 hp=2604
[23:58:15.770] 00:0000:Hojoring:[EX] Added new combatant. name=火球 X=12.89 Y=17.82 Z=-1.91 hp=1237280
[23:58:14.752] 00:0000:Hojoring:wipeout
