[23:10:58.000] 00:0039:戦闘開始！
[23:10:58.644] 15:<id8>:クイーンズ・ガンナー:5858:Unknown_5858:<id8>:[pc]:
[23:11:03.872] 00:0000:Hojoring:[EX] Added new combatant. name=セラフィム X=26.38 Y=18.30 Z=-0.86 hp=150726
[23:11:01.673] 15:<id8>:クイーンズ・ガンナー:5858:Unknown_5858:<id8>:[pc]:
[23:11:05.034] 00:0000:Hojoring:[EX] Added new combatant. name=セラフィム X=26.57 Y=18.31 Z=-0.86 hp=150726
[23:11:04.704] 15:<id8>:クイーンズ・ガンナー:5858:Unknown_5858:<id8>:[pc]:
[23:11:07.505] 00:0000:Hojoring:[EX] Added new combatant. name=デミ・フェニックス X=26.38 Y=18.48 Z=-0.86 hp=150726
[23:11:08.278] 00:0000:Hojoring:[EX] Added new combatant. name=デミ・フェニックス X=26.43 Y=18.53 Z=-0.86 hp=150726
[23:11:09.059] 00:0000:Hojoring:[EX] Added new combatant. name=分身 X=26.39 Y=18.39 Z=-0.86 hp=149486
[23:11:09.515] 00:0000:Hojoring:[EX] Added new combatant. name=英雄の影身 X=26.49 Y=18.34 Z=-0.86 hp=123916
[23:11:07.739] 15:<id8>:クイーンズ・ガンナー:5858:Unknown_5858:<id8>:[pc]:
[23:11:11.482] 00:0000:Hojoring:[EX] Added new combatant. name=英雄の影身 X=26.36 Y=18.24 Z=-0.86 hp=123916
[23:11:11.869] 00:0000:Hojoring:[EX] Added new combatant. name=英雄の影身 X=26.29 Y=18.39 Z=-0.86 hp=123916
[23:11:09.565] 14:5831:クイーンズ・ウォリアー starts using 波動斬 on クイーンズ・ウォリアー.
[23:11:09.565] 14:4B33:クイーンズ・ナイト starts using 波動斬 on クイーンズ・ナイト.
[23:11:09.565] 14:4B34:クイーンズ・ウォリアー starts using 波動斬 on クイーンズ・ウォリアー.
[23:11:09.565] 14:5821:クイーンズ・ナイト starts using 波動斬 on クイーンズ・ナイト.
[23:11:09.000] 00:282b:クイーンズ・ウォリアーは「波動斬」の構え。
[23:11:09.000] 00:282b:クイーンズ・ナイトは「波動斬」の構え。
[23:11:12.684] 00:0000:Hojoring:[EX] Added new combatant. name=デミ・バハムート X=26.42 Y=18.51 Z=-0.86 hp=135652
[23:11:10.774] 15:<id8>:クイーンズ・ガンナー:5858:Unknown_5858:<id8>:[pc]:
[23:11:13.488] 00:0000:Hojoring:[EX] Added new combatant. name=デミ・バハムート X=26.44 Y=18.41 Z=-0.86 hp=135652
[23:11:14.302] 00:0000:Hojoring:[EX] Added new combatant. name=セラフィム X=26.39 Y=18.35 Z=-0.86 hp=150726
[23:11:14.302] 00:0000:Hojoring:[EX] Added new combatant. name=デミ・フェニックス X=26.46 Y=18.55 Z=-0.86 hp=150726
[23:11:13.805] 15:<id8>:クイーンズ・ガンナー:5858:Unknown_5858:<id8>:[pc]:
[23:11:14.559] 15:<id8>:クイーンズ・ウォリアー:5831:波動斬:<id8>:クイーンズ・ウォリアー:
[23:11:14.559] 15:<id8>:クイーンズ・ナイト:5821:波動斬:<id8>:クイーンズ・ナイト:
[23:11:14.563] 16:<id8>:クイーンズ・ナイト:4B33:波動斬:<id8>:[pc]:
[23:11:14.563] 16:<id8>:クイーンズ・ナイト:4B33:波動斬:<id8>:[NIN]:
[23:11:14.563] 16:<id8>:クイーンズ・ナイト:4B33:波動斬:<id8>:[SCH]:
[23:11:14.563] 16:<id8>:クイーンズ・ナイト:4B33:波動斬:<id8>:[WAR]:
[23:11:14.563] 16:<id8>:クイーンズ・ナイト:4B33:波動斬:<id8>:[mex]:
[23:11:14.563] 16:<id8>:クイーンズ・ナイト:4B33:波動斬:<id8>:[DNC]:
[23:11:14.563] 16:<id8>:クイーンズ・ナイト:4B33:波動斬:<id8>:[MNK]:
[23:11:14.563] 16:<id8>:クイーンズ・ナイト:4B33:波動斬:<id8>:[SMN]:
[23:11:14.563] 16:<id8>:クイーンズ・ナイト:4B33:波動斬:<id8>:[PLD]:
[23:11:14.563] 16:<id8>:クイーンズ・ウォリアー:4B34:波動斬:<id8>:[pc]:
[23:11:14.563] 16:<id8>:クイーンズ・ウォリアー:4B34:波動斬:<id8>:[NIN]:
[23:11:14.563] 16:<id8>:クイーンズ・ウォリアー:4B34:波動斬:<id8>:[SCH]:
[23:11:14.563] 16:<id8>:クイーンズ・ウォリアー:4B34:波動斬:<id8>:[WAR]:
[23:11:14.563] 16:<id8>:クイーンズ・ウォリアー:4B34:波動斬:<id8>:[mex]:
[23:11:14.563] 16:<id8>:クイーンズ・ウォリアー:4B34:波動斬:<id8>:[DNC]:
[23:11:14.565] 16:<id8>:クイーンズ・ウォリアー:4B34:波動斬:<id8>:[MNK]:
[23:11:14.565] 16:<id8>:クイーンズ・ウォリアー:4B34:波動斬:<id8>:[SMN]:
[23:11:14.565] 16:<id8>:クイーンズ・ウォリアー:4B34:波動斬:<id8>:[PLD]:
[23:11:14.000] 00:282b:クイーンズ・ナイトの「波動斬」
[23:11:14.000] 00:282b:クイーンズ・ウォリアーの「波動斬」
[23:11:16.833] 15:<id8>:クイーンズ・ガンナー:5858:Unknown_5858:<id8>:[pc]:
[23:11:18.000] 00:282b:クイーンズ・ガンナーは「全方位射撃」の構え。
[23:11:18.000] 00:282b:クイーンズ・ソルジャーは「波動斬」の構え。
[23:11:18.568] 14:5854:クイーンズ・ガンナー starts using 全方位射撃 on クイーンズ・ガンナー.
[23:11:18.568] 14:5841:クイーンズ・ソルジャー starts using 波動斬 on クイーンズ・ソルジャー.
[23:11:18.572] 14:4B36:クイーンズ・ガンナー starts using 全方位射撃 on クイーンズ・ガンナー.
[23:11:18.572] 14:4B35:クイーンズ・ソルジャー starts using 波動斬 on クイーンズ・ソルジャー.
[23:11:22.327] 00:0000:Hojoring:[EX] Added new combatant. name=分身 X=26.36 Y=18.38 Z=-0.86 hp=149486
[23:11:25.932] 00:0000:Hojoring:[EX] Added new combatant. name=フェアリー・エオス X=26.38 Y=18.30 Z=-0.86 hp=150726
[23:11:27.129] 00:0000:Hojoring:[EX] Added new combatant. name=フェアリー・エオス X=26.57 Y=18.31 Z=-0.86 hp=150726
[23:11:27.550] 00:0000:Hojoring:[EX] Added new combatant. name=イフリート・エギ X=26.37 Y=18.44 Z=-0.86 hp=150726
[23:11:27.900] 00:0000:Hojoring:[EX] Added new combatant. name=カーバンクル・ルビー X=26.37 Y=18.44 Z=-0.86 hp=150726
[23:11:32.727] 00:0000:Hojoring:[EX] Added new combatant. name=カーバンクル・トパーズ X=26.53 Y=18.36 Z=-0.86 hp=150726
[23:11:33.591] 00:0000:Hojoring:[EX] Added new combatant. name=カーバンクル・エメラルド X=26.63 Y=18.31 Z=-0.86 hp=135652
[23:11:34.355] 00:0000:Hojoring:[EX] Added new combatant. name=カーバンクル・ルビー X=26.53 Y=18.34 Z=-0.86 hp=150726
[23:11:34.741] 00:0000:Hojoring:[EX] Added new combatant. name=分身 X=26.24 Y=18.28 Z=-0.86 hp=149486
[23:11:35.161] 00:0000:Hojoring:[EX] Added new combatant. name=オートマトン・クイーン X=26.36 Y=18.41 Z=-0.86 hp=149525
[23:11:35.161] 00:0000:Hojoring:[EX] Added new combatant. name=分身 X=26.20 Y=18.26 Z=-0.86 hp=149486
[23:11:36.438] 00:0000:Hojoring:[EX] Added new combatant. name=フェアリー・エオス X=26.39 Y=18.35 Z=-0.86 hp=150726
[23:11:37.154] 00:0000:Hojoring:[EX] Added new combatant. name=カーバンクル・ルビー X=26.68 Y=18.30 Z=-0.86 hp=150726
[23:11:41.966] 00:0000:Hojoring:[EX] Added new combatant. name=英雄の影身 X=26.37 Y=18.28 Z=-0.86 hp=123916
[23:11:46.000] 00:282b:クイーンズ・ウォリアーは「連携戦技」の構え。
[23:11:47.045] 14:5825:クイーンズ・ウォリアー starts using 連携戦技 on クイーンズ・ウォリアー.
[23:11:47.090] 14:5813:クイーンズ・ナイト starts using 連携戦技 on クイーンズ・ナイト.
[23:11:46.000] 00:282b:クイーンズ・ナイトは「連携戦技」の構え。
[23:11:52.034] 15:<id8>:クイーンズ・ウォリアー:5825:連携戦技:<id8>:クイーンズ・ウォリアー:
[23:11:52.076] 15:<id8>:クイーンズ・ナイト:5813:連携戦技:<id8>:クイーンズ・ナイト:
[23:11:52.000] 00:282b:クイーンズ・ナイトの「連携戦技」
[23:11:52.000] 00:282b:クイーンズ・ウォリアーの「連携戦技」
[23:11:55.611] 00:0000:Hojoring:[EX] Beacon X=26.56 Y=18.36 Z=-0.86 zone=Delubrum Reginae (Savage)
[23:11:55.238] 14:5815:クイーンズ・ナイト starts using 盾の型 on クイーンズ・ナイト.
[23:11:54.000] 00:282b:クイーンズ・ナイトは「盾の型」の構え。
[23:11:56.219] 14:5AFE:クイーンズ・ウォリアー starts using 爆弾投擲 on クイーンズ・ウォリアー.
[23:11:55.000] 00:282b:クイーンズ・ウォリアーは「爆弾投擲」の構え。
[23:11:58.827] 00:0000:Hojoring:[EX] Added new combatant. name=デミ・フェニックス X=26.73 Y=18.36 Z=-0.86 hp=150726
[23:11:58.226] 15:<id8>:クイーンズ・ナイト:5815:盾の型:<id8>:クイーンズ・ナイト:
[23:12:00.843] 00:0000:Hojoring:[EX] Added new combatant. name=アーサリースター X=26.40 Y=18.27 Z=-0.86 hp=150726
[23:11:58.000] 00:282b:クイーンズ・ナイトの「盾の型」
[23:11:59.209] 15:<id8>:クイーンズ・ウォリアー:5AFE:爆弾投擲:<id8>:クイーンズ・ウォリアー:
[23:11:59.000] 00:282b:クイーンズ・ウォリアーの「爆弾投擲」
[23:12:02.477] 00:0000:Hojoring:[EX] Added new combatant. name=大魔弾 X=26.46 Y=18.44 Z=-0.86 hp=266400
[23:12:02.477] 00:0000:Hojoring:[EX] Added new combatant. name=魔弾 X=26.68 Y=18.56 Z=-0.86 hp=266400
[23:12:02.477] 00:0000:Hojoring:[EX] Added new combatant. name=魔弾 X=26.08 Y=18.56 Z=-0.86 hp=266400
[23:12:02.477] 00:0000:Hojoring:[EX] Added new combatant. name=魔弾 X=26.57 Y=18.18 Z=-0.86 hp=266400
[23:12:02.477] 00:0000:Hojoring:[EX] Added new combatant. name=魔弾 X=26.08 Y=17.96 Z=-0.86 hp=266400
[23:12:02.477] 00:0000:Hojoring:[EX] Added new combatant. name=大魔弾 X=26.30 Y=18.08 Z=-0.86 hp=266400
[23:12:02.477] 00:0000:Hojoring:[EX] Added new combatant. name=大魔弾 X=26.38 Y=18.68 Z=-0.86 hp=266400
[23:12:02.477] 00:0000:Hojoring:[EX] Added new combatant. name=大魔弾 X=25.96 Y=18.26 Z=-0.86 hp=266400
[23:12:02.509] 00:0000:Hojoring:[EX] Added new combatant. name=大魔弾 X=26.38 Y=17.84 Z=-0.86 hp=266400
[23:12:02.509] 00:0000:Hojoring:[EX] Added new combatant. name=大魔弾 X=26.80 Y=18.26 Z=-0.86 hp=266400
[23:12:02.509] 00:0000:Hojoring:[EX] Added new combatant. name=魔弾 X=26.20 Y=18.34 Z=-0.86 hp=266400
[23:12:02.509] 00:0000:Hojoring:[EX] Added new combatant. name=魔弾 X=26.68 Y=17.96 Z=-0.86 hp=266400
[23:12:03.239] 00:0000:Hojoring:[EX] Added new combatant. name=デミ・フェニックス X=26.60 Y=18.39 Z=-0.86 hp=150726
[23:12:02.283] 1B:<id8>:[pc]:0000:0000:01B1:0000:0000:0000:
[23:12:02.283] 1B:<id8>:[NIN]:0000:0000:01B1:0000:0000:0000:
[23:12:02.283] 1B:<id8>:[pc]:0000:0000:01B1:0000:0000:0000:
[23:12:02.283] 1B:<id8>:[pc]:0000:0000:01B1:0000:0000:0000:
[23:12:02.283] 1B:<id8>:[pc]:0000:0000:01B1:0000:0000:0000:
[23:12:02.283] 1B:<id8>:[pc]:0000:0000:01B1:0000:0000:0000:
[23:12:02.283] 1B:<id8>:[pc]:0000:0000:01B1:0000:0000:0000:
[23:12:02.283] 1B:<id8>:[pc]:0000:0000:01B1:0000:0000:0000:
[23:12:02.283] 1B:<id8>:[pc]:0000:0000:01B1:0000:0000:0000:
[23:12:02.288] 1B:<id8>:[PLD]:0000:0000:01B1:0000:0000:0000:
[23:12:02.288] 1B:<id8>:[pc]:0000:0000:01B1:0000:0000:0000:
[23:12:02.288] 1B:<id8>:[pc]:0000:0000:01B1:0000:0000:0000:
[23:12:02.288] 1B:<id8>:[pc]:0000:0000:01B1:0000:0000:0000:
[23:12:02.288] 1B:<id8>:[WAR]:0000:0000:01B1:0000:0000:0000:
[23:12:02.288] 1B:<id8>:[pc]:0000:0000:01B1:0000:0000:0000:
[23:12:02.288] 1B:<id8>:[pc]:0000:0000:01B1:0000:0000:0000:
[23:12:02.288] 1B:<id8>:[mex]:0000:0000:01B1:0000:0000:0000:
[23:12:02.288] 1B:<id8>:[pc]:0000:0000:01B1:0000:0000:0000:
[23:12:02.288] 1B:<id8>:[pc]:0000:0000:01B1:0000:0000:0000:
[23:12:02.288] 1B:<id8>:[pc]:0000:0000:01B1:0000:0000:0000:
[23:12:02.288] 1B:<id8>:[DNC]:0000:0000:01B1:0000:0000:0000:
[23:12:02.288] 1B:<id8>:[pc]:0000:0000:01B1:0000:0000:0000:
[23:12:02.288] 1B:<id8>:[pc]:0000:0000:01B1:0000:0000:0000:
[23:12:02.288] 1B:<id8>:[pc]:0000:0000:01B1:0000:0000:0000:
[23:12:02.369] 14:5829:クイーンズ・ウォリアー starts using 質量転換 on クイーンズ・ウォリアー.
[23:12:02.369] 14:5A94:クイーンズ・ソルジャー starts using Unknown_5A94 on クイーンズ・ソルジャー.
[23:12:01.000] 00:282b:クイーンズ・ウォリアーは「質量転換」の構え。
[23:12:06.337] 15:<id8>:クイーンズ・ウォリアー:5829:質量転換:<id8>:クイーンズ・ウォリアー:
[23:12:06.337] 15:<id8>:クイーンズ・ウォリアー:5A94:Unknown_5A94:<id8>:クイーンズ・ウォリアー:
[23:12:06.000] 00:282b:クイーンズ・ウォリアーの「質量転換」
[23:12:09.703] 00:0000:Hojoring:[EX] Added new combatant. name=魔気 X=26.38 Y=18.26 Z=-0.86 hp=266400
[23:12:08.609] 14:581A:クイーンズ・ナイト starts using 武装突撃 on Unknown.
[23:12:08.609] 14:581C:クイーンズ・ナイト starts using Unknown_581C on 魔気.
[23:12:08.609] 14:581B:クイーンズ・ナイト starts using Unknown_581B on クイーンズ・ナイト.
[23:12:08.000] 00:282b:クイーンズ・ナイトは「武装突撃」の構え。
[23:12:12.882] 00:0000:Hojoring:[EX] Added new combatant. name=デミ・バハムート X=26.49 Y=18.46 Z=-0.86 hp=135652
[23:12:11.000] 00:282b:クイーンズ・ウォリアーは「浮遊波」の構え。
[23:12:11.505] 14:5826:クイーンズ・ウォリアー starts using 浮遊波 on クイーンズ・ウォリアー.
[23:12:11.505] 14:5B72:クイーンズ・ウォリアー starts using Unknown_5B72 on クイーンズ・ウォリアー.
[23:12:15.605] 16:<id8>:クイーンズ・ナイト:581A:武装突撃:<id8>:[pc]:
[23:12:15.605] 15:<id8>:クイーンズ・ナイト:581C:Unknown_581C:<id8>:魔気:
[23:12:15.605] 16:<id8>:クイーンズ・ナイト:581B:Unknown_581B:<id8>:[pc]:
[23:12:15.605] 16:<id8>:クイーンズ・ナイト:581B:Unknown_581B:<id8>:[NIN]:
[23:12:15.605] 16:<id8>:クイーンズ・ナイト:581B:Unknown_581B:<id8>:[WAR]:
[23:12:15.605] 16:<id8>:クイーンズ・ナイト:581B:Unknown_581B:<id8>:[DNC]:
[23:12:15.605] 16:<id8>:クイーンズ・ナイト:581B:Unknown_581B:<id8>:[mex]:
[23:12:15.605] 16:<id8>:クイーンズ・ナイト:581B:Unknown_581B:<id8>:[SCH]:
[23:12:15.605] 16:<id8>:クイーンズ・ナイト:581B:Unknown_581B:<id8>:[PLD]:
[23:12:15.605] 16:<id8>:クイーンズ・ナイト:581B:Unknown_581B:<id8>:[MNK]:
[23:12:15.605] 16:<id8>:クイーンズ・ナイト:581B:Unknown_581B:<id8>:[SMN]:
[23:12:15.000] 00:282b:クイーンズ・ナイトの「武装突撃」
[23:12:16.404] 1A:10274868:[pc] gains the effect of 破滅の刻印：参 from クイーンズ・ナイト for 30.00 Seconds.
[23:12:18.890] 00:0000:Hojoring:[EX] Added new combatant. name=カーバンクル・ルビー X=26.53 Y=18.27 Z=-0.86 hp=150726
[23:12:17.252] 14:581D:魔気 starts using 魔爆 on 魔気.
[23:12:17.476] 15:<id8>:クイーンズ・ウォリアー:5826:浮遊波:<id8>:クイーンズ・ウォリアー:
[23:12:17.476] 15:<id8>:クイーンズ・ウォリアー:5B72:Unknown_5B72:<id8>:クイーンズ・ウォリアー:
[23:12:18.233] 16:<id8>:魔気:581D:魔爆:<id8>:[pc]:
[23:12:18.000] 00:282b:クイーンズ・ウォリアーの「浮遊波」
[23:12:18.857] 1A:101D2350:[pc] gains the effect of 破滅の刻印：参 from 魔気 for 30.00 Seconds.
[23:12:18.000] 00:282b:魔気の「魔爆」
[23:12:18.901] 1A:102AD4DA:[pc] gains the effect of 破滅の刻印：参 from 魔気 for 30.00 Seconds.
[23:12:22.895] 00:0000:Hojoring:[EX] Added new combatant. name=カーバンクル・トパーズ X=26.35 Y=18.69 Z=-0.86 hp=150726
[23:12:20.503] 16:<id8>:大魔弾:5B6D:魔爆発:<id8>:[pc]:
[23:12:20.506] 16:<id8>:大魔弾:5B6D:魔爆発:<id8>:[SCH]:
[23:12:20.506] 15:<id8>:大魔弾:5B6D:魔爆発:<id8>::
[23:12:20.506] 16:<id8>:大魔弾:5B6D:魔爆発:<id8>:[SMN]:
[23:12:20.506] 16:<id8>:大魔弾:5B6D:魔爆発:<id8>:[MNK]:
[23:12:23.540] 15:<id8>:魔弾:5B6C:魔爆発:<id8>::
[23:12:23.540] 16:<id8>:魔弾:5B6C:魔爆発:<id8>:[pc]:
[23:12:23.540] 16:<id8>:魔弾:5B6C:魔爆発:<id8>:[WAR]:
[23:12:23.540] 16:<id8>:魔弾:5B6C:魔爆発:<id8>:[mex]:
[23:12:23.540] 16:<id8>:魔弾:5B6C:魔爆発:<id8>:[PLD]:
[23:12:23.540] 14:5BB7:魔弾 starts using 魔爆発 on Unknown.
[23:12:24.696] 15:<id8>:魔弾:5BB7:魔爆発:<id8>::
[23:12:24.696] 16:<id8>:魔弾:5BB7:魔爆発:<id8>:[pc]:
[23:12:24.696] 16:<id8>:魔弾:5BB7:魔爆発:<id8>:[WAR]:
[23:12:24.873] 1A:102EF4FC:[pc] gains the effect of 破滅の刻印：参 from 魔弾 for 30.00 Seconds.
[23:12:24.873] 1A:10256B89:[pc] gains the effect of 破滅の刻印：参 from 魔弾 for 30.00 Seconds.
[23:12:24.873] 1A:1031FDAF:[pc] gains the effect of 破滅の刻印：参 from 魔弾 for 30.00 Seconds.
[23:12:24.918] 1A:1025BEB0:[WAR] gains the effect of 破滅の刻印：参 from 魔弾 for 30.00 Seconds.
[23:12:30.489] 00:0000:Hojoring:[EX] Added new combatant. name=フェアリー・エオス X=26.71 Y=18.35 Z=-0.86 hp=150726
[23:12:29.000] 00:282b:クイーンズ・ウォリアーは「ためる」の構え。
[23:12:29.644] 14:582D:クイーンズ・ウォリアー starts using ためる on クイーンズ・ウォリアー.
[23:12:32.093] 00:0000:Hojoring:[EX] Added new combatant. name=アーサリースター X=26.46 Y=18.27 Z=-0.86 hp=150726
[23:12:32.904] 00:0000:Hojoring:[EX] Added new combatant. name=イフリート・エギ X=26.40 Y=18.43 Z=-0.86 hp=150726
[23:12:34.531] 00:0000:Hojoring:[EX] Added new combatant. name=デミ・バハムート X=26.69 Y=18.29 Z=-0.86 hp=135652
[23:12:33.613] 15:<id8>:クイーンズ・ウォリアー:582D:ためる:<id8>:クイーンズ・ウォリアー:
[23:12:34.000] 00:282b:クイーンズ・ウォリアーの「ためる」
[23:12:37.726] 00:0000:Hojoring:[EX] Added new combatant. name=オートマトン・クイーン X=26.45 Y=18.37 Z=-0.86 hp=149525
[23:12:37.726] 00:0000:Hojoring:[EX] Added new combatant. name=デミ・バハムート X=26.55 Y=18.36 Z=-0.86 hp=135652
[23:12:36.000] 00:282b:クイーンズ・ナイトは「波動斬」の構え。
[23:12:36.731] 14:5821:クイーンズ・ナイト starts using 波動斬 on クイーンズ・ナイト.
[23:12:36.731] 14:4B33:クイーンズ・ナイト starts using 波動斬 on クイーンズ・ナイト.
[23:12:36.000] 00:282b:クイーンズ・ウォリアーは「波動斬」の構え。
[23:12:36.774] 14:5831:クイーンズ・ウォリアー starts using 波動斬 on クイーンズ・ウォリアー.
[23:12:36.774] 14:4B34:クイーンズ・ウォリアー starts using 波動斬 on クイーンズ・ウォリアー.
[23:12:40.513] 00:0000:Hojoring:[EX] Added new combatant. name=分身 X=26.71 Y=18.27 Z=-0.86 hp=149486
[23:12:41.719] 15:<id8>:クイーンズ・ナイト:5821:波動斬:<id8>:クイーンズ・ナイト:
[23:12:41.719] 16:<id8>:クイーンズ・ナイト:4B33:波動斬:<id8>:[pc]:
[23:12:41.719] 16:<id8>:クイーンズ・ナイト:4B33:波動斬:<id8>:[WAR]:
[23:12:41.719] 16:<id8>:クイーンズ・ナイト:4B33:波動斬:<id8>:[mex]:
[23:12:41.719] 16:<id8>:クイーンズ・ナイト:4B33:波動斬:<id8>:[SCH]:
[23:12:41.719] 16:<id8>:クイーンズ・ナイト:4B33:波動斬:<id8>:[DNC]:
[23:12:41.719] 16:<id8>:クイーンズ・ナイト:4B33:波動斬:<id8>:[NIN]:
[23:12:41.721] 16:<id8>:クイーンズ・ナイト:4B33:波動斬:<id8>:[SMN]:
[23:12:41.721] 16:<id8>:クイーンズ・ナイト:4B33:波動斬:<id8>:[MNK]:
[23:12:41.721] 16:<id8>:クイーンズ・ナイト:4B33:波動斬:<id8>:[PLD]:
[23:12:41.762] 15:<id8>:クイーンズ・ウォリアー:5831:波動斬:<id8>:クイーンズ・ウォリアー:
[23:12:41.762] 16:<id8>:クイーンズ・ウォリアー:4B34:波動斬:<id8>:[pc]:
[23:12:41.762] 16:<id8>:クイーンズ・ウォリアー:4B34:波動斬:<id8>:[NIN]:
[23:12:41.762] 16:<id8>:クイーンズ・ウォリアー:4B34:波動斬:<id8>:[DNC]:
[23:12:41.762] 16:<id8>:クイーンズ・ウォリアー:4B34:波動斬:<id8>:[SCH]:
[23:12:41.762] 16:<id8>:クイーンズ・ウォリアー:4B34:波動斬:<id8>:[mex]:
[23:12:41.762] 16:<id8>:クイーンズ・ウォリアー:4B34:波動斬:<id8>:[WAR]:
[23:12:41.764] 16:<id8>:クイーンズ・ウォリアー:4B34:波動斬:<id8>:[PLD]:
[23:12:41.764] 16:<id8>:クイーンズ・ウォリアー:4B34:波動斬:<id8>:[MNK]:
[23:12:41.764] 16:<id8>:クイーンズ・ウォリアー:4B34:波動斬:<id8>:[SMN]:
[23:12:42.000] 00:282b:クイーンズ・ナイトの「波動斬」
[23:12:42.000] 00:282b:クイーンズ・ウォリアーの「波動斬」
[23:12:51.000] 00:282b:クイーンズ・ナイトは「連携戦技」の構え。
[23:12:51.956] 14:5813:クイーンズ・ナイト starts using 連携戦技 on クイーンズ・ナイト.
[23:12:51.000] 00:282b:クイーンズ・ウォリアーは「連携戦技」の構え。
[23:12:52.002] 14:5825:クイーンズ・ウォリアー starts using 連携戦技 on クイーンズ・ウォリアー.
[23:12:54.564] 00:0000:Hojoring:[EX] Added new combatant. name=カーバンクル・ルビー X=26.67 Y=18.29 Z=-0.86 hp=150726
[23:12:55.666] 00:0000:Hojoring:[EX] Beacon X=26.54 Y=18.33 Z=-0.86 zone=Delubrum Reginae (Savage)
[23:12:57.792] 00:0000:Hojoring:[EX] Added new combatant. name=カーバンクル・ルビー X=26.56 Y=18.37 Z=-0.86 hp=150726
[23:12:56.950] 15:<id8>:クイーンズ・ナイト:5813:連携戦技:<id8>:クイーンズ・ナイト:
[23:12:56.997] 15:<id8>:クイーンズ・ウォリアー:5825:連携戦技:<id8>:クイーンズ・ウォリアー:
[23:12:59.389] 00:0000:Hojoring:[EX] Added new combatant. name=デミ・フェニックス X=26.54 Y=18.31 Z=-0.86 hp=150726
[23:12:57.000] 00:282b:クイーンズ・ナイトの「連携戦技」
[23:12:57.000] 00:282b:クイーンズ・ウォリアーの「連携戦技」
[23:13:00.069] 1B:<id8>:[pc]:0000:12BF:01B1:0000:0000:0000:
[23:13:00.074] 1B:<id8>:[pc]:0000:12BF:01B1:0000:0000:0000:
[23:13:00.074] 1B:<id8>:[pc]:0000:12BF:01B1:0000:0000:0000:
[23:13:00.074] 1B:<id8>:[pc]:0000:12BF:01B1:0000:0000:0000:
[23:13:00.074] 1B:<id8>:[pc]:0000:12BF:01B1:0000:0000:0000:
[23:13:00.074] 1B:<id8>:[pc]:0000:12BF:01B1:0000:0000:0000:
[23:13:00.074] 1B:<id8>:[pc]:0000:12BF:01B1:0000:0000:0000:
[23:13:00.074] 1B:<id8>:[PLD]:0000:12BF:01B1:0000:0000:0000:
[23:13:00.074] 1B:<id8>:[pc]:0000:12BF:01B1:0000:0000:0000:
[23:13:00.074] 1B:<id8>:[pc]:0000:12BF:01B1:0000:0000:0000:
[23:13:00.074] 1B:<id8>:[pc]:0000:12BF:01B1:0000:0000:0000:
[23:13:00.074] 1B:<id8>:[pc]:0000:12BF:01B1:0000:0000:0000:
[23:13:00.074] 1B:<id8>:[pc]:0000:12BF:01B1:0000:0000:0000:
[23:13:00.074] 1B:<id8>:[pc]:0000:12BF:01B1:0000:0000:0000:
[23:13:00.074] 1B:<id8>:[pc]:0000:12BF:01B1:0000:0000:0000:
[23:13:00.074] 1B:<id8>:[pc]:0000:12BF:01B1:0000:0000:0000:
[23:13:00.074] 1B:<id8>:[WAR]:0000:12BF:01B1:0000:0000:0000:
[23:13:00.074] 1B:<id8>:[pc]:0000:12BF:01B1:0000:0000:0000:
[23:13:00.074] 1B:<id8>:[pc]:0000:12BF:01B1:0000:0000:0000:
[23:13:00.074] 1B:<id8>:[pc]:0000:12BF:01B1:0000:0000:0000:
[23:13:00.074] 1B:<id8>:[pc]:0000:12BF:01B1:0000:0000:0000:
[23:13:00.074] 1B:<id8>:[pc]:0000:12BF:01B1:0000:0000:0000:
[23:13:00.076] 1B:<id8>:[SMN]:0000:12BF:01B1:0000:0000:0000:
[23:13:00.076] 1B:<id8>:[pc]:0000:12BF:01B1:0000:0000:0000:
[23:13:00.161] 14:5829:クイーンズ・ウォリアー starts using 質量転換 on クイーンズ・ウォリアー.
[23:13:00.161] 14:5A94:クイーンズ・ウォリアー starts using Unknown_5A94 on クイーンズ・ウォリアー.
[23:12:59.000] 00:282b:クイーンズ・ウォリアーは「質量転換」の構え。
[23:13:02.595] 00:0000:Hojoring:[EX] Added new combatant. name=アーサリースター X=26.38 Y=18.26 Z=-0.86 hp=150726
[23:13:03.003] 00:0000:Hojoring:[EX] Added new combatant. name=分身 X=26.70 Y=18.29 Z=-0.86 hp=149486
[23:13:05.392] 00:0000:Hojoring:[EX] Added new combatant. name=分身 X=26.32 Y=18.29 Z=-0.86 hp=149486
[23:13:05.777] 00:0000:Hojoring:[EX] Added new combatant. name=分身 X=26.36 Y=18.29 Z=-0.86 hp=149486
[23:13:04.129] 15:<id8>:クイーンズ・ウォリアー:5829:質量転換:<id8>:クイーンズ・ウォリアー:
[23:13:04.129] 15:<id8>:クイーンズ・ウォリアー:5A94:Unknown_5A94:<id8>:クイーンズ・ウォリアー:
[23:13:04.000] 00:282b:クイーンズ・ウォリアーの「質量転換」
[23:13:07.289] 14:582A:クイーンズ・ウォリアー starts using 過重烈風 on クイーンズ・ウォリアー.
[23:13:07.289] 14:582C:クイーンズ・ウォリアー starts using 大烈風 on クイーンズ・ウォリアー.
[23:13:07.289] 14:582B:クイーンズ・ウォリアー starts using 過重力 on クイーンズ・ウォリアー.
[23:13:06.000] 00:282b:クイーンズ・ウォリアーは「過重烈風」の構え。
[23:13:09.160] 14:5815:クイーンズ・ナイト starts using 盾の型 on クイーンズ・ナイト.
[23:13:08.000] 00:282b:クイーンズ・ナイトは「盾の型」の構え。
[23:13:11.838] 00:0000:Hojoring:[EX] Added new combatant. name=英雄の影身 X=26.42 Y=18.39 Z=-0.86 hp=123916
[23:13:13.821] 00:0000:Hojoring:[EX] Added new combatant. name=英雄の影身 X=26.61 Y=18.11 Z=-0.86 hp=123916
[23:13:13.921] 00:0000:Hojoring:[EX] Added new combatant. name=デミ・バハムート X=26.52 Y=18.47 Z=-0.86 hp=135652
[23:13:12.145] 15:<id8>:クイーンズ・ナイト:5815:盾の型:<id8>:クイーンズ・ナイト:
[23:13:12.000] 00:282b:クイーンズ・ナイトの「盾の型」
[23:13:13.258] 15:<id8>:クイーンズ・ウォリアー:582A:過重烈風:<id8>:クイーンズ・ウォリアー:
[23:13:13.258] 16:<id8>:クイーンズ・ウォリアー:582C:大烈風:<id8>:[pc]:
[23:13:13.258] 16:<id8>:クイーンズ・ウォリアー:582C:大烈風:<id8>:[WAR]:
[23:13:13.258] 16:<id8>:クイーンズ・ウォリアー:582C:大烈風:<id8>:[PLD]:
[23:13:13.258] 16:<id8>:クイーンズ・ウォリアー:582C:大烈風:<id8>:[SMN]:
[23:13:13.258] 16:<id8>:クイーンズ・ウォリアー:582B:過重力:<id8>:[pc]:
[23:13:13.259] 16:<id8>:クイーンズ・ウォリアー:582B:過重力:<id8>:[mex]:
[23:13:13.259] 16:<id8>:クイーンズ・ウォリアー:582B:過重力:<id8>:[MNK]:
[23:13:13.259] 16:<id8>:クイーンズ・ウォリアー:582B:過重力:<id8>:[DNC]:
[23:13:13.259] 16:<id8>:クイーンズ・ウォリアー:582B:過重力:<id8>:[NIN]:
[23:13:13.259] 16:<id8>:クイーンズ・ウォリアー:582B:過重力:<id8>:[SCH]:
[23:13:16.228] 00:0000:Hojoring:[EX] Added new combatant. name=デミ・バハムート X=26.55 Y=18.04 Z=-0.86 hp=135652
[23:13:13.879] 1A:102E1133:[pc] gains the effect of 破滅の刻印：参 from クイーンズ・ウォリアー for 30.00 Seconds.
[23:13:13.879] 1A:102E1133:[pc] gains the effect of ノックダウン from クイーンズ・ウォリアー for 3.00 Seconds.
[23:13:13.879] 1A:102E1133:[pc] gains the effect of ペイン from クイーンズ・ウォリアー for 18.00 Seconds.
[23:13:13.000] 00:282b:クイーンズ・ウォリアーの「過重烈風」
[23:13:14.101] 1A:1007331B:[pc] gains the effect of 破滅の刻印：参 from クイーンズ・ウォリアー for 30.00 Seconds.
[23:13:14.101] 1A:1007331B:[pc] gains the effect of 裂傷 from クイーンズ・ウォリアー for 18.00 Seconds.
[23:13:14.193] 1A:10236A3A:[pc] gains the effect of 破滅の刻印：参 from クイーンズ・ウォリアー for 30.00 Seconds.
[23:13:14.193] 1A:10236A3A:[pc] gains the effect of 裂傷 from クイーンズ・ウォリアー for 18.00 Seconds.
[23:13:14.456] 1A:102EF4FC:[pc] gains the effect of 破滅の刻印：参 from クイーンズ・ウォリアー for 30.00 Seconds.
[23:13:14.456] 1A:102EF4FC:[pc] gains the effect of 裂傷 from クイーンズ・ウォリアー for 18.00 Seconds.
[23:13:15.306] 14:5817:クイーンズ・ナイト starts using 武装戦技 on クイーンズ・ナイト.
[23:13:15.306] 14:5818:クイーンズ・ナイト starts using 武装戦技 on クイーンズ・ナイト.
[23:13:14.000] 00:282b:クイーンズ・ナイトは「武装戦技」の構え。
[23:13:19.392] 00:0000:Hojoring:[EX] Added new combatant. name=イフリート・エギ X=26.42 Y=18.40 Z=-0.86 hp=150726
[23:13:17.000] 00:282b:クイーンズ・ウォリアーは「ためる」の構え。
[23:13:18.331] 14:582D:クイーンズ・ウォリアー starts using ためる on クイーンズ・ウォリアー.
[23:13:20.293] 15:<id8>:クイーンズ・ナイト:5817:武装戦技:<id8>::
[23:13:20.293] 15:<id8>:クイーンズ・ナイト:5818:武装戦技:<id8>::
[23:13:20.000] 00:282b:クイーンズ・ナイトの「武装戦技」
[23:13:22.297] 15:<id8>:クイーンズ・ウォリアー:582D:ためる:<id8>:クイーンズ・ウォリアー:
[23:13:22.000] 00:282b:クイーンズ・ウォリアーの「ためる」
[23:13:25.406] 00:0000:Hojoring:[EX] Added new combatant. name=デミ・フェニックス X=26.42 Y=18.24 Z=-0.86 hp=150726
[23:13:27.458] 00:0000:Hojoring:[EX] Added new combatant. name=フェアリー・エオス X=26.37 Y=18.13 Z=-0.86 hp=150726
[23:13:25.455] 14:5831:クイーンズ・ウォリアー starts using 波動斬 on クイーンズ・ウォリアー.
[23:13:25.455] 14:5821:クイーンズ・ナイト starts using 波動斬 on クイーンズ・ナイト.
[23:13:25.455] 14:4B33:クイーンズ・ウォリアー starts using 波動斬 on クイーンズ・ウォリアー.
[23:13:25.455] 14:4B34:クイーンズ・ウォリアー starts using 波動斬 on クイーンズ・ウォリアー.
[23:13:25.455] 14:4B34:クイーンズ・ナイト starts using 波動斬 on クイーンズ・ナイト.
[23:13:27.849] 00:0000:Hojoring:[EX] Added new combatant. name=英雄の影身 X=26.35 Y=18.16 Z=-0.86 hp=123916
[23:13:25.000] 00:282b:クイーンズ・ウォリアーは「波動斬」の構え。
[23:13:25.000] 00:282b:クイーンズ・ナイトは「波動斬」の構え。
[23:13:28.242] 00:0000:Hojoring:[EX] Added new combatant. name=セラフィム X=26.37 Y=18.14 Z=-0.86 hp=150726
[23:13:29.444] 00:0000:Hojoring:[EX] Added new combatant. name=デミ・フェニックス X=26.57 Y=18.27 Z=-0.86 hp=150726
[23:13:30.453] 15:<id8>:クイーンズ・ウォリアー:5831:波動斬:<id8>:クイーンズ・ウォリアー:
[23:13:30.453] 15:<id8>:クイーンズ・ナイト:5821:波動斬:<id8>:クイーンズ・ナイト:
[23:13:30.453] 16:<id8>:クイーンズ・ナイト:4B33:波動斬:<id8>:[pc]:
[23:13:30.453] 16:<id8>:クイーンズ・ナイト:4B33:波動斬:<id8>:[SCH]:
[23:13:30.453] 16:<id8>:クイーンズ・ナイト:4B33:波動斬:<id8>:[mex]:
[23:13:30.453] 16:<id8>:クイーンズ・ナイト:4B33:波動斬:<id8>:[WAR]:
[23:13:30.453] 16:<id8>:クイーンズ・ナイト:4B33:波動斬:<id8>:[DNC]:
[23:13:30.453] 16:<id8>:クイーンズ・ナイト:4B33:波動斬:<id8>:[NIN]:
[23:13:30.453] 16:<id8>:クイーンズ・ナイト:4B33:波動斬:<id8>:[SMN]:
[23:13:30.453] 16:<id8>:クイーンズ・ナイト:4B33:波動斬:<id8>:[MNK]:
[23:13:30.453] 16:<id8>:クイーンズ・ナイト:4B33:波動斬:<id8>:[PLD]:
[23:13:30.457] 16:<id8>:クイーンズ・ウォリアー:4B34:波動斬:<id8>:[pc]:
[23:13:30.457] 16:<id8>:クイーンズ・ウォリアー:4B34:波動斬:<id8>:[WAR]:
[23:13:30.457] 16:<id8>:クイーンズ・ウォリアー:4B34:波動斬:<id8>:[DNC]:
[23:13:30.457] 16:<id8>:クイーンズ・ウォリアー:4B34:波動斬:<id8>:[NIN]:
[23:13:30.457] 16:<id8>:クイーンズ・ウォリアー:4B34:波動斬:<id8>:[mex]:
[23:13:30.457] 16:<id8>:クイーンズ・ウォリアー:4B34:波動斬:<id8>:[SCH]:
[23:13:30.457] 16:<id8>:クイーンズ・ウォリアー:4B34:波動斬:<id8>:[PLD]:
[23:13:30.457] 16:<id8>:クイーンズ・ウォリアー:4B34:波動斬:<id8>:[MNK]:
[23:13:30.457] 16:<id8>:クイーンズ・ウォリアー:4B34:波動斬:<id8>:[SMN]:
[23:13:33.437] 00:0000:Hojoring:[EX] Added new combatant. name=アーサリースター X=26.50 Y=18.23 Z=-0.86 hp=150726
[23:13:30.000] 00:282b:クイーンズ・ナイトの「波動斬」
[23:13:30.000] 00:282b:クイーンズ・ウォリアーの「波動斬」
[23:13:33.830] 00:0000:Hojoring:[EX] Added new combatant. name=カーバンクル・ルビー X=26.59 Y=18.23 Z=-0.86 hp=150726
[23:13:36.270] 00:0000:Hojoring:[EX] Added new combatant. name=カーバンクル・トパーズ X=26.64 Y=18.28 Z=-0.86 hp=150726
[23:13:34.635] 14:5832:クイーンズ・ウォリアー starts using 滅多斬り on Yuu Hinata.
[23:13:34.635] 14:5822:クイーンズ・ナイト starts using 滅多斬り on Fire Aniki.
[23:13:34.000] 00:282b:クイーンズ・ウォリアーは「滅多斬り」の構え。
[23:13:34.000] 00:282b:クイーンズ・ナイトは「滅多斬り」の構え。
[23:13:39.628] 15:<id8>:クイーンズ・ウォリアー:5832:滅多斬り:<id8>:[pc]:
[23:13:39.628] 15:<id8>:クイーンズ・ナイト:5822:滅多斬り:<id8>:[pc]:
[23:13:39.000] 00:282b:クイーンズ・ナイトの「滅多斬り」
[23:13:39.000] 00:282b:クイーンズ・ウォリアーの「滅多斬り」
[23:13:45.472] 00:0000:Hojoring:[EX] Added new combatant. name=カーバンクル・ルビー X=26.65 Y=18.29 Z=-0.86 hp=150726
[23:13:49.495] 00:0000:Hojoring:[EX] Added new combatant. name=カーバンクル・ルビー X=26.61 Y=18.31 Z=-0.86 hp=150726
[23:13:49.913] 00:0000:Hojoring:[EX] Added new combatant. name=オートマトン・クイーン X=26.50 Y=18.34 Z=-0.86 hp=149525
[23:13:50.274] 00:0000:Hojoring:[EX] Added new combatant. name=フェアリー・エオス X=26.56 Y=18.13 Z=-0.86 hp=150726
[23:13:51.091] 00:0000:Hojoring:[EX] Added new combatant. name=デミ・フェニックス X=26.56 Y=18.32 Z=-0.86 hp=150726
[23:13:55.692] 00:0000:Hojoring:[EX] Beacon X=26.53 Y=18.21 Z=-0.86 zone=Delubrum Reginae (Savage)
[23:13:56.879] 14:5825:クイーンズ・ウォリアー starts using 連携戦技 on クイーンズ・ウォリアー.
[23:13:56.000] 00:282b:クイーンズ・ウォリアーは「連携戦技」の構え。
[23:13:56.000] 00:282b:クイーンズ・ナイトは「連携戦技」の構え。
[23:13:56.921] 14:5813:クイーンズ・ナイト starts using 連携戦技 on クイーンズ・ナイト.
[23:14:02.317] 00:0000:Hojoring:[EX] Added new combatant. name=デミ・フェニックス X=26.57 Y=18.32 Z=-0.86 hp=150726
[23:14:01.874] 15:<id8>:クイーンズ・ウォリアー:5825:連携戦技:<id8>:クイーンズ・ウォリアー:
[23:14:01.920] 15:<id8>:クイーンズ・ナイト:5813:連携戦技:<id8>:クイーンズ・ナイト:
[23:14:02.000] 00:282b:クイーンズ・ウォリアーの「連携戦技」
[23:14:02.000] 00:282b:クイーンズ・ナイトの「連携戦技」
[23:14:05.931] 00:0000:Hojoring:[EX] Added new combatant. name=デミ・バハムート X=26.66 Y=18.39 Z=-0.86 hp=135652
[23:14:04.000] 00:282b:クイーンズ・ナイトは「剣の型」の構え。
[23:14:05.083] 14:5814:クイーンズ・ナイト starts using 剣の型 on クイーンズ・ナイト.
[23:14:05.000] 00:282b:クイーンズ・ウォリアーは「爆弾投擲」の構え。
[23:14:06.062] 14:5AFE:クイーンズ・ウォリアー starts using 爆弾投擲 on クイーンズ・ウォリアー.
[23:14:08.068] 15:<id8>:クイーンズ・ナイト:5814:剣の型:<id8>:クイーンズ・ナイト:
[23:14:10.757] 00:0000:Hojoring:[EX] Added new combatant. name=カーバンクル・ルビー X=26.66 Y=18.32 Z=-0.86 hp=150726
[23:14:08.000] 00:282b:クイーンズ・ナイトの「剣の型」
[23:14:09.052] 15:<id8>:クイーンズ・ウォリアー:5AFE:爆弾投擲:<id8>:クイーンズ・ウォリアー:
[23:14:09.000] 00:282b:クイーンズ・ウォリアーの「爆弾投擲」
[23:14:12.346] 00:0000:Hojoring:[EX] Added new combatant. name=大魔弾 X=26.46 Y=18.44 Z=-0.86 hp=266400
[23:14:12.346] 00:0000:Hojoring:[EX] Added new combatant. name=魔弾 X=26.20 Y=18.34 Z=-0.86 hp=266400
[23:14:12.346] 00:0000:Hojoring:[EX] Added new combatant. name=魔弾 X=26.57 Y=18.18 Z=-0.86 hp=266400
[23:14:12.378] 00:0000:Hojoring:[EX] Added new combatant. name=魔弾 X=26.68 Y=18.56 Z=-0.86 hp=266400
[23:14:12.378] 00:0000:Hojoring:[EX] Added new combatant. name=大魔弾 X=26.30 Y=18.08 Z=-0.86 hp=266400
[23:14:12.378] 00:0000:Hojoring:[EX] Added new combatant. name=大魔弾 X=26.38 Y=18.68 Z=-0.86 hp=266400
[23:14:12.378] 00:0000:Hojoring:[EX] Added new combatant. name=魔弾 X=26.08 Y=17.96 Z=-0.86 hp=266400
[23:14:12.378] 00:0000:Hojoring:[EX] Added new combatant. name=魔弾 X=26.08 Y=18.56 Z=-0.86 hp=266400
[23:14:12.378] 00:0000:Hojoring:[EX] Added new combatant. name=大魔弾 X=25.96 Y=18.26 Z=-0.86 hp=266400
[23:14:12.419] 00:0000:Hojoring:[EX] Added new combatant. name=大魔弾 X=26.38 Y=17.84 Z=-0.86 hp=266400
[23:14:12.419] 00:0000:Hojoring:[EX] Added new combatant. name=魔弾 X=26.68 Y=17.96 Z=-0.86 hp=266400
[23:14:12.419] 00:0000:Hojoring:[EX] Added new combatant. name=大魔弾 X=26.80 Y=18.26 Z=-0.86 hp=266400
[23:14:12.128] 1B:<id8>:[pc]:0000:0000:01B1:0000:0000:0000:
[23:14:12.128] 1B:<id8>:[PLD]:0000:0000:01B1:0000:0000:0000:
[23:14:12.128] 1B:<id8>:[pc]:0000:0000:01B1:0000:0000:0000:
[23:14:12.128] 1B:<id8>:[SMN]:0000:0000:01B1:0000:0000:0000:
[23:14:12.128] 1B:<id8>:[pc]:0000:0000:01B1:0000:0000:0000:
[23:14:12.128] 1B:<id8>:[pc]:0000:0000:01B1:0000:0000:0000:
[23:14:12.128] 1B:<id8>:[pc]:0000:0000:01B1:0000:0000:0000:
[23:14:12.128] 1B:<id8>:[MNK]:0000:0000:01B1:0000:0000:0000:
[23:14:12.128] 1B:<id8>:[pc]:0000:0000:01B1:0000:0000:0000:
[23:14:12.128] 1B:<id8>:[pc]:0000:0000:01B1:0000:0000:0000:
[23:14:12.128] 1B:<id8>:[pc]:0000:0000:01B1:0000:0000:0000:
[23:14:12.128] 1B:<id8>:[pc]:0000:0000:01B1:0000:0000:0000:
[23:14:12.132] 1B:<id8>:[pc]:0000:0000:01B1:0000:0000:0000:
[23:14:12.132] 1B:<id8>:[pc]:0000:0000:01B1:0000:0000:0000:
[23:14:12.132] 1B:<id8>:[pc]:0000:0000:01B1:0000:0000:0000:
[23:14:12.132] 1B:<id8>:[pc]:0000:0000:01B1:0000:0000:0000:
[23:14:12.132] 1B:<id8>:[pc]:0000:0000:01B1:0000:0000:0000:
[23:14:12.132] 1B:<id8>:[pc]:0000:0000:01B1:0000:0000:0000:
[23:14:12.132] 1B:<id8>:[pc]:0000:0000:01B1:0000:0000:0000:
[23:14:12.132] 1B:<id8>:[pc]:0000:0000:01B1:0000:0000:0000:
[23:14:12.132] 1B:<id8>:[pc]:0000:0000:01B1:0000:0000:0000:
[23:14:12.132] 1B:<id8>:[pc]:0000:0000:01B1:0000:0000:0000:
[23:14:12.132] 1B:<id8>:[pc]:0000:0000:01B1:0000:0000:0000:
[23:14:12.132] 1B:<id8>:[pc]:0000:0000:01B1:0000:0000:0000:
[23:14:11.000] 00:282b:クイーンズ・ウォリアーは「質量転換」の構え。
[23:14:12.213] 14:5829:クイーンズ・ウォリアー starts using 質量転換 on クイーンズ・ウォリアー.
[23:14:12.213] 14:5A94:クイーンズ・ウォリアー starts using Unknown_5A94 on クイーンズ・ウォリアー.
[23:14:16.183] 15:<id8>:クイーンズ・ウォリアー:5829:質量転換:<id8>:クイーンズ・ウォリアー:
[23:14:16.183] 15:<id8>:クイーンズ・ウォリアー:5A94:Unknown_5A94:<id8>:クイーンズ・ウォリアー:
[23:14:16.000] 00:282b:クイーンズ・ウォリアーの「質量転換」
[23:14:19.609] 00:0000:Hojoring:[EX] Added new combatant. name=魔気 X=26.38 Y=18.26 Z=-0.86 hp=266400
[23:14:18.000] 00:282b:クイーンズ・ナイトは「武装突撃」の構え。
[23:14:18.454] 14:5819:クイーンズ・ナイト starts using 武装突撃 on Unknown.
[23:14:22.422] 00:0000:Hojoring:[EX] Added new combatant. name=カーバンクル・トパーズ X=26.73 Y=18.58 Z=-0.86 hp=150726
[23:14:20.000] 00:282b:クイーンズ・ウォリアーは「浮遊波」の構え。
[23:14:21.351] 14:5826:クイーンズ・ウォリアー starts using 浮遊波 on クイーンズ・ウォリアー.
[23:14:21.351] 14:5B72:クイーンズ・ウォリアー starts using Unknown_5B72 on クイーンズ・ウォリアー.
[23:14:26.045] 00:0000:Hojoring:[EX] Added new combatant. name=イフリート・エギ X=26.45 Y=18.68 Z=-0.86 hp=150726
[23:14:25.446] 15:<id8>:クイーンズ・ナイト:5819:武装突撃:<id8>::
[23:14:25.000] 00:282b:クイーンズ・ナイトの「武装突撃」
[23:14:26.068] 14:581D:魔気 starts using 魔爆 on 魔気.
[23:14:27.051] 15:<id8>:魔気:581D:魔爆:<id8>:[pc]:
[23:14:27.317] 15:<id8>:クイーンズ・ウォリアー:5826:浮遊波:<id8>:クイーンズ・ウォリアー:
[23:14:27.317] 15:<id8>:クイーンズ・ウォリアー:5B72:Unknown_5B72:<id8>:クイーンズ・ウォリアー:
[23:14:27.000] 00:282b:魔気の「魔爆」
[23:14:27.717] 1A:1029BE04:[pc] gains the effect of 破滅の刻印：参 from 魔気 for 30.00 Seconds.
[23:14:27.000] 00:282b:クイーンズ・ウォリアーの「浮遊波」
[23:14:30.348] 15:<id8>:大魔弾:5B6D:魔爆発:<id8>::
[23:14:30.348] 16:<id8>:大魔弾:5B6D:魔爆発:<id8>:[pc]:
[23:14:30.348] 16:<id8>:大魔弾:5B6D:魔爆発:<id8>:[SCH]:
[23:14:30.350] 16:<id8>:大魔弾:5B6D:魔爆発:<id8>:[mex]:
[23:14:30.350] 16:<id8>:大魔弾:5B6D:魔爆発:<id8>:[WAR]:
[23:14:30.350] 16:<id8>:大魔弾:5B6D:魔爆発:<id8>:[NIN]:
[23:14:30.350] 16:<id8>:大魔弾:5B6D:魔爆発:<id8>:[DNC]:
[23:14:33.379] 15:<id8>:魔弾:5B6C:魔爆発:<id8>::
[23:14:33.379] 16:<id8>:魔弾:5B6C:魔爆発:<id8>:[pc]:
[23:14:33.379] 16:<id8>:魔弾:5B6C:魔爆発:<id8>:[SMN]:
[23:14:33.379] 14:5BB7:魔弾 starts using 魔爆発 on Unknown.
[23:14:33.382] 14:5BB7:魔弾 starts using 魔爆発 on Unknown.
[23:14:34.538] 15:<id8>:魔弾:5BB7:魔爆発:<id8>::
[23:14:34.538] 16:<id8>:魔弾:5BB7:魔爆発:<id8>:[pc]:
[23:14:34.716] 1A:1002EEB9:[pc] gains the effect of 破滅の刻印：参 from 魔弾 for 30.00 Seconds.
[23:14:34.716] 1A:102EECAC:[pc] gains the effect of 破滅の刻印：参 from 魔弾 for 30.00 Seconds.
[23:14:34.758] 1A:101B47AB:[pc] gains the effect of 破滅の刻印：参 from 魔弾 for 30.00 Seconds.
[23:14:34.805] 1A:10303AA2:[pc] gains the effect of 破滅の刻印：参 from 魔弾 for 30.00 Seconds.
[23:14:41.253] 00:0000:Hojoring:[EX] Added new combatant. name=英雄の影身 X=26.47 Y=18.32 Z=-0.86 hp=123916
[23:14:39.528] 14:582D:クイーンズ・ウォリアー starts using ためる on クイーンズ・ウォリアー.
[23:14:39.000] 00:282b:クイーンズ・ウォリアーは「ためる」の構え。
[23:14:43.493] 15:<id8>:クイーンズ・ウォリアー:582D:ためる:<id8>:クイーンズ・ウォリアー:
[23:14:43.000] 00:282b:クイーンズ・ウォリアーの「ためる」
[23:14:46.840] 00:0000:Hojoring:[EX] Added new combatant. name=アーサリースター X=26.42 Y=18.34 Z=-0.86 hp=150726
[23:14:46.566] 14:5821:クイーンズ・ナイト starts using 波動斬 on クイーンズ・ナイト.
[23:14:46.566] 14:4B33:クイーンズ・ナイト starts using 波動斬 on クイーンズ・ナイト.
[23:14:46.000] 00:282b:クイーンズ・ナイトは「波動斬」の構え。
[23:14:51.556] 15:<id8>:クイーンズ・ナイト:5821:波動斬:<id8>:クイーンズ・ナイト:
[23:14:51.556] 16:<id8>:クイーンズ・ナイト:4B33:波動斬:<id8>:[pc]:
[23:14:51.556] 16:<id8>:クイーンズ・ナイト:4B33:波動斬:<id8>:[mex]:
[23:14:51.556] 16:<id8>:クイーンズ・ナイト:4B33:波動斬:<id8>:[WAR]:
[23:14:51.556] 16:<id8>:クイーンズ・ナイト:4B33:波動斬:<id8>:[NIN]:
[23:14:51.556] 16:<id8>:クイーンズ・ナイト:4B33:波動斬:<id8>:[SCH]:
[23:14:51.556] 16:<id8>:クイーンズ・ナイト:4B33:波動斬:<id8>:[DNC]:
[23:14:51.556] 16:<id8>:クイーンズ・ナイト:4B33:波動斬:<id8>:[MNK]:
[23:14:51.556] 16:<id8>:クイーンズ・ナイト:4B33:波動斬:<id8>:[PLD]:
[23:14:51.556] 16:<id8>:クイーンズ・ナイト:4B33:波動斬:<id8>:[SMN]:
[23:14:51.000] 00:282b:クイーンズ・ナイトの「波動斬」
[23:14:55.709] 00:0000:Hojoring:[EX] Beacon X=26.39 Y=18.29 Z=-0.86 zone=Delubrum Reginae (Savage)
[23:14:58.885] 00:0000:Hojoring:[EX] Added new combatant. name=ソルジャーの分体 X=26.38 Y=18.26 Z=-0.86 hp=266400
[23:14:58.916] 00:0000:Hojoring:[EX] Added new combatant. name=ソルジャーの分体 X=26.38 Y=18.26 Z=-0.86 hp=266400
[23:15:02.082] 00:0000:Hojoring:[EX] Added new combatant. name=分身 X=26.24 Y=18.27 Z=-0.86 hp=149486
[23:15:02.082] 00:0000:Hojoring:[EX] Added new combatant. name=アーサリースター X=26.32 Y=18.29 Z=-0.86 hp=150726
[23:15:02.082] 00:0000:Hojoring:[EX] Added new combatant. name=分身 X=26.54 Y=18.30 Z=-0.86 hp=149486
[23:15:03.297] 00:0000:Hojoring:[EX] Added new combatant. name=分身 X=26.21 Y=18.26 Z=-0.86 hp=149486
[23:15:03.297] 00:0000:Hojoring:[EX] Added new combatant. name=オートマトン・クイーン X=26.37 Y=18.36 Z=-0.86 hp=149525
[23:15:03.671] 00:0000:Hojoring:[EX] Added new combatant. name=デミ・フェニックス X=26.49 Y=18.45 Z=-0.86 hp=150726
[23:15:03.671] 00:0000:Hojoring:[EX] Added new combatant. name=分身 X=26.52 Y=18.28 Z=-0.86 hp=149486
[23:15:02.027] 15:<id8>:クイーンズ・ガンナー:5858:Unknown_5858:<id8>:[pc]:
[23:15:05.057] 15:<id8>:クイーンズ・ガンナー:5858:Unknown_5858:<id8>:[pc]:
[23:15:05.000] 00:282b:クイーンズ・ガンナーは「連携戦技」の構え。
[23:15:05.000] 00:282b:クイーンズ・ソルジャーは「連携戦技」の構え。
[23:15:06.125] 14:5844:クイーンズ・ガンナー starts using 連携戦技 on クイーンズ・ガンナー.
[23:15:06.125] 14:5834:クイーンズ・ソルジャー starts using 連携戦技 on クイーンズ・ソルジャー.
[23:15:12.107] 00:0000:Hojoring:[EX] Added new combatant. name=デミ・バハムート X=26.29 Y=18.47 Z=-0.86 hp=135652
[23:15:11.111] 15:<id8>:クイーンズ・ガンナー:5844:連携戦技:<id8>:クイーンズ・ガンナー:
[23:15:11.111] 15:<id8>:クイーンズ・ソルジャー:5834:連携戦技:<id8>:クイーンズ・ソルジャー:
[23:15:13.703] 00:0000:Hojoring:[EX] Added new combatant. name=デミ・バハムート X=26.34 Y=18.40 Z=-0.86 hp=135652
[23:15:14.154] 00:0000:Hojoring:[EX] Added new combatant. name=英雄の影身 X=26.14 Y=18.33 Z=-0.86 hp=123916
[23:15:14.154] 00:0000:Hojoring:[EX] Added new combatant. name=英雄の影身 X=26.18 Y=18.30 Z=-0.86 hp=123916
[23:15:11.000] 00:282b:クイーンズ・ガンナーの「連携戦技」
[23:15:11.000] 00:282b:クイーンズ・ソルジャーの「連携戦技」
[23:15:14.909] 00:0000:Hojoring:[EX] Added new combatant. name=デミ・バハムート X=26.40 Y=18.33 Z=-0.86 hp=135652
[23:15:13.115] 15:<id8>:クイーンズ・ガンナー:5858:Unknown_5858:<id8>:[pc]:
[23:15:14.273] 14:583B:クイーンズ・ソルジャー starts using 火球 on クイーンズ・ソルジャー.
[23:15:13.000] 00:282b:クイーンズ・ソルジャーは「火球」の構え。
[23:15:17.308] 00:0000:Hojoring:[EX] Added new combatant. name=デミ・バハムート X=26.28 Y=18.36 Z=-0.86 hp=135652
[23:15:16.143] 15:<id8>:クイーンズ・ガンナー:5858:Unknown_5858:<id8>:[pc]:
[23:15:17.257] 15:<id8>:クイーンズ・ソルジャー:583B:火球:<id8>:クイーンズ・ソルジャー:
[23:15:17.000] 00:282b:クイーンズ・ソルジャーの「火球」
[23:15:20.555] 00:0000:Hojoring:[EX] Added new combatant. name=大火焔 X=26.68 Y=18.26 Z=-0.86 hp=266400
[23:15:20.555] 00:0000:Hojoring:[EX] Added new combatant. name=火焔 X=26.38 Y=18.56 Z=-0.86 hp=266400
[23:15:20.555] 00:0000:Hojoring:[EX] Added new combatant. name=火焔 X=26.08 Y=18.26 Z=-0.86 hp=266400
[23:15:20.555] 00:0000:Hojoring:[EX] Added new combatant. name=大火焔 X=26.38 Y=17.96 Z=-0.86 hp=266400
[23:15:19.176] 15:<id8>:クイーンズ・ガンナー:5858:Unknown_5858:<id8>:[pc]:
[23:15:20.420] 14:583C:クイーンズ・ソルジャー starts using 幻惑術 on クイーンズ・ソルジャー.
[23:15:19.000] 00:282b:クイーンズ・ソルジャーは「幻惑術」の構え。
[23:15:23.705] 00:0000:Hojoring:[EX] Added new combatant. name=イフリート・エギ X=26.34 Y=18.46 Z=-0.86 hp=150726
[23:15:22.204] 15:<id8>:クイーンズ・ガンナー:5858:Unknown_5858:<id8>:[pc]:
[23:15:25.236] 15:<id8>:クイーンズ・ガンナー:5858:Unknown_5858:<id8>:[pc]:
[23:15:26.391] 15:<id8>:クイーンズ・ソルジャー:583C:幻惑術:<id8>:クイーンズ・ソルジャー:
[23:15:26.000] 00:282b:クイーンズ・ソルジャーの「幻惑術」
[23:15:32.151] 00:0000:Hojoring:[EX] Added new combatant. name=カーバンクル・ルビー X=26.43 Y=18.65 Z=-0.86 hp=150726
[23:15:32.956] 00:0000:Hojoring:[EX] Added new combatant. name=オートタレット X=25.88 Y=18.11 Z=-0.86 hp=266400
[23:15:32.956] 00:0000:Hojoring:[EX] Added new combatant. name=オートタレット X=25.88 Y=18.71 Z=-0.86 hp=266400
[23:15:32.956] 00:0000:Hojoring:[EX] Added new combatant. name=オートタレット X=25.88 Y=18.51 Z=-0.86 hp=266400
[23:15:32.956] 00:0000:Hojoring:[EX] Added new combatant. name=オートタレット X=25.88 Y=18.31 Z=-0.86 hp=266400
[23:15:32.956] 00:0000:Hojoring:[EX] Added new combatant. name=オートタレット X=25.88 Y=17.91 Z=-0.86 hp=266400
[23:15:32.956] 00:0000:Hojoring:[EX] Added new combatant. name=オートタレット X=26.88 Y=18.61 Z=-0.86 hp=266400
[23:15:32.988] 00:0000:Hojoring:[EX] Added new combatant. name=オートタレット X=26.88 Y=17.81 Z=-0.86 hp=266400
[23:15:32.988] 00:0000:Hojoring:[EX] Added new combatant. name=オートタレット X=26.88 Y=18.01 Z=-0.86 hp=266400
[23:15:32.988] 00:0000:Hojoring:[EX] Added new combatant. name=オートタレット X=26.88 Y=18.21 Z=-0.86 hp=266400
[23:15:32.988] 00:0000:Hojoring:[EX] Added new combatant. name=オートタレット X=26.88 Y=18.41 Z=-0.86 hp=266400
[23:15:33.372] 00:0000:Hojoring:[EX] Added new combatant. name=カーバンクル・ルビー X=26.29 Y=18.54 Z=-0.86 hp=150726
[23:15:32.454] 14:584B:クイーンズ・ガンナー starts using 解析 on クイーンズ・ガンナー.
[23:15:32.000] 00:282b:クイーンズ・ガンナーは「解析」の構え。
[23:15:34.988] 00:0000:Hojoring:[EX] Added new combatant. name=カーバンクル・ルビー X=26.40 Y=18.45 Z=-0.86 hp=150726
[23:15:37.059] 00:0000:Hojoring:[EX] Added new combatant. name=カーバンクル・トパーズ X=26.33 Y=18.33 Z=-0.86 hp=150726
[23:15:35.444] 15:<id8>:クイーンズ・ガンナー:584B:解析:<id8>:クイーンズ・ガンナー:
[23:15:36.000] 00:282b:クイーンズ・ガンナーの「解析」
[23:15:38.606] 14:584D:クイーンズ・ガンナー starts using 全方位射撃 on クイーンズ・ガンナー.
[23:15:38.606] 14:584C:クイーンズ・ガンナー starts using 全方位射撃 on クイーンズ・ガンナー.
[23:15:38.000] 00:282b:クイーンズ・ガンナーは「全方位射撃」の構え。
[23:15:40.569] 14:583E:大火焔 starts using 燃焼 on 大火焔.
[23:15:40.569] 14:583D:火焔 starts using 燃焼 on 火焔.
[23:15:42.034] 15:<id8>:大火焔:583E:燃焼:<id8>::
[23:15:42.034] 15:<id8>:火焔:583D:燃焼:<id8>::
[23:15:42.034] 15:<id8>:火焔:583D:燃焼:<id8>:[pc]:
[23:15:42.000] 00:282b:火焔の「燃焼」
[23:15:42.479] 1A:102DC0AC:[pc] gains the effect of 破滅の刻印：参 from 火焔 for 30.00 Seconds.
[23:15:42.000] 00:282b:大火焔の「燃焼」
[23:15:45.766] 00:0000:Hojoring:[EX] Added new combatant. name=デミ・フェニックス X=26.35 Y=17.83 Z=-0.86 hp=150726
[23:15:45.598] 16:<id8>:クイーンズ・ガンナー:584D:全方位射撃:<id8>:[pc]:
[23:15:45.598] 16:<id8>:クイーンズ・ガンナー:584D:全方位射撃:<id8>:[SMN]:
[23:15:45.598] 16:<id8>:クイーンズ・ガンナー:584D:全方位射撃:<id8>:[PLD]:
[23:15:45.598] 16:<id8>:クイーンズ・ガンナー:584D:全方位射撃:<id8>:[MNK]:
[23:15:45.598] 15:<id8>:クイーンズ・ガンナー:584C:全方位射撃:<id8>:クイーンズ・ガンナー:
[23:15:45.599] 16:<id8>:クイーンズ・ガンナー:584D:全方位射撃:<id8>:[SCH]:
[23:15:45.599] 16:<id8>:クイーンズ・ガンナー:584D:全方位射撃:<id8>:[mex]:
[23:15:45.599] 16:<id8>:クイーンズ・ガンナー:584D:全方位射撃:<id8>:[DNC]:
[23:15:45.599] 16:<id8>:クイーンズ・ガンナー:584D:全方位射撃:<id8>:[WAR]:
[23:15:45.599] 16:<id8>:クイーンズ・ガンナー:584D:全方位射撃:<id8>:[NIN]:
[23:15:45.000] 00:282b:クイーンズ・ガンナーの「全方位射撃」
[23:15:46.354] 1A:10274868:[pc] gains the effect of 破滅の刻印：参 from クイーンズ・ガンナー for 30.00 Seconds.
[23:15:46.440] 1A:10256B89:[pc] gains the effect of 破滅の刻印：参 from クイーンズ・ガンナー for 30.00 Seconds.
[23:15:46.485] 1A:1031FDAF:[pc] gains the effect of 破滅の刻印：参 from クイーンズ・ガンナー for 30.00 Seconds.
[23:15:46.711] 1A:1029842C:[pc] gains the effect of 破滅の刻印：参 from クイーンズ・ガンナー for 30.00 Seconds.
[23:15:55.732] 00:0000:Hojoring:[EX] Beacon X=26.33 Y=18.18 Z=-0.86 zone=Delubrum Reginae (Savage)
[23:15:56.622] 00:0000:Hojoring:[EX] Added new combatant. name=英雄の影身 X=26.05 Y=18.28 Z=-0.86 hp=123916
[23:15:54.640] 14:5842:クイーンズ・ソルジャー starts using 滅多斬り on Fire Aniki.
[23:15:54.000] 00:282b:クイーンズ・ソルジャーは「滅多斬り」の構え。
[23:15:54.000] 00:282b:クイーンズ・ガンナーは「片手撃ち」の構え。
[23:15:54.685] 14:5855:クイーンズ・ガンナー starts using 片手撃ち on Yuu Hinata.
[23:15:59.828] 00:0000:Hojoring:[EX] Added new combatant. name=デミ・フェニックス X=26.22 Y=18.29 Z=-0.86 hp=150726
[23:15:59.828] 00:0000:Hojoring:[EX] Added new combatant. name=デミ・フェニックス X=26.37 Y=18.34 Z=-0.86 hp=150726
[23:16:00.623] 00:0000:Hojoring:[EX] Added new combatant. name=アーサリースター X=26.26 Y=18.25 Z=-0.86 hp=150726
[23:16:00.623] 00:0000:Hojoring:[EX] Added new combatant. name=デミ・フェニックス X=26.25 Y=18.31 Z=-0.86 hp=150726
[23:15:59.631] 15:<id8>:クイーンズ・ソルジャー:5842:滅多斬り:<id8>:[pc]:
[23:15:59.675] 15:<id8>:クイーンズ・ガンナー:5855:片手撃ち:<id8>:[pc]:
[23:15:59.721] 15:<id8>:クイーンズ・ガンナー:5858:Unknown_5858:<id8>:[pc]:
[23:15:59.000] 00:282b:クイーンズ・ソルジャーの「滅多斬り」
[23:16:00.000] 00:282b:クイーンズ・ガンナーの「片手撃ち」
[23:16:03.475] 00:0000:Hojoring:[EX] Added new combatant. name=オートマトン・クイーン X=26.24 Y=18.29 Z=-0.86 hp=149525
[23:16:02.749] 15:<id8>:クイーンズ・ガンナー:5858:Unknown_5858:<id8>:[pc]:
[23:16:05.860] 00:0000:Hojoring:[EX] Added new combatant. name=アーサリースター X=26.07 Y=18.24 Z=-0.86 hp=150726
[23:16:05.860] 00:0000:Hojoring:[EX] Added new combatant. name=カーバンクル・ルビー X=26.37 Y=18.19 Z=-0.86 hp=150726
[23:16:03.000] 00:282b:クイーンズ・ソルジャーは「波動斬」の構え。
[23:16:03.822] 14:4B35:クイーンズ・ソルジャー starts using 波動斬 on クイーンズ・ソルジャー.
[23:16:03.822] 14:5841:クイーンズ・ソルジャー starts using 波動斬 on クイーンズ・ソルジャー.
[23:16:03.863] 14:4B36:クイーンズ・ガンナー starts using 全方位射撃 on クイーンズ・ガンナー.
[23:16:03.863] 14:5854:クイーンズ・ガンナー starts using 全方位射撃 on クイーンズ・ガンナー.
[23:16:03.000] 00:282b:クイーンズ・ガンナーは「全方位射撃」の構え。
[23:16:08.816] 16:<id8>:クイーンズ・ソルジャー:4B35:波動斬:<id8>:[pc]:
[23:16:08.816] 16:<id8>:クイーンズ・ソルジャー:4B35:波動斬:<id8>:[SMN]:
[23:16:08.816] 16:<id8>:クイーンズ・ソルジャー:4B35:波動斬:<id8>:[MNK]:
[23:16:08.816] 16:<id8>:クイーンズ・ソルジャー:4B35:波動斬:<id8>:[PLD]:
[23:16:08.821] 15:<id8>:クイーンズ・ソルジャー:5841:波動斬:<id8>:クイーンズ・ソルジャー:
[23:16:08.821] 16:<id8>:クイーンズ・ソルジャー:4B35:波動斬:<id8>:[SCH]:
[23:16:08.821] 16:<id8>:クイーンズ・ソルジャー:4B35:波動斬:<id8>:[mex]:
[23:16:08.821] 16:<id8>:クイーンズ・ソルジャー:4B35:波動斬:<id8>:[DNC]:
[23:16:08.821] 16:<id8>:クイーンズ・ソルジャー:4B35:波動斬:<id8>:[WAR]:
[23:16:08.821] 16:<id8>:クイーンズ・ソルジャー:4B35:波動斬:<id8>:[NIN]:
[23:16:08.861] 16:<id8>:クイーンズ・ガンナー:4B36:全方位射撃:<id8>:[PLD]:
[23:16:08.861] 16:<id8>:クイーンズ・ガンナー:4B36:全方位射撃:<id8>:[pc]:
[23:16:08.861] 16:<id8>:クイーンズ・ガンナー:4B36:全方位射撃:<id8>:[MNK]:
[23:16:08.861] 16:<id8>:クイーンズ・ガンナー:4B36:全方位射撃:<id8>:[SMN]:
[23:16:08.861] 15:<id8>:クイーンズ・ガンナー:5854:全方位射撃:<id8>:クイーンズ・ガンナー:
[23:16:08.863] 16:<id8>:クイーンズ・ガンナー:4B36:全方位射撃:<id8>:[NIN]:
[23:16:08.863] 16:<id8>:クイーンズ・ガンナー:4B36:全方位射撃:<id8>:[WAR]:
[23:16:08.863] 16:<id8>:クイーンズ・ガンナー:4B36:全方位射撃:<id8>:[DNC]:
[23:16:08.863] 16:<id8>:クイーンズ・ガンナー:4B36:全方位射撃:<id8>:[SCH]:
[23:16:08.863] 16:<id8>:クイーンズ・ガンナー:4B36:全方位射撃:<id8>:[mex]:
[23:16:08.000] 00:282b:クイーンズ・ガンナーの「全方位射撃」
[23:16:09.000] 00:282b:クイーンズ・ソルジャーの「波動斬」
[23:16:10.821] 15:<id8>:クイーンズ・ガンナー:5858:Unknown_5858:<id8>:[pc]:
[23:16:13.854] 15:<id8>:クイーンズ・ガンナー:5858:Unknown_5858:<id8>:[pc]:
[23:16:16.884] 15:<id8>:クイーンズ・ガンナー:5858:Unknown_5858:<id8>:[pc]:
[23:16:19.483] 00:0000:Hojoring:[EX] Added new combatant. name=カーバンクル・ルビー X=26.33 Y=18.31 Z=-0.86 hp=150726
[23:16:19.908] 00:0000:Hojoring:[EX] Added new combatant. name=カーバンクル・トパーズ X=26.24 Y=18.35 Z=-0.86 hp=150726
[23:16:20.682] 00:0000:Hojoring:[EX] Added new combatant. name=カーバンクル・ルビー X=26.28 Y=18.41 Z=-0.86 hp=150726
[23:16:20.783] 00:0000:Hojoring:[EX] Added new combatant. name=デミ・バハムート X=26.24 Y=18.42 Z=-0.86 hp=135652
[23:16:19.107] 14:5844:クイーンズ・ガンナー starts using 連携戦技 on クイーンズ・ガンナー.
[23:16:19.107] 14:5834:クイーンズ・ソルジャー starts using 連携戦技 on クイーンズ・ソルジャー.
[23:16:18.000] 00:282b:クイーンズ・ガンナーは「連携戦技」の構え。
[23:16:18.000] 00:282b:クイーンズ・ソルジャーは「連携戦技」の構え。
[23:16:24.099] 15:<id8>:クイーンズ・ガンナー:5844:連携戦技:<id8>:クイーンズ・ガンナー:
[23:16:24.099] 15:<id8>:クイーンズ・ソルジャー:5834:連携戦技:<id8>:クイーンズ・ソルジャー:
[23:16:24.948] 15:<id8>:クイーンズ・ガンナー:5858:Unknown_5858:<id8>:[pc]:
[23:16:24.000] 00:282b:クイーンズ・ガンナーの「連携戦技」
[23:16:24.000] 00:282b:クイーンズ・ソルジャーの「連携戦技」
[23:16:27.259] 14:584F:クイーンズ・ガンナー starts using ガンタレット on クイーンズ・ガンナー.
[23:16:26.000] 00:282b:クイーンズ・ガンナーは「ガンタレット」の構え。
[23:16:32.305] 00:0000:Hojoring:[EX] Added new combatant. name=分身 X=26.36 Y=18.30 Z=-0.86 hp=149486
[23:16:30.246] 15:<id8>:クイーンズ・ガンナー:584F:ガンタレット:<id8>:クイーンズ・ガンナー:
[23:16:33.100] 00:0000:Hojoring:[EX] Added new combatant. name=セラフィム X=26.32 Y=18.10 Z=-0.86 hp=150726
[23:16:31.007] 15:<id8>:クイーンズ・ガンナー:5858:Unknown_5858:<id8>:[pc]:
[23:16:33.524] 00:0000:Hojoring:[EX] Added new combatant. name=分身 X=26.10 Y=18.24 Z=-0.86 hp=149486
[23:16:30.000] 00:282b:クイーンズ・ガンナーの「ガンタレット」
[23:16:33.923] 00:0000:Hojoring:[EX] Added new combatant. name=ガンタレット X=26.64 Y=18.26 Z=-0.86 hp=5618376
[23:16:33.923] 00:0000:Hojoring:[EX] Added new combatant. name=ガンタレット X=26.12 Y=18.26 Z=-0.86 hp=5618376
[23:16:33.407] 14:5853:クイーンズ・ガンナー starts using 雷気充填 on クイーンズ・ガンナー.
[23:16:33.000] 00:282b:クイーンズ・ガンナーは「雷気充填」の構え。
[23:16:36.800] 00:0000:Hojoring:[EX] Added new combatant. name=分身 X=26.49 Y=18.19 Z=-0.86 hp=149486
[23:16:37.114] 00:0000:Hojoring:[EX] Added new combatant. name=分身 X=26.24 Y=18.29 Z=-0.86 hp=149486
[23:16:35.000] 00:282b:ガンタレットは「狙撃」の構え。
[23:16:36.348] 14:5850:ガンタレット starts using 狙撃 on ガンタレット.
[23:16:37.374] 15:<id8>:クイーンズ・ガンナー:5853:雷気充填:<id8>:クイーンズ・ガンナー:
[23:16:38.043] 15:<id8>:クイーンズ・ガンナー:5858:Unknown_5858:<id8>:[pc]:
[23:16:37.000] 00:282b:クイーンズ・ガンナーの「雷気充填」
[23:16:40.760] 00:0000:Hojoring:[EX] Added new combatant. name=イフリート・エギ X=26.14 Y=18.19 Z=-0.86 hp=150726
[23:16:41.515] 00:0000:Hojoring:[EX] Added new combatant. name=英雄の影身 X=26.10 Y=18.14 Z=-0.86 hp=123916
[23:16:41.076] 15:<id8>:クイーンズ・ガンナー:5858:Unknown_5858:<id8>:[pc]:
[23:16:45.540] 00:0000:Hojoring:[EX] Added new combatant. name=デミ・バハムート X=26.61 Y=18.37 Z=-0.86 hp=135652
[23:16:44.098] 15:<id8>:クイーンズ・ガンナー:5858:Unknown_5858:<id8>:[pc]:
[23:16:44.278] 14:4B36:クイーンズ・ガンナー starts using 全方位射撃 on クイーンズ・ガンナー.
[23:16:44.278] 14:4B35:クイーンズ・ソルジャー starts using 波動斬 on クイーンズ・ソルジャー.
[23:16:44.278] 14:5854:クイーンズ・ガンナー starts using 全方位射撃 on クイーンズ・ガンナー.
[23:16:44.278] 14:5841:クイーンズ・ソルジャー starts using 波動斬 on クイーンズ・ソルジャー.
[23:16:44.278] 14:4B36:クイーンズ・ガンナー starts using 全方位射撃 on クイーンズ・ガンナー.
[23:16:44.278] 14:4B35:クイーンズ・ソルジャー starts using 波動斬 on クイーンズ・ソルジャー.
[23:16:43.000] 00:282b:クイーンズ・ガンナーは「全方位射撃」の構え。
[23:16:43.000] 00:282b:クイーンズ・ソルジャーは「波動斬」の構え。
[23:16:44.324] 15:<id8>:ガンタレット:5850:狙撃:<id8>:ガンタレット:
[23:16:44.546] 15:<id8>:ガンタレット:5851:狙撃:<id8>:[pc]:
[23:16:44.000] 00:282b:ガンタレットの「狙撃」
[23:16:47.617] 14:5852:ガンタレット starts using 爆発 on ガンタレット.
[23:16:47.000] 00:282b:ガンタレットは「爆発」の構え。
[23:16:49.274] 16:<id8>:クイーンズ・ガンナー:4B36:全方位射撃:<id8>:[pc]:
[23:16:49.274] 16:<id8>:クイーンズ・ガンナー:4B36:全方位射撃:<id8>:[PLD]:
[23:16:49.274] 16:<id8>:クイーンズ・ガンナー:4B36:全方位射撃:<id8>:[SMN]:
[23:16:49.274] 16:<id8>:クイーンズ・ガンナー:4B36:全方位射撃:<id8>:[MNK]:
[23:16:49.274] 16:<id8>:クイーンズ・ソルジャー:4B35:波動斬:<id8>:[pc]:
[23:16:49.274] 16:<id8>:クイーンズ・ソルジャー:4B35:波動斬:<id8>:[MNK]:
[23:16:49.274] 16:<id8>:クイーンズ・ソルジャー:4B35:波動斬:<id8>:[SMN]:
[23:16:49.274] 16:<id8>:クイーンズ・ソルジャー:4B35:波動斬:<id8>:[PLD]:
[23:16:49.274] 15:<id8>:クイーンズ・ガンナー:5854:全方位射撃:<id8>:クイーンズ・ガンナー:
[23:16:49.274] 15:<id8>:クイーンズ・ソルジャー:5841:波動斬:<id8>:クイーンズ・ソルジャー:
[23:16:49.274] 16:<id8>:クイーンズ・ガンナー:4B36:全方位射撃:<id8>:[WAR]:
[23:16:49.274] 16:<id8>:クイーンズ・ガンナー:4B36:全方位射撃:<id8>:[DNC]:
[23:16:49.274] 16:<id8>:クイーンズ・ガンナー:4B36:全方位射撃:<id8>:[SCH]:
[23:16:49.274] 16:<id8>:クイーンズ・ガンナー:4B36:全方位射撃:<id8>:[NIN]:
[23:16:49.274] 16:<id8>:クイーンズ・ガンナー:4B36:全方位射撃:<id8>:[mex]:
[23:16:49.276] 16:<id8>:クイーンズ・ソルジャー:4B35:波動斬:<id8>:[mex]:
[23:16:49.276] 16:<id8>:クイーンズ・ソルジャー:4B35:波動斬:<id8>:[DNC]:
[23:16:49.276] 16:<id8>:クイーンズ・ソルジャー:4B35:波動斬:<id8>:[WAR]:
[23:16:49.276] 16:<id8>:クイーンズ・ソルジャー:4B35:波動斬:<id8>:[NIN]:
[23:16:49.276] 16:<id8>:クイーンズ・ソルジャー:4B35:波動斬:<id8>:[SCH]:
[23:16:49.000] 00:282b:クイーンズ・ガンナーの「全方位射撃」
[23:16:49.000] 00:282b:クイーンズ・ソルジャーの「波動斬」
[23:16:52.775] 00:0000:Hojoring:[EX] Added new combatant. name=セラフィム X=26.23 Y=18.30 Z=-0.86 hp=150726
[23:16:52.165] 15:<id8>:クイーンズ・ガンナー:5858:Unknown_5858:<id8>:[pc]:
[23:16:55.183] 00:0000:Hojoring:[EX] Added new combatant. name=フェアリー・エオス X=26.35 Y=18.20 Z=-0.86 hp=150726
[23:16:55.573] 00:0000:Hojoring:[EX] Added new combatant. name=フェアリー・エオス X=26.47 Y=18.30 Z=-0.86 hp=150726
[23:16:55.768] 00:0000:Hojoring:[EX] Beacon X=26.38 Y=18.22 Z=-0.86 zone=Delubrum Reginae (Savage)
[23:16:55.191] 15:<id8>:クイーンズ・ガンナー:5858:Unknown_5858:<id8>:[pc]:
[23:16:58.221] 15:<id8>:クイーンズ・ガンナー:5858:Unknown_5858:<id8>:[pc]:
[23:17:02.458] 00:0000:Hojoring:[EX] Added new combatant. name=デミ・フェニックス X=26.26 Y=18.30 Z=-0.86 hp=150726
[23:17:00.000] 00:282b:クイーンズ・ソルジャーは「熱気術」の構え。
[23:17:00.450] 14:583F:クイーンズ・ソルジャー starts using 熱気術 on クイーンズ・ソルジャー.
[23:17:01.251] 15:<id8>:クイーンズ・ガンナー:5858:Unknown_5858:<id8>:[pc]:
[23:17:05.586] 00:0000:Hojoring:[EX] Added new combatant. name=カーバンクル・ルビー X=26.43 Y=18.26 Z=-0.86 hp=150726
[23:17:04.277] 15:<id8>:クイーンズ・ガンナー:5858:Unknown_5858:<id8>:[pc]:
[23:17:06.421] 16:<id8>:クイーンズ・ソルジャー:583F:熱気術:<id8>:[pc]:
[23:17:06.421] 16:<id8>:クイーンズ・ソルジャー:583F:熱気術:<id8>:[mex]:
[23:17:06.421] 16:<id8>:クイーンズ・ソルジャー:583F:熱気術:<id8>:[DNC]:
[23:17:06.421] 16:<id8>:クイーンズ・ソルジャー:583F:熱気術:<id8>:[SCH]:
[23:17:06.421] 16:<id8>:クイーンズ・ソルジャー:583F:熱気術:<id8>:[SMN]:
[23:17:06.000] 00:282b:クイーンズ・ソルジャーの「熱気術」
[23:17:07.309] 15:<id8>:クイーンズ・ガンナー:5858:Unknown_5858:<id8>:[pc]:
[23:17:10.340] 15:<id8>:クイーンズ・ガンナー:5858:Unknown_5858:<id8>:[pc]:
[23:17:14.821] 00:0000:Hojoring:[EX] Added new combatant. name=英雄の影身 X=26.22 Y=18.23 Z=-0.86 hp=115297
[23:17:14.821] 00:0000:Hojoring:[EX] Added new combatant. name=フェアリー・エオス X=26.23 Y=18.30 Z=-0.86 hp=150726
[23:17:13.375] 15:<id8>:クイーンズ・ガンナー:5858:Unknown_5858:<id8>:[pc]:
[23:17:16.013] 00:0000:Hojoring:[EX] Added new combatant. name=デミ・バハムート X=26.32 Y=18.44 Z=-0.86 hp=135652
[23:17:17.622] 00:0000:Hojoring:[EX] Added new combatant. name=英雄の影身 X=26.13 Y=18.12 Z=-0.86 hp=123916
[23:17:18.009] 00:0000:Hojoring:[EX] Added new combatant. name=オートマトン・クイーン X=26.17 Y=18.30 Z=-0.86 hp=149525
[23:17:16.404] 15:<id8>:クイーンズ・ガンナー:5858:Unknown_5858:<id8>:[pc]:
[23:17:18.859] 00:0000:Hojoring:[EX] Added new combatant. name=デミ・バハムート X=26.30 Y=18.38 Z=-0.86 hp=135652
[23:17:16.626] 14:5844:クイーンズ・ガンナー starts using 連携戦技 on クイーンズ・ガンナー.
[23:17:16.000] 00:282b:クイーンズ・ガンナーは「連携戦技」の構え。
[23:17:16.000] 00:282b:クイーンズ・ソルジャーは「連携戦技」の構え。
[23:17:16.669] 14:5834:クイーンズ・ソルジャー starts using 連携戦技 on クイーンズ・ソルジャー.
[23:17:22.441] 00:0000:Hojoring:[EX] Added new combatant. name=デミ・バハムート X=26.32 Y=18.42 Z=-0.86 hp=135652
[23:17:22.441] 00:0000:Hojoring:[EX] Added new combatant. name=イフリート・エギ X=26.26 Y=18.36 Z=-0.86 hp=150726
[23:17:21.612] 15:<id8>:クイーンズ・ガンナー:5844:連携戦技:<id8>:クイーンズ・ガンナー:
[23:17:21.656] 15:<id8>:クイーンズ・ソルジャー:5834:連携戦技:<id8>:クイーンズ・ソルジャー:
[23:17:22.000] 00:282b:クイーンズ・ガンナーの「連携戦技」
[23:17:22.000] 00:282b:クイーンズ・ソルジャーの「連携戦技」
[23:17:26.445] 00:0000:Hojoring:[EX] Added new combatant. name=アーサリースター X=26.07 Y=18.24 Z=-0.86 hp=150726
[23:17:24.462] 15:<id8>:クイーンズ・ガンナー:5858:Unknown_5858:<id8>:[pc]:
[23:17:24.819] 14:5837:クイーンズ・ソルジャー starts using 幻影術 on クイーンズ・ソルジャー.
[23:17:24.000] 00:282b:クイーンズ・ソルジャーは「幻影術」の構え。
[23:17:27.493] 15:<id8>:クイーンズ・ガンナー:5858:Unknown_5858:<id8>:[pc]:
[23:17:27.802] 15:<id8>:クイーンズ・ソルジャー:5837:幻影術:<id8>:クイーンズ・ソルジャー:
[23:17:28.000] 00:282b:クイーンズ・ソルジャーの「幻影術」
[23:17:30.517] 15:<id8>:クイーンズ・ガンナー:5858:Unknown_5858:<id8>:[pc]:
[23:17:31.004] 14:5B6F:クイーンズ・ソルジャー starts using 実体結像 on クイーンズ・ソルジャー.
[23:17:30.000] 00:282b:クイーンズ・ソルジャーは「実体結像」の構え。
[23:17:36.077] 00:0000:Hojoring:[EX] Added new combatant. name=カーバンクル・ルビー X=26.28 Y=18.37 Z=-0.86 hp=150726
[23:17:35.996] 15:<id8>:クイーンズ・ソルジャー:5B6F:実体結像:<id8>:クイーンズ・ソルジャー:
[23:17:36.086] 15:<id8>:ソルジャーの分体:5B70:Unknown_5B70:<id8>:ソルジャーの分体:
[23:17:38.839] 00:0000:Hojoring:[EX] Added new combatant. name=カーバンクル・トパーズ X=26.40 Y=18.59 Z=-0.86 hp=150726
[23:17:38.839] 00:0000:Hojoring:[EX] Added new combatant. name=デミ・フェニックス X=26.56 Y=18.32 Z=-0.86 hp=150726
[23:17:36.000] 00:282b:クイーンズ・ソルジャーの「実体結像」
[23:17:39.357] 00:0000:Hojoring:[EX] Added new combatant. name=オートタレット X=25.88 Y=18.31 Z=-0.86 hp=266400
[23:17:39.357] 00:0000:Hojoring:[EX] Added new combatant. name=オートタレット X=25.88 Y=18.71 Z=-0.86 hp=266400
[23:17:39.357] 00:0000:Hojoring:[EX] Added new combatant. name=オートタレット X=26.88 Y=18.41 Z=-0.86 hp=266400
[23:17:39.357] 00:0000:Hojoring:[EX] Added new combatant. name=オートタレット X=26.88 Y=18.01 Z=-0.86 hp=266400
[23:17:39.357] 00:0000:Hojoring:[EX] Added new combatant. name=オートタレット X=26.88 Y=17.81 Z=-0.86 hp=266400
[23:17:39.357] 00:0000:Hojoring:[EX] Added new combatant. name=オートタレット X=26.88 Y=18.61 Z=-0.86 hp=266400
[23:17:39.357] 00:0000:Hojoring:[EX] Added new combatant. name=オートタレット X=25.88 Y=17.91 Z=-0.86 hp=266400
[23:17:39.357] 00:0000:Hojoring:[EX] Added new combatant. name=オートタレット X=25.88 Y=18.51 Z=-0.86 hp=266400
[23:17:39.357] 00:0000:Hojoring:[EX] Added new combatant. name=オートタレット X=25.88 Y=18.11 Z=-0.86 hp=266400
[23:17:39.396] 00:0000:Hojoring:[EX] Added new combatant. name=オートタレット X=26.88 Y=18.21 Z=-0.86 hp=266400
[23:17:38.936] 14:584B:クイーンズ・ガンナー starts using 解析 on クイーンズ・ガンナー.
[23:17:38.000] 00:282b:クイーンズ・ガンナーは「解析」の構え。
[23:17:39.249] 15:<id8>:ソルジャーの分体:5838:Unknown_5838:<id8>::
[23:17:42.499] 00:0000:Hojoring:[EX] Added new combatant. name=カーバンクル・ルビー X=26.76 Y=18.32 Z=-0.86 hp=150726
[23:17:40.271] 15:<id8>:ソルジャーの分体:5838:Unknown_5838:<id8>::
[23:17:41.922] 15:<id8>:クイーンズ・ガンナー:584B:解析:<id8>:クイーンズ・ガンナー:
[23:17:42.321] 15:<id8>:ソルジャーの分体:5838:Unknown_5838:<id8>::
[23:17:42.000] 00:282b:クイーンズ・ガンナーの「解析」
[23:17:43.347] 15:<id8>:ソルジャーの分体:5838:Unknown_5838:<id8>::
[23:17:45.088] 14:584D:クイーンズ・ガンナー starts using 全方位射撃 on クイーンズ・ガンナー.
[23:17:45.088] 14:584C:クイーンズ・ガンナー starts using 全方位射撃 on クイーンズ・ガンナー.
[23:17:44.000] 00:282b:クイーンズ・ガンナーは「全方位射撃」の構え。
[23:17:45.000] 00:282b:ソルジャーの分体は「旋回刃」の構え。
[23:17:45.488] 14:5839:ソルジャーの分体 starts using 旋回刃 on ソルジャーの分体.
[23:17:45.488] 14:583A:ソルジャーの分体 starts using 旋回刃 on ソルジャーの分体.
[23:17:45.491] 14:5839:ソルジャーの分体 starts using 旋回刃 on ソルジャーの分体.
[23:17:52.085] 16:<id8>:クイーンズ・ガンナー:584D:全方位射撃:<id8>:[pc]:
[23:17:52.085] 16:<id8>:クイーンズ・ガンナー:584D:全方位射撃:<id8>:[SCH]:
[23:17:52.085] 16:<id8>:クイーンズ・ガンナー:584D:全方位射撃:<id8>:[WAR]:
[23:17:52.085] 16:<id8>:クイーンズ・ガンナー:584D:全方位射撃:<id8>:[mex]:
[23:17:52.085] 16:<id8>:クイーンズ・ガンナー:584D:全方位射撃:<id8>:[DNC]:
[23:17:52.085] 16:<id8>:クイーンズ・ガンナー:584D:全方位射撃:<id8>:[NIN]:
[23:17:52.085] 16:<id8>:クイーンズ・ガンナー:584D:全方位射撃:<id8>:[PLD]:
[23:17:52.085] 16:<id8>:クイーンズ・ガンナー:584D:全方位射撃:<id8>:[SMN]:
[23:17:52.085] 16:<id8>:クイーンズ・ガンナー:584D:全方位射撃:<id8>:[MNK]:
[23:17:52.086] 15:<id8>:クイーンズ・ガンナー:584C:全方位射撃:<id8>:クイーンズ・ガンナー:
[23:17:52.484] 16:<id8>:ソルジャーの分体:5839:旋回刃:<id8>:[pc]:
[23:17:52.484] 16:<id8>:ソルジャーの分体:583A:旋回刃:<id8>:[pc]:
[23:17:52.484] 16:<id8>:ソルジャーの分体:583A:旋回刃:<id8>:[SMN]:
[23:17:52.484] 16:<id8>:ソルジャーの分体:583A:旋回刃:<id8>:[MNK]:
[23:17:52.484] 16:<id8>:ソルジャーの分体:583A:旋回刃:<id8>:[DNC]:
[23:17:52.484] 16:<id8>:ソルジャーの分体:583A:旋回刃:<id8>:[NIN]:
[23:17:52.484] 16:<id8>:ソルジャーの分体:583A:旋回刃:<id8>:[SCH]:
[23:17:52.484] 16:<id8>:ソルジャーの分体:583A:旋回刃:<id8>:[WAR]:
[23:17:52.484] 16:<id8>:ソルジャーの分体:583A:旋回刃:<id8>:[mex]:
[23:17:52.484] 16:<id8>:ソルジャーの分体:583A:旋回刃:<id8>:[PLD]:
[23:17:52.484] 15:<id8>:ソルジャーの分体:5839:旋回刃:<id8>::
[23:17:52.000] 00:282b:クイーンズ・ガンナーの「全方位射撃」
[23:17:53.105] 1A:1027F60B:[pc] gains the effect of 破滅の刻印：参 from クイーンズ・ガンナー for 30.00 Seconds.
[23:17:52.000] 00:282b:ソルジャーの分体の「旋回刃」
[23:17:52.000] 00:282b:ソルジャーの分体の「旋回刃」
[23:17:55.794] 00:0000:Hojoring:[EX] Beacon X=26.73 Y=18.22 Z=-0.86 zone=Delubrum Reginae (Savage)
[23:17:53.510] 1A:1002EEB9:[pc] gains the effect of 破滅の刻印：参 from ソルジャーの分体 for 30.00 Seconds.
[23:17:53.555] 1A:102EF269:[pc] gains the effect of 破滅の刻印：参 from ソルジャーの分体 for 30.00 Seconds.
[23:17:58.892] 00:0000:Hojoring:[EX] Added new combatant. name=カーバンクル・ルビー X=26.32 Y=18.64 Z=-0.86 hp=150726
[23:18:00.149] 15:<id8>:クイーンズ・ガンナー:5858:Unknown_5858:<id8>:[pc]:
[23:18:02.617] 00:0000:Hojoring:[EX] Added new combatant. name=分身 X=26.43 Y=18.31 Z=-0.86 hp=149486
[23:18:02.905] 00:0000:Hojoring:[EX] Added new combatant. name=デミ・フェニックス X=26.40 Y=18.39 Z=-0.86 hp=150726
[23:18:00.000] 00:282b:クイーンズ・ガンナーは「全方位射撃」の構え。
[23:18:01.260] 14:4B36:クイーンズ・ガンナー starts using 全方位射撃 on クイーンズ・ガンナー.
[23:18:01.260] 14:5854:クイーンズ・ガンナー starts using 全方位射撃 on クイーンズ・ガンナー.
[23:18:01.304] 14:4B35:クイーンズ・ソルジャー starts using 波動斬 on クイーンズ・ソルジャー.
[23:18:01.304] 14:5841:クイーンズ・ソルジャー starts using 波動斬 on クイーンズ・ソルジャー.
[23:18:01.000] 00:282b:クイーンズ・ソルジャーは「波動斬」の構え。
[23:18:04.143] 00:0000:Hojoring:[EX] Added new combatant. name=デミ・フェニックス X=26.42 Y=18.38 Z=-0.86 hp=150726
[23:18:06.148] 00:0000:Hojoring:[EX] Added new combatant. name=デミ・フェニックス X=26.37 Y=18.31 Z=-0.86 hp=150726
[23:18:07.839] 00:0000:Hojoring:[EX] Added new combatant. name=英雄の影身 X=26.08 Y=18.21 Z=-0.86 hp=123916
[23:18:06.258] 16:<id8>:クイーンズ・ガンナー:4B36:全方位射撃:<id8>:[pc]:
[23:18:06.258] 16:<id8>:クイーンズ・ガンナー:4B36:全方位射撃:<id8>:[mex]:
[23:18:06.258] 16:<id8>:クイーンズ・ガンナー:4B36:全方位射撃:<id8>:[NIN]:
[23:18:06.258] 16:<id8>:クイーンズ・ガンナー:4B36:全方位射撃:<id8>:[DNC]:
[23:18:06.258] 16:<id8>:クイーンズ・ガンナー:4B36:全方位射撃:<id8>:[SCH]:
[23:18:06.258] 16:<id8>:クイーンズ・ガンナー:4B36:全方位射撃:<id8>:[WAR]:
[23:18:06.260] 16:<id8>:クイーンズ・ガンナー:4B36:全方位射撃:<id8>:[PLD]:
[23:18:06.260] 16:<id8>:クイーンズ・ガンナー:4B36:全方位射撃:<id8>:[SMN]:
[23:18:06.260] 16:<id8>:クイーンズ・ガンナー:4B36:全方位射撃:<id8>:[MNK]:
[23:18:06.260] 15:<id8>:クイーンズ・ガンナー:5854:全方位射撃:<id8>:クイーンズ・ガンナー:
[23:18:06.303] 16:<id8>:クイーンズ・ソルジャー:4B35:波動斬:<id8>:[pc]:
[23:18:06.303] 16:<id8>:クイーンズ・ソルジャー:4B35:波動斬:<id8>:[MNK]:
[23:18:06.303] 16:<id8>:クイーンズ・ソルジャー:4B35:波動斬:<id8>:[SMN]:
[23:18:06.303] 16:<id8>:クイーンズ・ソルジャー:4B35:波動斬:<id8>:[PLD]:
[23:18:06.303] 15:<id8>:クイーンズ・ソルジャー:5841:波動斬:<id8>:クイーンズ・ソルジャー:
[23:18:06.303] 16:<id8>:クイーンズ・ソルジャー:4B35:波動斬:<id8>:[WAR]:
[23:18:06.303] 16:<id8>:クイーンズ・ソルジャー:4B35:波動斬:<id8>:[SCH]:
[23:18:06.303] 16:<id8>:クイーンズ・ソルジャー:4B35:波動斬:<id8>:[DNC]:
[23:18:06.303] 16:<id8>:クイーンズ・ソルジャー:4B35:波動斬:<id8>:[NIN]:
[23:18:06.303] 16:<id8>:クイーンズ・ソルジャー:4B35:波動斬:<id8>:[mex]:
[23:18:08.944] 00:0000:Hojoring:[EX] Added new combatant. name=分身 X=26.12 Y=18.26 Z=-0.86 hp=149486
[23:18:06.000] 00:282b:クイーンズ・ガンナーの「全方位射撃」
[23:18:06.000] 00:282b:クイーンズ・ソルジャーの「波動斬」
[23:18:10.575] 00:0000:Hojoring:[EX] Added new combatant. name=デミ・バハムート X=26.32 Y=18.31 Z=-0.86 hp=135652
[23:18:08.213] 15:<id8>:クイーンズ・ガンナー:5858:Unknown_5858:<id8>:[pc]:
[23:18:10.437] 14:5855:クイーンズ・ガンナー starts using 片手撃ち on Yuu Hinata.
[23:18:10.000] 00:282b:クイーンズ・ガンナーは「片手撃ち」の構え。
[23:18:10.483] 14:5842:クイーンズ・ソルジャー starts using 滅多斬り on Fire Aniki.
[23:18:10.000] 00:282b:クイーンズ・ソルジャーは「滅多斬り」の構え。
[23:18:15.430] 15:<id8>:クイーンズ・ガンナー:5855:片手撃ち:<id8>:[pc]:
[23:18:15.474] 15:<id8>:クイーンズ・ソルジャー:5842:滅多斬り:<id8>:[pc]:
[23:18:15.000] 00:282b:クイーンズ・ソルジャーの「滅多斬り」
[23:18:15.000] 00:282b:クイーンズ・ガンナーの「片手撃ち」
[23:18:16.277] 15:<id8>:クイーンズ・ガンナー:5858:Unknown_5858:<id8>:[pc]:
[23:18:22.602] 00:0000:Hojoring:[EX] Added new combatant. name=カーバンクル・ルビー X=26.33 Y=18.36 Z=-0.86 hp=150726
[23:18:24.165] 00:0000:Hojoring:[EX] Added new combatant. name=カーバンクル・ルビー X=26.43 Y=18.31 Z=-0.86 hp=150726
[23:18:21.000] 00:0044:クイーンズ・ナイト:障壁展開……！ コレヨリ、我ラ、総攻撃ヲ敢行スル……！
[23:18:21.939] 14:581E:クイーンズ・ナイト starts using 絶対防御 on クイーンズ・ナイト.
[23:18:21.939] 14:582E:クイーンズ・ウォリアー starts using 闘気 on クイーンズ・ウォリアー.
[23:18:26.266] 00:0000:Hojoring:[EX] Added new combatant. name=カーバンクル・トパーズ X=26.34 Y=18.27 Z=-0.86 hp=150726
[23:18:26.930] 15:<id8>:クイーンズ・ナイト:581E:絶対防御:<id8>:クイーンズ・ナイト:
[23:18:26.930] 15:<id8>:クイーンズ・ウォリアー:582E:闘気:<id8>:クイーンズ・ウォリアー:
[23:18:27.000] 00:282b:クイーンズ・ナイトの「絶対防御」
[23:18:30.241] 00:0000:Hojoring:[EX] Added new combatant. name=魔法障壁 X=26.59 Y=18.47 Z=-0.86 hp=6356304
[23:18:30.241] 00:0000:Hojoring:[EX] Added new combatant. name=闘気 X=26.38 Y=18.64 Z=-0.86 hp=1403928
[23:18:30.241] 00:0000:Hojoring:[EX] Added new combatant. name=魔法障壁 X=26.17 Y=18.47 Z=-0.86 hp=6356304
[23:18:30.241] 00:0000:Hojoring:[EX] Added new combatant. name=魔法障壁 X=26.59 Y=18.05 Z=-0.86 hp=6356304
[23:18:30.241] 00:0000:Hojoring:[EX] Added new combatant. name=魔法障壁 X=26.17 Y=18.05 Z=-0.86 hp=6356304
[23:18:30.241] 00:0000:Hojoring:[EX] Added new combatant. name=闘気 X=26.38 Y=17.88 Z=-0.86 hp=1403928
[23:18:30.598] 00:0000:Hojoring:[EX] Added new combatant. name=イフリート・エギ X=26.59 Y=18.60 Z=-0.86 hp=150726
[23:18:29.964] 14:590C:クイーンズ・ガンナー starts using 全方位射撃 on クイーンズ・ガンナー.
[23:18:29.964] 14:590B:クイーンズ・ソルジャー starts using 波動斬 on クイーンズ・ソルジャー.
[23:18:29.000] 00:282b:クイーンズ・ガンナーは「全方位射撃」の構え。
[23:18:29.000] 00:282b:クイーンズ・ソルジャーは「波動斬」の構え。
[23:18:30.099] 14:5909:クイーンズ・ナイト starts using 波動斬 on クイーンズ・ナイト.
[23:18:30.099] 14:590A:クイーンズ・ウォリアー starts using 波動斬 on クイーンズ・ウォリアー.
[23:18:29.000] 00:282b:クイーンズ・ナイトは「波動斬」の構え。
[23:18:29.000] 00:282b:クイーンズ・ウォリアーは「波動斬」の構え。
[23:18:32.606] 00:0000:Hojoring:[EX] Added new combatant. name=霊気 X=26.60 Y=18.26 Z=-0.86 hp=828800
[23:18:32.606] 00:0000:Hojoring:[EX] Added new combatant. name=霊気 X=25.96 Y=18.08 Z=-0.86 hp=828800
[23:18:32.606] 00:0000:Hojoring:[EX] Added new combatant. name=霊気 X=26.38 Y=18.04 Z=-0.86 hp=828800
[23:18:32.606] 00:0000:Hojoring:[EX] Added new combatant. name=霊気 X=26.20 Y=17.84 Z=-0.86 hp=828800
[23:18:32.606] 00:0000:Hojoring:[EX] Added new combatant. name=霊気 X=26.16 Y=18.26 Z=-0.86 hp=828800
[23:18:32.606] 00:0000:Hojoring:[EX] Added new combatant. name=霊気 X=26.38 Y=18.48 Z=-0.86 hp=828800
[23:18:32.640] 00:0000:Hojoring:[EX] Added new combatant. name=霊気 X=26.56 Y=17.83 Z=-0.86 hp=828800
[23:18:32.640] 00:0000:Hojoring:[EX] Added new combatant. name=霊気 X=25.95 Y=18.44 Z=-0.86 hp=828800
[23:18:32.640] 00:0000:Hojoring:[EX] Added new combatant. name=霊気 X=26.20 Y=18.68 Z=-0.86 hp=828800
[23:18:32.640] 00:0000:Hojoring:[EX] Added new combatant. name=霊気 X=26.80 Y=18.08 Z=-0.86 hp=828800
[23:18:32.640] 00:0000:Hojoring:[EX] Added new combatant. name=霊気 X=26.81 Y=18.44 Z=-0.86 hp=828800
[23:18:32.640] 00:0000:Hojoring:[EX] Added new combatant. name=霊気 X=26.56 Y=18.68 Z=-0.86 hp=828800
[23:18:32.813] 14:582F:闘気 starts using 闘気波 on 闘気.
[23:18:32.813] 14:5820:魔法障壁 starts using 偏向防御 on 魔法障壁.
[23:18:32.813] 14:581F:魔法障壁 starts using 偏向防御 on 魔法障壁.
[23:18:32.000] 00:282b:闘気は「闘気波」の構え。
[23:18:35.977] 14:5B95:霊気 starts using 炸裂 on 霊気.
[23:18:36.778] 15:<id8>:魔法障壁:5820:偏向防御:<id8>:魔法障壁:
[23:18:36.778] 15:<id8>:魔法障壁:581F:偏向防御:<id8>:魔法障壁:
[23:18:36.824] 14:5830:闘気 starts using 闘気爆 on Aria Redberyl.
[23:18:36.824] 1B:<id8>:[pc]:0000:0000:00C9:0000:0000:0000:
[23:18:39.401] 00:0000:Hojoring:[EX] Added new combatant. name=分身 X=26.40 Y=18.65 Z=-0.86 hp=149486
[23:18:36.000] 00:282b:魔法障壁の「偏向防御」
[23:18:37.938] 15:<id8>:霊気:5B95:炸裂:<id8>:[pc]:
[23:18:37.938] 15:<id8>:霊気:5B95:炸裂:<id8>::
[23:18:37.938] 15:<id8>:霊気:5B95:炸裂:<id8>:[mex]:
[23:18:37.938] 15:<id8>:霊気:5B95:炸裂:<id8>:[DNC]:
[23:18:37.978] 14:5830:闘気 starts using 闘気爆 on Ryle Tuener.
[23:18:37.978] 1B:<id8>:[WAR]:0000:0000:00C9:0000:0000:0000:
[23:18:38.426] 15:<id8>:クイーンズ・ガンナー:58F5:反撃:<id8>:[pc]:
[23:18:38.000] 00:282b:霊気の「炸裂」
[23:18:38.000] 00:282b:霊気の「炸裂」
[23:18:38.917] 1A:10236A3A:[pc] gains the effect of スタン from 魔法障壁 for 3.00 Seconds.
[23:18:38.917] 1A:10236A3A:[pc] gains the effect of 破滅の刻印：参 from 魔法障壁 for 30.00 Seconds.
[23:18:40.031] 14:5B95:霊気 starts using 炸裂 on 霊気.
[23:18:41.817] 15:<id8>:闘気:5830:闘気爆:<id8>:[pc]:
[23:18:41.994] 16:<id8>:霊気:5B95:炸裂:<id8>:[DNC]:
[23:18:41.994] 16:<id8>:霊気:5B95:炸裂:<id8>:[pc]:
[23:18:42.000] 00:282b:闘気の「闘気爆」
[23:18:42.000] 00:282b:霊気の「炸裂」
[23:18:42.976] 15:<id8>:闘気:5830:闘気爆:<id8>:[WAR]:
[23:18:43.375] 15:<id8>:魔法障壁:58F5:反撃:<id8>:[pc]:
[23:18:45.870] 00:0000:Hojoring:[EX] Added new combatant. name=デミ・バハムート X=26.02 Y=18.34 Z=-0.86 hp=135652
[23:18:43.000] 00:282b:闘気の「闘気爆」
[23:18:46.263] 00:0000:Hojoring:[EX] Added new combatant. name=オートマトン・クイーン X=26.30 Y=18.58 Z=-0.86 hp=149525
[23:18:43.865] 1A:1027F60B:[pc] gains the effect of スタン from 魔法障壁 for 3.00 Seconds.
[23:18:43.865] 1A:1027F60B:[pc] gains the effect of 破滅の刻印：参 from 魔法障壁 for 30.00 Seconds.
[23:18:51.077] 00:0000:Hojoring:[EX] Added new combatant. name=英雄の影身 X=26.28 Y=18.54 Z=-0.86 hp=123916
[23:18:49.921] 14:581F:魔法障壁 starts using 偏向防御 on 魔法障壁.
[23:18:49.923] 14:5820:魔法障壁 starts using 偏向防御 on 魔法障壁.
[23:18:49.923] 14:581F:魔法障壁 starts using 偏向防御 on 魔法障壁.
[23:18:55.812] 00:0000:Hojoring:[EX] Beacon X=26.28 Y=18.01 Z=-0.86 zone=Delubrum Reginae (Savage)
[23:18:53.892] 15:<id8>:魔法障壁:581F:偏向防御:<id8>:魔法障壁:
[23:18:53.892] 15:<id8>:魔法障壁:5820:偏向防御:<id8>:魔法障壁:
[23:18:53.000] 00:282b:魔法障壁の「偏向防御」
[23:18:58.707] 00:0000:Hojoring:[EX] Added new combatant. name=デミ・フェニックス X=26.66 Y=18.59 Z=-0.86 hp=150726
[23:18:58.213] 15:<id8>:魔法障壁:58F5:反撃:<id8>:[pc]:
[23:18:58.703] 1A:1029BE04:[pc] gains the effect of 死の宣告 from 魔法障壁 for 3.00 Seconds.
[23:18:58.703] 1A:1029BE04:[pc] gains the effect of スタン from 魔法障壁 for 3.00 Seconds.
[23:19:02.712] 00:0000:Hojoring:[EX] Added new combatant. name=霊気 X=26.38 Y=18.48 Z=-0.86 hp=828800
[23:19:02.712] 00:0000:Hojoring:[EX] Added new combatant. name=霊気 X=26.60 Y=18.26 Z=-0.86 hp=828800
[23:19:02.712] 00:0000:Hojoring:[EX] Added new combatant. name=霊気 X=26.16 Y=18.26 Z=-0.86 hp=828800
[23:19:02.755] 00:0000:Hojoring:[EX] Added new combatant. name=霊気 X=26.80 Y=18.08 Z=-0.86 hp=828800
[23:19:02.755] 00:0000:Hojoring:[EX] Added new combatant. name=霊気 X=25.95 Y=18.44 Z=-0.86 hp=828800
[23:19:02.755] 00:0000:Hojoring:[EX] Added new combatant. name=霊気 X=26.20 Y=18.68 Z=-0.86 hp=828800
[23:19:02.755] 00:0000:Hojoring:[EX] Added new combatant. name=霊気 X=26.38 Y=18.04 Z=-0.86 hp=828800
[23:19:02.755] 00:0000:Hojoring:[EX] Added new combatant. name=霊気 X=26.81 Y=18.44 Z=-0.86 hp=828800
[23:19:02.755] 00:0000:Hojoring:[EX] Added new combatant. name=霊気 X=26.56 Y=18.68 Z=-0.86 hp=828800
[23:19:02.755] 00:0000:Hojoring:[EX] Added new combatant. name=霊気 X=25.96 Y=18.08 Z=-0.86 hp=828800
[23:19:02.755] 00:0000:Hojoring:[EX] Added new combatant. name=霊気 X=26.20 Y=17.84 Z=-0.86 hp=828800
[23:19:02.755] 00:0000:Hojoring:[EX] Added new combatant. name=霊気 X=26.56 Y=17.83 Z=-0.86 hp=828800
[23:19:03.084] 00:0000:Hojoring:[EX] Added new combatant. name=分身 X=26.56 Y=18.44 Z=-0.86 hp=149486
[23:19:04.712] 00:0000:Hojoring:[EX] Added new combatant. name=闘気 X=26.38 Y=18.64 Z=-0.86 hp=1403928
[23:19:04.782] 00:0000:Hojoring:[EX] Added new combatant. name=闘気 X=26.38 Y=17.88 Z=-0.86 hp=1403928
[23:19:05.895] 00:0000:Hojoring:[EX] Added new combatant. name=カーバンクル・ルビー X=25.96 Y=18.45 Z=-0.86 hp=150726
[23:19:06.013] 14:5B95:霊気 starts using 炸裂 on 霊気.
[23:19:06.017] 14:5B95:霊気 starts using 炸裂 on 霊気.
[23:19:07.040] 14:581F:魔法障壁 starts using 偏向防御 on 魔法障壁.
[23:19:07.040] 14:582F:闘気 starts using 闘気波 on 闘気.
[23:19:06.000] 00:282b:闘気は「闘気波」の構え。
[23:19:10.322] 00:0000:Hojoring:[EX] Added new combatant. name=デミ・バハムート X=26.35 Y=17.79 Z=-0.86 hp=135652
[23:19:07.979] 15:<id8>:霊気:5B95:炸裂:<id8>:[pc]:
[23:19:07.979] 15:<id8>:霊気:5B95:炸裂:<id8>::
[23:19:07.979] 15:<id8>:霊気:5B95:炸裂:<id8>:[mex]:
[23:19:07.979] 15:<id8>:霊気:5B95:炸裂:<id8>:[DNC]:
[23:19:08.000] 00:282b:霊気の「炸裂」
[23:19:08.000] 00:282b:霊気の「炸裂」
[23:19:08.000] 00:282b:霊気の「炸裂」
[23:19:10.071] 14:5B95:霊気 starts using 炸裂 on 霊気.
[23:19:11.005] 15:<id8>:魔法障壁:581F:偏向防御:<id8>:魔法障壁:
[23:19:12.031] 16:<id8>:霊気:5B95:炸裂:<id8>:[pc]:
[23:19:12.031] 15:<id8>:霊気:5B95:炸裂:<id8>:[DNC]:
[23:19:12.031] 15:<id8>:霊気:5B95:炸裂:<id8>:[mex]:
[23:19:13.946] 14:5830:闘気 starts using 闘気爆 on Aria Redberyl.
[23:19:13.946] 1B:<id8>:[pc]:0000:0000:00C9:0000:0000:0000:
[23:19:13.946] 14:5830:闘気 starts using 闘気爆 on Clavis Alphard.
[23:19:13.946] 1B:<id8>:[PLD]:0000:0000:00C9:0000:0000:0000:
[23:19:14.125] 16:<id8>:霊気:5B96:爆発:<id8>:[DNC]:
[23:19:14.125] 16:<id8>:霊気:5B96:爆発:<id8>:[mex]:
[23:19:14.125] 16:<id8>:霊気:5B96:爆発:<id8>:[SCH]:
[23:19:14.125] 16:<id8>:霊気:5B96:爆発:<id8>:[NIN]:
[23:19:14.125] 16:<id8>:霊気:5B96:爆発:<id8>:[SMN]:
[23:19:14.125] 16:<id8>:霊気:5B96:爆発:<id8>:[pc]:
[23:19:14.125] 16:<id8>:霊気:5B96:爆発:<id8>:[MNK]:
[23:19:14.125] 16:<id8>:霊気:5B96:爆発:<id8>:[PLD]:
[23:19:14.125] 16:<id8>:霊気:5B96:爆発:<id8>:[WAR]:
[23:19:13.000] 00:282b:霊気の「爆発」
[23:19:14.436] 1A:1025153F:[DNC] gains the effect of ダメージ低下 from 霊気 for 30.00 Seconds.
[23:19:14.436] 1A:102AD4DA:[pc] gains the effect of ダメージ低下 from 霊気 for 30.00 Seconds.
[23:19:14.481] 1A:1031FDAF:[pc] gains the effect of ダメージ低下 from 霊気 for 30.00 Seconds.
[23:19:14.527] 1A:1029609D:[SCH] gains the effect of ダメージ低下 from 霊気 for 30.00 Seconds.
[23:19:14.527] 1A:102A2956:[pc] gains the effect of ダメージ低下 from 霊気 for 30.00 Seconds.
[23:19:14.571] 1A:1025B0B4:[NIN] gains the effect of ダメージ低下 from 霊気 for 30.00 Seconds.
[23:19:14.571] 1A:10327CA5:[pc] gains the effect of ダメージ低下 from 霊気 for 30.00 Seconds.
[23:19:14.617] 1A:1026B1E2:[SMN] gains the effect of ダメージ低下 from 霊気 for 30.00 Seconds.
[23:19:14.617] 1A:1033C8BE:[pc] gains the effect of ダメージ低下 from 霊気 for 30.00 Seconds.
[23:19:14.663] 1A:1025F986:[pc] gains the effect of ダメージ低下 from 霊気 for 30.00 Seconds.
[23:19:14.663] 1A:1007331B:[pc] gains the effect of ダメージ低下 from 霊気 for 30.00 Seconds.
[23:19:14.703] 1A:10303AA2:[pc] gains the effect of ダメージ低下 from 霊気 for 30.00 Seconds.
[23:19:14.703] 1A:1016203E:[pc] gains the effect of ダメージ低下 from 霊気 for 30.00 Seconds.
[23:19:14.749] 1A:10087D67:[MNK] gains the effect of ダメージ低下 from 霊気 for 30.00 Seconds.
[23:19:14.749] 1A:10274868:[pc] gains the effect of ダメージ低下 from 霊気 for 30.00 Seconds.
[23:19:14.795] 1A:10241BE6:[pc] gains the effect of ダメージ低下 from 霊気 for 30.00 Seconds.
[23:19:14.795] 1A:102E5568:[pc] gains the effect of ダメージ低下 from 霊気 for 30.00 Seconds.
[23:19:14.839] 1A:102E1133:[pc] gains the effect of ダメージ低下 from 霊気 for 30.00 Seconds.
[23:19:14.839] 1A:1027F60B:[pc] gains the effect of ダメージ低下 from 霊気 for 30.00 Seconds.
[23:19:14.882] 1A:1002EEB9:[pc] gains the effect of ダメージ低下 from 霊気 for 30.00 Seconds.
[23:19:14.882] 1A:102A80C2:[pc] gains the effect of ダメージ低下 from 霊気 for 30.00 Seconds.
[23:19:14.925] 1A:102795B6:[PLD] gains the effect of ダメージ低下 from 霊気 for 30.00 Seconds.
[23:19:14.925] 1A:10236A3A:[pc] gains the effect of ダメージ低下 from 霊気 for 30.00 Seconds.
[23:19:14.970] 1A:1002BE5C:[pc] gains the effect of ダメージ低下 from 霊気 for 30.00 Seconds.
[23:19:14.970] 1A:10247D9C:[pc] gains the effect of ダメージ低下 from 霊気 for 30.00 Seconds.
[23:19:15.016] 1A:1029842C:[pc] gains the effect of ダメージ低下 from 霊気 for 30.00 Seconds.
[23:19:15.016] 1A:101B47AB:[pc] gains the effect of ダメージ低下 from 霊気 for 30.00 Seconds.
[23:19:15.060] 1A:1001C1B8:[pc] gains the effect of ダメージ低下 from 霊気 for 30.00 Seconds.
[23:19:15.060] 1A:10219BF8:[pc] gains the effect of ダメージ低下 from 霊気 for 30.00 Seconds.
[23:19:15.102] 1A:1025BEB0:[WAR] gains the effect of ダメージ低下 from 霊気 for 30.00 Seconds.
[23:19:15.106] 1A:10241789:[pc] gains the effect of ダメージ低下 from 霊気 for 30.00 Seconds.
[23:19:18.856] 00:0000:Hojoring:[EX] Added new combatant. name=イフリート・エギ X=26.24 Y=18.54 Z=-0.86 hp=150726
[23:19:18.938] 15:<id8>:闘気:5830:闘気爆:<id8>:[pc]:
[23:19:18.938] 15:<id8>:闘気:5830:闘気爆:<id8>:[PLD]:
[23:19:19.000] 00:282b:闘気の「闘気爆」
[23:19:22.365] 00:0000:Hojoring:[EX] Added new combatant. name=英雄の影身 X=26.24 Y=18.58 Z=-0.86 hp=123916
[23:19:24.823] 00:0000:Hojoring:[EX] Added new combatant. name=英雄の影身 X=26.28 Y=18.52 Z=-0.86 hp=115297
[23:19:24.151] 14:5820:魔法障壁 starts using 偏向防御 on 魔法障壁.
[23:19:27.164] 00:0000:Hojoring:[EX] Added new combatant. name=デミ・バハムート X=26.27 Y=17.97 Z=-0.86 hp=135652
[23:19:26.000] 00:0044:クイーンズ・ナイト:陣ヲ崩サレルトハ……退ケ、退クノダ……！ 女王陛下ヲ、オ守リセネバ……！
[23:19:30.349] 00:0000:Hojoring:[EX] Added new combatant. name=カーバンクル・ルビー X=26.34 Y=18.03 Z=-0.86 hp=150726
[23:19:47.218] 00:0000:Hojoring:[EX] Added new combatant. name=カーバンクル・トパーズ X=26.40 Y=16.98 Z=-0.88 hp=150726
[23:19:55.844] 00:0000:Hojoring:[EX] Beacon X=26.35 Y=17.05 Z=-0.88 zone=Delubrum Reginae (Savage)
[23:19:59.633] 00:0000:Hojoring:[EX] Added new combatant. name=Yuu Hinata X=25.54 Y=14.53 Z=-0.97 hp=188083
[23:20:04.447] 00:0000:Hojoring:[EX] Added new combatant. name=カーバンクル・ルビー X=25.55 Y=15.14 Z=-0.96 hp=150726
[23:20:06.854] 00:0000:Hojoring:[EX] Added new combatant. name=ボズヤ・ファントム X=25.54 Y=13.93 Z=-0.97 hp=44
[23:20:06.854] 00:0000:Hojoring:[EX] Added new combatant. name=ボズヤ・ファントム X=25.54 Y=13.93 Z=-0.97 hp=168751968
[23:20:06.886] 00:0000:Hojoring:[EX] Added new combatant. name=ボズヤ・ファントム X=25.54 Y=13.93 Z=-0.97 hp=44
[23:20:06.918] 00:0000:Hojoring:[EX] Added new combatant. name=ボズヤ・ファントム X=25.54 Y=13.93 Z=-0.97 hp=44
[23:20:51.774] 00:0000:Hojoring:[EX] Added new combatant. name=カーバンクル・ルビー X=25.48 Y=14.88 Z=-0.96 hp=150726
[23:20:55.860] 00:0000:Hojoring:[EX] Beacon X=25.54 Y=14.70 Z=-0.96 zone=Delubrum Reginae (Savage)
[23:21:06.208] 00:0000:Hojoring:[EX] Added new combatant. name=カーバンクル・ルビー X=25.61 Y=14.58 Z=-0.97 hp=150726
[23:21:17.000] 00:0039:レディチェックを開始しました。
