[22:45:41.000] 00:0039:戦闘開始！
[22:45:41.000] 00:0044:トリニティ・シーカー:我ラ翠ノ一門…… 三位一体ニシテ、研ギ澄マサレシ、グンヒルドノ剣ナリ……！
[22:45:44.700] 00:0000:Hojoring:[EX] Added new combatant. name=英雄の影身 X=21.54 Y=27.46 Z=0.08 hp=123916
[22:45:45.906] 00:0000:Hojoring:[EX] Added new combatant. name=オートマトン・クイーン X=21.53 Y=27.33 Z=0.08 hp=149525
[22:45:47.964] 00:0000:Hojoring:[EX] Added new combatant. name=英雄の影身 X=21.49 Y=27.10 Z=0.08 hp=123916
[22:45:48.718] 00:0000:Hojoring:[EX] Added new combatant. name=分身 X=21.50 Y=27.13 Z=0.08 hp=149486
[22:45:48.718] 00:0000:Hojoring:[EX] Added new combatant. name=分身 X=21.51 Y=27.13 Z=0.08 hp=139085
[22:45:47.932] 14:5AD3:トリニティ・シーカー starts using 翠流魔風塵 on トリニティ・シーカー.
[22:45:47.000] 00:282b:トリニティ・シーカーは「翠流魔風塵」の構え。
[22:45:50.742] 00:0000:Hojoring:[EX] Added new combatant. name=英雄の影身 X=21.55 Y=27.20 Z=0.08 hp=123916
[22:45:53.143] 00:0000:Hojoring:[EX] Added new combatant. name=デミ・フェニックス X=21.51 Y=27.23 Z=0.08 hp=150726
[22:45:53.143] 00:0000:Hojoring:[EX] Added new combatant. name=セラフィム X=21.50 Y=27.08 Z=0.08 hp=150726
[22:45:53.143] 00:0000:Hojoring:[EX] Added new combatant. name=デミ・フェニックス X=21.53 Y=27.22 Z=0.08 hp=150726
[22:45:53.504] 00:0000:Hojoring:[EX] Added new combatant. name=分身 X=21.50 Y=27.11 Z=0.08 hp=149486
[22:45:54.974] 00:0000:Hojoring:[EX] Beacon X=21.52 Y=27.14 Z=0.08 zone=Delubrum Reginae (Savage)
[22:45:52.936] 16:<id8>:トリニティ・シーカー:5AD3:翠流魔風塵:<id8>:[NIN]:
[22:45:52.936] 16:<id8>:トリニティ・シーカー:5AD3:翠流魔風塵:<id8>:[mex]:
[22:45:52.936] 16:<id8>:トリニティ・シーカー:5AD3:翠流魔風塵:<id8>:[MNK]:
[22:45:52.936] 16:<id8>:トリニティ・シーカー:5AD3:翠流魔風塵:<id8>:[pc]:
[22:45:52.936] 16:<id8>:トリニティ・シーカー:5AD3:翠流魔風塵:<id8>:[PLD]:
[22:45:52.936] 16:<id8>:トリニティ・シーカー:5AD3:翠流魔風塵:<id8>:[WAR]:
[22:45:52.936] 16:<id8>:トリニティ・シーカー:5AD3:翠流魔風塵:<id8>:[DNC]:
[22:45:55.568] 00:0000:Hojoring:[EX] Added new combatant. name=英雄の影身 X=21.46 Y=26.98 Z=0.08 hp=123916
[22:45:55.568] 00:0000:Hojoring:[EX] Added new combatant. name=デミ・フェニックス X=21.55 Y=27.20 Z=0.08 hp=75363
[22:45:53.643] 16:<id8>:トリニティ・シーカー:5B33:翠流魔風塵:<id8>:[pc]:
[22:45:53.643] 16:<id8>:トリニティ・シーカー:5B33:翠流魔風塵:<id8>:[mex]:
[22:45:53.643] 16:<id8>:トリニティ・シーカー:5B33:翠流魔風塵:<id8>:[SCH]:
[22:45:53.643] 16:<id8>:トリニティ・シーカー:5B33:翠流魔風塵:<id8>:[NIN]:
[22:45:53.643] 16:<id8>:トリニティ・シーカー:5B33:翠流魔風塵:<id8>:[DNC]:
[22:45:53.643] 16:<id8>:トリニティ・シーカー:5B33:翠流魔風塵:<id8>:[MNK]:
[22:45:53.643] 16:<id8>:トリニティ・シーカー:5B33:翠流魔風塵:<id8>:[PLD]:
[22:45:53.643] 16:<id8>:トリニティ・シーカー:5B33:翠流魔風塵:<id8>:[SMN]:
[22:45:53.643] 16:<id8>:トリニティ・シーカー:5B33:翠流魔風塵:<id8>:[WAR]:
[22:45:53.000] 00:282b:トリニティ・シーカーの「翠流魔風塵」
[22:45:57.933] 00:0000:Hojoring:[EX] Added new combatant. name=デミ・バハムート X=21.55 Y=27.23 Z=0.08 hp=135652
[22:45:57.933] 00:0000:Hojoring:[EX] Added new combatant. name=デミ・バハムート X=21.53 Y=27.22 Z=0.08 hp=135652
[22:45:57.119] 15:<id8>:トリニティ・シーカー:5A9A:Unknown_5A9a:<id8>::
[22:45:59.981] 00:0000:Hojoring:[EX] Added new combatant. name=デミ・フェニックス X=21.55 Y=27.19 Z=0.08 hp=150726
[22:45:58.000] 00:282b:トリニティ・シーカーは「分体生成」の構え。
[22:45:58.549] 14:5ADA:トリニティ・シーカー starts using 分体生成 on トリニティ・シーカー.
[22:46:01.529] 15:<id8>:トリニティ・シーカー:5ADA:分体生成:<id8>:トリニティ・シーカー:
[22:46:02.000] 00:282b:トリニティ・シーカーの「分体生成」
[22:46:06.000] 00:0044:ブラズらしき声:我ガ必殺剣ヲ喰ラエッ！
[22:46:06.000] 00:282b:トリニティ・シーカーは「初手：鋭刃四刀の構え」の構え。
[22:46:06.741] 14:5B61:トリニティ・シーカー starts using 初手：鋭刃四刀の構え on トリニティ・シーカー.
[22:46:09.729] 15:<id8>:トリニティ・シーカー:5B61:初手：鋭刃四刀の構え:<id8>:トリニティ・シーカー:
[22:46:09.949] 14:5B62:トリニティ・シーカー starts using 二手：鋭刃四刀の構え on トリニティ・シーカー.
[22:46:09.000] 00:282b:トリニティ・シーカーは「二手：鋭刃四刀の構え」の構え。
[22:46:13.187] 00:0000:Hojoring:[EX] Added new combatant. name=カーバンクル・トパーズ X=21.49 Y=27.15 Z=0.08 hp=150726
[22:46:13.187] 00:0000:Hojoring:[EX] Added new combatant. name=カーバンクル・ルビー X=21.40 Y=27.02 Z=0.08 hp=150726
[22:46:15.177] 00:0000:Hojoring:[EX] Added new combatant. name=フェアリー・エオス X=21.50 Y=27.08 Z=0.08 hp=150726
[22:46:12.938] 15:<id8>:トリニティ・シーカー:5B62:二手：鋭刃四刀の構え:<id8>:トリニティ・シーカー:
[22:46:13.160] 14:5B63:トリニティ・シーカー starts using 三手：鋭刃四刀の構え  on トリニティ・シーカー.
[22:46:12.000] 00:282b:トリニティ・シーカーは「三手：鋭刃四刀の構え 」の構え。
[22:46:15.596] 00:0000:Hojoring:[EX] Added new combatant. name=カーバンクル・ルビー X=21.42 Y=27.06 Z=0.08 hp=75363
[22:46:17.993] 00:0000:Hojoring:[EX] Added new combatant. name=イフリート・エギ X=21.43 Y=27.08 Z=0.08 hp=150726
[22:46:18.057] 00:0000:Hojoring:[EX] Added new combatant. name=カーバンクル・ルビー X=21.48 Y=27.06 Z=0.08 hp=150726
[22:46:16.145] 15:<id8>:トリニティ・シーカー:5B63:三手：鋭刃四刀の構え :<id8>:トリニティ・シーカー:
[22:46:16.000] 00:282b:トリニティ・シーカーは「四手：鋭刃四刀の構え  」の構え。
[22:46:16.368] 14:5B64:トリニティ・シーカー starts using 四手：鋭刃四刀の構え   on トリニティ・シーカー.
[22:46:19.604] 00:0000:Hojoring:[EX] Added new combatant. name=カーバンクル・ルビー X=21.47 Y=27.06 Z=0.08 hp=150726
[22:46:19.351] 14:5AC7:シーカーの分体 starts using 鋭刃雪月花 on シーカーの分体.
[22:46:19.353] 15:<id8>:トリニティ・シーカー:5B64:四手：鋭刃四刀の構え  :<id8>:トリニティ・シーカー:
[22:46:19.000] 00:282b:シーカーの分体は「鋭刃雪月花」の構え。
[22:46:19.572] 14:5AB8:トリニティ・シーカー starts using 鋭刃四刀流 on トリニティ・シーカー.
[22:46:19.000] 00:282b:トリニティ・シーカーは「鋭刃四刀流」の構え。
[22:46:20.064] 14:5B94:トリニティ・シーカー starts using 鋭刃四刀流 on トリニティ・シーカー.
[22:46:21.536] 15:<id8>:トリニティ・シーカー:5AB8:鋭刃四刀流:<id8>:トリニティ・シーカー:
[22:46:21.758] 15:<id8>:トリニティ・シーカー:5B94:鋭刃四刀流:<id8>::
[22:46:21.844] 15:<id8>:トリニティ・シーカー:5ABA:鋭刃四刀流:<id8>::
[22:46:21.979] 14:5B94:トリニティ・シーカー starts using 鋭刃四刀流 on トリニティ・シーカー.
[22:46:23.676] 15:<id8>:トリニティ・シーカー:5B94:鋭刃四刀流:<id8>::
[22:46:23.764] 15:<id8>:トリニティ・シーカー:5ABB:鋭刃四刀流:<id8>:[pc]:
[22:46:23.895] 14:5B94:トリニティ・シーカー starts using 鋭刃四刀流 on トリニティ・シーカー.
[22:46:24.344] 15:<id8>:シーカーの分体:5AC7:鋭刃雪月花:<id8>:シーカーの分体:
[22:46:26.811] 00:0000:Hojoring:[EX] Added new combatant. name=魔力塊 X=21.29 Y=26.85 Z=0.08 hp=266400
[22:46:25.592] 15:<id8>:トリニティ・シーカー:5B94:鋭刃四刀流:<id8>:[pc]:
[22:46:25.680] 15:<id8>:トリニティ・シーカー:5AB9:鋭刃四刀流:<id8>:[pc]:
[22:46:25.811] 14:5B94:トリニティ・シーカー starts using 鋭刃四刀流 on トリニティ・シーカー.
[22:46:26.121] 1A:10274868:[pc] gains the effect of 破滅の刻印：参 from トリニティ・シーカー for 30.00 Seconds.
[22:46:26.435] 14:5AC8:トリニティ・シーカー starts using 鋭刃雪風 on トリニティ・シーカー.
[22:46:27.415] 14:5ACA:トリニティ・シーカー starts using 鋭刃花車 on トリニティ・シーカー.
[22:46:27.000] 00:282b:シーカーの分体の「鋭刃雪月花」
[22:46:27.506] 16:<id8>:トリニティ・シーカー:5B94:鋭刃四刀流:<id8>:[pc]:
[22:46:27.592] 15:<id8>:トリニティ・シーカー:5ABC:鋭刃四刀流:<id8>:[pc]:
[22:46:28.038] 1A:10241BE6:[pc] gains the effect of 破滅の刻印：参 from トリニティ・シーカー for 30.00 Seconds.
[22:46:28.078] 1A:102A2956:[pc] gains the effect of 破滅の刻印：参 from トリニティ・シーカー for 30.00 Seconds.
[22:46:30.412] 00:0000:Hojoring:[EX] Added new combatant. name=フェアリー・エオス X=21.68 Y=27.14 Z=0.08 hp=150726
[22:46:28.931] 15:<id8>:トリニティ・シーカー:5AC8:鋭刃雪風:<id8>::
[22:46:28.931] 15:<id8>:トリニティ・シーカー:5AC8:鋭刃雪風:<id8>:[pc]:
[22:46:29.592] 1A:1002BE5C:[pc] gains the effect of 破滅の刻印：参 from トリニティ・シーカー for 30.00 Seconds.
[22:46:30.439] 16:<id8>:魔力塊:5AC9:鋭刃月光:<id8>:[pc]:
[22:46:30.439] 16:<id8>:魔力塊:5AC9:鋭刃月光:<id8>:[MNK]:
[22:46:30.439] 16:<id8>:魔力塊:5AC9:鋭刃月光:<id8>:[WAR]:
[22:46:30.439] 16:<id8>:魔力塊:5AC9:鋭刃月光:<id8>:[NIN]:
[22:46:30.439] 16:<id8>:魔力塊:5AC9:鋭刃月光:<id8>:[PLD]:
[22:46:30.439] 16:<id8>:魔力塊:5AC9:鋭刃月光:<id8>:[DNC]:
[22:46:30.530] 14:5AC8:トリニティ・シーカー starts using 鋭刃雪風 on トリニティ・シーカー.
[22:46:30.000] 00:282b:魔力塊の「鋭刃月光」
[22:46:30.973] 1A:102EF269:[pc] gains the effect of 石化 from 魔力塊 for 8.00 Seconds.
[22:46:33.026] 15:<id8>:トリニティ・シーカー:5AC8:鋭刃雪風:<id8>::
[22:46:33.026] 15:<id8>:トリニティ・シーカー:5AC8:鋭刃雪風:<id8>:[pc]:
[22:46:33.652] 1A:102EF269:[pc] gains the effect of 破滅の刻印：参 from トリニティ・シーカー for 30.00 Seconds.
[22:46:33.652] 1A:1003B533:[pc] gains the effect of 破滅の刻印：参 from トリニティ・シーカー for 30.00 Seconds.
[22:46:36.373] 16:<id8>:トリニティ・シーカー:5ACA:鋭刃花車:<id8>:[pc]:
[22:46:37.041] 1A:102EF269:[pc] gains the effect of 破滅の刻印：参 from トリニティ・シーカー for 30.00 Seconds.
[22:46:37.082] 1A:1029BE04:[pc] gains the effect of 破滅の刻印：参 from トリニティ・シーカー for 30.00 Seconds.
[22:46:38.732] 14:5AD3:トリニティ・シーカー starts using 翠流魔風塵 on トリニティ・シーカー.
[22:46:38.000] 00:282b:トリニティ・シーカーは「翠流魔風塵」の構え。
[22:46:44.851] 00:0000:Hojoring:[EX] Added new combatant. name=デミ・フェニックス X=21.58 Y=26.84 Z=0.08 hp=150726
[22:46:45.272] 00:0000:Hojoring:[EX] Added new combatant. name=デミ・フェニックス X=21.73 Y=26.86 Z=0.08 hp=150726
[22:46:45.695] 00:0000:Hojoring:[EX] Added new combatant. name=オートマトン・クイーン X=21.66 Y=26.90 Z=0.08 hp=149525
[22:46:43.723] 16:<id8>:トリニティ・シーカー:5AD3:翠流魔風塵:<id8>:[pc]:
[22:46:43.723] 16:<id8>:トリニティ・シーカー:5AD3:翠流魔風塵:<id8>:[PLD]:
[22:46:43.723] 16:<id8>:トリニティ・シーカー:5AD3:翠流魔風塵:<id8>:[NIN]:
[22:46:43.723] 16:<id8>:トリニティ・シーカー:5AD3:翠流魔風塵:<id8>:[DNC]:
[22:46:43.723] 16:<id8>:トリニティ・シーカー:5AD3:翠流魔風塵:<id8>:[SCH]:
[22:46:43.723] 16:<id8>:トリニティ・シーカー:5AD3:翠流魔風塵:<id8>:[MNK]:
[22:46:43.723] 16:<id8>:トリニティ・シーカー:5AD3:翠流魔風塵:<id8>:[WAR]:
[22:46:43.723] 16:<id8>:トリニティ・シーカー:5AD3:翠流魔風塵:<id8>:[mex]:
[22:46:43.000] 00:282b:トリニティ・シーカーの「翠流魔風塵」
[22:46:44.435] 16:<id8>:トリニティ・シーカー:5B33:翠流魔風塵:<id8>:[pc]:
[22:46:44.435] 16:<id8>:トリニティ・シーカー:5B33:翠流魔風塵:<id8>:[mex]:
[22:46:44.435] 16:<id8>:トリニティ・シーカー:5B33:翠流魔風塵:<id8>:[SCH]:
[22:46:44.435] 16:<id8>:トリニティ・シーカー:5B33:翠流魔風塵:<id8>:[NIN]:
[22:46:44.435] 16:<id8>:トリニティ・シーカー:5B33:翠流魔風塵:<id8>:[DNC]:
[22:46:44.435] 16:<id8>:トリニティ・シーカー:5B33:翠流魔風塵:<id8>:[MNK]:
[22:46:44.435] 16:<id8>:トリニティ・シーカー:5B33:翠流魔風塵:<id8>:[PLD]:
[22:46:44.435] 16:<id8>:トリニティ・シーカー:5B33:翠流魔風塵:<id8>:[SMN]:
[22:46:44.435] 16:<id8>:トリニティ・シーカー:5B33:翠流魔風塵:<id8>:[WAR]:
[22:46:45.000] 00:0044:ヴェリボルらしき声:オレノ「豪剣」デ……ブッ潰シテヤルッ！
[22:46:45.865] 14:5A98:トリニティ・シーカー starts using 翠流派 on トリニティ・シーカー.
[22:46:45.000] 00:282b:トリニティ・シーカーは「翠流派」の構え。
[22:46:48.852] 15:<id8>:トリニティ・シーカー:5A98:翠流派:<id8>:トリニティ・シーカー:
[22:46:49.000] 00:282b:トリニティ・シーカーの「翠流派」
[22:46:55.011] 00:0000:Hojoring:[EX] Beacon X=21.53 Y=27.11 Z=0.08 zone=Delubrum Reginae (Savage)
[22:46:53.518] 15:<id8>:トリニティ・シーカー:5AD0:豪剣黒流破:<id8>:トリニティ・シーカー:
[22:46:53.518] 16:<id8>:トリニティ・シーカー:5AD1:豪剣黒流破:<id8>:[pc]:
[22:46:53.518] 16:<id8>:トリニティ・シーカー:5AD1:豪剣黒流破:<id8>:[mex]:
[22:46:53.518] 15:<id8>:トリニティ・シーカー:5AD1:豪剣黒流破:<id8>::
[22:46:54.054] 1A:102E5568:[pc] gains the effect of 破滅の刻印：参 from トリニティ・シーカー for 30.00 Seconds.
[22:46:54.099] 1A:10274868:[pc] gains the effect of 破滅の刻印：参 from トリニティ・シーカー for 30.00 Seconds.
[22:46:54.145] 1A:102AD6E2:[pc] gains the effect of 破滅の刻印：参 from トリニティ・シーカー for 30.00 Seconds.
[22:46:54.190] 1A:1007331B:[pc] gains the effect of 破滅の刻印：参 from トリニティ・シーカー for 30.00 Seconds.
[22:46:53.000] 00:282b:トリニティ・シーカーの「豪剣黒流破」
[22:46:54.231] 1A:1029BE04:[pc] gains the effect of 破滅の刻印：参 from トリニティ・シーカー for 30.00 Seconds.
[22:46:54.277] 1A:10248026:[mex] gains the effect of 破滅の刻印：参 from トリニティ・シーカー for 30.00 Seconds.
[22:46:59.686] 00:0000:Hojoring:[EX] Added new combatant. name=デミ・バハムート X=21.64 Y=26.87 Z=0.08 hp=67826
[22:46:57.000] 00:0044:ヴェリボルらしき声:グンヒルドノ剣ヲナメルナッ！
[22:46:57.625] 14:5AD5:トリニティ・シーカー starts using 豪剣激烈斬 on Fire Aniki.
[22:46:57.000] 00:282b:トリニティ・シーカーは「豪剣激烈斬」の構え。
[22:47:01.702] 00:0000:Hojoring:[EX] Added new combatant. name=デミ・バハムート X=21.56 Y=27.07 Z=0.08 hp=135652
[22:47:02.480] 00:0000:Hojoring:[EX] Added new combatant. name=デミ・バハムート X=21.60 Y=27.09 Z=0.08 hp=135652
[22:47:01.675] 16:<id8>:トリニティ・シーカー:5AD5:豪剣激烈斬:<id8>:[pc]:
[22:47:01.675] 16:<id8>:トリニティ・シーカー:5AD5:豪剣激烈斬:<id8>:[mex]:
[22:47:04.524] 00:0000:Hojoring:[EX] Added new combatant. name=イフリート・エギ X=21.73 Y=26.86 Z=0.08 hp=150726
[22:47:02.000] 00:282b:トリニティ・シーカーの「豪剣激烈斬」
[22:47:05.409] 00:0000:Hojoring:[EX] Added new combatant. name=カーバンクル・ルビー X=21.59 Y=27.09 Z=0.08 hp=150726
[22:47:04.844] 14:5ABD:トリニティ・シーカー starts using 霊幻剣 on トリニティ・シーカー.
[22:47:08.817] 15:<id8>:トリニティ・シーカー:5ABD:霊幻剣:<id8>:トリニティ・シーカー:
[22:47:11.742] 00:0000:Hojoring:[EX] Added new combatant. name=アーサリースター X=21.56 Y=27.00 Z=0.08 hp=150726
[22:47:09.000] 00:282b:トリニティ・シーカーの「霊幻剣」
[22:47:12.571] 00:0000:Hojoring:[EX] Added new combatant. name=デミ・バハムート X=21.79 Y=27.01 Z=0.08 hp=135652
[22:47:10.000] 00:0044:ヴェリボルらしき声:跡形モナク叩キ潰スッ！
[22:47:10.000] 00:282b:トリニティ・シーカーは「豪剣激烈斬」の構え。
[22:47:10.954] 14:5AD6:トリニティ・シーカー starts using 豪剣激烈斬 on Fire Aniki.
[22:47:15.005] 15:<id8>:トリニティ・シーカー:5AD6:豪剣激烈斬:<id8>:[pc]:
[22:47:15.000] 00:282b:トリニティ・シーカーの「豪剣激烈斬」
[22:47:19.386] 00:0000:Hojoring:[EX] Added new combatant. name=カーバンクル・ルビー X=21.67 Y=26.90 Z=0.08 hp=75363
[22:47:21.778] 00:0000:Hojoring:[EX] Added new combatant. name=カーバンクル・トパーズ X=21.72 Y=26.96 Z=0.08 hp=150726
[22:47:22.207] 00:0000:Hojoring:[EX] Added new combatant. name=カーバンクル・ルビー X=21.68 Y=26.92 Z=0.08 hp=150726
[22:47:24.057] 1B:<id8>:[SCH]:0000:12BF:01A0:0000:0000:0000:
[22:47:24.057] 1B:<id8>:[pc]:0000:12BF:01A0:0000:0000:0000:
[22:47:24.057] 1B:<id8>:[pc]:0000:12BF:01A0:0000:0000:0000:
[22:47:24.057] 1B:<id8>:[pc]:0000:12BF:01A0:0000:0000:0000:
[22:47:24.057] 1B:<id8>:[pc]:0000:12BF:01A0:0000:0000:0000:
[22:47:24.057] 1B:<id8>:[pc]:0000:12BF:01A0:0000:0000:0000:
[22:47:24.057] 1B:<id8>:[pc]:0000:12BF:01A0:0000:0000:0000:
[22:47:24.057] 1B:<id8>:[pc]:0000:12BF:01A0:0000:0000:0000:
[22:47:24.057] 1B:<id8>:[pc]:0000:12BF:01A0:0000:0000:0000:
[22:47:24.057] 1B:<id8>:[pc]:0000:12BF:01A0:0000:0000:0000:
[22:47:24.057] 1B:<id8>:[pc]:0000:12BF:01A0:0000:0000:0000:
[22:47:24.057] 1B:<id8>:[MNK]:0000:12BF:01A0:0000:0000:0000:
[22:47:26.582] 00:0000:Hojoring:[EX] Added new combatant. name=分身 X=21.49 Y=27.17 Z=0.08 hp=149486
[22:47:27.425] 00:0000:Hojoring:[EX] Added new combatant. name=分身 X=21.48 Y=27.12 Z=0.08 hp=139085
[22:47:27.781] 00:0000:Hojoring:[EX] Added new combatant. name=アーサリースター X=21.54 Y=27.01 Z=0.08 hp=150726
[22:47:27.262] 15:<id8>:トリニティ・シーカー:5A9A:Unknown_5A9a:<id8>::
[22:47:27.000] 00:282b:トリニティ・シーカーは「豪剣強襲撃」の構え。
[22:47:28.374] 14:5ABE:トリニティ・シーカー starts using 豪剣強襲撃 on トリニティ・シーカー.
[22:47:31.005] 00:0000:Hojoring:[EX] Added new combatant. name=分身 X=21.53 Y=27.15 Z=0.08 hp=149486
[22:47:32.598] 00:0000:Hojoring:[EX] Added new combatant. name=カーバンクル・ルビー X=21.50 Y=27.06 Z=0.08 hp=150726
[22:47:31.181] 16:<id8>:トリニティ・シーカー:5ACB:魔炎鎖:<id8>:[pc]:
[22:47:36.349] 15:<id8>:トリニティ・シーカー:5ABE:豪剣強襲撃:<id8>:トリニティ・シーカー:
[22:47:36.438] 15:<id8>:トリニティ・シーカー:5B2A:豪剣強襲撃:<id8>::
[22:47:36.438] 15:<id8>:トリニティ・シーカー:5B2A:豪剣強襲撃:<id8>:[WAR]:
[22:47:36.000] 00:282b:トリニティ・シーカーの「豪剣強襲撃」
[22:47:38.578] 14:5ADA:トリニティ・シーカー starts using 分体生成 on トリニティ・シーカー.
[22:47:38.000] 00:282b:トリニティ・シーカーは「分体生成」の構え。
[22:47:41.568] 15:<id8>:トリニティ・シーカー:5ADA:分体生成:<id8>:トリニティ・シーカー:
[22:47:44.647] 00:0000:Hojoring:[EX] Added new combatant. name=オートマトン・クイーン X=21.49 Y=27.17 Z=0.08 hp=149525
[22:47:42.000] 00:282b:トリニティ・シーカーの「分体生成」
[22:47:45.042] 00:0000:Hojoring:[EX] Added new combatant. name=分身 X=21.51 Y=27.11 Z=0.08 hp=149486
[22:47:45.853] 00:0000:Hojoring:[EX] Added new combatant. name=セラフィム X=21.50 Y=27.16 Z=0.08 hp=150726
[22:47:48.622] 00:0000:Hojoring:[EX] Added new combatant. name=英雄の影身 X=21.38 Y=27.14 Z=0.08 hp=123916
[22:47:48.622] 00:0000:Hojoring:[EX] Added new combatant. name=デミ・フェニックス X=21.55 Y=27.18 Z=0.08 hp=75363
[22:47:47.000] 00:282b:トリニティ・シーカーは「霊幻剣」の構え。
[22:47:47.760] 14:5ABD:トリニティ・シーカー starts using 霊幻剣 on トリニティ・シーカー.
[22:47:48.250] 15:<id8>:シーカーの分体:5AD7:豪剣焔襲撃:<id8>::
[22:47:49.274] 15:<id8>:シーカーの分体:5AD7:豪剣焔襲撃:<id8>::
[22:47:48.000] 00:282b:シーカーの分体の「豪剣焔襲撃」
[22:47:49.000] 00:282b:シーカーの分体の「豪剣焔襲撃」
[22:47:53.060] 00:0000:Hojoring:[EX] Added new combatant. name=デミ・フェニックス X=21.56 Y=27.13 Z=0.08 hp=150726
[22:47:51.279] 15:<id8>:シーカーの分体:5AD7:豪剣焔襲撃:<id8>::
[22:47:50.000] 00:282b:シーカーの分体の「豪剣焔襲撃」
[22:47:51.726] 15:<id8>:トリニティ・シーカー:5ABD:霊幻剣:<id8>:トリニティ・シーカー:
[22:47:51.000] 00:282b:シーカーの分体の「豪剣焔襲撃」
[22:47:55.037] 00:0000:Hojoring:[EX] Beacon X=21.33 Y=26.98 Z=0.08 zone=Delubrum Reginae (Savage)
[22:47:52.000] 00:282b:トリニティ・シーカーの「霊幻剣」
[22:47:55.455] 00:0000:Hojoring:[EX] Added new combatant. name=デミ・フェニックス X=21.37 Y=27.06 Z=0.08 hp=150726
[22:47:55.876] 00:0000:Hojoring:[EX] Added new combatant. name=デミ・フェニックス X=21.39 Y=26.93 Z=0.08 hp=150726
[22:47:53.911] 15:<id8>:トリニティ・シーカー:5A9A:Unknown_5A9a:<id8>::
[22:47:56.259] 00:0000:Hojoring:[EX] Added new combatant. name=セラフィム X=21.50 Y=27.08 Z=0.08 hp=150726
[22:47:54.892] 14:5AD8:シーカーの分体 starts using 豪剣魔炎旋 on シーカーの分体.
[22:47:54.000] 00:282b:シーカーの分体は「豪剣魔炎旋」の構え。
[22:47:55.023] 14:5ABF:トリニティ・シーカー starts using 豪剣強襲撃 on トリニティ・シーカー.
[22:47:54.000] 00:282b:トリニティ・シーカーは「豪剣強襲撃」の構え。
[22:47:57.469] 00:0000:Hojoring:[EX] Added new combatant. name=デミ・バハムート X=21.33 Y=26.86 Z=0.08 hp=135652
[22:47:55.873] 16:<id8>:シーカーの分体:5AD8:豪剣魔炎旋:<id8>:[pc]:
[22:47:55.000] 00:282b:シーカーの分体の「豪剣魔炎旋」
[22:47:56.227] 1A:102DC0AC:[pc] gains the effect of 破滅の刻印：参 from シーカーの分体 for 30.00 Seconds.
[22:47:56.272] 1A:1029BE04:[pc] gains the effect of 死の宣告 from シーカーの分体 for 3.00 Seconds.
[22:47:56.895] 14:5AD8:シーカーの分体 starts using 豪剣魔炎旋 on シーカーの分体.
[22:47:56.000] 00:282b:シーカーの分体は「豪剣魔炎旋」の構え。
[22:47:57.877] 15:<id8>:シーカーの分体:5AD8:豪剣魔炎旋:<id8>::
[22:47:57.000] 00:282b:シーカーの分体の「豪剣魔炎旋」
[22:48:00.652] 00:0000:Hojoring:[EX] Added new combatant. name=デミ・バハムート X=21.32 Y=26.79 Z=0.08 hp=135652
[22:47:58.900] 14:5AD8:シーカーの分体 starts using 豪剣魔炎旋 on シーカーの分体.
[22:47:58.000] 00:282b:シーカーの分体は「豪剣魔炎旋」の構え。
[22:47:59.883] 15:<id8>:シーカーの分体:5AD8:豪剣魔炎旋:<id8>::
[22:47:59.000] 00:282b:シーカーの分体の「豪剣魔炎旋」
[22:48:00.901] 14:5AD8:シーカーの分体 starts using 豪剣魔炎旋 on シーカーの分体.
[22:48:00.000] 00:282b:シーカーの分体は「豪剣魔炎旋」の構え。
[22:48:01.890] 16:<id8>:シーカーの分体:5AD8:豪剣魔炎旋:<id8>:[pc]:
[22:48:01.000] 00:282b:シーカーの分体の「豪剣魔炎旋」
[22:48:02.241] 1A:10303AA2:[pc] gains the effect of 破滅の刻印：参 from シーカーの分体 for 30.00 Seconds.
[22:48:02.287] 1A:10247D9C:[pc] gains the effect of 破滅の刻印：参 from シーカーの分体 for 30.00 Seconds.
[22:48:02.333] 1A:1001C1B8:[pc] gains the effect of 破滅の刻印：参 from シーカーの分体 for 30.00 Seconds.
[22:48:03.000] 15:<id8>:トリニティ・シーカー:5ABF:豪剣強襲撃:<id8>:トリニティ・シーカー:
[22:48:03.090] 16:<id8>:トリニティ・シーカー:5B2B:豪剣強襲撃:<id8>:[pc]:
[22:48:03.090] 16:<id8>:トリニティ・シーカー:5B2B:豪剣強襲撃:<id8>:[mex]:
[22:48:03.090] 16:<id8>:トリニティ・シーカー:5B2B:豪剣強襲撃:<id8>:[SCH]:
[22:48:03.090] 16:<id8>:トリニティ・シーカー:5B2B:豪剣強襲撃:<id8>:[NIN]:
[22:48:03.090] 16:<id8>:トリニティ・シーカー:5B2B:豪剣強襲撃:<id8>:[DNC]:
[22:48:03.090] 16:<id8>:トリニティ・シーカー:5B2B:豪剣強襲撃:<id8>:[MNK]:
[22:48:03.090] 16:<id8>:トリニティ・シーカー:5B2B:豪剣強襲撃:<id8>:[PLD]:
[22:48:03.090] 16:<id8>:トリニティ・シーカー:5B2B:豪剣強襲撃:<id8>:[SMN]:
[22:48:03.090] 16:<id8>:トリニティ・シーカー:5B2B:豪剣強襲撃:<id8>:[WAR]:
[22:48:03.000] 00:282b:トリニティ・シーカーの「豪剣強襲撃」
[22:48:07.911] 00:0000:Hojoring:[EX] Added new combatant. name=フェアリー・エオス X=21.50 Y=27.16 Z=0.08 hp=150726
[22:48:08.695] 00:0000:Hojoring:[EX] Added new combatant. name=カーバンクル・ルビー X=21.64 Y=26.94 Z=0.08 hp=75363
[22:48:07.147] 14:5AD3:トリニティ・シーカー starts using 翠流魔風塵 on トリニティ・シーカー.
[22:48:06.000] 00:282b:トリニティ・シーカーは「翠流魔風塵」の構え。
[22:48:11.087] 00:0000:Hojoring:[EX] Added new combatant. name=英雄の影身 X=21.44 Y=26.95 Z=0.08 hp=123916
[22:48:13.085] 00:0000:Hojoring:[EX] Added new combatant. name=カーバンクル・トパーズ X=21.53 Y=27.10 Z=0.08 hp=150726
[22:48:12.140] 16:<id8>:トリニティ・シーカー:5AD3:翠流魔風塵:<id8>:[pc]:
[22:48:12.140] 16:<id8>:トリニティ・シーカー:5AD3:翠流魔風塵:<id8>:[MNK]:
[22:48:12.140] 16:<id8>:トリニティ・シーカー:5AD3:翠流魔風塵:<id8>:[mex]:
[22:48:12.140] 16:<id8>:トリニティ・シーカー:5AD3:翠流魔風塵:<id8>:[NIN]:
[22:48:12.140] 16:<id8>:トリニティ・シーカー:5AD3:翠流魔風塵:<id8>:[SCH]:
[22:48:12.140] 16:<id8>:トリニティ・シーカー:5AD3:翠流魔風塵:<id8>:[DNC]:
[22:48:12.140] 16:<id8>:トリニティ・シーカー:5AD3:翠流魔風塵:<id8>:[SMN]:
[22:48:14.703] 00:0000:Hojoring:[EX] Added new combatant. name=英雄の影身 X=21.51 Y=27.19 Z=0.08 hp=123916
[22:48:12.000] 00:282b:トリニティ・シーカーの「翠流魔風塵」
[22:48:12.851] 16:<id8>:トリニティ・シーカー:5B33:翠流魔風塵:<id8>:[pc]:
[22:48:12.851] 16:<id8>:トリニティ・シーカー:5B33:翠流魔風塵:<id8>:[mex]:
[22:48:12.851] 16:<id8>:トリニティ・シーカー:5B33:翠流魔風塵:<id8>:[SCH]:
[22:48:12.851] 16:<id8>:トリニティ・シーカー:5B33:翠流魔風塵:<id8>:[NIN]:
[22:48:12.851] 16:<id8>:トリニティ・シーカー:5B33:翠流魔風塵:<id8>:[DNC]:
[22:48:12.851] 16:<id8>:トリニティ・シーカー:5B33:翠流魔風塵:<id8>:[MNK]:
[22:48:12.851] 16:<id8>:トリニティ・シーカー:5B33:翠流魔風塵:<id8>:[WAR]:
[22:48:12.851] 16:<id8>:トリニティ・シーカー:5B33:翠流魔風塵:<id8>:[PLD]:
[22:48:12.851] 16:<id8>:トリニティ・シーカー:5B33:翠流魔風塵:<id8>:[SMN]:
[22:48:15.536] 00:0000:Hojoring:[EX] Added new combatant. name=アーサリースター X=21.50 Y=27.06 Z=0.08 hp=150726
[22:48:15.536] 00:0000:Hojoring:[EX] Added new combatant. name=カーバンクル・ルビー X=21.49 Y=27.13 Z=0.08 hp=150726
[22:48:15.898] 00:0000:Hojoring:[EX] Added new combatant. name=カーバンクル・ルビー X=21.50 Y=27.04 Z=0.08 hp=150726
[22:48:17.530] 00:0000:Hojoring:[EX] Added new combatant. name=イフリート・エギ X=21.55 Y=27.01 Z=0.08 hp=150726
[22:48:18.345] 00:0000:Hojoring:[EX] Added new combatant. name=フェアリー・エオス X=21.50 Y=27.08 Z=0.08 hp=150726
[22:48:17.000] 00:0044:アギーらしき声:あたいノ「熱拳」……気合イ入レテイクヨッ！
[22:48:18.330] 14:5A99:トリニティ・シーカー starts using 翠流派 on トリニティ・シーカー.
[22:48:17.000] 00:282b:トリニティ・シーカーは「翠流派」の構え。
[22:48:20.823] 00:0000:Hojoring:[EX] Added new combatant. name=カーバンクル・ルビー X=21.50 Y=27.08 Z=0.08 hp=150726
[22:48:23.523] 00:0000:Hojoring:[EX] Added new combatant. name=英雄の影身 X=21.54 Y=27.18 Z=0.08 hp=123916
[22:48:21.321] 15:<id8>:トリニティ・シーカー:5A99:翠流派:<id8>:トリニティ・シーカー:
[22:48:22.000] 00:282b:トリニティ・シーカーの「翠流派」
[22:48:26.262] 16:<id8>:トリニティ・シーカー:5AD2:熱拳烈気砲:<id8>:[pc]:
[22:48:26.262] 16:<id8>:トリニティ・シーカー:5AD2:熱拳烈気砲:<id8>:[NIN]:
[22:48:26.000] 00:282b:トリニティ・シーカーの「熱拳烈気砲」
[22:48:30.403] 15:<id8>:トリニティ・シーカー:5A9A:Unknown_5A9a:<id8>::
[22:48:31.610] 14:5ADA:トリニティ・シーカー starts using 分体生成 on トリニティ・シーカー.
[22:48:31.000] 00:282b:トリニティ・シーカーは「分体生成」の構え。
[22:48:34.404] 00:0000:Hojoring:[EX] Added new combatant. name=アーサリースター X=21.52 Y=27.06 Z=0.08 hp=150726
[22:48:35.163] 00:0000:Hojoring:[EX] Added new combatant. name=デミ・フェニックス X=21.47 Y=27.17 Z=0.08 hp=150726
[22:48:34.595] 15:<id8>:トリニティ・シーカー:5ADA:分体生成:<id8>:トリニティ・シーカー:
[22:48:37.176] 00:0000:Hojoring:[EX] Added new combatant. name=デミ・フェニックス X=21.47 Y=27.14 Z=0.08 hp=150726
[22:48:35.000] 00:282b:トリニティ・シーカーの「分体生成」
[22:48:43.000] 00:282b:シーカーの分体は「熱拳闘気砲」の構え。
[22:48:43.949] 14:5AD9:シーカーの分体 starts using 熱拳闘気砲 on シーカーの分体.
[22:48:44.127] 14:5AD9:シーカーの分体 starts using 熱拳闘気砲 on シーカーの分体.
[22:48:43.000] 00:282b:シーカーの分体は「熱拳闘気砲」の構え。
[22:48:46.316] 15:<id8>:トリニティ・シーカー:5A9A:Unknown_5A9a:<id8>::
[22:48:47.428] 15:<id8>:シーカーの分体:5AD9:熱拳闘気砲:<id8>::
[22:48:47.000] 00:0044:アギーらしき声:オンドリャー！
[22:48:47.000] 00:282b:シーカーの分体の「熱拳闘気砲」
[22:48:47.000] 00:282b:トリニティ・シーカーは「熱拳地脈爆」の構え。
[22:48:48.182] 14:5AC0:トリニティ・シーカー starts using 熱拳地脈爆 on トリニティ・シーカー.
[22:48:47.000] 00:282b:シーカーの分体の「熱拳闘気砲」
[22:48:53.192] 00:0000:Hojoring:[EX] Added new combatant. name=デミ・バハムート X=21.39 Y=27.25 Z=0.08 hp=67826
[22:48:53.617] 00:0000:Hojoring:[EX] Added new combatant. name=デミ・バハムート X=21.34 Y=27.23 Z=0.08 hp=135652
[22:48:55.061] 00:0000:Hojoring:[EX] Beacon X=21.68 Y=27.16 Z=0.08 zone=Delubrum Reginae (Savage)
[22:48:55.205] 00:0000:Hojoring:[EX] Added new combatant. name=イフリート・エギ X=21.38 Y=27.20 Z=0.08 hp=150726
[22:48:53.172] 15:<id8>:トリニティ・シーカー:5AC0:熱拳地脈爆:<id8>:トリニティ・シーカー:
[22:48:53.259] 15:<id8>:トリニティ・シーカー:5AC6:熱拳地脈爆:<id8>::
[22:48:53.263] 15:<id8>:トリニティ・シーカー:5AC5:熱拳地脈爆:<id8>::
[22:48:53.263] 15:<id8>:トリニティ・シーカー:5AC4:熱拳地脈爆:<id8>::
[22:48:53.000] 00:282b:トリニティ・シーカーの「熱拳地脈爆」
[22:48:57.315] 00:0000:Hojoring:[EX] Added new combatant. name=カーバンクル・ルビー X=21.46 Y=27.28 Z=0.08 hp=150726
[22:48:58.051] 00:0000:Hojoring:[EX] Added new combatant. name=デミ・バハムート X=21.49 Y=27.22 Z=0.08 hp=135652
[22:48:57.361] 15:<id8>:トリニティ・シーカー:5A9A:Unknown_5A9a:<id8>::
[22:48:58.788] 14:5ADA:トリニティ・シーカー starts using 分体生成 on トリニティ・シーカー.
[22:48:58.000] 00:282b:トリニティ・シーカーは「分体生成」の構え。
[22:49:02.053] 00:0000:Hojoring:[EX] Added new combatant. name=オートマトン・クイーン X=21.26 Y=27.13 Z=0.08 hp=149525
[22:49:01.777] 15:<id8>:トリニティ・シーカー:5ADA:分体生成:<id8>:トリニティ・シーカー:
[22:49:02.000] 00:282b:トリニティ・シーカーの「分体生成」
[22:49:06.512] 00:0000:Hojoring:[EX] Added new combatant. name=デミ・バハムート X=21.43 Y=27.19 Z=0.08 hp=135652
[22:49:05.960] 15:<id8>:トリニティ・シーカー:5A9A:Unknown_5A9a:<id8>::
[22:49:09.272] 00:0000:Hojoring:[EX] Added new combatant. name=分身 X=21.48 Y=27.10 Z=0.08 hp=149486
[22:49:07.830] 14:5AC0:トリニティ・シーカー starts using 熱拳地脈爆 on トリニティ・シーカー.
[22:49:07.000] 00:282b:トリニティ・シーカーは「熱拳地脈爆」の構え。
[22:49:10.473] 00:0000:Hojoring:[EX] Added new combatant. name=フェアリー・エオス X=21.58 Y=27.18 Z=0.08 hp=150726
[22:49:13.261] 00:0000:Hojoring:[EX] Added new combatant. name=カーバンクル・ルビー X=21.45 Y=27.20 Z=0.08 hp=75363
[22:49:10.999] 1B:<id8>:[PLD]:0000:12BF:019F:0000:0000:0000:
[22:49:10.999] 1B:<id8>:[pc]:0000:12BF:019F:0000:0000:0000:
[22:49:11.001] 1B:<id8>:[pc]:0000:12BF:019F:0000:0000:0000:
[22:49:10.000] 00:282b:シーカーの分体は「熱拳振動波」の構え。
[22:49:11.044] 14:5ACC:シーカーの分体 starts using 熱拳振動波 on シーカーの分体.
[22:49:13.692] 00:0000:Hojoring:[EX] Added new combatant. name=分身 X=21.51 Y=27.21 Z=0.08 hp=139085
[22:49:13.692] 00:0000:Hojoring:[EX] Added new combatant. name=カーバンクル・トパーズ X=21.49 Y=27.23 Z=0.08 hp=150726
[22:49:12.831] 15:<id8>:トリニティ・シーカー:5AC0:熱拳地脈爆:<id8>:トリニティ・シーカー:
[22:49:12.918] 15:<id8>:トリニティ・シーカー:5AC3:熱拳地脈爆:<id8>::
[22:49:12.918] 15:<id8>:トリニティ・シーカー:5AC2:熱拳地脈爆:<id8>::
[22:49:12.918] 15:<id8>:トリニティ・シーカー:5AC1:熱拳地脈爆:<id8>::
[22:49:12.000] 00:282b:トリニティ・シーカーの「熱拳地脈爆」
[22:49:15.011] 15:<id8>:シーカーの分体:5ACC:熱拳振動波:<id8>:シーカーの分体:
[22:49:15.590] 15:<id8>:トリニティ・シーカー:5ACD:熱拳振動波:<id8>:[pc]:
[22:49:15.590] 16:<id8>:トリニティ・シーカー:5ACD:熱拳振動波:<id8>:[pc]:
[22:49:15.590] 16:<id8>:トリニティ・シーカー:5ACD:熱拳振動波:<id8>:[PLD]:
[22:49:18.101] 00:0000:Hojoring:[EX] Added new combatant. name=カーバンクル・ルビー X=21.43 Y=27.19 Z=0.08 hp=150726
[22:49:15.000] 00:282b:シーカーの分体の「熱拳振動波」
[22:49:16.704] 1A:102DC0AC:[pc] gains the effect of 土属性耐性低下［強］ from トリニティ・シーカー for 10.00 Seconds.
[22:49:16.704] 1A:102AD6E2:[pc] gains the effect of 土属性耐性低下［強］ from トリニティ・シーカー for 10.00 Seconds.
[22:49:16.745] 1A:102795B6:[PLD] gains the effect of 土属性耐性低下［強］ from トリニティ・シーカー for 10.00 Seconds.
[22:49:18.036] 15:<id8>:トリニティ・シーカー:5A9A:Unknown_5A9a:<id8>::
[22:49:18.036] 1B:<id8>:[pc]:0000:0000:019F:0000:0000:0000:
[22:49:18.036] 1B:<id8>:[pc]:0000:0000:019F:0000:0000:0000:
[22:49:18.036] 1B:<id8>:[pc]:0000:0000:019F:0000:0000:0000:
[22:49:19.906] 14:5AC0:トリニティ・シーカー starts using 熱拳地脈爆 on トリニティ・シーカー.
[22:49:19.000] 00:282b:トリニティ・シーカーは「熱拳地脈爆」の構え。
[22:49:22.181] 15:<id8>:シーカーの分体:5B44:熱拳振動波:<id8>:シーカーの分体:
[22:49:22.000] 00:282b:シーカーの分体の「熱拳振動波」
[22:49:23.029] 15:<id8>:トリニティ・シーカー:5ACD:熱拳振動波:<id8>:[pc]:
[22:49:23.029] 16:<id8>:トリニティ・シーカー:5ACD:熱拳振動波:<id8>:[pc]:
[22:49:24.142] 1A:10327838:[pc] gains the effect of 土属性耐性低下［強］ from トリニティ・シーカー for 10.00 Seconds.
[22:49:24.142] 1A:1025F986:[pc] gains the effect of 土属性耐性低下［強］ from トリニティ・シーカー for 10.00 Seconds.
[22:49:24.146] 1A:1031FDAF:[pc] gains the effect of 土属性耐性低下［強］ from トリニティ・シーカー for 10.00 Seconds.
[22:49:24.187] 1A:101B47AB:[pc] gains the effect of 土属性耐性低下［強］ from トリニティ・シーカー for 10.00 Seconds.
[22:49:24.187] 1A:10327CA5:[pc] gains the effect of 土属性耐性低下［強］ from トリニティ・シーカー for 10.00 Seconds.
[22:49:26.481] 00:0000:Hojoring:[EX] Added new combatant. name=カーバンクル・ルビー X=21.28 Y=27.06 Z=0.08 hp=150726
[22:49:26.481] 00:0000:Hojoring:[EX] Added new combatant. name=分身 X=21.51 Y=27.31 Z=0.08 hp=149486
[22:49:24.234] 1A:10241BE6:[pc] gains the effect of 土属性耐性低下［強］ from トリニティ・シーカー for 10.00 Seconds.
[22:49:24.901] 15:<id8>:トリニティ・シーカー:5AC0:熱拳地脈爆:<id8>:トリニティ・シーカー:
[22:49:24.990] 15:<id8>:トリニティ・シーカー:5AC6:熱拳地脈爆:<id8>::
[22:49:24.990] 15:<id8>:トリニティ・シーカー:5AC5:熱拳地脈爆:<id8>::
[22:49:24.993] 15:<id8>:トリニティ・シーカー:5AC4:熱拳地脈爆:<id8>::
[22:49:24.000] 00:282b:トリニティ・シーカーの「熱拳地脈爆」
[22:49:25.000] 00:282b:シーカーの分体は「熱拳闘気砲」の構え。
[22:49:26.240] 14:5AD9:シーカーの分体 starts using 熱拳闘気砲 on シーカーの分体.
[22:49:26.285] 14:5AD9:シーカーの分体 starts using 熱拳闘気砲 on シーカーの分体.
[22:49:26.417] 14:5AD9:シーカーの分体 starts using 熱拳闘気砲 on シーカーの分体.
[22:49:26.000] 00:282b:シーカーの分体は「熱拳闘気砲」の構え。
[22:49:30.210] 00:0000:Hojoring:[EX] Added new combatant. name=分身 X=21.41 Y=27.38 Z=0.08 hp=149486
[22:49:29.716] 15:<id8>:シーカーの分体:5AD9:熱拳闘気砲:<id8>::
[22:49:30.000] 00:282b:シーカーの分体の「熱拳闘気砲」
[22:49:30.000] 00:282b:シーカーの分体の「熱拳闘気砲」
[22:49:30.000] 00:282b:シーカーの分体の「熱拳闘気砲」
[22:49:33.705] 00:0000:Hojoring:[EX] Added new combatant. name=フェアリー・エオス X=21.62 Y=27.10 Z=0.08 hp=150726
[22:49:36.079] 14:5AD3:トリニティ・シーカー starts using 翠流魔風塵 on トリニティ・シーカー.
[22:49:35.000] 00:282b:トリニティ・シーカーは「翠流魔風塵」の構え。
[22:49:38.927] 00:0000:Hojoring:[EX] Added new combatant. name=デミ・バハムート X=21.58 Y=27.21 Z=0.08 hp=135652
[22:49:40.564] 00:0000:Hojoring:[EX] Added new combatant. name=デミ・フェニックス X=21.49 Y=27.21 Z=0.08 hp=75363
[22:49:40.564] 00:0000:Hojoring:[EX] Added new combatant. name=アーサリースター X=21.50 Y=27.07 Z=0.08 hp=150726
[22:49:42.925] 00:0000:Hojoring:[EX] Added new combatant. name=デミ・バハムート X=21.53 Y=27.20 Z=0.08 hp=135652
[22:49:41.071] 16:<id8>:トリニティ・シーカー:5AD3:翠流魔風塵:<id8>:[pc]:
[22:49:41.071] 16:<id8>:トリニティ・シーカー:5AD3:翠流魔風塵:<id8>:[MNK]:
[22:49:41.071] 16:<id8>:トリニティ・シーカー:5AD3:翠流魔風塵:<id8>:[DNC]:
[22:49:41.071] 16:<id8>:トリニティ・シーカー:5AD3:翠流魔風塵:<id8>:[PLD]:
[22:49:41.000] 00:282b:トリニティ・シーカーの「翠流魔風塵」
[22:49:41.787] 16:<id8>:トリニティ・シーカー:5B33:翠流魔風塵:<id8>:[pc]:
[22:49:41.787] 16:<id8>:トリニティ・シーカー:5B33:翠流魔風塵:<id8>:[mex]:
[22:49:41.787] 16:<id8>:トリニティ・シーカー:5B33:翠流魔風塵:<id8>:[WAR]:
[22:49:41.787] 16:<id8>:トリニティ・シーカー:5B33:翠流魔風塵:<id8>:[PLD]:
[22:49:41.787] 16:<id8>:トリニティ・シーカー:5B33:翠流魔風塵:<id8>:[SMN]:
[22:49:41.787] 16:<id8>:トリニティ・シーカー:5B33:翠流魔風塵:<id8>:[SCH]:
[22:49:41.787] 16:<id8>:トリニティ・シーカー:5B33:翠流魔風塵:<id8>:[NIN]:
[22:49:41.787] 16:<id8>:トリニティ・シーカー:5B33:翠流魔風塵:<id8>:[DNC]:
[22:49:41.787] 16:<id8>:トリニティ・シーカー:5B33:翠流魔風塵:<id8>:[MNK]:
[22:49:45.343] 00:0000:Hojoring:[EX] Added new combatant. name=アーサリースター X=21.51 Y=27.08 Z=0.08 hp=150726
[22:49:46.000] 00:0044:ブラズらしき声:サア……征クゾ！ 拙僧ノ「鋭刃」……見切レルモノカ……！
[22:49:46.000] 00:282b:トリニティ・シーカーは「翠流派」の構え。
[22:49:47.267] 14:5A97:トリニティ・シーカー starts using 翠流派 on トリニティ・シーカー.
[22:49:50.147] 00:0000:Hojoring:[EX] Added new combatant. name=デミ・フェニックス X=21.58 Y=27.21 Z=0.08 hp=150726
[22:49:50.255] 15:<id8>:トリニティ・シーカー:5A97:翠流派:<id8>:トリニティ・シーカー:
[22:49:53.858] 00:0000:Hojoring:[EX] Added new combatant. name=デミ・フェニックス X=21.62 Y=27.27 Z=0.08 hp=150726
[22:49:51.000] 00:282b:トリニティ・シーカーの「翠流派」
[22:49:55.096] 00:0000:Hojoring:[EX] Beacon X=21.73 Y=27.28 Z=0.08 zone=Delubrum Reginae (Savage)
[22:49:55.366] 00:0000:Hojoring:[EX] Added new combatant. name=英雄の影身 X=21.48 Y=27.24 Z=0.08 hp=123916
[22:49:56.604] 00:0000:Hojoring:[EX] Added new combatant. name=セラフィム X=21.73 Y=27.28 Z=0.08 hp=150726
[22:49:54.891] 16:<id8>:トリニティ・シーカー:5ACF:破天鋭刃風:<id8>:[pc]:
[22:49:55.000] 00:282b:トリニティ・シーカーの「破天鋭刃風」
[22:49:55.911] 1A:102EECAC:[pc] gains the effect of 破滅の刻印：参 from トリニティ・シーカー for 30.00 Seconds.
[22:49:55.957] 1A:101D2350:[pc] gains the effect of 破滅の刻印：参 from トリニティ・シーカー for 30.00 Seconds.
[22:49:56.003] 1A:1003B533:[pc] gains the effect of 破滅の刻印：参 from トリニティ・シーカー for 30.00 Seconds.
[22:49:58.993] 00:0000:Hojoring:[EX] Added new combatant. name=イフリート・エギ X=21.66 Y=27.24 Z=0.08 hp=150726
[22:50:00.304] 00:0000:Hojoring:[EX] Added new combatant. name=カーバンクル・ルビー X=21.40 Y=27.23 Z=0.08 hp=75363
[22:50:03.039] 00:0000:Hojoring:[EX] Added new combatant. name=カーバンクル・ルビー X=21.42 Y=27.18 Z=0.08 hp=150726
[22:50:01.045] 15:<id8>:トリニティ・シーカー:5A9A:Unknown_5A9a:<id8>::
[22:50:02.428] 14:5ADA:トリニティ・シーカー starts using 分体生成 on トリニティ・シーカー.
[22:50:02.000] 00:282b:トリニティ・シーカーは「分体生成」の構え。
[22:50:05.011] 00:0000:Hojoring:[EX] Added new combatant. name=デミ・フェニックス X=21.52 Y=27.19 Z=0.08 hp=150726
[22:50:05.411] 15:<id8>:トリニティ・シーカー:5ADA:分体生成:<id8>:トリニティ・シーカー:
[22:50:06.000] 00:282b:トリニティ・シーカーの「分体生成」
[22:50:10.239] 00:0000:Hojoring:[EX] Added new combatant. name=カーバンクル・トパーズ X=21.55 Y=27.17 Z=0.08 hp=150726
[22:50:13.466] 00:0000:Hojoring:[EX] Added new combatant. name=カーバンクル・ルビー X=21.51 Y=27.10 Z=0.08 hp=150726
[22:50:11.554] 15:<id8>:シーカーの分体:5AD7:豪剣焔襲撃:<id8>::
[22:50:12.580] 15:<id8>:シーカーの分体:5AD7:豪剣焔襲撃:<id8>::
[22:50:12.000] 00:282b:シーカーの分体の「豪剣焔襲撃」
[22:50:13.000] 00:282b:シーカーの分体の「豪剣焔襲撃」
[22:50:14.583] 15:<id8>:シーカーの分体:5AD7:豪剣焔襲撃:<id8>::
[22:50:14.000] 00:282b:シーカーの分体の「豪剣焔襲撃」
[22:50:15.609] 15:<id8>:トリニティ・シーカー:5A9A:Unknown_5A9a:<id8>::
[22:50:15.000] 00:282b:シーカーの分体の「豪剣焔襲撃」
[22:50:18.248] 00:0000:Hojoring:[EX] Added new combatant. name=オートマトン・クイーン X=21.46 Y=27.21 Z=0.08 hp=149525
[22:50:18.619] 00:0000:Hojoring:[EX] Added new combatant. name=フェアリー・エオス X=21.59 Y=27.20 Z=0.08 hp=150726
[22:50:16.000] 00:0044:ブラズらしき声:我ガ必殺剣ヲ喰ラエッ！
[22:50:16.766] 14:5B61:トリニティ・シーカー starts using 初手：鋭刃四刀の構え on トリニティ・シーカー.
[22:50:16.000] 00:282b:トリニティ・シーカーは「初手：鋭刃四刀の構え」の構え。
[22:50:18.194] 14:5AD8:シーカーの分体 starts using 豪剣魔炎旋 on シーカーの分体.
[22:50:17.000] 00:282b:シーカーの分体は「豪剣魔炎旋」の構え。
[22:50:19.175] 16:<id8>:シーカーの分体:5AD8:豪剣魔炎旋:<id8>:[pc]:
[22:50:19.000] 00:282b:シーカーの分体の「豪剣魔炎旋」
[22:50:19.532] 1A:10256B89:[pc] gains the effect of 破滅の刻印：参 from シーカーの分体 for 30.00 Seconds.
[22:50:19.573] 1A:1027F60B:[pc] gains the effect of 破滅の刻印：参 from シーカーの分体 for 30.00 Seconds.
[22:50:19.619] 1A:102A80C2:[pc] gains the effect of 破滅の刻印：参 from シーカーの分体 for 30.00 Seconds.
[22:50:19.665] 1A:102A2956:[pc] gains the effect of 破滅の刻印：参 from シーカーの分体 for 30.00 Seconds.
[22:50:19.753] 15:<id8>:トリニティ・シーカー:5B61:初手：鋭刃四刀の構え:<id8>:トリニティ・シーカー:
[22:50:19.975] 14:5B62:トリニティ・シーカー starts using 二手：鋭刃四刀の構え on トリニティ・シーカー.
[22:50:22.306] 00:0000:Hojoring:[EX] Added new combatant. name=フェアリー・エオス X=21.75 Y=27.34 Z=0.08 hp=150726
[22:50:19.000] 00:282b:トリニティ・シーカーは「二手：鋭刃四刀の構え」の構え。
[22:50:20.198] 14:5AD8:シーカーの分体 starts using 豪剣魔炎旋 on シーカーの分体.
[22:50:19.000] 00:282b:シーカーの分体は「豪剣魔炎旋」の構え。
[22:50:23.434] 00:0000:Hojoring:[EX] Added new combatant. name=英雄の影身 X=21.84 Y=27.29 Z=0.08 hp=123916
[22:50:21.178] 15:<id8>:シーカーの分体:5AD8:豪剣魔炎旋:<id8>::
[22:50:21.000] 00:282b:シーカーの分体の「豪剣魔炎旋」
[22:50:22.200] 14:5AD8:シーカーの分体 starts using 豪剣魔炎旋 on シーカーの分体.
[22:50:21.000] 00:282b:シーカーの分体は「豪剣魔炎旋」の構え。
[22:50:25.024] 00:0000:Hojoring:[EX] Added new combatant. name=カーバンクル・ルビー X=21.80 Y=27.01 Z=0.08 hp=150726
[22:50:22.958] 15:<id8>:トリニティ・シーカー:5B62:二手：鋭刃四刀の構え:<id8>:トリニティ・シーカー:
[22:50:22.000] 00:282b:トリニティ・シーカーは「三手：鋭刃四刀の構え 」の構え。
[22:50:23.179] 14:5B63:トリニティ・シーカー starts using 三手：鋭刃四刀の構え  on トリニティ・シーカー.
[22:50:23.181] 15:<id8>:シーカーの分体:5AD8:豪剣魔炎旋:<id8>::
[22:50:23.000] 00:282b:シーカーの分体の「豪剣魔炎旋」
[22:50:24.203] 14:5AD8:シーカーの分体 starts using 豪剣魔炎旋 on シーカーの分体.
[22:50:23.000] 00:282b:シーカーの分体は「豪剣魔炎旋」の構え。
[22:50:25.185] 15:<id8>:シーカーの分体:5AD8:豪剣魔炎旋:<id8>::
[22:50:25.000] 00:282b:シーカーの分体の「豪剣魔炎旋」
[22:50:26.166] 15:<id8>:トリニティ・シーカー:5B63:三手：鋭刃四刀の構え :<id8>:トリニティ・シーカー:
[22:50:26.000] 00:282b:トリニティ・シーカーは「四手：鋭刃四刀の構え  」の構え。
[22:50:26.387] 14:5B64:トリニティ・シーカー starts using 四手：鋭刃四刀の構え   on トリニティ・シーカー.
[22:50:29.375] 14:5AC7:シーカーの分体 starts using 鋭刃雪月花 on シーカーの分体.
[22:50:29.375] 15:<id8>:トリニティ・シーカー:5B64:四手：鋭刃四刀の構え  :<id8>:トリニティ・シーカー:
[22:50:29.000] 00:282b:シーカーの分体は「鋭刃雪月花」の構え。
[22:50:29.598] 14:5AB8:トリニティ・シーカー starts using 鋭刃四刀流 on トリニティ・シーカー.
[22:50:29.000] 00:282b:トリニティ・シーカーは「鋭刃四刀流」の構え。
[22:50:30.088] 14:5B94:トリニティ・シーカー starts using 鋭刃四刀流 on トリニティ・シーカー.
[22:50:31.562] 15:<id8>:トリニティ・シーカー:5AB8:鋭刃四刀流:<id8>:トリニティ・シーカー:
[22:50:31.784] 15:<id8>:トリニティ・シーカー:5B94:鋭刃四刀流:<id8>::
[22:50:31.872] 15:<id8>:トリニティ・シーカー:5ABB:鋭刃四刀流:<id8>::
[22:50:34.284] 00:0000:Hojoring:[EX] Added new combatant. name=英雄の影身 X=21.45 Y=27.11 Z=0.08 hp=123916
[22:50:32.005] 14:5B94:トリニティ・シーカー starts using 鋭刃四刀流 on トリニティ・シーカー.
[22:50:35.082] 00:0000:Hojoring:[EX] Added new combatant. name=デミ・フェニックス X=21.38 Y=27.10 Z=0.08 hp=150726
[22:50:33.702] 16:<id8>:トリニティ・シーカー:5B94:鋭刃四刀流:<id8>:[pc]:
[22:50:33.789] 16:<id8>:トリニティ・シーカー:5AB9:鋭刃四刀流:<id8>:[pc]:
[22:50:33.922] 14:5B94:トリニティ・シーカー starts using 鋭刃四刀流 on トリニティ・シーカー.
[22:50:34.231] 1A:102E5568:[pc] gains the effect of 破滅の刻印：参 from トリニティ・シーカー for 30.00 Seconds.
[22:50:34.276] 1A:1031FDAF:[pc] gains the effect of 破滅の刻印：参 from トリニティ・シーカー for 30.00 Seconds.
[22:50:34.367] 15:<id8>:シーカーの分体:5AC7:鋭刃雪月花:<id8>:シーカーの分体:
[22:50:37.100] 00:0000:Hojoring:[EX] Added new combatant. name=魔力塊 X=21.29 Y=27.27 Z=0.08 hp=266400
[22:50:35.612] 15:<id8>:トリニティ・シーカー:5B94:鋭刃四刀流:<id8>:[MNK]:
[22:50:35.702] 15:<id8>:トリニティ・シーカー:5ABC:鋭刃四刀流:<id8>:[MNK]:
[22:50:35.833] 14:5B94:トリニティ・シーカー starts using 鋭刃四刀流 on トリニティ・シーカー.
[22:50:36.146] 1A:10087D67:[MNK] gains the effect of 破滅の刻印：参 from トリニティ・シーカー for 30.00 Seconds.
[22:50:36.456] 14:5AC8:トリニティ・シーカー starts using 鋭刃雪風 on トリニティ・シーカー.
[22:50:36.460] 14:5AC8:トリニティ・シーカー starts using 鋭刃雪風 on トリニティ・シーカー.
[22:50:37.440] 14:5ACA:トリニティ・シーカー starts using 鋭刃花車 on トリニティ・シーカー.
[22:50:37.000] 00:282b:シーカーの分体の「鋭刃雪月花」
[22:50:37.529] 16:<id8>:トリニティ・シーカー:5B94:鋭刃四刀流:<id8>:[pc]:
[22:50:37.529] 16:<id8>:トリニティ・シーカー:5B94:鋭刃四刀流:<id8>:[PLD]:
[22:50:37.616] 16:<id8>:トリニティ・シーカー:5ABA:鋭刃四刀流:<id8>:[pc]:
[22:50:37.616] 16:<id8>:トリニティ・シーカー:5ABA:鋭刃四刀流:<id8>:[PLD]:
[22:50:38.063] 1A:10256B89:[pc] gains the effect of 破滅の刻印：参 from トリニティ・シーカー for 30.00 Seconds.
[22:50:38.105] 1A:102795B6:[PLD] gains the effect of 破滅の刻印：参 from トリニティ・シーカー for 30.00 Seconds.
[22:50:38.151] 1A:10027680:[pc] gains the effect of 破滅の刻印：参 from トリニティ・シーカー for 30.00 Seconds.
[22:50:38.197] 1A:1029842C:[pc] gains the effect of 破滅の刻印：参 from トリニティ・シーカー for 30.00 Seconds.
[22:50:38.240] 1A:10236A3A:[pc] gains the effect of 破滅の刻印：参 from トリニティ・シーカー for 30.00 Seconds.
[22:50:38.954] 15:<id8>:トリニティ・シーカー:5AC8:鋭刃雪風:<id8>::
[22:50:38.954] 16:<id8>:トリニティ・シーカー:5AC8:鋭刃雪風:<id8>:[NIN]:
[22:50:38.954] 16:<id8>:トリニティ・シーカー:5AC8:鋭刃雪風:<id8>:[pc]:
[22:50:39.577] 1A:1025B0B4:[NIN] gains the effect of 破滅の刻印：参 from トリニティ・シーカー for 30.00 Seconds.
[22:50:39.623] 1A:102AD4DA:[pc] gains the effect of 破滅の刻印：参 from トリニティ・シーカー for 30.00 Seconds.
[22:50:40.468] 16:<id8>:魔力塊:5AC9:鋭刃月光:<id8>:[pc]:
[22:50:40.468] 16:<id8>:魔力塊:5AC9:鋭刃月光:<id8>:[WAR]:
[22:50:40.468] 16:<id8>:魔力塊:5AC9:鋭刃月光:<id8>:[PLD]:
[22:50:40.468] 16:<id8>:魔力塊:5AC9:鋭刃月光:<id8>:[mex]:
[22:50:40.468] 16:<id8>:魔力塊:5AC9:鋭刃月光:<id8>:[SMN]:
[22:50:40.468] 16:<id8>:魔力塊:5AC9:鋭刃月光:<id8>:[NIN]:
[22:50:40.554] 14:5AC8:トリニティ・シーカー starts using 鋭刃雪風 on トリニティ・シーカー.
[22:50:40.557] 14:5AC8:トリニティ・シーカー starts using 鋭刃雪風 on トリニティ・シーカー.
[22:50:40.000] 00:282b:魔力塊の「鋭刃月光」
[22:50:41.176] 1A:102E5568:[pc] gains the effect of 石化 from 魔力塊 for 8.00 Seconds.
[22:50:41.354] 1A:102AD6E2:[pc] gains the effect of 石化 from 魔力塊 for 8.00 Seconds.
[22:50:43.053] 16:<id8>:トリニティ・シーカー:5AC8:鋭刃雪風:<id8>:[pc]:
[22:50:43.053] 15:<id8>:トリニティ・シーカー:5AC8:鋭刃雪風:<id8>:[pc]:
[22:50:43.053] 15:<id8>:トリニティ・シーカー:5AC8:鋭刃雪風:<id8>::
[22:50:45.957] 00:0000:Hojoring:[EX] Added new combatant. name=デミ・バハムート X=21.60 Y=27.19 Z=0.08 hp=67826
[22:50:43.669] 1A:102E1133:[pc] gains the effect of 破滅の刻印：参 from トリニティ・シーカー for 30.00 Seconds.
[22:50:43.715] 1A:10274868:[pc] gains the effect of 死の宣告 from トリニティ・シーカー for 3.00 Seconds.
[22:50:45.676] 1B:<id8>:[pc]:0000:0000:01A0:0000:0000:0000:
[22:50:45.676] 1B:<id8>:[DNC]:0000:0000:01A0:0000:0000:0000:
[22:50:45.676] 1B:<id8>:[pc]:0000:0000:01A0:0000:0000:0000:
[22:50:45.676] 1B:<id8>:[pc]:0000:0000:01A0:0000:0000:0000:
[22:50:45.676] 1B:<id8>:[pc]:0000:0000:01A0:0000:0000:0000:
[22:50:45.676] 1B:<id8>:[pc]:0000:0000:01A0:0000:0000:0000:
[22:50:45.676] 1B:<id8>:[MNK]:0000:0000:01A0:0000:0000:0000:
[22:50:45.676] 1B:<id8>:[SMN]:0000:0000:01A0:0000:0000:0000:
[22:50:45.678] 1B:<id8>:[pc]:0000:0000:01A0:0000:0000:0000:
[22:50:45.678] 1B:<id8>:[pc]:0000:0000:01A0:0000:0000:0000:
[22:50:45.678] 1B:<id8>:[WAR]:0000:0000:01A0:0000:0000:0000:
[22:50:45.678] 1B:<id8>:[SCH]:0000:0000:01A0:0000:0000:0000:
[22:50:46.435] 16:<id8>:トリニティ・シーカー:5ACA:鋭刃花車:<id8>:[pc]:
[22:50:53.510] 00:0000:Hojoring:[EX] Added new combatant. name=カーバンクル・ルビー X=21.50 Y=27.23 Z=0.08 hp=150726
[22:50:53.510] 00:0000:Hojoring:[EX] Added new combatant. name=デミ・フェニックス X=21.61 Y=27.30 Z=0.08 hp=150726
[22:50:52.808] 16:<id8>:トリニティ・シーカー:5ACB:魔炎鎖:<id8>:[pc]:
[22:50:55.142] 00:0000:Hojoring:[EX] Beacon X=21.57 Y=27.40 Z=0.08 zone=Delubrum Reginae (Savage)
[22:50:55.518] 00:0000:Hojoring:[EX] Added new combatant. name=デミ・バハムート X=21.42 Y=27.44 Z=0.08 hp=135652
[22:50:54.764] 14:5AD3:トリニティ・シーカー starts using 翠流魔風塵 on トリニティ・シーカー.
[22:50:54.000] 00:282b:トリニティ・シーカーは「翠流魔風塵」の構え。
[22:50:57.150] 00:0000:Hojoring:[EX] Added new combatant. name=アーサリースター X=21.51 Y=27.14 Z=0.08 hp=150726
[22:51:00.366] 00:0000:Hojoring:[EX] Added new combatant. name=英雄の影身 X=21.49 Y=26.98 Z=0.08 hp=123916
[22:50:59.759] 16:<id8>:トリニティ・シーカー:5AD3:翠流魔風塵:<id8>:[PLD]:
[22:50:59.759] 16:<id8>:トリニティ・シーカー:5AD3:翠流魔風塵:<id8>:[pc]:
[22:50:59.759] 16:<id8>:トリニティ・シーカー:5AD3:翠流魔風塵:<id8>:[MNK]:
[22:50:59.759] 16:<id8>:トリニティ・シーカー:5AD3:翠流魔風塵:<id8>:[mex]:
[22:50:59.759] 16:<id8>:トリニティ・シーカー:5AD3:翠流魔風塵:<id8>:[SCH]:
[22:50:59.759] 16:<id8>:トリニティ・シーカー:5AD3:翠流魔風塵:<id8>:[DNC]:
[22:51:02.343] 00:0000:Hojoring:[EX] Added new combatant. name=分身 X=21.52 Y=27.11 Z=0.08 hp=149486
[22:51:00.000] 00:282b:トリニティ・シーカーの「翠流魔風塵」
[22:51:00.471] 16:<id8>:トリニティ・シーカー:5B33:翠流魔風塵:<id8>:[pc]:
[22:51:00.471] 16:<id8>:トリニティ・シーカー:5B33:翠流魔風塵:<id8>:[mex]:
[22:51:00.471] 16:<id8>:トリニティ・シーカー:5B33:翠流魔風塵:<id8>:[WAR]:
[22:51:00.471] 16:<id8>:トリニティ・シーカー:5B33:翠流魔風塵:<id8>:[SCH]:
[22:51:00.471] 16:<id8>:トリニティ・シーカー:5B33:翠流魔風塵:<id8>:[NIN]:
[22:51:00.471] 16:<id8>:トリニティ・シーカー:5B33:翠流魔風塵:<id8>:[DNC]:
[22:51:00.471] 16:<id8>:トリニティ・シーカー:5B33:翠流魔風塵:<id8>:[MNK]:
[22:51:00.471] 16:<id8>:トリニティ・シーカー:5B33:翠流魔風塵:<id8>:[PLD]:
[22:51:00.471] 16:<id8>:トリニティ・シーカー:5B33:翠流魔風塵:<id8>:[SMN]:
[22:51:03.550] 00:0000:Hojoring:[EX] Added new combatant. name=デミ・バハムート X=21.55 Y=27.21 Z=0.08 hp=135652
[22:51:03.550] 00:0000:Hojoring:[EX] Added new combatant. name=分身 X=21.53 Y=27.13 Z=0.08 hp=139085
[22:51:05.150] 00:0000:Hojoring:[EX] Added new combatant. name=分身 X=21.54 Y=27.14 Z=0.08 hp=149486
[22:51:05.556] 00:0000:Hojoring:[EX] Added new combatant. name=アーサリースター X=21.50 Y=27.09 Z=0.08 hp=150726
[22:51:05.994] 00:0000:Hojoring:[EX] Added new combatant. name=カーバンクル・ルビー X=21.52 Y=27.10 Z=0.08 hp=75363
[22:51:05.903] 1B:<id8>:[pc]:0000:6F5F:01A5:0000:0000:0000:
[22:51:09.593] 00:0000:Hojoring:[EX] Added new combatant. name=デミ・バハムート X=21.56 Y=27.22 Z=0.08 hp=135652
[22:51:11.579] 00:0000:Hojoring:[EX] Added new combatant. name=分身 X=21.55 Y=27.13 Z=0.08 hp=149486
[22:51:11.024] 15:<id8>:トリニティ・シーカー:5AD4:鋭刃舞踏扇:<id8>:[pc]:
[22:51:13.578] 00:0000:Hojoring:[EX] Added new combatant. name=イフリート・エギ X=21.54 Y=27.14 Z=0.08 hp=150726
[22:51:11.000] 00:282b:トリニティ・シーカーの「鋭刃舞踏扇」
[22:51:15.603] 00:0000:Hojoring:[EX] Added new combatant. name=カーバンクル・ルビー X=21.52 Y=27.09 Z=0.08 hp=150726
[22:51:14.189] 15:<id8>:トリニティ・シーカー:5A9A:Unknown_5A9a:<id8>::
[22:51:15.526] 14:5ADA:トリニティ・シーカー starts using 分体生成 on トリニティ・シーカー.
[22:51:15.000] 00:282b:トリニティ・シーカーは「分体生成」の構え。
[22:51:18.511] 15:<id8>:トリニティ・シーカー:5ADA:分体生成:<id8>:トリニティ・シーカー:
[22:51:19.000] 00:282b:トリニティ・シーカーの「分体生成」
[22:51:23.562] 00:0000:Hojoring:[EX] Added new combatant. name=カーバンクル・トパーズ X=21.51 Y=27.13 Z=0.08 hp=150726
[22:51:21.980] 1A:102E5568:[pc] gains the effect of 生還 from  for 6.00 Seconds.
[22:51:22.697] 14:5B61:トリニティ・シーカー starts using 初手：鋭刃四刀の構え on トリニティ・シーカー.
[22:51:22.000] 00:282b:トリニティ・シーカーは「初手：鋭刃四刀の構え」の構え。
[22:51:25.684] 15:<id8>:トリニティ・シーカー:5B61:初手：鋭刃四刀の構え:<id8>:トリニティ・シーカー:
[22:51:25.900] 14:5B62:トリニティ・シーカー starts using 二手：鋭刃四刀の構え on トリニティ・シーカー.
[22:51:25.000] 00:282b:トリニティ・シーカーは「二手：鋭刃四刀の構え」の構え。
[22:51:29.597] 00:0000:Hojoring:[EX] Added new combatant. name=カーバンクル・ルビー X=21.56 Y=27.15 Z=0.08 hp=150726
[22:51:28.887] 15:<id8>:トリニティ・シーカー:5B62:二手：鋭刃四刀の構え:<id8>:トリニティ・シーカー:
[22:51:29.108] 14:5B63:トリニティ・シーカー starts using 三手：鋭刃四刀の構え  on トリニティ・シーカー.
[22:51:28.000] 00:282b:トリニティ・シーカーは「三手：鋭刃四刀の構え 」の構え。
[22:51:29.908] 15:<id8>:シーカーの分体:5A9A:Unknown_5A9a:<id8>::
[22:51:31.000] 00:282b:シーカーの分体は「熱拳地脈爆」の構え。
[22:51:31.645] 14:5AC0:シーカーの分体 starts using 熱拳地脈爆 on シーカーの分体.
[22:51:32.096] 15:<id8>:トリニティ・シーカー:5B63:三手：鋭刃四刀の構え :<id8>:トリニティ・シーカー:
[22:51:32.318] 14:5B64:トリニティ・シーカー starts using 四手：鋭刃四刀の構え   on トリニティ・シーカー.
[22:51:31.000] 00:282b:トリニティ・シーカーは「四手：鋭刃四刀の構え  」の構え。
[22:51:37.252] 00:0000:Hojoring:[EX] Added new combatant. name=デミ・フェニックス X=21.59 Y=27.03 Z=0.08 hp=75363
[22:51:35.309] 15:<id8>:トリニティ・シーカー:5B64:四手：鋭刃四刀の構え  :<id8>:トリニティ・シーカー:
[22:51:35.529] 14:5AB8:トリニティ・シーカー starts using 鋭刃四刀流 on トリニティ・シーカー.
[22:51:35.000] 00:282b:トリニティ・シーカーは「鋭刃四刀流」の構え。
[22:51:36.061] 14:5B94:トリニティ・シーカー starts using 鋭刃四刀流 on トリニティ・シーカー.
[22:51:36.645] 15:<id8>:シーカーの分体:5AC0:熱拳地脈爆:<id8>:シーカーの分体:
[22:51:36.734] 15:<id8>:トリニティ・シーカー:5AC6:熱拳地脈爆:<id8>::
[22:51:36.734] 15:<id8>:トリニティ・シーカー:5AC5:熱拳地脈爆:<id8>::
[22:51:36.734] 15:<id8>:トリニティ・シーカー:5AC4:熱拳地脈爆:<id8>::
[22:51:36.000] 00:282b:シーカーの分体の「熱拳地脈爆」
[22:51:37.491] 15:<id8>:トリニティ・シーカー:5AB8:鋭刃四刀流:<id8>:トリニティ・シーカー:
[22:51:37.759] 15:<id8>:トリニティ・シーカー:5B94:鋭刃四刀流:<id8>::
[22:51:37.845] 15:<id8>:トリニティ・シーカー:5ABB:鋭刃四刀流:<id8>:[pc]:
[22:51:37.981] 14:5B94:トリニティ・シーカー starts using 鋭刃四刀流 on トリニティ・シーカー.
[22:51:38.827] 15:<id8>:シーカーの分体:5A9A:Unknown_5A9a:<id8>::
[22:51:39.677] 16:<id8>:トリニティ・シーカー:5B94:鋭刃四刀流:<id8>:[pc]:
[22:51:39.762] 16:<id8>:トリニティ・シーカー:5ABA:鋭刃四刀流:<id8>:[pc]:
[22:51:39.899] 14:5B94:トリニティ・シーカー starts using 鋭刃四刀流 on トリニティ・シーカー.
[22:51:39.985] 14:5AC0:シーカーの分体 starts using 熱拳地脈爆 on シーカーの分体.
[22:51:39.000] 00:282b:シーカーの分体は「熱拳地脈爆」の構え。
[22:51:40.209] 1A:10303AA2:[pc] gains the effect of 破滅の刻印：参 from トリニティ・シーカー for 30.00 Seconds.
[22:51:40.254] 1A:10219BF8:[pc] gains the effect of 破滅の刻印：参 from トリニティ・シーカー for 30.00 Seconds.
[22:51:40.300] 1A:102A80C2:[pc] gains the effect of 破滅の刻印：参 from トリニティ・シーカー for 30.00 Seconds.
[22:51:40.345] 1A:1002AAC3:[pc] gains the effect of 破滅の刻印：参 from トリニティ・シーカー for 30.00 Seconds.
[22:51:40.390] 1A:1003B533:[pc] gains the effect of 破滅の刻印：参 from トリニティ・シーカー for 30.00 Seconds.
[22:51:41.595] 16:<id8>:トリニティ・シーカー:5B94:鋭刃四刀流:<id8>:[pc]:
[22:51:41.682] 16:<id8>:トリニティ・シーカー:5AB9:鋭刃四刀流:<id8>:[pc]:
[22:51:44.038] 00:0000:Hojoring:[EX] Added new combatant. name=デミ・フェニックス X=21.37 Y=27.09 Z=0.08 hp=150726
[22:51:41.818] 14:5B94:トリニティ・シーカー starts using 鋭刃四刀流 on トリニティ・シーカー.
[22:51:42.131] 1A:102EECAC:[pc] gains the effect of 破滅の刻印：参 from トリニティ・シーカー for 30.00 Seconds.
[22:51:42.173] 1A:102EF4FC:[pc] gains the effect of 破滅の刻印：参 from トリニティ・シーカー for 30.00 Seconds.
[22:51:45.272] 00:0000:Hojoring:[EX] Added new combatant. name=デミ・フェニックス X=21.50 Y=27.13 Z=0.08 hp=150726
[22:51:43.513] 16:<id8>:トリニティ・シーカー:5B94:鋭刃四刀流:<id8>:[pc]:
[22:51:43.513] 16:<id8>:トリニティ・シーカー:5B94:鋭刃四刀流:<id8>:[DNC]:
[22:51:43.601] 15:<id8>:トリニティ・シーカー:5ABC:鋭刃四刀流:<id8>:[pc]:
[22:51:44.093] 1A:1025153F:[DNC] gains the effect of 破滅の刻印：参 from トリニティ・シーカー for 30.00 Seconds.
[22:51:44.134] 1A:1025F986:[pc] gains the effect of 破滅の刻印：参 from トリニティ・シーカー for 30.00 Seconds.
[22:51:44.981] 15:<id8>:シーカーの分体:5AC0:熱拳地脈爆:<id8>:シーカーの分体:
[22:51:45.069] 15:<id8>:トリニティ・シーカー:5AC3:熱拳地脈爆:<id8>::
[22:51:45.069] 15:<id8>:トリニティ・シーカー:5AC2:熱拳地脈爆:<id8>::
[22:51:45.069] 15:<id8>:トリニティ・シーカー:5AC1:熱拳地脈爆:<id8>::
[22:51:44.000] 00:282b:シーカーの分体の「熱拳地脈爆」
[22:51:47.160] 15:<id8>:シーカーの分体:5A9A:Unknown_5A9a:<id8>::
[22:51:48.940] 14:5AC0:シーカーの分体 starts using 熱拳地脈爆 on シーカーの分体.
[22:51:48.000] 00:282b:シーカーの分体は「熱拳地脈爆」の構え。
[22:51:49.000] 00:0044:ブラズらしき声:見エタッ！ 断チ切ルッ！
[22:51:52.056] 00:0000:Hojoring:[EX] Added new combatant. name=デミ・バハムート X=21.59 Y=27.07 Z=0.08 hp=135652
[22:51:49.745] 14:5AC7:トリニティ・シーカー starts using 鋭刃雪月花 on トリニティ・シーカー.
[22:51:49.000] 00:282b:トリニティ・シーカーは「鋭刃雪月花」の構え。
[22:51:55.161] 00:0000:Hojoring:[EX] Beacon X=21.63 Y=27.08 Z=0.08 zone=Delubrum Reginae (Savage)
[22:51:56.109] 00:0000:Hojoring:[EX] Added new combatant. name=英雄の影身 X=21.48 Y=27.22 Z=0.08 hp=123916
[22:51:53.927] 15:<id8>:シーカーの分体:5AC0:熱拳地脈爆:<id8>:シーカーの分体:
[22:51:54.013] 15:<id8>:トリニティ・シーカー:5AC3:熱拳地脈爆:<id8>::
[22:51:54.018] 15:<id8>:トリニティ・シーカー:5AC2:熱拳地脈爆:<id8>::
[22:51:54.018] 15:<id8>:トリニティ・シーカー:5AC1:熱拳地脈爆:<id8>:[pc]:
[22:51:53.000] 00:282b:シーカーの分体の「熱拳地脈爆」
[22:51:54.551] 1A:1001C1B8:[pc] gains the effect of 破滅の刻印：参 from トリニティ・シーカー for 30.00 Seconds.
[22:51:54.727] 15:<id8>:トリニティ・シーカー:5AC7:鋭刃雪月花:<id8>:トリニティ・シーカー:
[22:51:57.298] 00:0000:Hojoring:[EX] Added new combatant. name=カーバンクル・ルビー X=21.52 Y=27.14 Z=0.08 hp=75363
[22:51:57.298] 00:0000:Hojoring:[EX] Added new combatant. name=セラフィム X=21.50 Y=27.16 Z=0.08 hp=150726
[22:51:57.298] 00:0000:Hojoring:[EX] Added new combatant. name=魔力塊 X=21.29 Y=26.85 Z=0.08 hp=266400
[22:51:56.773] 14:5AC8:トリニティ・シーカー starts using 鋭刃雪風 on トリニティ・シーカー.
[22:51:56.777] 14:5AC8:トリニティ・シーカー starts using 鋭刃雪風 on トリニティ・シーカー.
[22:51:57.758] 14:5ACA:トリニティ・シーカー starts using 鋭刃花車 on トリニティ・シーカー.
[22:52:00.081] 00:0000:Hojoring:[EX] Added new combatant. name=デミ・フェニックス X=21.44 Y=27.14 Z=0.08 hp=150726
[22:51:57.000] 00:282b:トリニティ・シーカーの「鋭刃雪月花」
[22:51:59.273] 15:<id8>:トリニティ・シーカー:5AC8:鋭刃雪風:<id8>::
[22:51:59.273] 16:<id8>:トリニティ・シーカー:5AC8:鋭刃雪風:<id8>:[MNK]:
[22:51:59.273] 16:<id8>:トリニティ・シーカー:5AC8:鋭刃雪風:<id8>:[pc]:
[22:51:59.275] 15:<id8>:トリニティ・シーカー:5AC8:鋭刃雪風:<id8>:[pc]:
[22:51:59.937] 1A:10087D67:[MNK] gains the effect of 破滅の刻印：参 from トリニティ・シーカー for 30.00 Seconds.
[22:51:59.941] 1A:1002EEB9:[pc] gains the effect of 破滅の刻印：参 from トリニティ・シーカー for 30.00 Seconds.
[22:51:59.983] 1A:1016203E:[pc] gains the effect of 破滅の刻印：参 from トリニティ・シーカー for 30.00 Seconds.
[22:52:00.788] 16:<id8>:魔力塊:5AC9:鋭刃月光:<id8>:[pc]:
[22:52:00.788] 16:<id8>:魔力塊:5AC9:鋭刃月光:<id8>:[PLD]:
[22:52:00.788] 16:<id8>:魔力塊:5AC9:鋭刃月光:<id8>:[MNK]:
[22:52:00.788] 16:<id8>:魔力塊:5AC9:鋭刃月光:<id8>:[NIN]:
[22:52:00.788] 16:<id8>:魔力塊:5AC9:鋭刃月光:<id8>:[DNC]:
[22:52:00.788] 16:<id8>:魔力塊:5AC9:鋭刃月光:<id8>:[SCH]:
[22:52:00.788] 16:<id8>:魔力塊:5AC9:鋭刃月光:<id8>:[WAR]:
[22:52:00.788] 16:<id8>:魔力塊:5AC9:鋭刃月光:<id8>:[SMN]:
[22:52:00.877] 14:5AC8:トリニティ・シーカー starts using 鋭刃雪風 on トリニティ・シーカー.
[22:52:00.000] 00:282b:魔力塊の「鋭刃月光」
[22:52:04.100] 00:0000:Hojoring:[EX] Added new combatant. name=カーバンクル・トパーズ X=21.69 Y=27.34 Z=0.08 hp=150726
[22:52:01.772] 1A:1026B1E2:[SMN] gains the effect of 石化 from 魔力塊 for 8.00 Seconds.
[22:52:01.858] 1A:10027680:[pc] gains the effect of 石化 from 魔力塊 for 8.00 Seconds.
[22:52:01.949] 14:5AD9:シーカーの分体 starts using 熱拳闘気砲 on シーカーの分体.
[22:52:01.000] 00:282b:シーカーの分体は「熱拳闘気砲」の構え。
[22:52:01.994] 14:5AD9:シーカーの分体 starts using 熱拳闘気砲 on シーカーの分体.
[22:52:02.125] 14:5AD9:シーカーの分体 starts using 熱拳闘気砲 on シーカーの分体.
[22:52:01.000] 00:282b:シーカーの分体は「熱拳闘気砲」の構え。
[22:52:05.308] 00:0000:Hojoring:[EX] Added new combatant. name=カーバンクル・ルビー X=21.65 Y=27.41 Z=0.08 hp=150726
[22:52:03.376] 15:<id8>:トリニティ・シーカー:5AC8:鋭刃雪風:<id8>::
[22:52:03.376] 15:<id8>:トリニティ・シーカー:5AC8:鋭刃雪風:<id8>:[pc]:
[22:52:03.376] 16:<id8>:トリニティ・シーカー:5AC8:鋭刃雪風:<id8>:[pc]:
[22:52:03.376] 16:<id8>:トリニティ・シーカー:5AC8:鋭刃雪風:<id8>:[SMN]:
[22:52:03.997] 1A:10027680:[pc] gains the effect of 衰弱 from  for 9999.00 Seconds.
[22:52:03.997] 1A:100E16E0:[pc] gains the effect of 破滅の刻印：参 from トリニティ・シーカー for 30.00 Seconds.
[22:52:05.426] 15:<id8>:シーカーの分体:5AD9:熱拳闘気砲:<id8>::
[22:52:05.000] 00:282b:シーカーの分体の「熱拳闘気砲」
[22:52:05.000] 00:282b:シーカーの分体の「熱拳闘気砲」
[22:52:06.726] 15:<id8>:トリニティ・シーカー:5ACA:鋭刃花車:<id8>::
[22:52:09.280] 00:0000:Hojoring:[EX] Added new combatant. name=デミ・バハムート X=21.85 Y=27.29 Z=0.08 hp=135652
[22:52:11.701] 00:0000:Hojoring:[EX] Added new combatant. name=オートマトン・クイーン X=21.63 Y=27.28 Z=0.08 hp=149525
[22:52:12.135] 00:0000:Hojoring:[EX] Added new combatant. name=カーバンクル・ルビー X=21.54 Y=27.40 Z=0.08 hp=150726
[22:52:11.000] 00:282b:トリニティ・シーカーは「翠流魔風塵」の構え。
[22:52:11.887] 14:5AD3:トリニティ・シーカー starts using 翠流魔風塵 on トリニティ・シーカー.
[22:52:16.566] 00:0000:Hojoring:[EX] Added new combatant. name=アーサリースター X=21.57 Y=27.08 Z=0.08 hp=150726
[22:52:17.727] 00:0000:Hojoring:[EX] Added new combatant. name=タイタン・エギ X=21.64 Y=27.13 Z=0.08 hp=75363
[22:52:16.879] 16:<id8>:トリニティ・シーカー:5AD3:翠流魔風塵:<id8>:[pc]:
[22:52:16.879] 16:<id8>:トリニティ・シーカー:5AD3:翠流魔風塵:<id8>:[MNK]:
[22:52:16.879] 16:<id8>:トリニティ・シーカー:5AD3:翠流魔風塵:<id8>:[NIN]:
[22:52:16.879] 16:<id8>:トリニティ・シーカー:5AD3:翠流魔風塵:<id8>:[mex]:
[22:52:16.879] 16:<id8>:トリニティ・シーカー:5AD3:翠流魔風塵:<id8>:[SCH]:
[22:52:16.879] 16:<id8>:トリニティ・シーカー:5AD3:翠流魔風塵:<id8>:[DNC]:
[22:52:19.334] 00:0000:Hojoring:[EX] Added new combatant. name=フェアリー・エオス X=21.53 Y=27.13 Z=0.08 hp=150726
[22:52:17.000] 00:282b:トリニティ・シーカーの「翠流魔風塵」
[22:52:17.595] 16:<id8>:トリニティ・シーカー:5B33:翠流魔風塵:<id8>:[pc]:
[22:52:17.595] 16:<id8>:トリニティ・シーカー:5B33:翠流魔風塵:<id8>:[mex]:
[22:52:17.595] 16:<id8>:トリニティ・シーカー:5B33:翠流魔風塵:<id8>:[WAR]:
[22:52:17.595] 16:<id8>:トリニティ・シーカー:5B33:翠流魔風塵:<id8>:[PLD]:
[22:52:17.595] 16:<id8>:トリニティ・シーカー:5B33:翠流魔風塵:<id8>:[SCH]:
[22:52:17.595] 16:<id8>:トリニティ・シーカー:5B33:翠流魔風塵:<id8>:[NIN]:
[22:52:17.595] 16:<id8>:トリニティ・シーカー:5B33:翠流魔風塵:<id8>:[DNC]:
[22:52:17.595] 16:<id8>:トリニティ・シーカー:5B33:翠流魔風塵:<id8>:[MNK]:
[22:52:20.230] 00:0000:Hojoring:[EX] Added new combatant. name=カーバンクル・ルビー X=21.71 Y=27.23 Z=0.08 hp=150726
[22:52:20.519] 00:0000:Hojoring:[EX] Added new combatant. name=カーバンクル・ルビー X=21.64 Y=27.16 Z=0.08 hp=75363
[22:52:26.965] 00:0000:Hojoring:[EX] Added new combatant. name=デミ・フェニックス X=21.58 Y=27.18 Z=0.08 hp=150726
[22:52:26.000] 00:0044:ヴェリボルらしき声:オレノ「豪剣」デ……ブッ潰シテヤルッ！
[22:52:29.383] 00:0000:Hojoring:[EX] Added new combatant. name=イフリート・エギ X=21.53 Y=27.11 Z=0.08 hp=150726
[22:52:27.084] 14:5A98:トリニティ・シーカー starts using 翠流派 on トリニティ・シーカー.
[22:52:26.000] 00:282b:トリニティ・シーカーは「翠流派」の構え。
[22:52:30.153] 00:0000:Hojoring:[EX] Added new combatant. name=英雄の影身 X=21.57 Y=27.18 Z=0.08 hp=123916
[22:52:30.072] 15:<id8>:トリニティ・シーカー:5A98:翠流派:<id8>:トリニティ・シーカー:
[22:52:30.000] 00:282b:トリニティ・シーカーの「翠流派」
[22:52:33.768] 00:0000:Hojoring:[EX] Added new combatant. name=分身 X=21.53 Y=27.10 Z=0.08 hp=139085
[22:52:34.161] 00:0000:Hojoring:[EX] Added new combatant. name=アーサリースター X=21.52 Y=27.08 Z=0.08 hp=150726
[22:52:36.166] 00:0000:Hojoring:[EX] Added new combatant. name=デミ・バハムート X=21.56 Y=27.12 Z=0.08 hp=67826
[22:52:36.166] 00:0000:Hojoring:[EX] Added new combatant. name=分身 X=21.53 Y=27.12 Z=0.08 hp=149486
[22:52:34.708] 15:<id8>:トリニティ・シーカー:5AD0:豪剣黒流破:<id8>:トリニティ・シーカー:
[22:52:34.708] 15:<id8>:トリニティ・シーカー:5AD1:豪剣黒流破:<id8>::
[22:52:34.000] 00:282b:トリニティ・シーカーの「豪剣黒流破」
[22:52:36.356] 1A:1026B1E2:[SMN] gains the effect of 生還 from  for 6.00 Seconds.
[22:52:38.979] 00:0000:Hojoring:[EX] Added new combatant. name=英雄の影身 X=21.55 Y=27.21 Z=0.08 hp=123916
[22:52:38.979] 00:0000:Hojoring:[EX] Added new combatant. name=分身 X=21.53 Y=27.13 Z=0.08 hp=149486
[22:52:40.206] 00:0000:Hojoring:[EX] Added new combatant. name=セラフィム X=21.56 Y=27.18 Z=0.08 hp=150726
[22:52:37.870] 15:<id8>:トリニティ・シーカー:5A9A:Unknown_5A9a:<id8>::
[22:52:38.000] 00:282b:トリニティ・シーカーは「分体生成」の構え。
[22:52:39.250] 14:5ADA:トリニティ・シーカー starts using 分体生成 on トリニティ・シーカー.
[22:52:42.234] 15:<id8>:トリニティ・シーカー:5ADA:分体生成:<id8>:トリニティ・シーカー:
[22:52:42.000] 00:282b:トリニティ・シーカーの「分体生成」
[22:52:46.178] 00:0000:Hojoring:[EX] Added new combatant. name=カーバンクル・トパーズ X=21.52 Y=27.16 Z=0.08 hp=150726
[22:52:46.975] 00:0000:Hojoring:[EX] Added new combatant. name=カーバンクル・ルビー X=21.51 Y=27.11 Z=0.08 hp=150726
[22:52:47.785] 00:0000:Hojoring:[EX] Added new combatant. name=デミ・バハムート X=21.57 Y=27.19 Z=0.08 hp=135652
[22:52:47.785] 00:0000:Hojoring:[EX] Added new combatant. name=分身 X=21.52 Y=27.12 Z=0.08 hp=149486
[22:52:47.785] 00:0000:Hojoring:[EX] Added new combatant. name=デミ・フェニックス X=21.57 Y=27.19 Z=0.08 hp=150726
[22:52:52.522] 14:5B61:シーカーの分体 starts using 初手：鋭刃四刀の構え on シーカーの分体.
[22:52:52.000] 00:282b:シーカーの分体は「初手：鋭刃四刀の構え」の構え。
[22:52:55.177] 00:0000:Hojoring:[EX] Beacon X=21.51 Y=27.16 Z=0.08 zone=Delubrum Reginae (Savage)
[22:52:56.230] 00:0000:Hojoring:[EX] Added new combatant. name=カーバンクル・ルビー X=21.49 Y=27.13 Z=0.08 hp=75363
[22:52:54.527] 15:<id8>:トリニティ・シーカー:5A9A:Unknown_5A9a:<id8>::
[22:52:55.510] 15:<id8>:シーカーの分体:5B61:初手：鋭刃四刀の構え:<id8>:シーカーの分体:
[22:52:55.000] 00:0044:ヴェリボルらしき声:跡形モナク叩キ潰スッ！
[22:52:55.645] 14:5ABE:トリニティ・シーカー starts using 豪剣強襲撃 on トリニティ・シーカー.
[22:52:55.000] 00:282b:トリニティ・シーカーは「豪剣強襲撃」の構え。
[22:52:55.000] 00:282b:シーカーの分体は「二手：鋭刃四刀の構え」の構え。
[22:52:55.731] 14:5B62:シーカーの分体 starts using 二手：鋭刃四刀の構え on シーカーの分体.
[22:52:59.868] 00:0000:Hojoring:[EX] Added new combatant. name=デミ・バハムート X=21.57 Y=27.39 Z=0.08 hp=135652
[22:52:58.719] 15:<id8>:シーカーの分体:5B62:二手：鋭刃四刀の構え:<id8>:シーカーの分体:
[22:52:58.000] 00:282b:シーカーの分体は「三手：鋭刃四刀の構え 」の構え。
[22:52:58.939] 14:5B63:シーカーの分体 starts using 三手：鋭刃四刀の構え  on シーカーの分体.
[22:53:02.254] 00:0000:Hojoring:[EX] Added new combatant. name=フェアリー・エオス X=21.32 Y=27.47 Z=0.08 hp=150726
[22:53:01.927] 15:<id8>:シーカーの分体:5B63:三手：鋭刃四刀の構え :<id8>:シーカーの分体:
[22:53:04.271] 00:0000:Hojoring:[EX] Added new combatant. name=デミ・バハムート X=21.78 Y=27.46 Z=0.08 hp=135652
[22:53:02.146] 14:5B64:シーカーの分体 starts using 四手：鋭刃四刀の構え   on シーカーの分体.
[22:53:01.000] 00:282b:シーカーの分体は「四手：鋭刃四刀の構え  」の構え。
[22:53:03.621] 15:<id8>:トリニティ・シーカー:5ABE:豪剣強襲撃:<id8>:トリニティ・シーカー:
[22:53:03.709] 15:<id8>:トリニティ・シーカー:5B2A:豪剣強襲撃:<id8>::
[22:53:04.000] 00:282b:トリニティ・シーカーの「豪剣強襲撃」
[22:53:05.131] 15:<id8>:シーカーの分体:5B64:四手：鋭刃四刀の構え  :<id8>:シーカーの分体:
[22:53:05.000] 00:282b:シーカーの分体は「鋭刃四刀流」の構え。
[22:53:05.352] 14:5AB8:シーカーの分体 starts using 鋭刃四刀流 on シーカーの分体.
[22:53:07.863] 00:0000:Hojoring:[EX] Added new combatant. name=カーバンクル・ルビー X=21.64 Y=27.46 Z=0.08 hp=150726
[22:53:07.927] 00:0000:Hojoring:[EX] Added new combatant. name=イフリート・エギ X=21.69 Y=27.40 Z=0.08 hp=150726
[22:53:05.842] 14:5B94:トリニティ・シーカー starts using 鋭刃四刀流 on トリニティ・シーカー.
[22:53:07.319] 15:<id8>:シーカーの分体:5AB8:鋭刃四刀流:<id8>:シーカーの分体:
[22:53:07.538] 15:<id8>:トリニティ・シーカー:5B94:鋭刃四刀流:<id8>:[pc]:
[22:53:07.626] 15:<id8>:シーカーの分体:5AB9:鋭刃四刀流:<id8>:[pc]:
[22:53:07.761] 14:5B94:トリニティ・シーカー starts using 鋭刃四刀流 on トリニティ・シーカー.
[22:53:08.070] 1A:1007331B:[pc] gains the effect of 破滅の刻印：参 from トリニティ・シーカー for 30.00 Seconds.
[22:53:09.452] 16:<id8>:トリニティ・シーカー:5B94:鋭刃四刀流:<id8>:[SCH]:
[22:53:09.452] 16:<id8>:トリニティ・シーカー:5B94:鋭刃四刀流:<id8>:[pc]:
[22:53:09.541] 15:<id8>:シーカーの分体:5ABC:鋭刃四刀流:<id8>::
[22:53:09.673] 14:5B94:トリニティ・シーカー starts using 鋭刃四刀流 on トリニティ・シーカー.
[22:53:09.986] 1A:1029609D:[SCH] gains the effect of 破滅の刻印：参 from トリニティ・シーカー for 30.00 Seconds.
[22:53:10.031] 1A:1002EEB9:[pc] gains the effect of 破滅の刻印：参 from トリニティ・シーカー for 30.00 Seconds.
[22:53:11.370] 15:<id8>:トリニティ・シーカー:5B94:鋭刃四刀流:<id8>::
[22:53:11.455] 15:<id8>:シーカーの分体:5ABA:鋭刃四刀流:<id8>::
[22:53:11.591] 14:5B94:トリニティ・シーカー starts using 鋭刃四刀流 on トリニティ・シーカー.
[22:53:12.708] 1B:<id8>:[WAR]:0000:0000:01A0:0000:0000:0000:
[22:53:12.708] 1B:<id8>:[pc]:0000:0000:01A0:0000:0000:0000:
[22:53:12.708] 1B:<id8>:[pc]:0000:0000:01A0:0000:0000:0000:
[22:53:12.708] 1B:<id8>:[pc]:0000:0000:01A0:0000:0000:0000:
[22:53:12.708] 1B:<id8>:[pc]:0000:0000:01A0:0000:0000:0000:
[22:53:12.710] 1B:<id8>:[pc]:0000:0000:01A0:0000:0000:0000:
[22:53:12.710] 1B:<id8>:[pc]:0000:0000:01A0:0000:0000:0000:
[22:53:12.710] 1B:<id8>:[pc]:0000:0000:01A0:0000:0000:0000:
[22:53:12.710] 1B:<id8>:[pc]:0000:0000:01A0:0000:0000:0000:
[22:53:12.710] 1B:<id8>:[pc]:0000:0000:01A0:0000:0000:0000:
[22:53:12.710] 1B:<id8>:[mex]:0000:0000:01A0:0000:0000:0000:
[22:53:12.710] 1B:<id8>:[pc]:0000:0000:01A0:0000:0000:0000:
[22:53:13.288] 15:<id8>:トリニティ・シーカー:5B94:鋭刃四刀流:<id8>:[pc]:
[22:53:13.376] 15:<id8>:シーカーの分体:5ABB:鋭刃四刀流:<id8>::
[22:53:13.822] 1A:1002AAC3:[pc] gains the effect of 破滅の刻印：参 from トリニティ・シーカー for 30.00 Seconds.
[22:53:19.918] 00:0000:Hojoring:[EX] Added new combatant. name=カーバンクル・トパーズ X=21.45 Y=27.30 Z=0.08 hp=150726
[22:53:19.839] 15:<id8>:トリニティ・シーカー:5ACB:魔炎鎖:<id8>::
[22:53:23.093] 00:0000:Hojoring:[EX] Added new combatant. name=英雄の影身 X=21.46 Y=26.95 Z=0.08 hp=123916
[22:53:23.879] 00:0000:Hojoring:[EX] Added new combatant. name=フェアリー・エオス X=21.42 Y=27.18 Z=0.08 hp=150726
[22:53:21.800] 14:5AD3:トリニティ・シーカー starts using 翠流魔風塵 on トリニティ・シーカー.
[22:53:21.000] 00:282b:トリニティ・シーカーは「翠流魔風塵」の構え。
[22:53:24.302] 00:0000:Hojoring:[EX] Added new combatant. name=カーバンクル・ルビー X=21.44 Y=27.18 Z=0.08 hp=150726
[22:53:27.139] 00:0000:Hojoring:[EX] Added new combatant. name=アーサリースター X=21.49 Y=27.10 Z=0.08 hp=150726
[22:53:26.789] 16:<id8>:トリニティ・シーカー:5AD3:翠流魔風塵:<id8>:[PLD]:
[22:53:26.789] 16:<id8>:トリニティ・シーカー:5AD3:翠流魔風塵:<id8>:[pc]:
[22:53:26.789] 16:<id8>:トリニティ・シーカー:5AD3:翠流魔風塵:<id8>:[MNK]:
[22:53:26.789] 16:<id8>:トリニティ・シーカー:5AD3:翠流魔風塵:<id8>:[DNC]:
[22:53:26.789] 16:<id8>:トリニティ・シーカー:5AD3:翠流魔風塵:<id8>:[NIN]:
[22:53:26.789] 16:<id8>:トリニティ・シーカー:5AD3:翠流魔風塵:<id8>:[WAR]:
[22:53:26.789] 16:<id8>:トリニティ・シーカー:5AD3:翠流魔風塵:<id8>:[SCH]:
[22:53:27.502] 16:<id8>:トリニティ・シーカー:5B33:翠流魔風塵:<id8>:[pc]:
[22:53:27.502] 16:<id8>:トリニティ・シーカー:5B33:翠流魔風塵:<id8>:[mex]:
[22:53:27.502] 16:<id8>:トリニティ・シーカー:5B33:翠流魔風塵:<id8>:[WAR]:
[22:53:27.502] 16:<id8>:トリニティ・シーカー:5B33:翠流魔風塵:<id8>:[PLD]:
[22:53:27.502] 16:<id8>:トリニティ・シーカー:5B33:翠流魔風塵:<id8>:[SMN]:
[22:53:27.000] 00:282b:トリニティ・シーカーの「翠流魔風塵」
[22:53:27.508] 16:<id8>:トリニティ・シーカー:5B33:翠流魔風塵:<id8>:[SCH]:
[22:53:27.508] 16:<id8>:トリニティ・シーカー:5B33:翠流魔風塵:<id8>:[NIN]:
[22:53:27.508] 16:<id8>:トリニティ・シーカー:5B33:翠流魔風塵:<id8>:[DNC]:
[22:53:27.508] 16:<id8>:トリニティ・シーカー:5B33:翠流魔風塵:<id8>:[MNK]:
[22:53:28.973] 15:<id8>:トリニティ・シーカー:5A9A:Unknown_5A9a:<id8>::
[22:53:29.373] 1A:10247D9C:[pc] gains the effect of 生還 from  for 6.00 Seconds.
[22:53:31.954] 00:0000:Hojoring:[EX] Added new combatant. name=デミ・フェニックス X=21.53 Y=27.20 Z=0.08 hp=75363
[22:53:30.353] 14:5ADA:トリニティ・シーカー starts using 分体生成 on トリニティ・シーカー.
[22:53:30.000] 00:282b:トリニティ・シーカーは「分体生成」の構え。
[22:53:33.342] 15:<id8>:トリニティ・シーカー:5ADA:分体生成:<id8>:トリニティ・シーカー:
[22:53:34.000] 00:282b:トリニティ・シーカーの「分体生成」
[22:53:38.332] 00:0000:Hojoring:[EX] Added new combatant. name=デミ・バハムート X=21.54 Y=27.21 Z=0.08 hp=135652
[22:53:39.596] 00:0000:Hojoring:[EX] Added new combatant. name=デミ・フェニックス X=21.54 Y=27.23 Z=0.08 hp=150726
[22:53:42.046] 00:0000:Hojoring:[EX] Added new combatant. name=アーサリースター X=21.50 Y=27.06 Z=0.08 hp=150726
[22:53:43.281] 15:<id8>:シーカーの分体:5A9A:Unknown_5A9a:<id8>::
[22:53:44.661] 15:<id8>:トリニティ・シーカー:5A9A:Unknown_5A9a:<id8>::
[22:53:44.000] 00:282b:シーカーの分体は「熱拳地脈爆」の構え。
[22:53:45.017] 14:5AC0:シーカーの分体 starts using 熱拳地脈爆 on シーカーの分体.
[22:53:45.775] 14:5ABE:トリニティ・シーカー starts using 豪剣強襲撃 on トリニティ・シーカー.
[22:53:45.000] 00:282b:トリニティ・シーカーは「豪剣強襲撃」の構え。
[22:53:50.800] 00:0000:Hojoring:[EX] Added new combatant. name=デミ・バハムート X=21.62 Y=27.30 Z=0.08 hp=135652
[22:53:51.989] 00:0000:Hojoring:[EX] Added new combatant. name=カーバンクル・ルビー X=21.57 Y=27.38 Z=0.08 hp=75363
[22:53:50.013] 15:<id8>:シーカーの分体:5AC0:熱拳地脈爆:<id8>:シーカーの分体:
[22:53:50.101] 16:<id8>:トリニティ・シーカー:5AC3:熱拳地脈爆:<id8>:[SCH]:
[22:53:50.101] 16:<id8>:トリニティ・シーカー:5AC3:熱拳地脈爆:<id8>:[pc]:
[22:53:50.101] 16:<id8>:トリニティ・シーカー:5AC2:熱拳地脈爆:<id8>:[pc]:
[22:53:50.101] 16:<id8>:トリニティ・シーカー:5AC2:熱拳地脈爆:<id8>:[MNK]:
[22:53:50.101] 15:<id8>:トリニティ・シーカー:5AC1:熱拳地脈爆:<id8>::
[22:53:50.000] 00:282b:シーカーの分体の「熱拳地脈爆」
[22:53:50.633] 1A:1029609D:[SCH] gains the effect of 破滅の刻印：参 from トリニティ・シーカー for 30.00 Seconds.
[22:53:50.633] 1A:1002BE5C:[pc] gains the effect of 破滅の刻印：参 from トリニティ・シーカー for 30.00 Seconds.
[22:53:50.678] 1A:10327838:[pc] gains the effect of 破滅の刻印：参 from トリニティ・シーカー for 30.00 Seconds.
[22:53:50.678] 1A:10087D67:[MNK] gains the effect of 死の宣告 from トリニティ・シーカー for 3.00 Seconds.
[22:53:50.720] 1A:1031FDAF:[pc] gains the effect of 破滅の刻印：参 from トリニティ・シーカー for 30.00 Seconds.
[22:53:50.720] 1A:102E5568:[pc] gains the effect of 破滅の刻印：参 from トリニティ・シーカー for 30.00 Seconds.
[22:53:50.765] 1A:10241BE6:[pc] gains the effect of 破滅の刻印：参 from トリニティ・シーカー for 30.00 Seconds.
[22:53:55.231] 00:0000:Hojoring:[EX] Beacon X=21.72 Y=27.44 Z=0.08 zone=Delubrum Reginae (Savage)
[22:53:55.586] 00:0000:Hojoring:[EX] Added new combatant. name=デミ・フェニックス X=21.35 Y=27.44 Z=0.08 hp=150726
[22:53:53.758] 15:<id8>:トリニティ・シーカー:5ABE:豪剣強襲撃:<id8>:トリニティ・シーカー:
[22:53:53.847] 15:<id8>:トリニティ・シーカー:5B2A:豪剣強襲撃:<id8>::
[22:53:54.000] 00:282b:トリニティ・シーカーの「豪剣強襲撃」
[22:53:58.386] 00:0000:Hojoring:[EX] Added new combatant. name=カーバンクル・ルビー X=21.30 Y=27.40 Z=0.08 hp=150726
[22:53:58.840] 00:0000:Hojoring:[EX] Added new combatant. name=デミ・フェニックス X=21.43 Y=27.47 Z=0.08 hp=150726
[22:53:59.599] 00:0000:Hojoring:[EX] Added new combatant. name=カーバンクル・トパーズ X=21.46 Y=27.32 Z=0.08 hp=150726
[22:53:59.015] 15:<id8>:トリニティ・シーカー:5A9A:Unknown_5A9a:<id8>::
[22:54:00.222] 14:5ADA:トリニティ・シーカー starts using 分体生成 on トリニティ・シーカー.
[22:53:59.000] 00:282b:トリニティ・シーカーは「分体生成」の構え。
[22:54:05.247] 00:0000:Hojoring:[EX] Added new combatant. name=英雄の影身 X=21.61 Y=27.05 Z=0.08 hp=123916
[22:54:03.204] 15:<id8>:トリニティ・シーカー:5ADA:分体生成:<id8>:トリニティ・シーカー:
[22:54:03.000] 00:282b:トリニティ・シーカーの「分体生成」
[22:54:10.858] 00:0000:Hojoring:[EX] Added new combatant. name=イフリート・エギ X=21.47 Y=27.16 Z=0.08 hp=150726
[22:54:11.654] 00:0000:Hojoring:[EX] Added new combatant. name=分身 X=21.52 Y=27.10 Z=0.08 hp=149486
[22:54:12.000] 00:282b:シーカーの分体は「初手：鋭刃四刀の構え」の構え。
[22:54:12.475] 14:5B61:シーカーの分体 starts using 初手：鋭刃四刀の構え on シーカーの分体.
[22:54:15.694] 00:0000:Hojoring:[EX] Added new combatant. name=カーバンクル・ルビー X=21.49 Y=27.11 Z=0.08 hp=150726
[22:54:15.284] 1B:<id8>:[pc]:0000:0000:01A0:0000:0000:0000:
[22:54:15.284] 1B:<id8>:[NIN]:0000:0000:01A0:0000:0000:0000:
[22:54:15.284] 1B:<id8>:[pc]:0000:0000:01A0:0000:0000:0000:
[22:54:15.284] 1B:<id8>:[DNC]:0000:0000:01A0:0000:0000:0000:
[22:54:15.284] 1B:<id8>:[pc]:0000:0000:01A0:0000:0000:0000:
[22:54:15.284] 1B:<id8>:[pc]:0000:0000:01A0:0000:0000:0000:
[22:54:15.287] 1B:<id8>:[pc]:0000:0000:01A0:0000:0000:0000:
[22:54:15.287] 1B:<id8>:[pc]:0000:0000:01A0:0000:0000:0000:
[22:54:15.287] 1B:<id8>:[pc]:0000:0000:01A0:0000:0000:0000:
[22:54:15.287] 1B:<id8>:[pc]:0000:0000:01A0:0000:0000:0000:
[22:54:15.287] 1B:<id8>:[pc]:0000:0000:01A0:0000:0000:0000:
[22:54:15.287] 1B:<id8>:[pc]:0000:0000:01A0:0000:0000:0000:
[22:54:15.460] 15:<id8>:シーカーの分体:5B61:初手：鋭刃四刀の構え:<id8>:シーカーの分体:
[22:54:15.686] 14:5B62:シーカーの分体 starts using 二手：鋭刃四刀の構え on シーカーの分体.
[22:54:15.000] 00:282b:シーカーの分体は「二手：鋭刃四刀の構え」の構え。
[22:54:18.907] 00:0000:Hojoring:[EX] Added new combatant. name=カーバンクル・ルビー X=21.65 Y=27.32 Z=0.08 hp=150726
[22:54:18.671] 15:<id8>:シーカーの分体:5B62:二手：鋭刃四刀の構え:<id8>:シーカーの分体:
[22:54:18.000] 00:0044:トリニティ・シーカー:我ラ三名……死スル時モ、同ジナリ……！
[22:54:24.471] 00:0000:Hojoring:[EX] Added new combatant. name=トラップ X=21.50 Y=21.50 Z=0.00 hp=148000
[22:54:38.119] 00:0000:Hojoring:[EX] Added new combatant. name=ダウー X=23.14 Y=24.17 Z=0.12 hp=44
[22:54:38.119] 00:0000:Hojoring:[EX] Added new combatant. name=ダウー X=23.14 Y=24.17 Z=0.12 hp=152295552
[22:54:38.152] 00:0000:Hojoring:[EX] Added new combatant. name=ダウー X=23.14 Y=24.17 Z=0.12 hp=44
[22:54:38.184] 00:0000:Hojoring:[EX] Added new combatant. name=ダウー X=23.14 Y=24.17 Z=0.12 hp=44
[22:54:38.216] 00:0000:Hojoring:[EX] Added new combatant. name=ダウー X=23.14 Y=24.17 Z=0.12 hp=44
[22:54:55.263] 00:0000:Hojoring:[EX] Beacon X=22.54 Y=25.62 Z=0.12 zone=Delubrum Reginae (Savage)
[22:55:55.283] 00:0000:Hojoring:[EX] Beacon X=23.17 Y=24.93 Z=0.12 zone=Delubrum Reginae (Savage)
[22:56:11.135] 00:0000:Hojoring:[EX] Added new combatant. name=カーバンクル・ルビー X=23.15 Y=24.87 Z=0.12 hp=150726
[22:56:29.000] 00:0039:レディチェックを開始しました。
