[23:22:38.000] 00:0039:戦闘開始！
[23:22:44.833] 00:0000:Hojoring:[EX] Added new combatant. name=オートマトン・クイーン X=25.57 Y=14.39 Z=-0.97 hp=149525
[23:22:45.605] 00:0000:Hojoring:[EX] Added new combatant. name=分身 X=25.55 Y=14.16 Z=-0.97 hp=149486
[23:22:45.605] 00:0000:Hojoring:[EX] Added new combatant. name=分身 X=25.56 Y=14.11 Z=-0.97 hp=149486
[23:22:47.213] 00:0000:Hojoring:[EX] Added new combatant. name=デミ・フェニックス X=25.58 Y=14.22 Z=-0.97 hp=150726
[23:22:44.831] 14:57BD:ボズヤ・ファントム starts using 苦悶の呪詛 on ボズヤ・ファントム.
[23:22:44.000] 00:282b:ボズヤ・ファントムは「苦悶の呪詛」の構え。
[23:22:47.630] 00:0000:Hojoring:[EX] Added new combatant. name=英雄の影身 X=25.58 Y=14.24 Z=-0.97 hp=123916
[23:22:50.042] 00:0000:Hojoring:[EX] Added new combatant. name=分身 X=25.56 Y=14.13 Z=-0.97 hp=149486
[23:22:48.793] 15:<id8>:ボズヤ・ファントム:57BD:苦悶の呪詛:<id8>:ボズヤ・ファントム:
[23:22:51.623] 00:0000:Hojoring:[EX] Added new combatant. name=英雄の影身 X=25.51 Y=14.03 Z=-0.97 hp=123916
[23:22:48.000] 00:282b:ボズヤ・ファントムの「苦悶の呪詛」
[23:22:49.502] 16:<id8>:ボズヤ・ファントム:5B36:苦悶の呪詛:<id8>:[pc]:
[23:22:49.502] 16:<id8>:ボズヤ・ファントム:5B36:苦悶の呪詛:<id8>:[DNC]:
[23:22:49.502] 16:<id8>:ボズヤ・ファントム:5B36:苦悶の呪詛:<id8>:[WAR]:
[23:22:49.502] 16:<id8>:ボズヤ・ファントム:5B36:苦悶の呪詛:<id8>:[NIN]:
[23:22:49.502] 16:<id8>:ボズヤ・ファントム:5B36:苦悶の呪詛:<id8>:[mex]:
[23:22:49.502] 16:<id8>:ボズヤ・ファントム:5B36:苦悶の呪詛:<id8>:[SCH]:
[23:22:49.502] 16:<id8>:ボズヤ・ファントム:5B36:苦悶の呪詛:<id8>:[MNK]:
[23:22:49.502] 16:<id8>:ボズヤ・ファントム:5B36:苦悶の呪詛:<id8>:[SMN]:
[23:22:49.502] 16:<id8>:ボズヤ・ファントム:5B36:苦悶の呪詛:<id8>:[PLD]:
[23:22:52.408] 00:0000:Hojoring:[EX] Added new combatant. name=デミ・フェニックス X=25.53 Y=14.04 Z=-0.97 hp=150726
[23:22:55.894] 00:0000:Hojoring:[EX] Beacon X=25.58 Y=14.20 Z=-0.97 zone=Delubrum Reginae (Savage)
[23:22:53.958] 14:57B2:ボズヤ・ファントム starts using 瘴気術 on ボズヤ・ファントム.
[23:22:53.000] 00:282b:ボズヤ・ファントムは「瘴気術」の構え。
[23:22:56.416] 00:0000:Hojoring:[EX] Added new combatant. name=英雄の影身 X=25.59 Y=14.22 Z=-0.97 hp=123916
[23:22:56.416] 00:0000:Hojoring:[EX] Added new combatant. name=デミ・バハムート X=25.60 Y=14.24 Z=-0.97 hp=135652
[23:22:56.416] 00:0000:Hojoring:[EX] Added new combatant. name=デミ・バハムート X=25.61 Y=14.25 Z=-0.97 hp=135652
[23:22:56.942] 15:<id8>:ボズヤ・ファントム:57B2:瘴気術:<id8>:ボズヤ・ファントム:
[23:22:57.000] 00:282b:ボズヤ・ファントムの「瘴気術」
[23:23:01.281] 00:0000:Hojoring:[EX] Added new combatant. name=分身 X=25.55 Y=14.15 Z=-0.97 hp=149486
[23:23:04.115] 14:57B3:ボズヤ・ファントム starts using 瘴気操作 on ボズヤ・ファントム.
[23:23:04.115] 14:57B8:ボズヤ・ファントム starts using 瘴気輪 on Unknown.
[23:23:04.115] 14:57B6:ボズヤ・ファントム starts using 瘴気雲 on Unknown.
[23:23:04.115] 14:57B4:ボズヤ・ファントム starts using 瘴気流 on ボズヤ・ファントム.
[23:23:03.000] 00:282b:ボズヤ・ファントムは「瘴気操作」の構え。
[23:23:07.272] 00:0000:Hojoring:[EX] Added new combatant. name=カーバンクル・トパーズ X=25.86 Y=13.91 Z=-0.97 hp=150726
[23:23:08.504] 00:0000:Hojoring:[EX] Added new combatant. name=デミ・フェニックス X=25.85 Y=13.90 Z=-0.97 hp=150726
[23:23:10.057] 00:0000:Hojoring:[EX] Added new combatant. name=英雄の影身 X=25.89 Y=13.81 Z=-0.97 hp=115297
[23:23:12.494] 00:0000:Hojoring:[EX] Added new combatant. name=カーバンクル・ルビー X=25.93 Y=13.68 Z=-0.97 hp=150726
[23:23:13.074] 15:<id8>:ボズヤ・ファントム:57B3:瘴気操作:<id8>:ボズヤ・ファントム:
[23:23:13.000] 00:282b:ボズヤ・ファントムの「瘴気操作」
[23:23:16.473] 00:0000:Hojoring:[EX] Added new combatant. name=イフリート・エギ X=25.89 Y=13.76 Z=-0.97 hp=150726
[23:23:16.473] 00:0000:Hojoring:[EX] Added new combatant. name=カーバンクル・ルビー X=25.91 Y=13.82 Z=-0.97 hp=150726
[23:23:14.102] 15:<id8>:ボズヤ・ファントム:57B8:瘴気輪:<id8>::
[23:23:14.102] 15:<id8>:ボズヤ・ファントム:57B6:瘴気雲:<id8>::
[23:23:14.102] 15:<id8>:ボズヤ・ファントム:57B4:瘴気流:<id8>::
[23:23:14.146] 14:57B6:ボズヤ・ファントム starts using 瘴気雲 on Unknown.
[23:23:14.146] 14:57B4:ボズヤ・ファントム starts using 瘴気流 on ボズヤ・ファントム.
[23:23:14.146] 14:57B8:ボズヤ・ファントム starts using 瘴気輪 on Unknown.
[23:23:14.770] 14:57B9:ボズヤ・ファントム starts using 瘴気輪 on Unknown.
[23:23:14.770] 14:57B7:ボズヤ・ファントム starts using 瘴気雲 on Unknown.
[23:23:14.770] 14:57B5:ボズヤ・ファントム starts using 瘴気流 on ボズヤ・ファントム.
[23:23:15.751] 15:<id8>:ボズヤ・ファントム:57B9:瘴気輪:<id8>::
[23:23:15.751] 15:<id8>:ボズヤ・ファントム:57B7:瘴気雲:<id8>::
[23:23:15.751] 15:<id8>:ボズヤ・ファントム:57B5:瘴気流:<id8>::
[23:23:16.372] 14:57B9:ボズヤ・ファントム starts using 瘴気輪 on Unknown.
[23:23:16.372] 14:57B7:ボズヤ・ファントム starts using 瘴気雲 on Unknown.
[23:23:16.372] 14:57B5:ボズヤ・ファントム starts using 瘴気流 on ボズヤ・ファントム.
[23:23:17.352] 15:<id8>:ボズヤ・ファントム:57B9:瘴気輪:<id8>::
[23:23:17.352] 15:<id8>:ボズヤ・ファントム:57B7:瘴気雲:<id8>::
[23:23:17.352] 15:<id8>:ボズヤ・ファントム:57B5:瘴気流:<id8>::
[23:23:17.974] 14:57B9:ボズヤ・ファントム starts using 瘴気輪 on Unknown.
[23:23:17.974] 14:57B7:ボズヤ・ファントム starts using 瘴気雲 on Unknown.
[23:23:18.957] 15:<id8>:ボズヤ・ファントム:57B9:瘴気輪:<id8>::
[23:23:18.957] 15:<id8>:ボズヤ・ファントム:57B7:瘴気雲:<id8>::
[23:23:19.584] 14:57B9:ボズヤ・ファントム starts using 瘴気輪 on Unknown.
[23:23:19.584] 14:57B7:ボズヤ・ファントム starts using 瘴気雲 on Unknown.
[23:23:20.559] 15:<id8>:ボズヤ・ファントム:57B9:瘴気輪:<id8>::
[23:23:20.559] 15:<id8>:ボズヤ・ファントム:57B7:瘴気雲:<id8>::
[23:23:21.180] 14:57B9:ボズヤ・ファントム starts using 瘴気輪 on Unknown.
[23:23:21.180] 14:57B7:ボズヤ・ファントム starts using 瘴気雲 on Unknown.
[23:23:22.162] 15:<id8>:ボズヤ・ファントム:57B9:瘴気輪:<id8>::
[23:23:22.162] 15:<id8>:ボズヤ・ファントム:57B7:瘴気雲:<id8>::
[23:23:22.786] 14:57B9:ボズヤ・ファントム starts using 瘴気輪 on Unknown.
[23:23:22.786] 14:57B7:ボズヤ・ファントム starts using 瘴気雲 on Unknown.
[23:23:23.765] 15:<id8>:ボズヤ・ファントム:57B9:瘴気輪:<id8>::
[23:23:23.765] 15:<id8>:ボズヤ・ファントム:57B7:瘴気雲:<id8>::
[23:23:24.120] 15:<id8>:ボズヤ・ファントム:57B6:瘴気雲:<id8>::
[23:23:24.120] 15:<id8>:ボズヤ・ファントム:57B4:瘴気流:<id8>::
[23:23:24.120] 15:<id8>:ボズヤ・ファントム:57B8:瘴気輪:<id8>::
[23:23:24.388] 14:57B9:ボズヤ・ファントム starts using 瘴気輪 on Unknown.
[23:23:24.388] 14:57B7:ボズヤ・ファントム starts using 瘴気雲 on Unknown.
[23:23:24.655] 14:57B7:ボズヤ・ファントム starts using 瘴気雲 on Unknown.
[23:23:24.655] 14:57B5:ボズヤ・ファントム starts using 瘴気流 on ボズヤ・ファントム.
[23:23:24.655] 14:57B9:ボズヤ・ファントム starts using 瘴気輪 on Unknown.
[23:23:27.315] 00:0000:Hojoring:[EX] Added new combatant. name=フェアリー・エオス X=25.94 Y=14.54 Z=-0.97 hp=150726
[23:23:25.370] 15:<id8>:ボズヤ・ファントム:57B7:瘴気雲:<id8>::
[23:23:25.370] 16:<id8>:ボズヤ・ファントム:57B9:瘴気輪:<id8>:[DNC]:
[23:23:25.370] 15:<id8>:ボズヤ・ファントム:57B9:瘴気輪:<id8>::
[23:23:25.639] 15:<id8>:ボズヤ・ファントム:57B5:瘴気流:<id8>::
[23:23:28.107] 00:0000:Hojoring:[EX] Added new combatant. name=カーバンクル・ルビー X=25.84 Y=14.57 Z=-0.97 hp=150726
[23:23:25.994] 1A:1025153F:[DNC] gains the effect of 破滅の刻印：弐 from ボズヤ・ファントム for 9999.00 Seconds.
[23:23:26.263] 14:57B5:ボズヤ・ファントム starts using 瘴気流 on ボズヤ・ファントム.
[23:23:26.263] 14:57B7:ボズヤ・ファントム starts using 瘴気雲 on Unknown.
[23:23:26.263] 14:57B9:ボズヤ・ファントム starts using 瘴気輪 on Unknown.
[23:23:27.241] 15:<id8>:ボズヤ・ファントム:57B5:瘴気流:<id8>::
[23:23:27.241] 15:<id8>:ボズヤ・ファントム:57B7:瘴気雲:<id8>::
[23:23:27.241] 15:<id8>:ボズヤ・ファントム:57B9:瘴気輪:<id8>::
[23:23:27.863] 14:57B7:ボズヤ・ファントム starts using 瘴気雲 on Unknown.
[23:23:27.863] 14:57B9:ボズヤ・ファントム starts using 瘴気輪 on Unknown.
[23:23:28.843] 15:<id8>:ボズヤ・ファントム:57B7:瘴気雲:<id8>::
[23:23:28.843] 15:<id8>:ボズヤ・ファントム:57B9:瘴気輪:<id8>::
[23:23:29.467] 14:57B7:ボズヤ・ファントム starts using 瘴気雲 on Unknown.
[23:23:29.467] 14:57B9:ボズヤ・ファントム starts using 瘴気輪 on Unknown.
[23:23:30.449] 15:<id8>:ボズヤ・ファントム:57B7:瘴気雲:<id8>::
[23:23:30.449] 15:<id8>:ボズヤ・ファントム:57B9:瘴気輪:<id8>::
[23:23:31.073] 14:57B7:ボズヤ・ファントム starts using 瘴気雲 on Unknown.
[23:23:31.073] 14:57B9:ボズヤ・ファントム starts using 瘴気輪 on Unknown.
[23:23:32.056] 15:<id8>:ボズヤ・ファントム:57B7:瘴気雲:<id8>::
[23:23:32.056] 15:<id8>:ボズヤ・ファントム:57B9:瘴気輪:<id8>::
[23:23:32.686] 14:57B7:ボズヤ・ファントム starts using 瘴気雲 on Unknown.
[23:23:32.686] 14:57B9:ボズヤ・ファントム starts using 瘴気輪 on Unknown.
[23:23:35.715] 00:0000:Hojoring:[EX] Added new combatant. name=デミ・フェニックス X=25.61 Y=14.46 Z=-0.97 hp=150726
[23:23:33.662] 15:<id8>:ボズヤ・ファントム:57B7:瘴気雲:<id8>::
[23:23:33.662] 15:<id8>:ボズヤ・ファントム:57B9:瘴気輪:<id8>::
[23:23:34.283] 14:57B7:ボズヤ・ファントム starts using 瘴気雲 on Unknown.
[23:23:34.283] 14:57B9:ボズヤ・ファントム starts using 瘴気輪 on Unknown.
[23:23:35.263] 15:<id8>:ボズヤ・ファントム:57B7:瘴気雲:<id8>::
[23:23:35.263] 15:<id8>:ボズヤ・ファントム:57B9:瘴気輪:<id8>::
[23:23:40.554] 00:0000:Hojoring:[EX] Added new combatant. name=アーサリースター X=25.52 Y=14.04 Z=-0.97 hp=150726
[23:23:38.292] 14:57B2:ボズヤ・ファントム starts using 瘴気術 on ボズヤ・ファントム.
[23:23:37.000] 00:282b:ボズヤ・ファントムは「瘴気術」の構え。
[23:23:43.332] 00:0000:Hojoring:[EX] Added new combatant. name=オートマトン・クイーン X=25.56 Y=14.25 Z=-0.97 hp=149525
[23:23:41.278] 15:<id8>:ボズヤ・ファントム:57B2:瘴気術:<id8>:ボズヤ・ファントム:
[23:23:41.000] 00:282b:ボズヤ・ファントムの「瘴気術」
[23:23:45.758] 00:0000:Hojoring:[EX] Added new combatant. name=デミ・フェニックス X=25.65 Y=14.22 Z=-0.97 hp=150726
[23:23:48.453] 14:59EE:ボズヤ・ファントム starts using 反転瘴気操作 on ボズヤ・ファントム.
[23:23:48.453] 14:57B6:ボズヤ・ファントム starts using 瘴気雲 on Unknown.
[23:23:48.453] 14:57B4:ボズヤ・ファントム starts using 瘴気流 on ボズヤ・ファントム.
[23:23:48.000] 00:282b:ボズヤ・ファントムは「反転瘴気操作」の構え。
[23:23:55.038] 00:0000:Hojoring:[EX] Added new combatant. name=デミ・バハムート X=25.69 Y=14.54 Z=-0.97 hp=135652
[23:23:55.777] 00:0000:Hojoring:[EX] Added new combatant. name=カーバンクル・ルビー X=25.65 Y=14.30 Z=-0.97 hp=150726
[23:23:55.919] 00:0000:Hojoring:[EX] Beacon X=25.66 Y=14.44 Z=-0.97 zone=Delubrum Reginae (Savage)
[23:23:57.425] 00:0000:Hojoring:[EX] Added new combatant. name=デミ・バハムート X=25.64 Y=14.30 Z=-0.97 hp=135652
[23:23:57.413] 15:<id8>:ボズヤ・ファントム:59EE:反転瘴気操作:<id8>:ボズヤ・ファントム:
[23:23:58.000] 00:282b:ボズヤ・ファントムの「反転瘴気操作」
[23:23:58.437] 15:<id8>:ボズヤ・ファントム:57B6:瘴気雲:<id8>::
[23:23:58.437] 15:<id8>:ボズヤ・ファントム:57B4:瘴気流:<id8>::
[23:23:58.479] 14:57B6:ボズヤ・ファントム starts using 瘴気雲 on Unknown.
[23:23:58.482] 14:57B4:ボズヤ・ファントム starts using 瘴気流 on ボズヤ・ファントム.
[23:23:58.482] 14:57B6:ボズヤ・ファントム starts using 瘴気雲 on Unknown.
[23:23:59.102] 14:57B7:ボズヤ・ファントム starts using 瘴気雲 on Unknown.
[23:23:59.102] 14:57B5:ボズヤ・ファントム starts using 瘴気流 on ボズヤ・ファントム.
[23:23:59.105] 14:57B5:ボズヤ・ファントム starts using 瘴気流 on ボズヤ・ファントム.
[23:24:00.088] 15:<id8>:ボズヤ・ファントム:57B7:瘴気雲:<id8>::
[23:24:00.088] 15:<id8>:ボズヤ・ファントム:57B5:瘴気流:<id8>::
[23:24:00.709] 14:57B7:ボズヤ・ファントム starts using 瘴気雲 on Unknown.
[23:24:00.709] 14:57B5:ボズヤ・ファントム starts using 瘴気流 on ボズヤ・ファントム.
[23:24:00.712] 14:57B7:ボズヤ・ファントム starts using 瘴気雲 on Unknown.
[23:24:00.712] 14:57B5:ボズヤ・ファントム starts using 瘴気流 on ボズヤ・ファントム.
[23:24:01.696] 15:<id8>:ボズヤ・ファントム:57B7:瘴気雲:<id8>::
[23:24:01.696] 15:<id8>:ボズヤ・ファントム:57B5:瘴気流:<id8>::
[23:24:02.313] 14:57B7:ボズヤ・ファントム starts using 瘴気雲 on Unknown.
[23:24:05.410] 00:0000:Hojoring:[EX] Added new combatant. name=イフリート・エギ X=25.54 Y=14.50 Z=-0.97 hp=150726
[23:24:03.293] 15:<id8>:ボズヤ・ファントム:57B7:瘴気雲:<id8>::
[23:24:03.911] 14:57B7:ボズヤ・ファントム starts using 瘴気雲 on Unknown.
[23:24:04.896] 15:<id8>:ボズヤ・ファントム:57B7:瘴気雲:<id8>::
[23:24:05.526] 14:57B7:ボズヤ・ファントム starts using 瘴気雲 on Unknown.
[23:24:06.500] 15:<id8>:ボズヤ・ファントム:57B7:瘴気雲:<id8>::
[23:24:07.123] 14:57B7:ボズヤ・ファントム starts using 瘴気雲 on Unknown.
[23:24:10.239] 00:0000:Hojoring:[EX] Added new combatant. name=デミ・バハムート X=25.39 Y=14.49 Z=-0.97 hp=135652
[23:24:08.104] 15:<id8>:ボズヤ・ファントム:57B7:瘴気雲:<id8>::
[23:24:08.460] 15:<id8>:ボズヤ・ファントム:57B6:瘴気雲:<id8>::
[23:24:08.460] 15:<id8>:ボズヤ・ファントム:57B4:瘴気流:<id8>::
[23:24:08.725] 14:57B7:ボズヤ・ファントム starts using 瘴気雲 on Unknown.
[23:24:08.992] 14:57B5:ボズヤ・ファントム starts using 瘴気流 on ボズヤ・ファントム.
[23:24:08.992] 14:57B7:ボズヤ・ファントム starts using 瘴気雲 on Unknown.
[23:24:09.705] 15:<id8>:ボズヤ・ファントム:57B7:瘴気雲:<id8>::
[23:24:09.974] 15:<id8>:ボズヤ・ファントム:57B5:瘴気流:<id8>::
[23:24:10.601] 14:57B5:ボズヤ・ファントム starts using 瘴気流 on ボズヤ・ファントム.
[23:24:10.601] 14:57B7:ボズヤ・ファントム starts using 瘴気雲 on Unknown.
[23:24:11.578] 15:<id8>:ボズヤ・ファントム:57B5:瘴気流:<id8>::
[23:24:11.578] 15:<id8>:ボズヤ・ファントム:57B7:瘴気雲:<id8>::
[23:24:12.201] 14:57B7:ボズヤ・ファントム starts using 瘴気雲 on Unknown.
[23:24:15.072] 00:0000:Hojoring:[EX] Added new combatant. name=カーバンクル・ルビー X=25.47 Y=14.57 Z=-0.97 hp=150726
[23:24:13.180] 15:<id8>:ボズヤ・ファントム:57B7:瘴気雲:<id8>::
[23:24:13.806] 14:57B7:ボズヤ・ファントム starts using 瘴気雲 on Unknown.
[23:24:14.788] 15:<id8>:ボズヤ・ファントム:57B7:瘴気雲:<id8>::
[23:24:17.431] 00:0000:Hojoring:[EX] Added new combatant. name=カーバンクル・トパーズ X=25.64 Y=14.48 Z=-0.97 hp=150726
[23:24:15.406] 14:57B7:ボズヤ・ファントム starts using 瘴気雲 on Unknown.
[23:24:16.392] 15:<id8>:ボズヤ・ファントム:57B7:瘴気雲:<id8>::
[23:24:17.015] 14:57B7:ボズヤ・ファントム starts using 瘴気雲 on Unknown.
[23:24:17.994] 15:<id8>:ボズヤ・ファントム:57B7:瘴気雲:<id8>::
[23:24:18.618] 15:<id8>:ボズヤ・ファントム:57AD:転移:<id8>::
[23:24:18.618] 14:57B7:ボズヤ・ファントム starts using 瘴気雲 on Unknown.
[23:24:19.603] 15:<id8>:ボズヤ・ファントム:57B7:瘴気雲:<id8>::
[23:24:22.271] 00:0000:Hojoring:[EX] Added new combatant. name=分身 X=25.57 Y=14.16 Z=-0.97 hp=149486
[23:24:19.999] 14:57C0:ボズヤ・ファントム starts using 召喚 on ボズヤ・ファントム.
[23:24:19.000] 00:282b:ボズヤ・ファントムは「召喚」の構え。
[23:24:22.986] 15:<id8>:ボズヤ・ファントム:57C0:召喚:<id8>:ボズヤ・ファントム:
[23:24:25.852] 00:0000:Hojoring:[EX] Added new combatant. name=分身 X=25.58 Y=13.99 Z=-0.97 hp=149486
[23:24:23.000] 00:282b:ボズヤ・ファントムの「召喚」
[23:24:26.695] 00:0000:Hojoring:[EX] Added new combatant. name=ブラッディ・レイス X=25.28 Y=14.25 Z=-0.97 hp=1646233
[23:24:26.695] 00:0000:Hojoring:[EX] Added new combatant. name=ミスティ・レイス X=25.80 Y=14.25 Z=-0.97 hp=1
[23:24:26.695] 00:0000:Hojoring:[EX] Added new combatant. name=ブラッディ・レイス X=25.54 Y=13.80 Z=-0.97 hp=1646233
[23:24:30.287] 00:0000:Hojoring:[EX] Added new combatant. name=カーバンクル・ルビー X=25.35 Y=14.22 Z=-0.97 hp=150726
[23:24:29.140] 14:57C1:ボズヤ・ファントム starts using 破滅の呪詛 on ボズヤ・ファントム.
[23:24:28.000] 00:282b:ボズヤ・ファントムは「破滅の呪詛」の構え。
[23:24:35.932] 00:0000:Hojoring:[EX] Added new combatant. name=ブラッディ・レイス X=25.22 Y=13.78 Z=-0.97 hp=1646233
[23:24:35.932] 00:0000:Hojoring:[EX] Added new combatant. name=ミスティ・レイス X=25.86 Y=14.42 Z=-0.97 hp=354252
[23:24:35.932] 00:0000:Hojoring:[EX] Added new combatant. name=ブラッディ・レイス X=25.22 Y=14.42 Z=-0.97 hp=1646233
[23:24:35.932] 00:0000:Hojoring:[EX] Added new combatant. name=ミスティ・レイス X=25.86 Y=13.78 Z=-0.97 hp=354252
[23:24:39.500] 00:0000:Hojoring:[EX] Added new combatant. name=デミ・バハムート X=25.36 Y=14.02 Z=-0.97 hp=135652
[23:24:43.221] 00:0000:Hojoring:[EX] Added new combatant. name=デミ・フェニックス X=25.32 Y=14.30 Z=-0.97 hp=150726
[23:24:46.782] 00:0000:Hojoring:[EX] Added new combatant. name=ブラッディ・レイス X=25.54 Y=14.40 Z=-0.97 hp=1646233
[23:24:46.782] 00:0000:Hojoring:[EX] Added new combatant. name=ミスティ・レイス X=25.54 Y=13.80 Z=-0.97 hp=1
[23:24:46.782] 00:0000:Hojoring:[EX] Added new combatant. name=ミスティ・レイス X=25.28 Y=14.25 Z=-0.97 hp=1
[23:24:46.782] 00:0000:Hojoring:[EX] Added new combatant. name=ミスティ・レイス X=25.80 Y=14.25 Z=-0.97 hp=1
[23:24:46.782] 00:0000:Hojoring:[EX] Added new combatant. name=ブラッディ・レイス X=25.80 Y=13.95 Z=-0.97 hp=1646233
[23:24:46.782] 00:0000:Hojoring:[EX] Added new combatant. name=ブラッディ・レイス X=25.28 Y=13.95 Z=-0.97 hp=1646233
[23:24:53.196] 00:0000:Hojoring:[EX] Added new combatant. name=英雄の影身 X=25.38 Y=13.91 Z=-0.97 hp=123916
[23:24:55.933] 00:0000:Hojoring:[EX] Beacon X=25.70 Y=13.97 Z=-0.97 zone=Delubrum Reginae (Savage)
[23:24:59.601] 00:0000:Hojoring:[EX] Added new combatant. name=カーバンクル・ルビー X=25.34 Y=14.19 Z=-0.97 hp=150726
[23:25:03.201] 00:0000:Hojoring:[EX] Added new combatant. name=カーバンクル・トパーズ X=25.53 Y=14.22 Z=-0.97 hp=150726
[23:25:04.802] 00:0000:Hojoring:[EX] Added new combatant. name=英雄の影身 X=25.62 Y=14.12 Z=-0.97 hp=123916
[23:25:05.978] 00:0000:Hojoring:[EX] Added new combatant. name=デミ・バハムート X=25.64 Y=14.23 Z=-0.97 hp=135652
[23:25:06.408] 00:0000:Hojoring:[EX] Added new combatant. name=デミ・フェニックス X=25.57 Y=14.22 Z=-0.97 hp=150726
[23:25:07.698] 00:0000:Hojoring:[EX] Added new combatant. name=アーサリースター X=25.56 Y=14.07 Z=-0.97 hp=150726
[23:25:07.698] 00:0000:Hojoring:[EX] Added new combatant. name=分身 X=25.55 Y=14.10 Z=-0.97 hp=149486
[23:25:08.028] 00:0000:Hojoring:[EX] Added new combatant. name=英雄の影身 X=25.60 Y=14.19 Z=-0.97 hp=123916
[23:25:10.059] 00:0000:Hojoring:[EX] Added new combatant. name=英雄の影身 X=25.58 Y=14.17 Z=-0.97 hp=115297
[23:25:11.217] 00:0000:Hojoring:[EX] Added new combatant. name=フェアリー・エオス X=25.65 Y=14.20 Z=-0.97 hp=150726
[23:25:11.638] 00:0000:Hojoring:[EX] Added new combatant. name=デミ・フェニックス X=25.60 Y=14.22 Z=-0.97 hp=150726
[23:25:14.838] 00:0000:Hojoring:[EX] Added new combatant. name=分身 X=25.58 Y=14.11 Z=-0.97 hp=149486
[23:25:19.000] 00:282b:ボズヤ・ファントムは「瘴気術」の構え。
[23:25:20.274] 14:57B2:ボズヤ・ファントム starts using 瘴気術 on ボズヤ・ファントム.
[23:25:25.685] 00:0000:Hojoring:[EX] Added new combatant. name=イフリート・エギ X=25.61 Y=14.12 Z=-0.97 hp=150726
[23:25:23.261] 15:<id8>:ボズヤ・ファントム:57B2:瘴気術:<id8>:ボズヤ・ファントム:
[23:25:26.456] 00:0000:Hojoring:[EX] Added new combatant. name=カーバンクル・ルビー X=25.55 Y=14.09 Z=-0.97 hp=150726
[23:25:23.000] 00:282b:ボズヤ・ファントムの「瘴気術」
[23:25:26.000] 00:282b:ボズヤ・ファントムは「召喚」の構え。
[23:25:26.426] 14:57BA:ボズヤ・ファントム starts using 召喚 on ボズヤ・ファントム.
[23:25:30.074] 00:0000:Hojoring:[EX] Added new combatant. name=デミ・フェニックス X=25.54 Y=14.16 Z=-0.97 hp=150726
[23:25:31.722] 00:0000:Hojoring:[EX] Added new combatant. name=カーバンクル・ルビー X=25.55 Y=14.15 Z=-0.97 hp=150726
[23:25:29.420] 15:<id8>:ボズヤ・ファントム:57BA:召喚:<id8>:ボズヤ・ファントム:
[23:25:29.000] 00:282b:ボズヤ・ファントムの「召喚」
[23:25:32.911] 00:0000:Hojoring:[EX] Added new combatant. name=スタフィー・レイス X=25.54 Y=14.61 Z=-0.97 hp=260480
[23:25:33.297] 00:0000:Hojoring:[EX] Added new combatant. name=スタフィー・レイス X=25.54 Y=14.61 Z=-0.97 hp=44
[23:25:35.566] 14:57BB:スタフィー・レイス starts using 超ねんりき on スタフィー・レイス.
[23:25:40.568] 14:57B3:ボズヤ・ファントム starts using 瘴気操作 on ボズヤ・ファントム.
[23:25:40.568] 14:57B6:ボズヤ・ファントム starts using 瘴気雲 on Unknown.
[23:25:40.568] 14:57B8:ボズヤ・ファントム starts using 瘴気輪 on Unknown.
[23:25:40.568] 14:57B4:ボズヤ・ファントム starts using 瘴気流 on ボズヤ・ファントム.
[23:25:40.000] 00:282b:ボズヤ・ファントムは「瘴気操作」の構え。
[23:25:45.544] 16:<id8>:スタフィー・レイス:57BB:超ねんりき:<id8>:[pc]:
[23:25:45.544] 16:<id8>:スタフィー・レイス:57BB:超ねんりき:<id8>:[MNK]:
[23:25:45.544] 16:<id8>:スタフィー・レイス:57BB:超ねんりき:<id8>:[SMN]:
[23:25:45.544] 16:<id8>:スタフィー・レイス:57BB:超ねんりき:<id8>:[PLD]:
[23:25:45.633] 16:<id8>:スタフィー・レイス:57C2:超ねんりき:<id8>:[pc]:
[23:25:45.633] 16:<id8>:スタフィー・レイス:57C2:超ねんりき:<id8>:[SCH]:
[23:25:45.633] 16:<id8>:スタフィー・レイス:57C2:超ねんりき:<id8>:[NIN]:
[23:25:45.633] 16:<id8>:スタフィー・レイス:57C2:超ねんりき:<id8>:[mex]:
[23:25:45.633] 16:<id8>:スタフィー・レイス:57C2:超ねんりき:<id8>:[WAR]:
[23:25:45.633] 16:<id8>:スタフィー・レイス:57C2:超ねんりき:<id8>:[DNC]:
[23:25:48.921] 00:0000:Hojoring:[EX] Added new combatant. name=フェアリー・エオス X=25.72 Y=14.51 Z=-0.97 hp=150726
[23:25:50.112] 00:0000:Hojoring:[EX] Added new combatant. name=カーバンクル・ルビー X=25.65 Y=13.83 Z=-0.97 hp=150726
[23:25:49.558] 15:<id8>:ボズヤ・ファントム:57B3:瘴気操作:<id8>:ボズヤ・ファントム:
[23:25:50.000] 00:282b:ボズヤ・ファントムの「瘴気操作」
[23:25:50.535] 15:<id8>:ボズヤ・ファントム:57B6:瘴気雲:<id8>::
[23:25:50.535] 16:<id8>:ボズヤ・ファントム:57B8:瘴気輪:<id8>:[pc]:
[23:25:50.535] 15:<id8>:ボズヤ・ファントム:57B4:瘴気流:<id8>::
[23:25:50.535] 15:<id8>:ボズヤ・ファントム:57B8:瘴気輪:<id8>::
[23:25:50.576] 14:57B6:ボズヤ・ファントム starts using 瘴気雲 on Unknown.
[23:25:50.576] 14:57B8:ボズヤ・ファントム starts using 瘴気輪 on Unknown.
[23:25:50.576] 14:57B4:ボズヤ・ファントム starts using 瘴気流 on ボズヤ・ファントム.
[23:25:50.578] 14:57B6:ボズヤ・ファントム starts using 瘴気雲 on Unknown.
[23:25:51.157] 1A:102AD4DA:[pc] gains the effect of 破滅の刻印：弐 from ボズヤ・ファントム for 9999.00 Seconds.
[23:25:51.202] 14:57B9:ボズヤ・ファントム starts using 瘴気輪 on Unknown.
[23:25:51.202] 14:57B7:ボズヤ・ファントム starts using 瘴気雲 on Unknown.
[23:25:51.202] 14:57B5:ボズヤ・ファントム starts using 瘴気流 on ボズヤ・ファントム.
[23:25:52.184] 16:<id8>:ボズヤ・ファントム:57B9:瘴気輪:<id8>:[pc]:
[23:25:52.184] 15:<id8>:ボズヤ・ファントム:57B5:瘴気流:<id8>::
[23:25:52.184] 15:<id8>:ボズヤ・ファントム:57B7:瘴気雲:<id8>::
[23:25:52.184] 15:<id8>:ボズヤ・ファントム:57B9:瘴気輪:<id8>::
[23:25:52.805] 14:57B9:ボズヤ・ファントム starts using 瘴気輪 on Unknown.
[23:25:52.805] 14:57B7:ボズヤ・ファントム starts using 瘴気雲 on Unknown.
[23:25:52.805] 14:57B5:ボズヤ・ファントム starts using 瘴気流 on ボズヤ・ファントム.
[23:25:55.951] 00:0000:Hojoring:[EX] Beacon X=25.69 Y=13.98 Z=-0.97 zone=Delubrum Reginae (Savage)
[23:25:53.783] 15:<id8>:ボズヤ・ファントム:57B9:瘴気輪:<id8>::
[23:25:53.783] 15:<id8>:ボズヤ・ファントム:57B7:瘴気雲:<id8>::
[23:25:53.783] 15:<id8>:ボズヤ・ファントム:57B5:瘴気流:<id8>::
[23:25:56.528] 00:0000:Hojoring:[EX] Added new combatant. name=デミ・バハムート X=25.63 Y=13.96 Z=-0.97 hp=135652
[23:25:54.409] 14:57B9:ボズヤ・ファントム starts using 瘴気輪 on Unknown.
[23:25:54.409] 14:57B7:ボズヤ・ファントム starts using 瘴気雲 on Unknown.
[23:25:55.389] 15:<id8>:ボズヤ・ファントム:57B9:瘴気輪:<id8>::
[23:25:55.389] 15:<id8>:ボズヤ・ファントム:57B7:瘴気雲:<id8>::
[23:25:56.017] 14:57B9:ボズヤ・ファントム starts using 瘴気輪 on Unknown.
[23:25:56.017] 14:57B7:ボズヤ・ファントム starts using 瘴気雲 on Unknown.
[23:25:58.955] 00:0000:Hojoring:[EX] Added new combatant. name=デミ・フェニックス X=25.65 Y=14.13 Z=-0.97 hp=150726
[23:25:56.997] 15:<id8>:ボズヤ・ファントム:57B9:瘴気輪:<id8>::
[23:25:56.997] 15:<id8>:ボズヤ・ファントム:57B7:瘴気雲:<id8>::
[23:25:57.622] 14:57B9:ボズヤ・ファントム starts using 瘴気輪 on Unknown.
[23:25:57.622] 14:57B7:ボズヤ・ファントム starts using 瘴気雲 on Unknown.
[23:25:58.602] 15:<id8>:ボズヤ・ファントム:57B9:瘴気輪:<id8>::
[23:25:58.603] 15:<id8>:ボズヤ・ファントム:57B7:瘴気雲:<id8>::
[23:25:59.228] 14:57B9:ボズヤ・ファントム starts using 瘴気輪 on Unknown.
[23:25:59.228] 14:57B7:ボズヤ・ファントム starts using 瘴気雲 on Unknown.
[23:26:00.209] 15:<id8>:ボズヤ・ファントム:57B9:瘴気輪:<id8>::
[23:26:00.209] 15:<id8>:ボズヤ・ファントム:57B7:瘴気雲:<id8>::
[23:26:00.566] 15:<id8>:ボズヤ・ファントム:57B6:瘴気雲:<id8>::
[23:26:00.566] 16:<id8>:ボズヤ・ファントム:57B8:瘴気輪:<id8>:[pc]:
[23:26:00.566] 15:<id8>:ボズヤ・ファントム:57B4:瘴気流:<id8>:[pc]:
[23:26:00.832] 14:57B9:ボズヤ・ファントム starts using 瘴気輪 on Unknown.
[23:26:00.832] 14:57B7:ボズヤ・ファントム starts using 瘴気雲 on Unknown.
[23:26:00.000] 00:0044:ボズヤ・ファントム:嗚呼、ヨウヤク……光ノ下ニ……。
[23:26:06.599] 00:0000:Hojoring:[EX] Added new combatant. name=トラップ X=21.50 Y=21.50 Z=0.00 hp=148000
[23:26:16.602] 00:0000:Hojoring:[EX] Added new combatant. name=カーバンクル・トパーズ X=25.53 Y=13.39 Z=-0.96 hp=150726
[23:26:19.000] 00:0000:Hojoring:[EX] Added new combatant. name=イフリート・エギ X=25.57 Y=13.26 Z=-0.96 hp=150726
[23:26:31.099] 00:0000:Hojoring:[EX] Added new combatant. name=フェアリー・エオス X=25.79 Y=12.52 Z=-1.00 hp=150726
[23:26:46.710] 00:0000:Hojoring:[EX] Added new combatant. name=トラップ X=21.50 Y=21.50 Z=0.00 hp=148000
[23:26:46.741] 00:0000:Hojoring:[EX] Added new combatant. name=トラップ X=21.50 Y=21.50 Z=0.00 hp=148000
[23:26:46.773] 00:0000:Hojoring:[EX] Added new combatant. name=トラップ X=21.50 Y=21.50 Z=0.00 hp=148000
[23:26:46.773] 00:0000:Hojoring:[EX] Added new combatant. name=トラップ X=21.50 Y=21.50 Z=0.00 hp=148000
[23:26:51.483] 00:0000:Hojoring:[EX] Added new combatant. name=フェアリー・エオス X=16.94 Y=22.16 Z=-1.71 hp=150726
[23:26:51.483] 00:0000:Hojoring:[EX] Added new combatant. name=Helen Ashford X=16.90 Y=22.16 Z=-1.71 hp=158502
[23:26:52.735] 00:0000:Hojoring:[EX] Added new combatant. name= X=16.06 Y=19.86 Z=-1.82 hp=44
[23:26:52.767] 00:0000:Hojoring:[EX] Added new combatant. name= X=16.06 Y=19.86 Z=-1.82 hp=44
[23:26:52.767] 00:0000:Hojoring:[EX] Added new combatant. name=アヴァウドの分体 X=16.06 Y=19.86 Z=-1.82 hp=26048000
[23:26:52.802] 00:0000:Hojoring:[EX] Added new combatant. name=アヴァウドの分体 X=16.06 Y=19.86 Z=-1.82 hp=26048000
[23:26:52.802] 00:0000:Hojoring:[EX] Added new combatant. name=トリニティ・アヴァウド X=16.06 Y=19.86 Z=-1.82 hp=430510924
[23:26:52.802] 00:0000:Hojoring:[EX] Added new combatant. name=トリニティ・アヴァウド X=16.06 Y=19.86 Z=-1.82 hp=44
[23:26:52.834] 00:0000:Hojoring:[EX] Added new combatant. name=トリニティ・アヴァウド X=16.06 Y=19.86 Z=-1.82 hp=44
[23:26:52.900] 00:0000:Hojoring:[EX] Added new combatant. name=トリニティ・アヴァウド X=16.06 Y=19.86 Z=-1.82 hp=44
[23:26:52.900] 00:0000:Hojoring:[EX] Added new combatant. name=アヴァウドの分体 X=16.06 Y=19.86 Z=-1.82 hp=44
[23:26:54.833] 00:0000:Hojoring:[EX] Added new combatant. name=フェアリー・エオス X=16.94 Y=22.14 Z=-1.71 hp=150726
[23:26:55.150] 00:0000:Hojoring:[EX] Added new combatant. name=カーバンクル・ルビー X=16.94 Y=22.16 Z=-1.71 hp=150726
[23:26:55.581] 00:0000:Hojoring:[EX] Added new combatant. name=Daku Jan X=16.89 Y=22.14 Z=-1.72 hp=155685
[23:26:55.972] 00:0000:Hojoring:[EX] Beacon X=16.79 Y=21.85 Z=-1.74 zone=Delubrum Reginae (Savage)
[23:27:00.754] 00:0000:Hojoring:[EX] Added new combatant. name=トラップ X=21.50 Y=21.50 Z=0.00 hp=148000
[23:27:55.989] 00:0000:Hojoring:[EX] Beacon X=16.08 Y=20.55 Z=-1.82 zone=Delubrum Reginae (Savage)
[23:27:57.659] 00:0000:Hojoring:[EX] Added new combatant. name=トラップ X=21.50 Y=21.50 Z=0.00 hp=148000
[23:28:38.160] 00:0000:Hojoring:[EX] Added new combatant. name=カーバンクル・ルビー X=16.07 Y=20.62 Z=-1.82 hp=150726
[23:28:47.000] 00:0039:レディチェックを開始しました。
